[?1h=
                                                                                     < M A T L A B (R) >
                                                                           Copyright 1984-2010 The MathWorks, Inc.
                                                                         Version 7.12.0.635 (R2011a) 64-bit (glnxa64)
                                                                                        March 18, 2011

 
  To get started, type one of these: helpwin, helpdesk, or demo.
  For product information, visit www.mathworks.com.
 
{Warning: Name is nonexistent or not a directory: /home/davide/projects/mthesis/Mondriaan3.11/tools.} 
> In path at 110
  In addpath at 87
  In startup at 2
  In matlabrc at 222

dfl001.mtx

pa-unsorted-simple-row:		 604   599   631   858   868   864   962   997  1012  1001 	 (avg 839.60 time 4.03736 s)
pa-unsorted-simple-col:		 604   629   585   585   585   591   591   591   582   582 	 (avg 592.50 time 3.38432 s)
pa-unsorted-random:		 604   591   587   690   658   630   610   592   591   598 	 (avg 615.10 time 4.12834 s)
pa-unsorted-mix-alt-row:	 604   605   595   622   593   610   607   613   605   626 	 (avg 608.00 time 4.2854 s)
pa-unsorted-mix-alt-col:	 604   604   583   613   601   612   615   597   627   622 	 (avg 607.80 time 4.86285 s)
pa-unsorted-mix-spr-row:	 604   605   600   612   657   605   599   597   602   604 	 (avg 608.50 time 4.07642 s)
pa-unsorted-mix-spr-col:	 604   609   605   609   627   632   619   607   613   604 	 (avg 612.90 time 4.14129 s)

pa-sorted-nw-simple:		 604   616   613   614   597   608   593   572   602   615 	 (avg 603.40 time 4.42442 s)
pa-sorted-nw-random:		 604  1503  1495  1473  1485  1512  1467  1487  1470  1509 	 (avg 1400.50 time 7.32429 s)
pa-sorted-nw-mix-alt-row:	 604   596   604   588   543   565   609   605   608   596 	 (avg 591.80 time 4.88171 s)
pa-sorted-nw-mix-alt-col:	 604   606   542   595   598   600   599   571   571   586 	 (avg 587.20 time 4.90402 s)
pa-sorted-nw-mix-spr-row:	 604   578   582   603   540   539   595   605   616   581 	 (avg 584.30 time 5.03685 s)
pa-sorted-nw-mix-spr-col:	 604   602   609   608   609   574   540   600   581   577 	 (avg 590.40 time 5.19486 s)

pa-sorted-w-simple:		 604   599   600   616   585   587   540   603   544   607 	 (avg 588.50 time 4.37613 s)
pa-sorted-w-random:		 604  1503  1556  1497  1483  1493  1494  1497  1475  1487 	 (avg 1408.90 time 7.24912 s)
pa-sorted-w-mix-alt-row:	 604   577   606   598   605   575   563   607   578   605 	 (avg 591.80 time 4.91874 s)
pa-sorted-w-mix-alt-col:	 604   603   594   603   597   597   603   615   616   542 	 (avg 597.40 time 4.87931 s)
pa-sorted-w-mix-spr-row:	 604   604   599   569   616   605   569   602   602   571 	 (avg 594.10 time 4.8461 s)
pa-sorted-w-mix-spr-col:	 604   548   600   586   606   599   607   591   590   594 	 (avg 592.50 time 5.45138 s)
[?1l>