tbdmatlab.mtx

pa-unsorted-simple-row:		 4148  3544  3749  3777  3812  3897  3937  4038  4071  4519 	 (avg 3949.20 time 44.5203 s)
pa-unsorted-simple-col:		 4148  4143  4053  4008  4035  4061  4083  4088  4123  4120 	 (avg 4086.20 time 55.9335 s)
pa-unsorted-random:		 4148  4143  4134  4145  4127  4094  4087  4071  4048  4041 	 (avg 4103.80 time 68.1354 s)
pa-unsorted-mix-alt-row:	 4148  4173  4205  4257  4290  4253  4244  4207  4214  4212 	 (avg 4220.30 time 76.9713 s)
pa-unsorted-mix-alt-col:	 4148  4211  4225  4209  4252  4234  4203  4218  4184  4203 	 (avg 4208.70 time 63.9755 s)
pa-unsorted-mix-spr-row:	 4148  4146  4191  4156  4098  4043  4021  3996  4024  4026 	 (avg 4084.90 time 62.6072 s)
pa-unsorted-mix-spr-col:	 4148  4136  4159  4106  4167  4158  4140  4108  4069  4058 	 (avg 4124.90 time 70.8891 s)

pa-sorted-nw-simple:		 4148  4054  4059  4026  4013  3999  3997  3980  4126  4030 	 (avg 4043.20 time 76.5057 s)
pa-sorted-nw-random:		 4148  4744  4739  4712  4739  4704  4792  4691  4749  4745 	 (avg 4676.30 time 73.8669 s)
pa-sorted-nw-mix-alt-row:	 4148  4133  4051  4020  4033  4005  4029  4032  4007  4066 	 (avg 4052.40 time 62.3435 s)
pa-sorted-nw-mix-alt-col:	 4148  4068  4130  4093  4114  4029  4051  4069  4012  3991 	 (avg 4070.50 time 52.2254 s)
pa-sorted-nw-mix-spr-row:	 4148  4186  4071  4025  4034  4026  3983  4052  4088  4003 	 (avg 4061.60 time 52.9623 s)
pa-sorted-nw-mix-spr-col:	 4148  4069  4034  4013  3995  4044  3971  3970  3989  3994 	 (avg 4022.70 time 51.641 s)

pa-sorted-w-simple:		 4148  4028  4213  4085  4023  4134  4021  3995  4005  3974 	 (avg 4062.60 time 51.8775 s)
pa-sorted-w-random:		 4148  4741  4748  4704  4733  4751  4744  4740  4751  4797 	 (avg 4685.70 time 42.7376 s)
pa-sorted-w-mix-alt-row:	 4148  4047  4214  4065  4109  4054  4012  3999  3980  4010 	 (avg 4063.80 time 57.1391 s)
pa-sorted-w-mix-alt-col:	 4148  4063  4182  4095  4085  4058  3987  3970  3964  3994 	 (avg 4054.60 time 90.4709 s)
pa-sorted-w-mix-spr-row:	 4148  4046  4021  4148  4124  4041  3990  3987  4029  3962 	 (avg 4049.60 time 92.0567 s)
pa-sorted-w-mix-spr-col:	 4148  4063  4059  3951  4483  4321  4307  4288  4515  4386 	 (avg 4252.10 time 98.942 s)
