[?1h=
                                                                                     < M A T L A B (R) >
                                                                           Copyright 1984-2010 The MathWorks, Inc.
                                                                        Version 7.12.0.635 (R2011a) 64-bit (glnxa64)
                                                                                       March 18, 2011

 
  To get started, type one of these: helpwin, helpdesk, or demo.
  For product information, visit www.mathworks.com.
 
{Warning: Name is nonexistent or not a directory: /home/davide/projects/mthesis/Mondriaan3.11/tools.} 
> In path at 110
  In addpath at 87
  In startup at 2
  In matlabrc at 222

cre_b.mtx

po-unsorted-simple-row:		 595 10033  9945  9908  9865  9317  9947  9935  9953  9900 	 (avg 8939.80 time 45.9107 s)
po-unsorted-simple-col:		 595  9724  9347  9600  8206  9735  8222  9446  9686  9792 	 (avg 8435.30 time 37.4991 s)
po-unsorted-random:		 595  8489  9880  8776  9939  9899  9998  8676  9980  8689 	 (avg 8492.10 time 46.3159 s)
po-unsorted-mix-alt-row:	 595  9857  9943  9941  9959  9940  9938  9975  9288  9854 	 (avg 8929.00 time 38.004 s)
po-unsorted-mix-alt-col:	 595  9950  9264  9628  9896  9138  9132  9226  9934  9974 	 (avg 8673.70 time 44.1327 s)
po-unsorted-mix-spr-row:	 595  9978  9009  9947  8756  9039  9967  9929  9137  9942 	 (avg 8629.90 time 42.4587 s)
po-unsorted-mix-spr-col:	 595  9974  9664  9923  8932  9899  9274  8779  9942  9808 	 (avg 8679.00 time 36.8246 s)

po-sorted-nw-simple:		 595  9764  8210  8154  9741  8218  9621  9674  8201  9762 	 (avg 8194.00 time 60.3801 s)
po-sorted-nw-random:		 595 16936 19467 20066 15651 14715 15782 19720 19868 15708 	 (avg 15850.80 time 68.0543 s)
po-sorted-nw-mix-alt-row:	 595 10343  8256  9720  8193  9637  8279  8250  9750  8213 	 (avg 8123.60 time 75.2896 s)
po-sorted-nw-mix-alt-col:	 595  9388  9710  9801  9464  8205  9401  9610  9392  9344 	 (avg 8491.00 time 65.8891 s)
po-sorted-nw-mix-spr-row:	 595  8215  8299  8200  9705  9705  9383  9798  8188  9365 	 (avg 8145.30 time 57.1881 s)
po-sorted-nw-mix-spr-col:	 595  9458  9474  8385  9786  9773  9492  9782  9858  9648 	 (avg 8625.10 time 56.322 s)

po-sorted-w-simple:		 595  9663  8305  9485  9367  8198  9737  9815  9447  9768 	 (avg 8438.00 time 47.6028 s)
po-sorted-w-random:		 595 19586 15800 19731 19662 15747 19075 15883 17325 19262 	 (avg 16266.60 time 58.1051 s)
po-sorted-w-mix-alt-row:	 595  9463  9524  9722  9778  8252  8231  9467  9643  9716 	 (avg 8439.10 time 53.2339 s)
po-sorted-w-mix-alt-col:	 595  9746  9748  9747  8225  8164  9669  8194  9815  8232 	 (avg 8213.50 time 43.1314 s)
po-sorted-w-mix-spr-row:	 595  9698  9675  9606  9475  9700  8226  8209  8207  9765 	 (avg 8315.60 time 54.974 s)
po-sorted-w-mix-spr-col:	 595  9461  9844  9740  8266  9459  9698  9699  9742  8317 	 (avg 8482.10 time 51.7429 s)

------------------------------------------------------

pa-unsorted-simple-row:		 595  8136  9750  8062  8051  9712  8046  9746  9723  9782 	 (avg 8160.30 time 55.2962 s)
pa-unsorted-simple-col:		 595  9470  8219  9673  8187  9799  9377  8207  9788  9695 	 (avg 8301.00 time 52.9773 s)
pa-unsorted-random:		 595  9462  9454  9492  9761  9562  9380  9861  8182  8130 	 (avg 8387.90 time 72.3351 s)
pa-unsorted-mix-alt-row:	 595  9398  9362  8109  8101  9454  9694  8092  9719  9734 	 (avg 8225.80 time 68.9589 s)
pa-unsorted-mix-alt-col:	 595  8174  9734  8078  8097  8053  8049 Attempt to restart MATLAB? [y or n]>>n[Please exit and restart MATLAB]>>
------------------------------------------------------------------------
       Segmentation violation detected at Wed May 29 12:04:10 2013
------------------------------------------------------------------------

Configuration:
  Crash Decoding  : Disabled
  Current Visual  : None
  Default Encoding: UTF-8
  GNU C Library   : 2.5 stable
  MATLAB License  : 3254
  MATLAB Root     : /usr/local/MATLAB/R2011a
  MATLAB Version  : 7.12.0.635 (R2011a)
  Operating System: Linux 2.6.18-238.5.1.el5 #1 SMP Tue Mar 1 18:58:43 EST 2011 x86_64
  Processor ID    : x86 Family 15 Model 4 Stepping 2, AuthenticAMD
  Window System   : No active display

Fault Count: 1



Abnormal termination:
Segmentation violation

Register State (from fault):
  RAX = 0000000000015300  RBX = 00000000000025b0
  RCX = 00000000000024b8  RDX = 00000000000024b8
  RSP = 00002afd1ed8e708  RBP = 00002afd1ed93bb0
  RSI = 0000000011954770  RDI = 00002afd1ed93bb0

   R8 = 0000000010c14f80   R9 = 0000000000097bc8
  R10 = 0000000011c88de0  R11 = 0000000000005f2c
  R12 = ffffffffffff4330  R13 = 000000000f087730
  R14 = fffffffffff567f8  R15 = 0000000011942190

  RIP = 00002afd262ca9fe  EFL = 0000000000010286

   CS = 0033   FS = 0000   GS = 0000


Stack Trace (from fault):
[  0] 0x00002afd0d443f49 /usr/local/MATLAB/R2011a/bin/glnxa64/../../bin/glnxa64/libmwfl.so+00474953 fl::sysdep::linux::unwind_stack(void const**, unsigned long, unsigned long, fl::diag::thread_context const&)+000009
[  1] 0x00002afd0d3f9dc1 /usr/local/MATLAB/R2011a/bin/glnxa64/../../bin/glnxa64/libmwfl.so+00171457 fl::diag::stacktrace_base::capture(fl::diag::thread_context const&, unsigned long)+000161
[  2] 0x00002afd0d4030dd /usr/local/MATLAB/R2011a/bin/glnxa64/../../bin/glnxa64/libmwfl.so+00209117
[  3] 0x00002afd0d403364 /usr/local/MATLAB/R2011a/bin/glnxa64/../../bin/glnxa64/libmwfl.so+00209764 fl::diag::terminate_log(char const*, fl::diag::thread_context const&, bool)+000100
[  4] 0x00002afd0e41fbe5 /usr/local/MATLAB/R2011a/bin/glnxa64/../../bin/glnxa64/libmwmcr.so+00420837 fl::diag::terminate_log(char const*, ucontext const*, bool)+000085
[  5] 0x00002afd0e41cb54 /usr/local/MATLAB/R2011a/bin/glnxa64/../../bin/glnxa64/libmwmcr.so+00408404
[  6] 0x00002afd0e41e03d /usr/local/MATLAB/R2011a/bin/glnxa64/../../bin/glnxa64/libmwmcr.so+00413757
[  7] 0x00002afd0e41e197 /usr/local/MATLAB/R2011a/bin/glnxa64/../../bin/glnxa64/libmwmcr.so+00414103
[  8] 0x00002afd0e41eb1d /usr/local/MATLAB/R2011a/bin/glnxa64/../../bin/glnxa64/libmwmcr.so+00416541
[  9] 0x00002afd0e41f435 /usr/local/MATLAB/R2011a/bin/glnxa64/../../bin/glnxa64/libmwmcr.so+00418869
[ 10] 0x0000003e7b80eca0                             /lib64/libpthread.so.0+00060576
[ 11] 0x00002afd262ca9fe /home/students/3776123/mthesis/iter_partitioning/hot_restart/MatlabOverpaint.mexa64+00010750
[ 12] 0x00002afd262c9a45 /home/students/3776123/mthesis/iter_partitioning/hot_restart/MatlabOverpaint.mexa64+00006725
[ 13] 0x00002afd262c98dc /home/students/3776123/mthesis/iter_partitioning/hot_restart/MatlabOverpaint.mexa64+00006364 mexFunction+000668
[ 14] 0x00002afd136c9faa /usr/local/MATLAB/R2011a/bin/glnxa64/../../bin/glnxa64/../../bin/glnxa64/libmex.so+00049066 mexRunMexFile+000090
[ 15] 0x00002afd136c6f19 /usr/local/MATLAB/R2011a/bin/glnxa64/../../bin/glnxa64/../../bin/glnxa64/libmex.so+00036633
[ 16] 0x00002afd136c7bbe /usr/local/MATLAB/R2011a/bin/glnxa64/../../bin/glnxa64/../../bin/glnxa64/libmex.so+00039870
[ 17] 0x00002afd0e6a47ef /usr/local/MATLAB/R2011a/bin/glnxa64/../../bin/glnxa64/libmwm_dispatcher.so+00391151 Mfh_file::dispatch_fh(int, mxArray_tag**, int, mxArray_tag**)+000511
[ 18] 0x00002afd0ea3f1f0 /usr/local/MATLAB/R2011a/bin/glnxa64/../../bin/glnxa64/libmwm_interpreter.so+01532400
[ 19] 0x00002afd0e9e0975 /usr/local/MATLAB/R2011a/bin/glnxa64/../../bin/glnxa64/libmwm_interpreter.so+01145205
[ 20] 0x00002afd0e9fa96e /usr/local/MATLAB/R2011a/bin/glnxa64/../../bin/glnxa64/libmwm_interpreter.so+01251694
[ 21] 0x00002afd0e9ff0ec /usr/local/MATLAB/R2011a/bin/glnxa64/../../bin/glnxa64/libmwm_interpreter.so+01269996
[ 22] 0x00002afd0e9fcc7a /usr/local/MATLAB/R2011a/bin/glnxa64/../../bin/glnxa64/libmwm_interpreter.so+01260666
[ 23] 0x00002afd0e9fd741 /usr/local/MATLAB/R2011a/bin/glnxa64/../../bin/glnxa64/libmwm_interpreter.so+01263425
[ 24] 0x00002afd0ea567d9 /usr/local/MATLAB/R2011a/bin/glnxa64/../../bin/glnxa64/libmwm_interpreter.so+01628121
[ 25] 0x00002afd0e6a47ef /usr/local/MATLAB/R2011a/bin/glnxa64/../../bin/glnxa64/libmwm_dispatcher.so+00391151 Mfh_file::dispatch_fh(int, mxArray_tag**, int, mxArray_tag**)+000511
[ 26] 0x00002afd0ec02a13 /usr/local/MATLAB/R2011a/bin/glnxa64/../../bin/glnxa64/libmwm_interpreter.so+03381779
[ 27] 0x00002afd0ec0317b /usr/local/MATLAB/R2011a/bin/glnxa64/../../bin/glnxa64/libmwm_interpreter.so+03383675
[ 28] 0x00002afd0ec03cf4 /usr/local/MATLAB/R2011a/bin/glnxa64/../../bin/glnxa64/libmwm_interpreter.so+03386612
[ 29] 0x00002afd0ea863bf /usr/local/MATLAB/R2011a/bin/glnxa64/../../bin/glnxa64/libmwm_interpreter.so+01823679
[ 30] 0x00002afd0eab1aee /usr/local/MATLAB/R2011a/bin/glnxa64/../../bin/glnxa64/libmwm_interpreter.so+02001646
[ 31] 0x00002afd0eab1be3 /usr/local/MATLAB/R2011a/bin/glnxa64/../../bin/glnxa64/libmwm_interpreter.so+02001891
[ 32] 0x00002afd0ebaf1e9 /usr/local/MATLAB/R2011a/bin/glnxa64/../../bin/glnxa64/libmwm_interpreter.so+03039721
[ 33] 0x00002afd0e9fd8e4 /usr/local/MATLAB/R2011a/bin/glnxa64/../../bin/glnxa64/libmwm_interpreter.so+01263844
[ 34] 0x00002afd0ea567d9 /usr/local/MATLAB/R2011a/bin/glnxa64/../../bin/glnxa64/libmwm_interpreter.so+01628121
[ 35] 0x00002afd0e6a47ef /usr/local/MATLAB/R2011a/bin/glnxa64/../../bin/glnxa64/libmwm_dispatcher.so+00391151 Mfh_file::dispatch_fh(int, mxArray_tag**, int, mxArray_tag**)+000511
[ 36] 0x00002afd0ea3f1f0 /usr/local/MATLAB/R2011a/bin/glnxa64/../../bin/glnxa64/libmwm_interpreter.so+01532400
[ 37] 0x00002afd0e9e0975 /usr/local/MATLAB/R2011a/bin/glnxa64/../../bin/glnxa64/libmwm_interpreter.so+01145205
[ 38] 0x00002afd0e9fa96e /usr/local/MATLAB/R2011a/bin/glnxa64/../../bin/glnxa64/libmwm_interpreter.so+01251694
[ 39] 0x00002afd0e9ff0ec /usr/local/MATLAB/R2011a/bin/glnxa64/../../bin/glnxa64/libmwm_interpreter.so+01269996
[ 40] 0x00002afd0e9fcc7a /usr/local/MATLAB/R2011a/bin/glnxa64/../../bin/glnxa64/libmwm_interpreter.so+01260666
[ 41] 0x00002afd0e9fd741 /usr/local/MATLAB/R2011a/bin/glnxa64/../../bin/glnxa64/libmwm_interpreter.so+01263425
[ 42] 0x00002afd0ea567d9 /usr/local/MATLAB/R2011a/bin/glnxa64/../../bin/glnxa64/libmwm_interpreter.so+01628121
[ 43] 0x00002afd0e6a47ef /usr/local/MATLAB/R2011a/bin/glnxa64/../../bin/glnxa64/libmwm_dispatcher.so+00391151 Mfh_file::dispatch_fh(int, mxArray_tag**, int, mxArray_tag**)+000511
[ 44] 0x00002afd0ea329b2 /usr/local/MATLAB/R2011a/bin/glnxa64/../../bin/glnxa64/libmwm_interpreter.so+01481138
[ 45] 0x00002afd0e9f4e13 /usr/local/MATLAB/R2011a/bin/glnxa64/../../bin/glnxa64/libmwm_interpreter.so+01228307
[ 46] 0x00002afd0e9f3eb7 /usr/local/MATLAB/R2011a/bin/glnxa64/../../bin/glnxa64/libmwm_interpreter.so+01224375
[ 47] 0x00002afd0e9f4397 /usr/local/MATLAB/R2011a/bin/glnxa64/../../bin/glnxa64/libmwm_interpreter.so+01225623
[ 48] 0x00002afd0e9aea72 /usr/local/MATLAB/R2011a/bin/glnxa64/../../bin/glnxa64/libmwm_interpreter.so+00940658 inEvalCmdWithLocalReturnInDesiredWS(char const*, int*, bool, bool, inWorkSpace_tag*)+000098
[ 49] 0x00002afd13276478 /usr/local/MATLAB/R2011a/bin/glnxa64/../../bin/glnxa64/../../bin/glnxa64/libmwiqm.so+00390264 iqm::InternalEvalPlugin::inEvalCmdWithLocalReturn(char const*, inWorkSpace_tag*) const+000088
[ 50] 0x00002afd1327780a /usr/local/MATLAB/R2011a/bin/glnxa64/../../bin/glnxa64/../../bin/glnxa64/libmwiqm.so+00395274 iqm::InternalEvalPlugin::execute(inWorkSpace_tag*, boost::shared_ptr<cmddistributor::IIPCompletedEvent>&)+000122
[ 51] 0x00002afd1325e8ef /usr/local/MATLAB/R2011a/bin/glnxa64/../../bin/glnxa64/../../bin/glnxa64/libmwiqm.so+00293103
[ 52] 0x00002afd1324bdd5 /usr/local/MATLAB/R2011a/bin/glnxa64/../../bin/glnxa64/../../bin/glnxa64/libmwiqm.so+00216533
[ 53] 0x00002afd0e1a1282 /usr/local/MATLAB/R2011a/bin/glnxa64/../../bin/glnxa64/libmwbridge.so+00094850
[ 54] 0x00002afd0e1a1856 /usr/local/MATLAB/R2011a/bin/glnxa64/../../bin/glnxa64/libmwbridge.so+00096342 ioReadLine(bool, _IO_FILE*, char*, char*, int, bool*, boost::optional<inWorkSpace_tag* const> const&, bool)+000134
[ 55] 0x00002afd0e1a1985 /usr/local/MATLAB/R2011a/bin/glnxa64/../../bin/glnxa64/libmwbridge.so+00096645
[ 56] 0x00002afd0e1a4d3a /usr/local/MATLAB/R2011a/bin/glnxa64/../../bin/glnxa64/libmwbridge.so+00109882
[ 57] 0x00002afd0e1a4efd /usr/local/MATLAB/R2011a/bin/glnxa64/../../bin/glnxa64/libmwbridge.so+00110333
[ 58] 0x00002afd0e1a5503 /usr/local/MATLAB/R2011a/bin/glnxa64/../../bin/glnxa64/libmwbridge.so+00111875 mnParser+000707
[ 59] 0x00002afd0e407d39 /usr/local/MATLAB/R2011a/bin/glnxa64/../../bin/glnxa64/libmwmcr.so+00322873 mcrInstance::mnParser_on_interpreter_thread()+000041
[ 60] 0x00002afd0e3eadb2 /usr/local/MATLAB/R2011a/bin/glnxa64/../../bin/glnxa64/libmwmcr.so+00204210
[ 61] 0x00002afd0e3eaec0 /usr/local/MATLAB/R2011a/bin/glnxa64/../../bin/glnxa64/libmwmcr.so+00204480
[ 62] 0x00002afd0dba7214 /usr/local/MATLAB/R2011a/bin/glnxa64/../../bin/glnxa64/libmwservices.so+00422420
[ 63] 0x00002afd0dba7405 /usr/local/MATLAB/R2011a/bin/glnxa64/../../bin/glnxa64/libmwservices.so+00422917
[ 64] 0x00002afd0dba5d08 /usr/local/MATLAB/R2011a/bin/glnxa64/../../bin/glnxa64/libmwservices.so+00417032
[ 65] 0x00002afd1685b025 /usr/local/MATLAB/R2011a/bin/glnxa64/../../bin/glnxa64/../../bin/glnxa64/libmwuix.so+00475173
[ 66] 0x00002afd15ed123a /usr/local/MATLAB/R2011a/bin/glnxa64/../../bin/glnxa64/../../bin/glnxa64/libuij.so+00217658 sysq::wait_F<boost::weak_ptr<sysq::ws_ppeHook>, boost::shared_ptr<sysq::ws_ppeHook> > std::for_each<__gnu_cxx::__normal_iterator<boost::weak_ptr<sysq::ws_ppeHook>*, std::vector<boost::weak_ptr<sysq::ws_ppeHook>, std::allocator<boost::weak_ptr<sysq::ws_ppeHook> > > >, sysq::wait_F<boost::weak_ptr<sysq::ws_ppeHook>, boost::shared_ptr<sysq::ws_ppeHook> > >(__gnu_cxx::__normal_iterator<boost::weak_ptr<sysq::ws_ppeHook>*, std::vector<boost::weak_ptr<sysq::ws_ppeHook>, std::allocator<boost::weak_ptr<sysq::ws_ppeHook> > > >, __gnu_cxx::__normal_iterator<boost::weak_ptr<sysq::ws_ppeHook>*, std::vector<boost::weak_ptr<sysq::ws_ppeHook>, std::allocator<boost::weak_ptr<sysq::ws_ppeHook> > > >, sysq::wait_F<boost::weak_ptr<sysq::ws_ppeHook>, boost::shared_ptr<sysq::ws_ppeHook> >)+000074
[ 67] 0x00002afd15ed1ec2 /usr/local/MATLAB/R2011a/bin/glnxa64/../../bin/glnxa64/../../bin/glnxa64/libuij.so+00220866
[ 68] 0x00002afd15ecf502 /usr/local/MATLAB/R2011a/bin/glnxa64/../../bin/glnxa64/../../bin/glnxa64/libuij.so+00210178 svWS_ProcessPendingEvents(int, int, bool)+000578
[ 69] 0x00002afd0e3e91c7 /usr/local/MATLAB/R2011a/bin/glnxa64/../../bin/glnxa64/libmwmcr.so+00197063
[ 70] 0x00002afd0e3e960a /usr/local/MATLAB/R2011a/bin/glnxa64/../../bin/glnxa64/libmwmcr.so+00198154
[ 71] 0x00002afd0e3e9d6f /usr/local/MATLAB/R2011a/bin/glnxa64/../../bin/glnxa64/libmwmcr.so+00200047
[ 72] 0x0000003e7b80683d                             /lib64/libpthread.so.0+00026685
[ 73] 0x0000003e7acd4fad                                   /lib64/libc.so.6+00872365 clone+000109



This error was detected while a MEX-file was running. If the MEX-file
is not an official MathWorks function, please examine its source code
for errors. Please consult the External Interfaces Guide for information
on debugging MEX-files.

If this problem is reproducible, please submit a Service Request via:
    http://www.mathworks.com/support/contact_us/

A technical support engineer might contact you with further information.

Thank you for your help.** This crash report has been saved to disk as /home/students/3776123/matlab_crash_dump.2292-1 **



MATLAB is exiting because of fatal error
