[?1h=
                                                                                     < M A T L A B (R) >
                                                                           Copyright 1984-2010 The MathWorks, Inc.
                                                                        Version 7.12.0.635 (R2011a) 64-bit (glnxa64)
                                                                                       March 18, 2011

 
  To get started, type one of these: helpwin, helpdesk, or demo.
  For product information, visit www.mathworks.com.
 
{Warning: Name is nonexistent or not a directory: /home/davide/projects/mthesis/Mondriaan3.11/tools.} 
> In path at 110
  In addpath at 87
  In startup at 2
  In matlabrc at 222

coAuthorsCiteseer.mtx

po_simple asc:		 17639 17724 17714 17677 17658 23307 17421 18788 17243 	 (avg 16517.1)
po_simple desc:		 19040 18252 18132 17573 17591 17779 19295 18789 17497 	 (avg 16394.8)
po_random:		 17724 18797 18961 20054 17469 17918 19501 17754 19113 	 (avg 16729.1)
po_mix_alt0:		 18313 17698 17536 19047 17573 17870 19036 18790 19068 	 (avg 16493.1)
po_mix_alt1:		 19561 18454 18571 17685 18744 19569 19533 17908 17799 	 (avg 16782.4)
po_mix_spr0:		 17954 18494 20824 19276 17657 17608 20115 17789 17807 	 (avg 16752.4)
po_mix_spr1:		 17778 17875 19174 17872 18944 18661 18668 19032 18903 	 (avg 16690.7)
po_sm_alt_w_asc_0:	 17436 17283 17312 18975 18212 17633 17251 17742 17504 	 (avg 15934.8)
po_sm_alt_w_asc_1:	 17399 19115 18865 17771 18919 17410 18674 18313 17906 	 (avg 16437.2)
po_sm_alt_w_desc_0:	 18704 17597 17698 17689 17888 18700 17992 17410 17668 	 (avg 16134.6)
po_sm_alt_w_desc_1:	 18847 17725 17624 17698 17577 19265 17265 19028 18950 	 (avg 16397.9)
po_sm_alt_nw_asc_0:	 19097 18749 18244 18321 17201 18618 18403 18600 18660 	 (avg 16589.3)
po_sm_alt_nw_asc_1:	 18864 17112 17369 18446 17241 17363 17601 23100 17422 	 (avg 16451.8)
po_sm_alt_nw_desc_0:	 18047 18155 17937 17916 20783 18446 19500 19421 17881 	 (avg 16808.6)
po_sm_alt_nw_desc_1:	 18003 19561 17812 17968 19350 17876 17869 19470 18312 	 (avg 16622.1)
po_sm_spr_w_asc_0:	 17513 21581 17347 21725 17319 19075 17310 17353 18795 	 (avg 16801.8)
po_sm_spr_w_asc_1:	 19036 17332 17477 18377 17326 17363 17279 17490 17790 	 (avg 15947)
po_sm_spr_w_desc_0:	 17950 18606 18630 17457 20152 18986 19250 17462 17390 	 (avg 16588.3)
po_sm_spr_w_desc_1:	 17474 17763 17469 17567 19380 18507 17135 18621 22388 	 (avg 16630.4)
po_sm_spr_nw_asc_0:	 17450 17351 18667 17326 17460 17467 17758 17253 17523 	 (avg 15825.5)
po_sm_spr_nw_asc_1:	 17344 18420 18562 18683 18906 19129 18054 17481 17114 	 (avg 16369.3)
po_sm_spr_nw_desc_0:	 18057 19279 18586 17869 19029 19183 17834 17928 18161 	 (avg 16592.6)
po_sm_spr_nw_desc_1:	 20699 18852 18154 19550 22022 17886 18177 18476 19701 	 (avg 17351.7)
po_ss_w_asc:		 18708 18730 17310 17340 18962 17365 17555 17324 19325 	 (avg 16261.9)
po_ss_w_desc:		 17742 18805 18486 18817 17421 18534 17709 17756 17805 	 (avg 16307.5)
po_ss_nw_asc:		 17438 20257 17657 18501 18930 17611 17360 18522 17602 	 (avg 16387.8)
po_ss_nw_desc:		 19991 19577 17987 18214 19127 18401 19008 18426 18248 	 (avg 16897.9)
po_sr_w_asc:		 16650 16145 16937 15716 15643 15800 16784 15934 15521 	 (avg 14513)
po_sr_w_desc:		 15795 16428 15798 17030 15701 15850 15637 17085 16936 	 (avg 14626)
po_sr_nw_asc:		 16520 16515 16608 15892 15832 16810 16146 15586 16859 	 (avg 14676.8)
po_sr_nw_desc:		 15854 15756 16073 15682 16602 17160 15609 15695 15501 	 (avg 14393.2)
pa_simple asc:		 19042 19753 20896 17347 17499 20209 20036 17666 18589 	 (avg 17103.7)
pa_simple desc:		 17636 17717 17537 18635 17489 20955 18361 18993 17584 	 (avg 16490.7)
pa_random:		 19662 19687 18947 19401 17560 17918 18858 18780 18876 	 (avg 16968.9)
pa_mix_alt0:		 19167 19340 18742 19196 17957 17710 19324 17818 17879 	 (avg 16713.3)
pa_mix_alt1:		 19055 17720 20102 17628 18947 18720 17940 19115 19071 	 (avg 16829.8)
pa_mix_spr0:		 
pa_mix_spr1:		 
pa_sm_alt_w_asc_0:	 17349 26679 17952 18781 22829 17692 18883 17508 18635 	 (avg 17630.8)
pa_sm_alt_w_asc_1:	 19302 17624 18994 19194 17553 17645 19088 17823 17615 	 (avg 16483.8)
pa_sm_alt_w_desc_0:	 18406 17704 17605 19003 17890 17412 17387 18586 17604 	 (avg 16159.7)
pa_sm_alt_w_desc_1:	 17781 17304 18068 18924 17555 17545 
pa_sm_alt_nw_asc_0:	 
pa_sm_alt_nw_asc_1:	 vecallocl: not enough memory
Attempt to restart MATLAB? [y or n]>>
