[?1h=
                                                                   < M A T L A B (R) >
                                                         Copyright 1984-2010 The MathWorks, Inc.
                                                      Version 7.12.0.635 (R2011a) 64-bit (glnxa64)
                                                                     March 18, 2011

 
  To get started, type one of these: helpwin, helpdesk, or demo.
  For product information, visit www.mathworks.com.
 
{Warning: Name is nonexistent or not a directory: /home/davide/projects/mthesis/Mondriaan3.11/tools.} 
> In path at 110
  In addpath at 87
  In startup at 2
  In matlabrc at 222

tbdlinux.mtx

pa_simple asc:		 8267 16498 16503 16499 16536 16536 16530 16545 15675 16253 	 (avg 15584.2)
pa_simple desc:		 8267 16474 16436 16368 16455 16489 16429 16460 16522 16502 	 (avg 15640.2)
pa_random:		 8267 16500 16485 16469 16444 16466 16493 15688 16465 16476 	 (avg 15575.3)
pa_mix_alt0:		 8267 16458 16504 15676 16518 16515 16441 15762 16470 16521 	 (avg 15513.2)
pa_mix_alt1:		 8267 16479 16527 16485 16474 16441 16494 16502 16494 15684 	 (avg 15584.7)
pa_mix_spr0:		 8267 16489 16484 16491 16541 16508 15733 16523 16462 16481 	 (avg 15597.9)
pa_mix_spr1:		 8267 16486 16503 16493 16503 16475 16513 16449 16457 16480 	 (avg 15662.6)
pa_sm_alt_w_asc_0:	 8267 16491 15696 16531 16407 16475 15666 16489 16459 16457 	 (avg 15493.8)
pa_sm_alt_w_asc_1:	 8267 16473 16484 16501 16472 16474 16454 16510 15807 16509 	 (avg 15595.1)
pa_sm_alt_w_desc_0:	 8267 16472 16511 16499 16542 16509 16504 16515 16540 16545 	 (avg 15690.4)
pa_sm_alt_w_desc_1:	 8267 16497 16522 16532 16552 16507 16508 16514 16479 16539 	 (avg 15691.7)
pa_sm_alt_nw_asc_0:	 8267 16505 16434 16515 16483 16488 16470 16484 16463 16429 	 (avg 15653.8)
pa_sm_alt_nw_asc_1:	 8267 16516 16462 16487 16486 16484 16468 15704 16500 16491 	 (avg 15586.5)
pa_sm_alt_nw_desc_0:	 8267 16455 16512 16532 16529 16504 15708 16458 16511 16532 	 (avg 15600.8)
pa_sm_alt_nw_desc_1:	 8267 16560 15715 16536 16471 16417 16528 16489 16411 16531 	 (avg 15592.5)
pa_sm_spr_w_asc_0:	 8267 16432 16515 16495 16468 16464 16483 15669 16515 16491 	 (avg 15579.9)
pa_sm_spr_w_asc_1:	 8267 16446 16458 16445 16506 16542 15710 16485 16490 16486 	 (avg 15583.5)
pa_sm_spr_w_desc_0:	 8267 16528 16503 16514 15720 16507 15732 16527 16495 16470 	 (avg 15526.3)
pa_sm_spr_w_desc_1:	 8267 16514 16500 16421 16511 16420 16443 16468 16521 16481 	 (avg 15654.6)
pa_sm_spr_nw_asc_0:	 8267 16471 15733 16509 16465 16476 16500 16493 15896 16408 	 (avg 15521.8)
pa_sm_spr_nw_asc_1:	 8267 16436 16484 15771 16494 16491 16449 16477 16494 16503 	 (avg 15586.6)
pa_sm_spr_nw_desc_0:	 8267 16509 16503 16507 16508 16510 15653 15660 16539 16498 	 (avg 15515.4)
pa_sm_spr_nw_desc_1:	 8267 16494 16508 16494 15694 16515 16511 16535 16472 16518 	 (avg 15600.8)
pa_ss_w_asc:		 8267 16506 16498 16471 16490 16482 16504 16483 16462 16478 	 (avg 15664.1)
pa_ss_w_desc:		 8267 16505 16475 15610 16550 16477 16545 16530 16516 16519 	 (avg 15599.4)
pa_ss_nw_asc:		 8267 16421 16477 16463 16471 16470 16449 16442 16478 16519 	 (avg 15645.7)
pa_ss_nw_desc:		 8267 16447 16450 16534 16556 16501 16516 16503 15713 16525 	 (avg 15601.2)
pa_sr_w_asc:		 8267 15077 15096 15042 15066 15019 14979 15084 14984 15112 	 (avg 14372.6)
pa_sr_w_desc:		 8267 15060 15118 15124 15006 15113 14997 15027 14995 15035 	 (avg 14374.2)
pa_sr_nw_asc:		 8267 15091 15146 15135 15066 15163 15086 15039 14956 15223 	 (avg 14417.2)
pa_sr_nw_desc:		 8267 15100 15009 15097 14993 15174 15007 15028 >> 
>> 
>> 
>> 
>> 
>> 
>> 
>> 
>> 
>> 
>> 
>> 
>> 
>> 
>> 
>> 
>> 
>> 
>> 
>> 
>> 
>> 
>> 
>> 
>> 
>> 
>> 
>> 
>> 
>> 
>> 
>> 
>> 
>> 
>> 
>> 
>> 
>> 
>> 
>> 
>> 
>> 
>> 
>> 
>> 
>> 
>> 
>> 
>> 
>> 
>> 
>> 
>> 
>> 
>> 
>> 
>> 
>> 
>> 
>> 
>> 
>> 
>> 
>> 
>> 
>> 
>> 
>> 
>> 
>> 
>> 
>> 
>> 
>> 
>> 
>> 
>> 
>> 
>> 
>> 
>> 
>> 
>> 
>> 
>> 
>> 
>> 
>> 
>> 
>> 
>> 
>> 
>> 
>> 
>> 
>> 
>> 
>> 
>> 
>> 
>> 
>> 
>> 
>> 
>> 
>> 
>> 
>> 
>> 
>> 
>> 
>> 
>> 
>> 
>> 
>> 
>> 
>> 
>> 
>> 
>> 
>> 
>> 
>> 
>> 
>> 
>> 
>> 
>> 
>> 
>> 
>> 
>> 
>> 
>> 
>> 
>> 
>> 
>> 
>> 
>> 
>> 
>> 
>> 
>> 
>> 
>> 
>> 
>> 
>> 
>> 
>> 
>> 
>> 
>> 
>> 