[?1h=
                                                                   < M A T L A B (R) >
                                                         Copyright 1984-2010 The MathWorks, Inc.
                                                      Version 7.12.0.635 (R2011a) 64-bit (glnxa64)
                                                                     March 18, 2011

 
  To get started, type one of these: helpwin, helpdesk, or demo.
  For product information, visit www.mathworks.com.
 
{Warning: Name is nonexistent or not a directory: /home/davide/projects/mthesis/Mondriaan3.11/tools.} 
> In path at 110
  In addpath at 87
  In startup at 2
  In matlabrc at 222

tbdlinux.mtx

po_simple asc:		 8328 16492 16483 16546 16526 15669 16495 16465 15696 16519 	 (avg 15521.9)
po_simple desc:		 8328 16436 16527 15699 16502 15775 16489 16498 16481 16493 	 (avg 15522.8)
po_random:		 8328 16490 16539 15787 16511 16499 16506 15766 15744 16499 	 (avg 15466.9)
po_mix_alt0:		 8328 15733 16459 16492 16511 16507 16483 16463 16469 16454 	 (avg 15589.9)
po_mix_alt1:		 8328 16512 16488 15861 16503 16436 15689 16519 16463 16510 	 (avg 15530.9)
po_mix_spr0:		 8328 16472 16410 15729 16485 16463 16478 16496 16503 16487 	 (avg 15585.1)
po_mix_spr1:		 8328 16486 16456 16511 16514 16504 15755 16487 16516 16520 	 (avg 15607.7)
po_sm_alt_w_asc_0:	 8328 16477 16467 16513 16459 16463 16480 16488 16514 16493 	 (avg 15668.2)
po_sm_alt_w_asc_1:	 8328 16443 16464 16437 16467 16501 16470 16455 16484 16479 	 (avg 15652.8)
po_sm_alt_w_desc_0:	 8328 16507 15686 16520 16497 16439 16524 16433 16516 16543 	 (avg 15599.3)
po_sm_alt_w_desc_1:	 8328 16550 16517 16578 16508 16526 16518 16539 16526 16503 	 (avg 15709.3)
po_sm_alt_nw_asc_0:	 8328 16421 16472 16481 16468 16493 16477 16466 16406 16499 	 (avg 15651.1)
po_sm_alt_nw_asc_1:	 8328 16455 16473 16470 16491 16502 16503 15700 16470 16419 	 (avg 15581.1)
po_sm_alt_nw_desc_0:	 8328 16511 15736 16544 16537 16521 16495 16531 16534 16524 	 (avg 15626.1)
po_sm_alt_nw_desc_1:	 8328 16485 16521 16537 16483 16532 16488 16512 16501 16506 	 (avg 15689.3)
po_sm_spr_w_asc_0:	 8328 16521 16501 16487 15734 16479 16510 16495 16457 16493 	 (avg 15600.5)
po_sm_spr_w_asc_1:	 8328 16491 16502 16461 15771 16490 16495 16482 16462 16489 	 (avg 15597.1)
po_sm_spr_w_desc_0:	 8328 16522 16491 16502 16528 16549 16510 15806 16534 16521 	 (avg 15629.1)
po_sm_spr_w_desc_1:	 8328 16503 16524 16517 16463 16527 16534 16517 16507 16555 	 (avg 15697.5)
po_sm_spr_nw_asc_0:	 8328 16481 16471 15703 16432 16374 16527 16466 16403 16488 	 (avg 15567.3)
po_sm_spr_nw_asc_1:	 8328 16429 16480 16520 16490 15668 16463 15726 16467 16492 	 (avg 15506.3)
po_sm_spr_nw_desc_0:	 8328 16515 16547 16563 16513 16476 16500 16508 16500 16520 	 (avg 15697)
po_sm_spr_nw_desc_1:	 8328 16527 16525 16522 16545 16562 16535 16505 16483 16525 	 (avg 15705.7)
po_ss_w_asc:		 8328 16461 16518 16431 16475 15726 16462 16485 15696 16499 	 (avg 15508.1)
po_ss_w_desc:		 8328 16494 16518 16524 16473 16494 16544 16524 16511 16551 	 (avg 15696.1)
po_ss_nw_asc:		 8328 16504 16469 16475 16469 16462 16482 16474 16487 16465 	 (avg 15661.5)
po_ss_nw_desc:		 8328 16543 16531 15684 15709 16514 16554 16534 16525 16464 	 (avg 15538.6)
po_sr_w_asc:		 8328 15162 15151 15253 15020 15023 15082 15088 15076 15117 	 (avg 14430)
po_sr_w_desc:		 8328 15067 15029 15113 15115 15338 15127 15132 15090 15037 	 (avg 14437.6)
po_sr_nw_asc:		 8328 15235 15025 15086 15034 15014 15099 15150 15300 15044 	 (avg 14431.5)
po_sr_nw_desc:		 8328 15002 15152 15130 15154 15041 15276 >> 
>> 
>> asdexit
>> exit;
[?1l>