pa_unsorted_concat 1:
878 	|	885 	884 	935 	792 	850 	| 	 avg: 869.20
909 	|	956 	897 	857 	898 	896 	| 	 avg: 900.80
913 	|	865 	849 	1025 	1005 	894 	| 	 avg: 927.60
850 	|	876 	893 	834 	864 	887 	| 	 avg: 870.80
841 	|	846 	900 	868 	859 	907 	| 	 avg: 876.00
935 	|	972 	952 	825 	889 	948 	| 	 avg: 917.20
923 	|	873 	852 	872 	850 	957 	| 	 avg: 880.80
909 	|	921 	892 	915 	848 	949 	| 	 avg: 905.00
954 	|	877 	855 	796 	902 	929 	| 	 avg: 871.80
862 	|	985 	915 	842 	819 	940 	| 	 avg: 900.20
872 	|	931 	852 	905 	923 	811 	| 	 avg: 884.40
895 	|	901 	964 	875 	865 	952 	| 	 avg: 911.40
830 	|	862 	811 	869 	904 	954 	| 	 avg: 880.00
854 	|	910 	850 	839 	798 	913 	| 	 avg: 862.00
952 	|	850 	907 	876 	794 	883 	| 	 avg: 862.00
882 	|	1142 	866 	936 	892 	931 	| 	 avg: 953.40
1150 	|	883 	868 	934 	885 	820 	| 	 avg: 878.00
850 	|	888 	978 	906 	887 	874 	| 	 avg: 906.60
853 	|	845 	849 	1058 	908 	925 	| 	 avg: 917.00
840 	|	841 	888 	889 	949 	895 	| 	 avg: 892.40
average initials   897	 average finals:   893
