pa_unsorted_concat 0:
882 	|	947 	820 	886 	943 	832 	| 	 avg: 885.60
788 	|	848 	921 	827 	896 	839 	| 	 avg: 866.20
908 	|	920 	929 	901 	946 	965 	| 	 avg: 932.20
865 	|	887 	996 	881 	830 	984 	| 	 avg: 915.60
936 	|	857 	857 	975 	879 	816 	| 	 avg: 876.80
857 	|	915 	866 	891 	985 	917 	| 	 avg: 914.80
836 	|	845 	851 	873 	888 	834 	| 	 avg: 858.20
887 	|	882 	972 	879 	879 	890 	| 	 avg: 900.40
900 	|	926 	770 	936 	968 	887 	| 	 avg: 897.40
894 	|	885 	1112 	806 	873 	881 	| 	 avg: 911.40
1133 	|	772 	867 	1080 	931 	970 	| 	 avg: 924.00
840 	|	962 	976 	918 	915 	934 	| 	 avg: 941.00
907 	|	895 	816 	798 	861 	892 	| 	 avg: 852.40
1068 	|	946 	921 	904 	906 	873 	| 	 avg: 910.00
922 	|	871 	889 	880 	940 	806 	| 	 avg: 877.20
969 	|	841 	850 	841 	789 	945 	| 	 avg: 853.20
900 	|	1476 	986 	858 	790 	913 	| 	 avg: 1004.60
1032 	|	865 	798 	810 	919 	905 	| 	 avg: 859.40
888 	|	813 	854 	887 	886 	866 	| 	 avg: 861.20
873 	|	864 	877 	922 	803 	1109 	| 	 avg: 915.00
average initials   914	 average finals:   897
