pa_sorted_simple 1:
976 	|	948 	970 	938 	845 	799 	| 	 avg: 900.00
897 	|	942 	960 	899 	845 	874 	| 	 avg: 904.00
940 	|	971 	980 	925 	945 	939 	| 	 avg: 952.00
830 	|	855 	892 	888 	968 	853 	| 	 avg: 891.20
876 	|	856 	840 	979 	860 	925 	| 	 avg: 892.00
840 	|	817 	893 	930 	883 	907 	| 	 avg: 886.00
857 	|	879 	957 	878 	926 	883 	| 	 avg: 904.60
887 	|	945 	883 	848 	942 	1059 	| 	 avg: 935.40
867 	|	924 	846 	907 	882 	882 	| 	 avg: 888.20
981 	|	899 	849 	1009 	816 	968 	| 	 avg: 908.20
777 	|	840 	953 	1084 	909 	868 	| 	 avg: 930.80
809 	|	887 	1000 	935 	914 	920 	| 	 avg: 931.20
838 	|	1038 	891 	894 	912 	841 	| 	 avg: 915.20
884 	|	1027 	806 	913 	927 	952 	| 	 avg: 925.00
850 	|	839 	949 	867 	896 	900 	| 	 avg: 890.20
888 	|	953 	875 	904 	900 	870 	| 	 avg: 900.40
882 	|	880 	913 	1008 	927 	876 	| 	 avg: 920.80
898 	|	1004 	936 	839 	792 	947 	| 	 avg: 903.60
953 	|	930 	855 	880 	915 	919 	| 	 avg: 899.80
1069 	|	816 	849 	872 	923 	860 	| 	 avg: 864.00
average initials   889	 average finals:   906
