[?1h=
                                                                                     < M A T L A B (R) >
                                                                           Copyright 1984-2010 The MathWorks, Inc.
                                                                        Version 7.12.0.635 (R2011a) 64-bit (glnxa64)
                                                                                       March 18, 2011

 
  To get started, type one of these: helpwin, helpdesk, or demo.
  For product information, visit www.mathworks.com.
 
{Warning: Name is nonexistent or not a directory: /home/davide/projects/mthesis/Mondriaan4RC/tools.} 
> In path at 110
  In addpath at 87
  In startup at 2
  In matlabrc at 222

bcsstk32.mtx - 0

localview_0:	 906 |  1303  1141  1116  1176   933 	 avg: 1133.8	 5.7817 s
localview_0:	 899 |   830  1125  1151   915  1125 	 avg: 1029.2	 5.85814 s
localview_0:	 745 |  1319   905  1132   844  1064 	 avg: 1052.8	 6.00951 s
localview_0:	 740 |   879  1087   956   820  1074 	 avg: 963.2	 5.86567 s
localview_0:	 730 |   892   800   835   974  1073 	 avg: 914.8	 5.96772 s
localview_0:	 989 |   993   838   861   895  1451 	 avg: 1007.6	 5.77244 s
localview_0:	 823 |   925   814   845  1182   820 	 avg: 917.2	 5.94189 s
localview_0:	 932 |  1232   986  1388  1643   956 	 avg: 1241	 5.99752 s
localview_0:	 752 |   859  1337   874   896   959 	 avg: 985	 5.78995 s
localview_0:	 985 |  1104   822   820   880   847 	 avg: 894.6	 5.88932 s
localview_0:	 1037 |   910   925   896   893   800 	 avg: 884.8	 5.84913 s
localview_0:	 742 |  1057   894   892  1172   845 	 avg: 972	 5.81657 s
localview_0:	 773 |   842  1090   812   843   832 	 avg: 883.8	 5.92594 s
localview_0:	 738 |   828  1240  1033  1135   968 	 avg: 1040.8	 5.83101 s
localview_0:	 684 |  1047   976   837   866   918 	 avg: 928.8	 5.9749 s
localview_0:	 662 |  1123  1303   952   892   847 	 avg: 1023.4	 5.8178 s
localview_0:	 690 |  1150  1366  1007   944   782 	 avg: 1049.8	 5.88818 s
localview_0:	 693 |  1067   879   951  1190   961 	 avg: 1009.6	 5.90128 s
localview_0:	 940 |   837   894  1159  1086  1357 	 avg: 1066.6	 5.84942 s
localview_0:	 890 |  1025   894   748   806   849 	 avg: 864.4	 5.79024 s
------
mean initials 817.5, mean final 993.16, time 705.252 s (mean 5.87592 s)

coAuthorsCiteseer.mtx - 0

localview_0:	 9958 | 10366 10061 10894 10337 10167 	 avg: 10365	 10.8644 s
localview_0:	 9404 | 10356 10047 10112 10280 10496 	 avg: 10258.2	 10.8934 s
localview_0:	 9158 | 10332 10257 10383 10900 11144 	 avg: 10603.2	 11.1199 s
localview_0:	 9818 | 10292 10247 10286 11004 10181 	 avg: 10402	 11.1412 s
localview_0:	 9229 | 11042  9987 10916 10765 10297 	 avg: 10601.4	 11.0475 s
localview_0:	 10102 | 10297 10193 10204 10164 10224 	 avg: 10216.4	 11.1196 s
localview_0:	 9253 |  9983 10043 10276 10156 10291 	 avg: 10149.8	 11.0715 s
localview_0:	 9517 | 10220 10253 10962 10199 10096 	 avg: 10346	 11.129 s
localview_0:	 9323 | 10125 10304 10335 10444 10386 	 avg: 10318.8	 10.9247 s
localview_0:	 9339 | 10184 10870 10217 10132 10931 	 avg: 10466.8	 11.02 s
localview_0:	 10254 | 10221 10714 11068 10524 10071 	 avg: 10519.6	 10.81 s
localview_0:	 10045 | 10125 10292 11047 10248 10997 	 avg: 10541.8	 11.0166 s
localview_0:	 9239 | 10440 10461 10202 10979 11095 	 avg: 10635.4	 10.963 s
localview_0:	 10108 | 10788 10291 10104 10197 10012 	 avg: 10278.4	 11.163 s
localview_0:	 9278 | 10803 10887 10878 10309 10251 	 avg: 10625.6	 11.0627 s
localview_0:	 9503 | 10719 10861 10935 10843 10805 	 avg: 10832.6	 11.0378 s
localview_0:	 9380 | 11110 10789 10504 11200 10787 	 avg: 10878	 11.0229 s
localview_0:	 9335 | 10389 10311 10404 10986 10252 	 avg: 10468.4	 11.233 s
localview_0:	 10008 | 10392 10179 10203 10976 10140 	 avg: 10378	 11.2565 s
localview_0:	 9414 | 10247  9911 10911 10161 10307 	 avg: 10307.4	 10.7825 s
------
mean initials 9583.25, mean final 10459.6, time 1363.42 s (mean 11.034 s)

cre_b.mtx - 0

localview_0:	 531 |   543   583   592   709   722 	 avg: 629.8	 1.83759 s
localview_0:	 661 |   739   617   659   623   641 	 avg: 655.8	 1.85131 s
localview_0:	 510 |   598   526   631   665   668 	 avg: 617.6	 1.85567 s
localview_0:	 549 |   636   667   619   612   565 	 avg: 619.8	 1.85121 s
localview_0:	 535 |   717   658   659   648   626 	 avg: 661.6	 1.83592 s
localview_0:	 535 |   672   589   532   641   701 	 avg: 627	 1.81602 s
localview_0:	 576 |   607   575   620   529   567 	 avg: 579.6	 1.88288 s
localview_0:	 553 |   720   659   603   714   558 	 avg: 650.8	 1.8232 s
localview_0:	 528 |   758   628   620   538   589 	 avg: 626.6	 1.81823 s
localview_0:	 516 |   601   707   651   674   610 	 avg: 648.6	 1.85515 s
localview_0:	 677 |   570   659   572   576   554 	 avg: 586.2	 1.86718 s
localview_0:	 516 |   615   654   676   731   565 	 avg: 648.2	 1.87302 s
localview_0:	 710 |   723   627   653   604   602 	 avg: 641.8	 1.84441 s
localview_0:	 578 |   603   600   536   777   575 	 avg: 618.2	 1.87109 s
localview_0:	 617 |   652   638   668   729   584 	 avg: 654.2	 1.8384 s
localview_0:	 557 |   643   603   559   618   576 	 avg: 599.8	 1.84129 s
localview_0:	 574 |   646   589   653   570   612 	 avg: 614	 1.82842 s
localview_0:	 627 |   667   573   511   720   697 	 avg: 633.6	 1.85237 s
localview_0:	 638 |   729   581   655   688   678 	 avg: 666.2	 1.85196 s
localview_0:	 605 |   603   736   557   634   598 	 avg: 625.6	 1.83501 s
------
mean initials 579.65, mean final 630.25, time 223.502 s (mean 1.84652 s)

delaunay_n15.mtx - 0

localview_0:	 304 |   337   338   319   340   320 	 avg: 330.8	 0.95202 s
localview_0:	 309 |   333   364   356   321   332 	 avg: 341.2	 0.944905 s
localview_0:	 320 |   331   332   325   331   316 	 avg: 327	 0.973077 s
localview_0:	 294 |   337   343   343   343   324 	 avg: 338	 0.947424 s
localview_0:	 298 |   311   379   352   350   337 	 avg: 345.8	 0.985494 s
localview_0:	 314 |   329   319   327   335   323 	 avg: 326.6	 0.952727 s
localview_0:	 334 |   332   338   332   345   325 	 avg: 334.4	 0.956452 s
localview_0:	 305 |   311   348   326   329   350 	 avg: 332.8	 0.968383 s
localview_0:	 310 |   359   331   331   329   338 	 avg: 337.6	 0.98282 s
localview_0:	 296 |   323   339   365   358   358 	 avg: 348.6	 0.948668 s
localview_0:	 306 |   338   320   353   341   365 	 avg: 343.4	 0.992863 s
localview_0:	 308 |   326   393   378   314   318 	 avg: 345.8	 0.951441 s
localview_0:	 306 |   321   329   353   359   350 	 avg: 342.4	 0.964881 s
localview_0:	 300 |   314   414   338   326   341 	 avg: 346.6	 0.968596 s
localview_0:	 332 |   343   334   355   329   334 	 avg: 339	 0.971663 s
localview_0:	 328 |   339   351   331   326   325 	 avg: 334.4	 0.976871 s
localview_0:	 294 |   346   337   349   350   346 	 avg: 345.6	 0.956776 s
localview_0:	 326 |   328   341   351   350   337 	 avg: 341.4	 0.945258 s
localview_0:	 320 |   343   318   345   314   318 	 avg: 327.6	 0.951834 s
localview_0:	 298 |   353   343   327   338   343 	 avg: 340.8	 0.971085 s
------
mean initials 310.1, mean final 338.49, time 118.157 s (mean 0.963162 s)

deltaX.mtx - 0

localview_0:	 266 |   226   226   224   227   227 	 avg: 226	 1.37864 s
localview_0:	 236 |   220   216   217   218   222 	 avg: 218.6	 1.4042 s
localview_0:	 226 |   212   221   218   222   230 	 avg: 220.6	 1.35552 s
localview_0:	 233 |   223   230   215   216   214 	 avg: 219.6	 1.382 s
localview_0:	 228 |   228   233   214   215   222 	 avg: 222.4	 1.35522 s
localview_0:	 230 |   225   223   220   217   226 	 avg: 222.2	 1.36497 s
localview_0:	 244 |   219   222   220   225   231 	 avg: 223.4	 1.38793 s
localview_0:	 229 |   213   218   226   225   218 	 avg: 220	 1.36561 s
localview_0:	 234 |   218   217   224   216   214 	 avg: 217.8	 1.39629 s
localview_0:	 228 |   230   231   219   226   216 	 avg: 224.4	 1.37826 s
localview_0:	 224 |   223   228   221   233   223 	 avg: 225.6	 1.37317 s
localview_0:	 233 |   225   225   228   224   227 	 avg: 225.8	 1.375 s
localview_0:	 227 |   221   226   226   216   215 	 avg: 220.8	 1.3702 s
localview_0:	 245 |   223   230   222   226   222 	 avg: 224.6	 1.40045 s
localview_0:	 227 |   214   226   213   228   221 	 avg: 220.4	 1.37611 s
localview_0:	 242 |   226   233   222   214   216 	 avg: 222.2	 1.38171 s
localview_0:	 229 |   218   216   223   223   222 	 avg: 220.4	 1.52038 s
localview_0:	 247 |   225   220   217   224   215 	 avg: 220.2	 1.37972 s
localview_0:	 239 |   228   217   216   219   220 	 avg: 220	 1.38039 s
localview_0:	 248 |   222   214   225   228   221 	 avg: 222	 1.35645 s
------
mean initials 235.75, mean final 221.85, time 166.379 s (mean 1.38411 s)

lpi_ceria3d.mtx - 0

localview_0:	 227 |   232   232   233   233   233 	 avg: 232.6	 0.150977 s
localview_0:	 226 |   233   233   248   248   248 	 avg: 242	 0.150471 s
localview_0:	 221 |   248   248   248   232   232 	 avg: 241.6	 0.149653 s
localview_0:	 231 |   232   232   232   232   235 	 avg: 232.6	 0.147861 s
localview_0:	 223 |   235   235   235   235   235 	 avg: 235	 0.144322 s
localview_0:	 210 |   254   254   254   254   254 	 avg: 254	 0.151277 s
localview_0:	 210 |   218   218   218   218   218 	 avg: 218	 0.152589 s
localview_0:	 228 |   218   245   245   245   245 	 avg: 239.6	 0.153977 s
localview_0:	 220 |   245   245   220   220   220 	 avg: 230	 0.152805 s
localview_0:	 217 |   220   220   220   229   229 	 avg: 223.6	 0.152249 s
localview_0:	 220 |   229   229   229   229   226 	 avg: 228.4	 0.151157 s
localview_0:	 229 |   226   226   226   226   269 	 avg: 234.6	 0.149375 s
localview_0:	 222 |   269   269   269   269   269 	 avg: 269	 0.148296 s
localview_0:	 200 |   230   230   230   230   230 	 avg: 230	 0.158781 s
localview_0:	 200 |   252   252   252   252   252 	 avg: 252	 0.149661 s
localview_0:	 233 |   252   244   244   244   244 	 avg: 245.6	 0.150483 s
localview_0:	 221 |   244   244   241   241   241 	 avg: 242.2	 0.151994 s
localview_0:	 213 |   241   241   241   252   252 	 avg: 245.4	 0.150173 s
localview_0:	 225 |   252   252   252   252   242 	 avg: 250	 0.147221 s
localview_0:	 221 |   242   242   242   242   242 	 avg: 242	 0.150477 s
------
mean initials 219.85, mean final 239.41, time 17.4218 s (mean 0.15069 s)

polyDFT.mtx - 0

localview_0:	 3576 |  3696  3696  3696  3696  3696 	 avg: 3696	 13.9193 s
localview_0:	 3636 |  3696  3696  3696  3696  3696 	 avg: 3696	 14.2754 s
localview_0:	 3732 |  3696  3696  3696  3696  3696 	 avg: 3696	 13.4977 s
localview_0:	 3733 |  3780  3696  3696  3696  3794 	 avg: 3732.4	 14.9136 s
localview_0:	 3516 |  3696  3696  3696  3696  3780 	 avg: 3712.8	 13.2749 s
localview_0:	 3684 |  3696  3696  3696  3696  3696 	 avg: 3696	 13.0888 s
localview_0:	 3732 |  3696  3780  3696  3804  3696 	 avg: 3734.4	 13.4835 s
localview_0:	 3636 |  3696  3696  3696  3696  3696 	 avg: 3696	 14.9505 s
localview_0:	 3624 |  3696  3696  3696  3696  3696 	 avg: 3696	 14.2637 s
localview_0:	 3516 |  3696  3696  3696  3696  3696 	 avg: 3696	 13.3488 s
localview_0:	 3685 |  3696  3696  3696  3696  3696 	 avg: 3696	 15.0208 s
localview_0:	 3638 |  3696  3696  3696  3696  3696 	 avg: 3696	 14.4245 s
localview_0:	 3576 |  3696  3696  3696  3696  3696 	 avg: 3696	 14.9594 s
localview_0:	 3636 |  3696  3696  3696  3696  3696 	 avg: 3696	 14.8312 s
localview_0:	 3576 |  3696  3696  3696  3696  3696 	 avg: 3696	 14.6506 s
localview_0:	 3636 |  3696  3696  3696  3696  3696 	 avg: 3696	 14.4835 s
localview_0:	 3627 |  3696  3696  3696  3696  3696 	 avg: 3696	 14.9659 s
localview_0:	 3624 |  3696  3696  3696  3696  3696 	 avg: 3696	 15.0027 s
localview_0:	 3636 |  3696  3696  3696  3696  3696 	 avg: 3696	 15.7622 s
localview_0:	 3636 |  3696  3696  3780  3696  3696 	 avg: 3712.8	 15.618 s
------
mean initials 3632.75, mean final 3701.42, time 1725.67 s (mean 14.4367 s)

tbdmatlab.mtx - 0

localview_0:	 3833 |  4157  4204  4246  4154  4600 	 avg: 4272.2	 5.3023 s
localview_0:	 3903 |  4218  4177  4462  4133  4173 	 avg: 4232.6	 5.20063 s
localview_0:	 3917 |  4206  4139  4178  4502  4200 	 avg: 4245	 5.20351 s
localview_0:	 3947 |  4381  4193  4182  4151  4123 	 avg: 4206	 5.35664 s
localview_0:	 4130 |  4203  4255  4186  4186  4163 	 avg: 4198.6	 5.40832 s
localview_0:	 4113 |  4229  4198  4171  4215  4155 	 avg: 4193.6	 5.27232 s
localview_0:	 3800 |  4199  4214  4199  4214  4181 	 avg: 4201.4	 5.27254 s
localview_0:	 4056 |  4235  4166  4265  4167  4252 	 avg: 4217	 5.19552 s
localview_0:	 4166 |  4620  4160  4219  4628  4214 	 avg: 4368.2	 5.34756 s
localview_0:	 3832 |  4208  4605  4145  4528  4210 	 avg: 4339.2	 5.45861 s
localview_0:	 3843 |  4164  4227  4540  4615  4216 	 avg: 4352.4	 5.27963 s
localview_0:	 3941 |  4174  4555  4298  4435  4508 	 avg: 4394	 5.22195 s
localview_0:	 3886 |  4196  4157  4540  4209  4200 	 avg: 4260.4	 5.20697 s
localview_0:	 3856 |  4409  4351  4409  4489  4159 	 avg: 4363.4	 5.10276 s
localview_0:	 3939 |  4180  4148  4200  4411  4163 	 avg: 4220.4	 5.22491 s
localview_0:	 3969 |  4210  4214  4489  4574  4212 	 avg: 4339.8	 5.21161 s
localview_0:	 3752 |  4219  4120  4462  4352  4203 	 avg: 4271.2	 5.64687 s
localview_0:	 3960 |  4197  4186  4424  4236  4208 	 avg: 4250.2	 6.06876 s
localview_0:	 4177 |  4218  4208  4196  4358  4211 	 avg: 4238.2	 5.88353 s
localview_0:	 4002 |  4485  4280  4196  4620  4201 	 avg: 4356.4	 5.79 s
------
mean initials 3951.1, mean final 4276.01, time 661.294 s (mean 5.38275 s)

wave.mtx - 0

localview_0:	 4577 |  5899  5587  5634  5236  5648 	 avg: 5600.8	 18.4078 s
localview_0:	 4554 |  5443  5544  5613  5335  6136 	 avg: 5614.2	 18.3038 s
localview_0:	 4714 |  5389  5649  5462  6073  5726 	 avg: 5659.8	 18.5293 s
localview_0:	 4569 |  5373  5324  6165  5972  6191 	 avg: 5805	 18.5935 s
localview_0:	 4478 |  5370  6058  5357  5953  6112 	 avg: 5770	 18.3276 s
localview_0:	 4703 |  5893  5376  5583  5859  5600 	 avg: 5662.2	 17.7925 s
localview_0:	 4632 |  5554  5526  6004  5740  5458 	 avg: 5656.4	 18.3663 s
localview_0:	 4611 |  5971  5927  5400  5895  5518 	 avg: 5742.2	 19.0174 s
localview_0:	 4569 |  5400  5804  5301  5375  5343 	 avg: 5444.6	 17.3724 s
localview_0:	 4920 |  5439  5596  5865  6105  5565 	 avg: 5714	 18.2331 s
localview_0:	 4613 |  5624  5663  5635  5514  5557 	 avg: 5598.6	 17.5508 s
localview_0:	 4527 |  5527  5531  6064  5660  5302 	 avg: 5616.8	 17.908 s
localview_0:	 4853 |  5889  5664  6007  5570  5598 	 avg: 5745.6	 17.9494 s
localview_0:	 4518 |  5493  5384  5462  5711  5658 	 avg: 5541.6	 19.1698 s
localview_0:	 4739 |  5766  5412  5636  5484  5369 	 avg: 5533.4	 19.6555 s
localview_0:	 4498 |  5317  5851  5839  5657  5325 	 avg: 5597.8	 20.1932 s
localview_0:	 4696 |  5517  5323  5605  5897  5934 	 avg: 5655.2	 19.9826 s
localview_0:	 4550 |  5970  6039  5591  5415  5550 	 avg: 5713	 18.834 s
localview_0:	 4559 |  6000  5991  5671  5526  5247 	 avg: 5687	 18.1606 s
localview_0:	 4595 |  5636  5916  6070  5905  5644 	 avg: 5834.2	 18.64 s
------
mean initials 4623.75, mean final 5659.62, time 2287.93 s (mean 18.5494 s)
>> exit
[?1l>