[?1h=
                                                                                     < M A T L A B (R) >
                                                                           Copyright 1984-2010 The MathWorks, Inc.
                                                                        Version 7.12.0.635 (R2011a) 64-bit (glnxa64)
                                                                                       March 18, 2011

 
  To get started, type one of these: helpwin, helpdesk, or demo.
  For product information, visit www.mathworks.com.
 
{Warning: Name is nonexistent or not a directory: /home/davide/projects/mthesis/Mondriaan4RC/tools.} 
> In path at 110
  In addpath at 87
  In startup at 2
  In matlabrc at 222

italy_osm - 0

is_0:	   270 | [?1h=  370 [?1h=  179 [?1h=  665 [?1h=  161 [?1h=  528  avg: 	 380.6
is_0:	   247 | [?1h=  368 [?1h=  273 [?1h=  456 [?1h=  218 [?1h=  320  avg: 	   327
is_0:	   303 | [?1h=  194 [?1h=  248 [?1h=  297 [?1h=  197 [?1h=  169  avg: 	   221
is_0:	   400 | [?1h=  254 [?1h=  317 [?1h=  358 [?1h=  223 [?1h=  307  avg: 	 291.8
is_0:	   195 | [?1h=  195 [?1h=  291 [?1h=  241 [?1h=  263 [?1h=  281  avg: 	 254.2
is_0:	   195 | [?1h=  187 [?1h=  253 [?1h=  246 [?1h=  278 [?1h=  123  avg: 	 217.4
is_0:	   306 | [?1h=  267 [?1h=  292 [?1h=  174 [?1h=  328 [?1h=  295  avg: 	 271.2
is_0:	   211 | [?1h=  310 [?1h=  366 [?1h=  388 [?1h=  280 [?1h=  186  avg: 	   306
is_0:	   318 | [?1h=  415 [?1h=  470 [?1h=  268 [?1h=  473 [?1h=  207  avg: 	 366.6
is_0:	   134 | [?1h=  250 [?1h=  334 [?1h=  417 [?1h=   96 [?1h=  247  avg: 	 268.8
is_0:	   182 | [?1h=  291 [?1h=  194 [?1h=  316 [?1h=  329 [?1h=  253  avg: 	 276.6
is_0:	   393 | [?1h=  352 [?1h=  431 [?1h=  179 [?1h=  379 [?1h=  211  avg: 	 310.4
is_0:	   262 | [?1h=   91 [?1h=  254 [?1h=  203 [?1h=  117 [?1h=  187  avg: 	 170.4
is_0:	   217 | [?1h=  386 [?1h=  373 [?1h=  332 [?1h=  263 [?1h=  198  avg: 	 310.4
is_0:	   268 | [?1h=  248 [?1h=  205 [?1h=  368 [?1h=  199 [?1h=  277  avg: 	 259.4
is_0:	   144 | [?1h=  246 [?1h=  389 [?1h=  430 [?1h=  235 [?1h=  253  avg: 	 310.6
is_0:	   321 | [?1h=  215 [?1h=  278 [?1h=  309 [?1h=  240 [?1h=  352  avg: 	 278.8
is_0:	   349 | [?1h=  213 [?1h=  480 [?1h=  180 [?1h=  390 [?1h=  235  avg: 	 299.6
is_0:	   304 | [?1h=  187 [?1h=  285 [?1h=  395 [?1h=  274 [?1h=  266  avg: 	 281.4
is_0:	   210 | [?1h=  129 [?1h=  192 [?1h=  290 [?1h=  382 [?1h=  366  avg: 	 271.8
--------------------
avg initials: 261.45 		 avg finals: 283.7



italy_osm - 1

is_1:	   418 | [?1h=  318 [?1h=  265 [?1h=  275 [?1h=  246 [?1h=  196  avg: 	   260
is_1:	   123 | [?1h=  275 [?1h=  441 [?1h=  278 [?1h=  395 [?1h=  116  avg: 	   301
is_1:	   134 | [?1h=  207 [?1h=  281 [?1h=  473 [?1h=  211 [?1h=  374  avg: 	 309.2
is_1:	   326 | [?1h=  555 [?1h=  321 [?1h=  485 [?1h=  378 [?1h=  190  avg: 	 385.8
is_1:	   247 | [?1h=  113 [?1h=  372 [?1h=  266 [?1h=  259 [?1h=  128  avg: 	 227.6
is_1:	   361 | [?1h=  318 [?1h=  302 [?1h=  382 [?1h=  280 [?1h=  175  avg: 	 291.4
is_1:	   272 | [?1h=  256 [?1h=  433 [?1h=  310 [?1h=  250 [?1h=  223  avg: 	 294.4
is_1:	   302 | [?1h=  271 [?1h=  427 [?1h=  431 [?1h=  350 [?1h=  218  avg: 	 339.4
is_1:	   190 | [?1h=  233 [?1h=  233 [?1h=  130 [?1h=  317 [?1h=  135  avg: 	 209.6
is_1:	   225 | [?1h=  218 [?1h=  151 [?1h=  247 [?1h=  133 [?1h=  258  avg: 	 201.4
is_1:	   256 | [?1h=  406 [?1h=  409 [?1h=  236 [?1h=  164 [?1h=  196  avg: 	 282.2
is_1:	   128 | [?1h=  277 [?1h=  366 [?1h=  228 [?1h=  311 [?1h=  191  avg: 	 274.6
is_1:	   138 | [?1h=  195 [?1h=  130 [?1h=  308 [?1h=  297 [?1h=  364  avg: 	 258.8
is_1:	   270 | [?1h=  278 [?1h=  242 [?1h=  344 [?1h=  295 [?1h=  127  avg: 	 257.2
is_1:	   423 | [?1h=  282 [?1h=  199 [?1h=  181 [?1h=  235 [?1h=  368  avg: 	   253
is_1:	   390 | [?1h=  276 [?1h=  225 [?1h=  139 [?1h=  428 [?1h=  348  avg: 	 283.2
is_1:	   293 | [?1h=  235 [?1h=  348 [?1h=  446 [?1h=  478 [?1h=  339  avg: 	 369.2
is_1:	   311 | [?1h=  432 [?1h=  240 [?1h=  411 [?1h=  279 [?1h=  251  avg: 	 322.6
is_1:	   169 | [?1h=  177 [?1h=  359 [?1h=  274 [?1h=  214 [?1h=  291  avg: 	   263
is_1:	   368 | [?1h=  183 [?1h=  189 [?1h=  135 [?1h=  210 [?1h=  103  avg: 	   164
--------------------
avg initials: 267.2 		 avg finals: 277.38



italy_osm - 3

is_3:	   223 | [?1h=[?1h=  266 [?1h=[?1h=  129 [?1h=[?1h=  197 [?1h=[?1h=  304 [?1h=[?1h=  306  avg: 	 240.4
is_3:	   293 | [?1h=[?1h=  254 [?1h=[?1h=  180 [?1h=[?1h=  281 [?1h=[?1h=  394 [?1h=[?1h=  308  avg: 	 283.4
is_3:	   293 | [?1h=[?1h=  236 [?1h=[?1h=  258 [?1h=[?1h=  379 [?1h=[?1h=  262 [?1h=[?1h=  229  avg: 	 272.8
is_3:	   425 | [?1h=[?1h=  290 [?1h=[?1h=  434 [?1h=[?1h=  239 [?1h=[?1h=  437 [?1h=[?1h=  227  avg: 	 325.4
is_3:	   125 | [?1h=[?1h=  252 [?1h=[?1h=  262 [?1h=[?1h=  250 [?1h=[?1h=  329 [?1h=[?1h=  314  avg: 	 281.4
is_3:	   150 | [?1h=[?1h=  227 [?1h=[?1h=  366 [?1h=[?1h=  338 [?1h=[?1h=  300 [?1h=[?1h=  257  avg: 	 297.6
is_3:	   433 | [?1h=[?1h=  220 [?1h=[?1h=  214 [?1h=[?1h=  238 [?1h=[?1h=  286 [?1h=[?1h=  319  avg: 	 255.4
is_3:	   188 | [?1h=[?1h=  395 [?1h=[?1h=  122 [?1h=[?1h=  245 [?1h=[?1h=  199 [?1h=[?1h=  273  avg: 	 246.8
is_3:	   294 | [?1h=[?1h=  169 [?1h=[?1h=  429 [?1h=[?1h=  279 [?1h=[?1h=  326 [?1h=[?1h=  430  avg: 	 326.6
is_3:	   233 | [?1h=[?1h=  421 [?1h=[?1h=  301 [?1h=[?1h=  210 [?1h=[?1h=  130 [?1h=[?1h=  301  avg: 	 272.6
is_3:	   302 | [?1h=[?1h=  355 [?1h=[?1h=  204 [?1h=[?1h=  358 [?1h=[?1h=  323 [?1h=[?1h=  300  avg: 	   308
is_3:	   230 | [?1h=[?1h=  242 [?1h=[?1h=  274 [?1h=[?1h=  395 [?1h=[?1h=  182 [?1h=[?1h=  204  avg: 	 259.4
is_3:	   311 | [?1h=[?1h=  279 [?1h=[?1h=  285 [?1h=[?1h=  335 [?1h=[?1h=  132 [?1h=[?1h=  273  avg: 	 260.8
is_3:	   133 | [?1h=[?1h=  272 [?1h=[?1h=  339 [?1h=[?1h=  190 [?1h=[?1h=  274 [?1h=[?1h=  243  avg: 	 263.6
is_3:	   278 | [?1h=[?1h=  284 [?1h=[?1h=  265 [?1h=[?1h=  190 [?1h=[?1h=  356 [?1h=[?1h=  400  avg: 	   299
is_3:	   241 | [?1h=[?1h=  364 [?1h=[?1h=  197 [?1h=[?1h=  179 [?1h=[?1h=  347 [?1h=[?1h=  422  avg: 	 301.8
is_3:	   336 | [?1h=[?1h=  540 [?1h=[?1h=  304 [?1h=[?1h=  268 [?1h=[?1h=  195 [?1h=[?1h=  243  avg: 	   310
is_3:	   181 | [?1h=[?1h=  371 [?1h=[?1h=  135 [?1h=[?1h=  439 [?1h=[?1h=  281 [?1h=[?1h=  324  avg: 	   310
is_3:	   263 | [?1h=[?1h=  332 [?1h=[?1h=  276 [?1h=[?1h=  274 [?1h=[?1h=  171 [?1h=[?1h=  303  avg: 	 271.2
is_3:	   170 | [?1h=[?1h=  242 [?1h=[?1h=  364 [?1h=[?1h=  139 [?1h=[?1h=  369 [?1h=[?1h=  235  avg: 	 269.8
--------------------
avg initials: 255.1 		 avg finals: 282.8
