[?1h=
                                                                                     < M A T L A B (R) >
                                                                           Copyright 1984-2010 The MathWorks, Inc.
                                                                        Version 7.12.0.635 (R2011a) 64-bit (glnxa64)
                                                                                       March 18, 2011

 
  To get started, type one of these: helpwin, helpdesk, or demo.
  For product information, visit www.mathworks.com.
 
{Warning: Name is nonexistent or not a directory: /home/davide/projects/mthesis/Mondriaan4RC/tools.} 
> In path at 110
  In addpath at 87
  In startup at 2
  In matlabrc at 222

deltaX.mtx - 0

is_0:	   236 | [?1h=  583 [?1h=  584 [?1h=  586 ^A[?1h=
>> 
>> 
>> exit
[?1l>[?1h=
                                                                                     < M A T L A B (R) >
                                                                           Copyright 1984-2010 The MathWorks, Inc.
                                                                        Version 7.12.0.635 (R2011a) 64-bit (glnxa64)
                                                                                       March 18, 2011

 
  To get started, type one of these: helpwin, helpdesk, or demo.
  For product information, visit www.mathworks.com.
 
{Warning: Name is nonexistent or not a directory: /home/davide/projects/mthesis/Mondriaan4RC/tools.} 
> In path at 110
  In addpath at 87
  In startup at 2
  In matlabrc at 222

deltaX.mtx - 0

is_0:	   239 | [?1h=  587 [?1h=  579 [?1h=  582 [?1h=  582 [?1h=  582  avg: 	 582.4
is_0:	   233 | [?1h=  589 [?1h=  588 [?1h=  586 [?1h=  588 [?1h=  581  avg: 	 586.4
is_0:	   244 | [?1h=  584 [?1h=  587 [?1h=  588 [?1h=  584 [?1h=  586  avg: 	 585.8
is_0:	   230 | [?1h=  582 [?1h=  581 [?1h=  586 [?1h=  581 [?1h=  583  avg: 	 582.6
is_0:	   235 | [?1h=  584 [?1h=  586 [?1h=  586 [?1h=  582 [?1h=  584  avg: 	 584.4
is_0:	   244 | [?1h=  587 [?1h=  589 [?1h=  587 [?1h=  586 [?1h=  587  avg: 	 587.2
is_0:	   238 | [?1h=  588 [?1h=  582 [?1h=  588 [?1h=  592 [?1h=  586  avg: 	 587.2
is_0:	   248 | [?1h=  582 [?1h=  586 [?1h=  584 [?1h=  591 [?1h=  586  avg: 	 585.8
is_0:	   241 | [?1h=  588 [?1h=  587 [?1h=  582 [?1h=  593 [?1h=  595  avg: 	   589
is_0:	   232 | [?1h=  591 [?1h=  586 [?1h=  583 [?1h=  582 [?1h=  587  avg: 	 585.8
is_0:	   243 | [?1h=  591 [?1h=  587 [?1h=  583 [?1h=  588 [?1h=  584  avg: 	 586.6
is_0:	   238 | [?1h=  586 [?1h=  584 [?1h=  587 [?1h=  583 [?1h=  590  avg: 	   586
is_0:	   241 | [?1h=  592 [?1h=  584 [?1h=  585 [?1h=  597 [?1h=  594  avg: 	 590.4
is_0:	   236 | [?1h=  586 [?1h=  585 [?1h=  584 [?1h=  581 [?1h=  581  avg: 	 583.4
is_0:	   237 | [?1h=  586 [?1h=  585 [?1h=  586 [?1h=  587 [?1h=  587  avg: 	 586.2
is_0:	   241 | [?1h=  582 [?1h=  580 [?1h=  583 [?1h=  589 [?1h=  586  avg: 	   584
is_0:	   244 | [?1h=  586 [?1h=  587 [?1h=  587 [?1h=  584 [?1h=  583  avg: 	 585.4
is_0:	   238 | [?1h=  587 [?1h=  592 [?1h=  588 [?1h=  584 [?1h=  581  avg: 	 586.4
is_0:	   238 | [?1h=  583 [?1h=  580 [?1h=  583 [?1h=  583 [?1h=  583  avg: 	 582.4
is_0:	   249 | [?1h=  582 [?1h=  581 [?1h=  583 [?1h=  584 [?1h=  587  avg: 	 583.4
--------------------
avg initials: 239.45 		 avg finals: 585.54



deltaX.mtx - 1

is_1:	   243 | [?1h=  221 [?1h=  222 [?1h=  219 [?1h=  225 [?1h=  224  avg: 	 222.2
is_1:	   237 | [?1h=  222 [?1h=  227 [?1h=  217 [?1h=  224 [?1h=  218  avg: 	 221.6
is_1:	   233 | [?1h=  229 [?1h=  219 [?1h=  214 [?1h=  214 [?1h=  220  avg: 	 219.2
is_1:	   238 | [?1h=  221 [?1h=  228 [?1h=  221 [?1h=  225 [?1h=  223  avg: 	 223.6
is_1:	   228 | [?1h=  224 [?1h=  222 [?1h=  225 [?1h=  223 [?1h=  223  avg: 	 223.4
is_1:	   233 | [?1h=  224 [?1h=  222 [?1h=  235 [?1h=  219 [?1h=  222  avg: 	 224.4
is_1:	   246 | [?1h=  218 [?1h=  220 [?1h=  218 [?1h=  217 [?1h=  220  avg: 	 218.6
is_1:	   232 | [?1h=  217 [?1h=  233 [?1h=  221 [?1h=  229 [?1h=  218  avg: 	 223.6
is_1:	   235 | [?1h=  219 [?1h=  221 [?1h=  219 [?1h=  218 [?1h=  220  avg: 	 219.4
is_1:	   231 | [?1h=  215 [?1h=  213 [?1h=  221 [?1h=  217 [?1h=  222  avg: 	 217.6
is_1:	   230 | [?1h=  222 [?1h=  228 [?1h=  223 [?1h=  233 [?1h=  227  avg: 	 226.6
is_1:	   250 | [?1h=  233 [?1h=  235 [?1h=  242 [?1h=  233 [?1h=  233  avg: 	 235.2
is_1:	   229 | [?1h=  229 [?1h=  225 [?1h=  234 [?1h=  231 [?1h=  227  avg: 	 229.2
is_1:	   240 | [?1h=  222 [?1h=  220 [?1h=  221 [?1h=  224 [?1h=  221  avg: 	 221.6
is_1:	   240 | [?1h=  232 [?1h=  226 [?1h=  234 [?1h=  223 [?1h=  237  avg: 	 230.4
is_1:	   237 | [?1h=  222 [?1h=  219 [?1h=  215 [?1h=  223 [?1h=  232  avg: 	 222.2
is_1:	   235 | [?1h=  230 [?1h=  220 [?1h=  221 [?1h=  226 [?1h=  220  avg: 	 223.4
is_1:	   235 | [?1h=  233 [?1h=  224 [?1h=  227 [?1h=  221 [?1h=  225  avg: 	   226
is_1:	   223 | [?1h=  221 [?1h=  211 [?1h=  217 [?1h=  214 [?1h=  218  avg: 	 216.2
is_1:	   229 | [?1h=  222 [?1h=  217 [?1h=  217 [?1h=  218 [?1h=  217  avg: 	 218.2
--------------------
avg initials: 235.2 		 avg finals: 223.13



deltaX.mtx - 3

is_3:	   243 | [?1h=[?1h=  226 [?1h=[?1h=  231 [?1h=[?1h=  227 [?1h=[?1h=  230 [?1h=[?1h=  228  avg: 	 228.4
is_3:	   237 | [?1h=[?1h=  223 [?1h=[?1h=  226 [?1h=[?1h=  225 [?1h=[?1h=  226 [?1h=[?1h=  223  avg: 	 224.6
is_3:	   240 | [?1h=[?1h=  224 [?1h=[?1h=  218 [?1h=[?1h=  222 [?1h=[?1h=  223 [?1h=[?1h=  218  avg: 	   221
is_3:	   252 | [?1h=[?1h=  230 [?1h=[?1h=  233 [?1h=[?1h=  229 [?1h=[?1h=  231 [?1h=[?1h=  230  avg: 	 230.6
is_3:	   247 | [?1h=[?1h=  227 [?1h=[?1h=  228 [?1h=[?1h=  231 [?1h=[?1h=  222 [?1h=[?1h=  228  avg: 	 227.2
is_3:	   234 | [?1h=[?1h=  220 [?1h=[?1h=  217 [?1h=[?1h=  218 [?1h=[?1h=  214 [?1h=[?1h=  219  avg: 	 217.6
is_3:	   236 | [?1h=[?1h=  225 [?1h=[?1h=  226 [?1h=[?1h=  227 [?1h=[?1h=  234 [?1h=[?1h=  236  avg: 	 229.6
is_3:	   227 | [?1h=[?1h=  225 [?1h=[?1h=  226 [?1h=[?1h=  224 [?1h=[?1h=  220 [?1h=[?1h=  219  avg: 	 222.8
is_3:	   227 | [?1h=[?1h=  227 [?1h=[?1h=  226 [?1h=[?1h=  213 [?1h=[?1h=  213 [?1h=[?1h=  231  avg: 	   222
is_3:	   237 | [?1h=[?1h=  226 [?1h=[?1h=  224 [?1h=[?1h=  220 [?1h=[?1h=  226 [?1h=[?1h=  217  avg: 	 222.6
is_3:	   238 | [?1h=[?1h=  227 [?1h=[?1h=  218 [?1h=[?1h=  223 [?1h=[?1h=  219 [?1h=[?1h=  215  avg: 	 220.4
is_3:	   233 | [?1h=[?1h=  225 [?1h=[?1h=  217 [?1h=[?1h=  227 [?1h=[?1h=  227 [?1h=[?1h=  222  avg: 	 223.6
is_3:	   231 | [?1h=[?1h=  223 [?1h=[?1h=  218 [?1h=[?1h=  219 [?1h=[?1h=  216 [?1h=[?1h=  226  avg: 	 220.4
is_3:	   250 | [?1h=[?1h=  222 [?1h=[?1h=  229 [?1h=[?1h=  221 [?1h=[?1h=  222 [?1h=[?1h=  226  avg: 	   224
is_3:	   230 | [?1h=[?1h=  225 [?1h=[?1h=  223 [?1h=[?1h=  218 [?1h=[?1h=  218 [?1h=[?1h=  230  avg: 	 222.8
is_3:	   236 | [?1h=[?1h=  233 [?1h=[?1h=  223 [?1h=[?1h=  218 [?1h=[?1h=  224 [?1h=[?1h=  215  avg: 	 222.6
is_3:	   242 | [?1h=[?1h=  214 [?1h=[?1h=  219 [?1h=[?1h=  216 [?1h=[?1h=  218 [?1h=[?1h=  219  avg: 	 217.2
is_3:	   240 | [?1h=[?1h=  231 [?1h=[?1h=  237 [?1h=[?1h=  229 [?1h=[?1h=  233 [?1h=[?1h=  231  avg: 	 232.2
is_3:	   235 | [?1h=[?1h=  225 [?1h=[?1h=  229 [?1h=[?1h=  223 [?1h=[?1h=  223 [?1h=[?1h=  230  avg: 	   226
is_3:	   237 | [?1h=[?1h=  225 [?1h=[?1h=  240 [?1h=[?1h=  227 [?1h=[?1h=  229 [?1h=[?1h=  220  avg: 	 228.2
--------------------
avg initials: 237.6 		 avg finals: 224.19


>> exit
[?1l>