[?1h=
                                                                                     < M A T L A B (R) >
                                                                           Copyright 1984-2010 The MathWorks, Inc.
                                                                        Version 7.12.0.635 (R2011a) 64-bit (glnxa64)
                                                                                       March 18, 2011

 
  To get started, type one of these: helpwin, helpdesk, or demo.
  For product information, visit www.mathworks.com.
 
{Warning: Name is nonexistent or not a directory: /home/davide/projects/mthesis/Mondriaan4RC/tools.} 
> In path at 110
  In addpath at 87
  In startup at 2
  In matlabrc at 222

belgium_osm.mtx - 0

localview_0:	 429 |   228   304   204   236   327 	 avg: 259.8	 18.4613 s
localview_0:	 349 |   169   305   330   173   299 	 avg: 255.2	 18.6723 s
localview_0:	 389 |   163   188   218   220   310 	 avg: 219.8	 21.012 s
localview_0:	 304 |   168   351   352   192   315 	 avg: 275.6	 20.5518 s
localview_0:	 230 |   308   216   303   339   324 	 avg: 298	 18.8961 s
localview_0:	 329 |   426   304   302   220   173 	 avg: 285	 20.0972 s
localview_0:	 166 |   345   332   316   293   227 	 avg: 302.6	 18.3362 s
localview_0:	 261 |   164   333   200   264   320 	 avg: 256.2	 18.2881 s
localview_0:	 237 |   283   225   228   241   291 	 avg: 253.6	 21.1042 s
localview_0:	 167 |   234   277   226   230   167 	 avg: 226.8	 19.6976 s
localview_0:	 206 |   422   296   202   338   223 	 avg: 296.2	 19.755 s
localview_0:	 190 |   238   213   319   311   289 	 avg: 274	 20.6908 s
localview_0:	 181 |   271   206   320   224   217 	 avg: 247.6	 17.7599 s
localview_0:	 213 |   204   171   386   204   302 	 avg: 253.4	 17.6372 s
localview_0:	 219 |   414   315   259   200   272 	 avg: 292	 19.7299 s
localview_0:	 218 |   244   275   215   304   268 	 avg: 261.2	 21.8574 s
localview_0:	 284 |   352   161   325   230   306 	 avg: 274.8	 21.1478 s
localview_0:	 249 |   239   200   210   262   206 	 avg: 223.4	 19.7858 s
localview_0:	 180 |   317   234   334   249   235 	 avg: 273.8	 17.7811 s
localview_0:	 154 |   191   294   243   293   200 	 avg: 244.2	 18.0845 s
------
mean initials 247.75, mean final 263.66, time 2338.85 s (mean 19.4673 s)

italy_osm.mtx - 0

localview_0:	 260 |   444   185   292   376   289 	 avg: 317.2	 88.3362 s
localview_0:	 447 |   181   144   384   350   405 	 avg: 292.8	 87.6588 s
localview_0:	 181 |   302   399   320   210   355 	 avg: 317.2	 83.9489 s
localview_0:	 280 |   124   239   171   291   293 	 avg: 223.6	 87.7418 s
localview_0:	 242 |   284   420   194   332   223 	 avg: 290.6	 89.5215 s
localview_0:	 294 |   300   128   178   220   300 	 avg: 225.2	 80.2665 s
localview_0:	 90 |   292   252   267   230   368 	 avg: 281.8	 86.2235 s
localview_0:	 114 |   262   258   266   196   301 	 avg: 256.6	 87.4763 s
localview_0:	 273 |   294   236   355   339   199 	 avg: 284.6	 85.841 s
localview_0:	 313 |   236   283   226   552   240 	 avg: 307.4	 83.0369 s
localview_0:	 224 |   133   327   401   195   173 	 avg: 245.8	 87.3267 s
localview_0:	 295 |   228   243   252   192   296 	 avg: 242.2	 85.1818 s
localview_0:	 341 |   211   236   387   224   300 	 avg: 271.6	 81.9853 s
localview_0:	 328 |   286   298   277   353   234 	 avg: 289.6	 87.8063 s
localview_0:	 412 |   307   305   223   210   260 	 avg: 261	 88.3214 s
localview_0:	 275 |   414   344   444   263   304 	 avg: 353.8	 88.3689 s
localview_0:	 360 |   357   229   257   287   295 	 avg: 285	 83.9698 s
localview_0:	 462 |   325   302   471   286   237 	 avg: 324.2	 87.718 s
localview_0:	 417 |   440   151   266   251   192 	 avg: 260	 85.628 s
localview_0:	 392 |   271   243   206   348   288 	 avg: 271.2	 82.5837 s
------
mean initials 300, mean final 280.07, time 10278.4 s (mean 85.9471 s)

netherlands_osm.mtx - 0

localview_0:	 144 |   187   231   178   129   135 	 avg: 172	 33.4275 s
localview_0:	 202 |   188   178   221   218   197 	 avg: 200.4	 32.5681 s
localview_0:	 248 |   155   151   126   197   355 	 avg: 196.8	 29.6066 s
localview_0:	 225 |   262   205   354   188   198 	 avg: 241.4	 30.7189 s
localview_0:	 196 |   184   212   189   262   232 	 avg: 215.8	 33.8389 s
localview_0:	 136 |   456   143   184   117   131 	 avg: 206.2	 31.6677 s
localview_0:	 222 |   137   207   142   184   206 	 avg: 175.2	 30.0524 s
localview_0:	 226 |   173   205   177   149   266 	 avg: 194	 32.2666 s
localview_0:	 199 |   154   228   146   213   244 	 avg: 197	 33.5514 s
localview_0:	 161 |   230   456   245   269   145 	 avg: 269	 31.5979 s
localview_0:	 192 |   160   168   250   287   188 	 avg: 210.6	 30.8202 s
localview_0:	 190 |   172   192   102   140   183 	 avg: 157.8	 32.1143 s
localview_0:	 421 |   307   124   343   264   186 	 avg: 244.8	 33.9438 s
localview_0:	 281 |   137   170   153   274   145 	 avg: 175.8	 30.0541 s
localview_0:	 189 |   117    99   145   201   279 	 avg: 168.2	 30.3953 s
localview_0:	 143 |   309   168   236   211   155 	 avg: 215.8	 34.6016 s
localview_0:	 197 |   202   143   207   182   172 	 avg: 181.2	 32.565 s
localview_0:	 152 |   336   173   248   357   236 	 avg: 270	 30.4865 s
localview_0:	 189 |   207   242   188   156   183 	 avg: 195.2	 31.337 s
localview_0:	 208 |   151   105   278   241   233 	 avg: 201.6	 32.9613 s
------
mean initials 206.05, mean final 204.44, time 3809.27 s (mean 31.9287 s)
>> exit
[?1l>