[?1h=
                                                                                     < M A T L A B (R) >
                                                                           Copyright 1984-2010 The MathWorks, Inc.
                                                                        Version 7.12.0.635 (R2011a) 64-bit (glnxa64)
                                                                                       March 18, 2011

 
  To get started, type one of these: helpwin, helpdesk, or demo.
  For product information, visit www.mathworks.com.
 
{Warning: Name is nonexistent or not a directory: /home/davide/projects/mthesis/Mondriaan4RC/tools.} 
> In path at 110
  In addpath at 87
  In startup at 2
  In matlabrc at 222

delaunay_n15.mtx - 0

is_0:	   304 | [?1h=  362 [?1h=  360 [?1h=  377 [?1h=  359 [?1h=  355  avg: 	 362.6
is_0:	   290 | [?1h=  392 [?1h=  381 [?1h=  353 [?1h=  371 [?1h=  375  avg: 	 374.4
is_0:	   304 | [?1h=  371 [?1h=  419 [?1h=  381 [?1h=  379 [?1h=  375  avg: 	   385
is_0:	   317 | [?1h=  386 [?1h=  355 [?1h=  336 [?1h=  356 [?1h=  352  avg: 	   357
is_0:	   308 | [?1h=  384 [?1h=  362 [?1h=  367 [?1h=  406 [?1h=  359  avg: 	 375.6
is_0:	   305 | [?1h=  370 [?1h=  374 [?1h=  358 [?1h=  377 [?1h=  361  avg: 	   368
is_0:	   305 | [?1h=  366 [?1h=  375 [?1h=  371 [?1h=  356 [?1h=  352  avg: 	   364
is_0:	   298 | [?1h=  361 [?1h=  371 [?1h=  359 [?1h=  354 [?1h=  349  avg: 	 358.8
is_0:	   322 | [?1h=  360 [?1h=  391 [?1h=  342 [?1h=  374 [?1h=  349  avg: 	 363.2
is_0:	   284 | [?1h=  376 [?1h=  358 [?1h=  387 [?1h=  353 [?1h=  346  avg: 	   364
is_0:	   333 | [?1h=  372 [?1h=  379 [?1h=  370 [?1h=  385 [?1h=  371  avg: 	 375.4
is_0:	   318 | [?1h=  355 [?1h=  361 [?1h=  380 [?1h=  379 [?1h=  361  avg: 	 367.2
is_0:	   307 | [?1h=  373 [?1h=  366 [?1h=  347 [?1h=  366 [?1h=  362  avg: 	 362.8
is_0:	   298 | [?1h=  351 [?1h=  356 [?1h=  375 [?1h=  362 [?1h=  381  avg: 	   365
is_0:	   326 | [?1h=  374 [?1h=  351 [?1h=  358 [?1h=  366 [?1h=  382  avg: 	 366.2
is_0:	   304 | [?1h=  373 [?1h=  371 [?1h=  370 [?1h=  388 [?1h=  375  avg: 	 375.4
is_0:	   314 | [?1h=  358 [?1h=  353 [?1h=  386 [?1h=  376 [?1h=  359  avg: 	 366.4
is_0:	   288 | [?1h=  377 [?1h=  370 [?1h=  357 [?1h=  375 [?1h=  387  avg: 	 373.2
is_0:	   333 | [?1h=  356 [?1h=  374 [?1h=  362 [?1h=  372 [?1h=  355  avg: 	 363.8
is_0:	   316 | [?1h=  347 [?1h=  347 [?1h=  361 [?1h=  357 [?1h=  375  avg: 	 357.4
--------------------
avg initials: 308.7 		 avg finals: 367.27



delaunay_n15.mtx - 1

is_1:	   306 | [?1h=  348 [?1h=  370 [?1h=  374 [?1h=  372 [?1h=  383  avg: 	 369.4
is_1:	   301 | [?1h=  355 [?1h=  370 [?1h=  369 [?1h=  378 [?1h=  356  avg: 	 365.6
is_1:	   294 | [?1h=  349 [?1h=  360 [?1h=  359 [?1h=  337 [?1h=  364  avg: 	 353.8
is_1:	   308 | [?1h=  365 [?1h=  341 [?1h=  356 [?1h=  354 [?1h=  362  avg: 	 355.6
is_1:	   310 | [?1h=  363 [?1h=  378 [?1h=  363 [?1h=  365 [?1h=  375  avg: 	 368.8
is_1:	   318 | [?1h=  362 [?1h=  363 [?1h=  360 [?1h=  343 [?1h=  376  avg: 	 360.8
is_1:	   292 | [?1h=  371 [?1h=  372 [?1h=  363 [?1h=  349 [?1h=  367  avg: 	 364.4
is_1:	   308 | [?1h=  362 [?1h=  366 [?1h=  360 [?1h=  364 [?1h=  373  avg: 	   365
is_1:	   318 | [?1h=  373 [?1h=  355 [?1h=  345 [?1h=  345 [?1h=  359  avg: 	 355.4
is_1:	   332 | [?1h=  366 [?1h=  363 [?1h=  367 [?1h=  387 [?1h=  375  avg: 	 371.6
is_1:	   324 | [?1h=  392 [?1h=  362 [?1h=  370 [?1h=  367 [?1h=  384  avg: 	   375
is_1:	   310 | [?1h=  360 [?1h=  364 [?1h=  367 [?1h=  370 [?1h=  353  avg: 	 362.8
is_1:	   296 | [?1h=  395 [?1h=  412 [?1h=  377 [?1h=  362 [?1h=  341  avg: 	 377.4
is_1:	   308 | [?1h=  376 [?1h=  383 [?1h=  379 [?1h=  350 [?1h=  354  avg: 	 368.4
is_1:	   304 | [?1h=  379 [?1h=  370 [?1h=  359 [?1h=  365 [?1h=  361  avg: 	 366.8
is_1:	   308 | [?1h=  356 [?1h=  369 [?1h=  357 [?1h=  353 [?1h=  359  avg: 	 358.8
is_1:	   314 | [?1h=  361 [?1h=  372 [?1h=  355 [?1h=  347 [?1h=  366  avg: 	 360.2
is_1:	   314 | [?1h=  334 [?1h=  406 [?1h=  365 [?1h=  349 [?1h=  373  avg: 	 365.4
is_1:	   302 | [?1h=  364 [?1h=  356 [?1h=  373 [?1h=  375 [?1h=  344  avg: 	 362.4
is_1:	   308 | [?1h=  353 [?1h=  391 [?1h=  354 [?1h=  368 [?1h=  373  avg: 	 367.8
--------------------
avg initials: 308.75 		 avg finals: 364.77



delaunay_n15.mtx - 3

is_3:	   304 | [?1h=[?1h=  360 [?1h=[?1h=  388 [?1h=[?1h=  371 [?1h=[?1h=  358 [?1h=[?1h=  386  avg: 	 372.6
is_3:	   302 | [?1h=[?1h=  359 [?1h=[?1h=  373 [?1h=[?1h=  348 [?1h=[?1h=  359 [?1h=[?1h=  345  avg: 	 356.8
is_3:	   294 | [?1h=[?1h=  354 [?1h=[?1h=  360 [?1h=[?1h=  373 [?1h=[?1h=  346 [?1h=[?1h=  385  avg: 	 363.6
is_3:	   303 | [?1h=[?1h=  382 [?1h=[?1h=  361 [?1h=[?1h=  367 [?1h=[?1h=  366 [?1h=[?1h=  382  avg: 	 371.6
is_3:	   322 | [?1h=[?1h=  350 [?1h=[?1h=  363 [?1h=[?1h=  370 [?1h=[?1h=  365 [?1h=[?1h=  359  avg: 	 361.4
is_3:	   304 | [?1h=[?1h=  372 [?1h=[?1h=  349 [?1h=[?1h=  337 [?1h=[?1h=  378 [?1h=[?1h=  348  avg: 	 356.8
is_3:	   300 | [?1h=[?1h=  391 [?1h=[?1h=  364 [?1h=[?1h=  362 [?1h=[?1h=  359 [?1h=[?1h=  371  avg: 	 369.4
is_3:	   306 | [?1h=[?1h=  371 [?1h=[?1h=  373 [?1h=[?1h=  373 [?1h=[?1h=  414 [?1h=[?1h=  349  avg: 	   376
is_3:	   308 | [?1h=[?1h=  362 [?1h=[?1h=  376 [?1h=[?1h=  357 [?1h=[?1h=  379 [?1h=[?1h=  377  avg: 	 370.2
is_3:	   300 | [?1h=[?1h=  359 [?1h=[?1h=  374 [?1h=[?1h=  381 [?1h=[?1h=  357 [?1h=[?1h=  367  avg: 	 367.6
is_3:	   290 | [?1h=[?1h=  362 [?1h=[?1h=  359 [?1h=[?1h=  404 [?1h=[?1h=  360 [?1h=[?1h=  365  avg: 	   370
is_3:	   308 | [?1h=[?1h=  353 [?1h=[?1h=  374 [?1h=[?1h=  397 [?1h=[?1h=  359 [?1h=[?1h=  363  avg: 	 369.2
is_3:	   318 | [?1h=[?1h=  406 [?1h=[?1h=  369 [?1h=[?1h=  358 [?1h=[?1h=  355 [?1h=[?1h=  350  avg: 	 367.6
is_3:	   306 | [?1h=[?1h=  365 [?1h=[?1h=  368 [?1h=[?1h=  354 [?1h=[?1h=  351 [?1h=[?1h=  364  avg: 	 360.4
is_3:	   332 | [?1h=[?1h=  376 [?1h=[?1h=  376 [?1h=[?1h=  356 [?1h=[?1h=  381 [?1h=[?1h=  371  avg: 	   372
is_3:	   328 | [?1h=[?1h=  387 [?1h=[?1h=  376 [?1h=[?1h=  369 [?1h=[?1h=  376 [?1h=[?1h=  362  avg: 	   374
is_3:	   331 | [?1h=[?1h=  369 [?1h=[?1h=  360 [?1h=[?1h=  330 [?1h=[?1h=  373 [?1h=[?1h=  369  avg: 	 360.2
is_3:	   304 | [?1h=[?1h=  365 [?1h=[?1h=  363 [?1h=[?1h=  381 [?1h=[?1h=  369 [?1h=[?1h=  363  avg: 	 368.2
is_3:	   309 | [?1h=[?1h=  352 [?1h=[?1h=  348 [?1h=[?1h=  396 [?1h=[?1h=  382 [?1h=[?1h=  372  avg: 	   370
is_3:	   306 | [?1h=[?1h=  366 [?1h=[?1h=  375 [?1h=[?1h=  353 [?1h=[?1h=  379 [?1h=[?1h=  353  avg: 	 365.2
--------------------
avg initials: 308.75 		 avg finals: 367.14


>> exit
[?1l>