[?1h=
                                                                        < M A T L A B (R) >
                                                              Copyright 1984-2010 The MathWorks, Inc.
                                                            Version 7.12.0.635 (R2011a) 64-bit (glnxa64)
                                                                           March 18, 2011

 
  To get started, type one of these: helpwin, helpdesk, or demo.
  For product information, visit www.mathworks.com.
 
{Warning: Name is nonexistent or not a directory: /home/davide/projects/mthesis/Mondriaan4RC/tools.} 
> In path at 110
  In addpath at 87
  In startup at 2
  In matlabrc at 222

belgium_osm - 0

is_0:	   227 | Traceback (most recent call last):
  File "maximum_independent_set.py", line 152, in <module>
    l = read_list_from_file('matlab_temp.txt')
  File "maximum_independent_set.py", line 109, in read_list_from_file
    [l.append(int(line.split()[0])) for line in f]
ValueError: invalid literal for int() with base 10: '1e+06'
[?1h=>> exit
[?1l>[?1h=
                                                                        < M A T L A B (R) >
                                                              Copyright 1984-2010 The MathWorks, Inc.
                                                            Version 7.12.0.635 (R2011a) 64-bit (glnxa64)
                                                                           March 18, 2011

 
  To get started, type one of these: helpwin, helpdesk, or demo.
  For product information, visit www.mathworks.com.
 
{Warning: Name is nonexistent or not a directory: /home/davide/projects/mthesis/Mondriaan4RC/tools.} 
> In path at 110
  In addpath at 87
  In startup at 2
  In matlabrc at 222

belgium_osm - 0

is_0:	   256 | [?1h=  168 [?1h=  313 [?1h=  222 [?1h=  468 [?1h=  317  avg: 	 297.6
is_0:	   324 | [?1h=  238 [?1h=  327 [?1h=  352 [?1h=  324 [?1h=  379  avg: 	   324
is_0:	   220 | [?1h=  223 [?1h=  177 [?1h=  233 [?1h=  296 [?1h=  457  avg: 	 277.2
is_0:	   194 | [?1h=  193 [?1h=  210 [?1h=  371 [?1h=  176 [?1h=  300  avg: 	   250
is_0:	   302 | [?1h=  231 [?1h=  207 [?1h=  358 [?1h=  216 [?1h=  344  avg: 	 271.2
is_0:	   183 | [?1h=  205 [?1h=  293 [?1h=  298 [?1h=  229 [?1h=  331  avg: 	 271.2
is_0:	   195 | [?1h=  323 [?1h=  368 [?1h=  175 [?1h=  174 [?1h=  185  avg: 	   245
is_0:	   254 | [?1h=  242 [?1h=  364 [?1h=  301 [?1h=  384 [?1h=  174  avg: 	   293
is_0:	   314 | [?1h=  172 [?1h=  309 [?1h=  236 [?1h=  171 [?1h=  336  avg: 	 244.8
is_0:	   196 | [?1h=  277 [?1h=  243 [?1h=  288 [?1h=  298 [?1h=  246  avg: 	 270.4
is_0:	   303 | [?1h=  193 [?1h=  170 [?1h=  201 [?1h=  273 [?1h=  294  avg: 	 226.2
is_0:	   281 | [?1h=  227 [?1h=  254 [?1h=  213 [?1h=  349 [?1h=  227  avg: 	   254
is_0:	   217 | [?1h=  355 [?1h=  203 [?1h=  236 [?1h=  219 [?1h=  280  avg: 	 258.6
is_0:	   203 | [?1h=  197 [?1h=  215 [?1h=  276 [?1h=  413 [?1h=  225  avg: 	 265.2
is_0:	   259 | [?1h=  221 [?1h=  278 [?1h=  296 [?1h=  332 [?1h=  176  avg: 	 260.6
is_0:	   224 | [?1h=  216 [?1h=  508 [?1h=  174 [?1h=  201 [?1h=  247  avg: 	 269.2
is_0:	   320 | [?1h=  324 [?1h=  175 [?1h=  186 [?1h=  235 [?1h=  191  avg: 	 222.2
is_0:	   268 | [?1h=  170 [?1h=  195 [?1h=  219 [?1h=  319 [?1h=  209  avg: 	 222.4
is_0:	   293 | [?1h=  400 [?1h=  166 [?1h=  269 [?1h=  385 [?1h=  182  avg: 	 280.4
is_0:	   214 | [?1h=  334 [?1h=  293 [?1h=  356 [?1h=  173 [?1h=  187  avg: 	 268.6
--------------------
avg initials:   251 		 avg finals: 263.59



belgium_osm - 1

is_1:	   228 | [?1h=  223 [?1h=  245 [?1h=  195 [?1h=  224 [?1h=  213  avg: 	   220
is_1:	   205 | [?1h=  233 [?1h=  168 [?1h=  272 [?1h=  244 [?1h=  298  avg: 	   243
is_1:	   325 | [?1h=  303 [?1h=  310 [?1h=  244 [?1h=  235 [?1h=  328  avg: 	   284
is_1:	   254 | [?1h=  203 [?1h=  200 [?1h=  317 [?1h=  297 [?1h=  210  avg: 	 245.4
is_1:	   191 | [?1h=  168 [?1h=  347 [?1h=  216 [?1h=  226 [?1h=  332  avg: 	 257.8
is_1:	   183 | [?1h=  326 [?1h=  192 [?1h=  260 [?1h=  297 [?1h=  189  avg: 	 252.8
is_1:	   216 | [?1h=  171 [?1h=  223 [?1h=  282 [?1h=  183 [?1h=  344  avg: 	 240.6
is_1:	   285 | [?1h=  175 [?1h=  261 [?1h=  294 [?1h=  303 [?1h=  163  avg: 	 239.2
is_1:	   260 | [?1h=  274 [?1h=  221 [?1h=  180 [?1h=  200 [?1h=  340  avg: 	   243
is_1:	   317 | [?1h=  216 [?1h=  195 [?1h=  295 [?1h=  321 [?1h=  188  avg: 	   243
is_1:	   169 | [?1h=  175 [?1h=  305 [?1h=  348 [?1h=  368 [?1h=  242  avg: 	 287.6
is_1:	   168 | [?1h=  205 [?1h=  227 [?1h=  175 [?1h=  156 [?1h=  236  avg: 	 199.8
is_1:	   329 | [?1h=  207 [?1h=  342 [?1h=  189 [?1h=  339 [?1h=  319  avg: 	 279.2
is_1:	   303 | [?1h=  315 [?1h=  204 [?1h=  307 [?1h=  222 [?1h=  331  avg: 	 275.8
is_1:	   209 | [?1h=  169 [?1h=  209 [?1h=  267 [?1h=  222 [?1h=  368  avg: 	   247
is_1:	   314 | [?1h=  168 [?1h=  175 [?1h=  295 [?1h=  246 [?1h=  184  avg: 	 213.6
is_1:	   222 | [?1h=  210 [?1h=  250 [?1h=  219 [?1h=  278 [?1h=  390  avg: 	 269.4
is_1:	   233 | [?1h=  182 [?1h=  173 [?1h=  212 [?1h=  223 [?1h=  384  avg: 	 234.8
is_1:	   158 | [?1h=  216 [?1h=  223 [?1h=  253 [?1h=  202 [?1h=  197  avg: 	 218.2
is_1:	   375 | [?1h=  303 [?1h=  299 [?1h=  175 [?1h=  346 [?1h=  184  avg: 	 261.4
--------------------
avg initials: 247.2 		 avg finals: 247.78



belgium_osm - 3

is_3:	   295 | [?1h=[?1h=  347 [?1h=[?1h=  287 [?1h=[?1h=  249 [?1h=[?1h=  178 [?1h=[?1h=  212  avg: 	 254.6
is_3:	   246 | [?1h=[?1h=  421 [?1h=[?1h=  235 [?1h=[?1h=  196 [?1h=[?1h=  174 [?1h=[?1h=  190  avg: 	 243.2
is_3:	   203 | [?1h=[?1h=  159 [?1h=[?1h=  215 [?1h=[?1h=  368 [?1h=[?1h=  281 [?1h=[?1h=  553  avg: 	 315.2
is_3:	   315 | [?1h=[?1h=  323 [?1h=[?1h=  221 [?1h=[?1h=  269 [?1h=[?1h=  325 [?1h=[?1h=  182  avg: 	   264
is_3:	   217 | [?1h=[?1h=  298 [?1h=[?1h=  212 [?1h=[?1h=  309 [?1h=[?1h=  448 [?1h=[?1h=  233  avg: 	   300
is_3:	   206 | [?1h=[?1h=  258 [?1h=[?1h=  179 [?1h=[?1h=  313 [?1h=[?1h=  247 [?1h=[?1h=  210  avg: 	 241.4
is_3:	   288 | [?1h=[?1h=  344 [?1h=[?1h=  311 [?1h=[?1h=  243 [?1h=[?1h=  234 [?1h=[?1h=  165  avg: 	 259.4
is_3:	   225 | [?1h=[?1h=  171 [?1h=[?1h=  283 [?1h=[?1h=  263 [?1h=[?1h=  312 [?1h=[?1h=  229  avg: 	 251.6
is_3:	   240 | [?1h=[?1h=  294 [?1h=[?1h=  315 [?1h=[?1h=  203 [?1h=[?1h=  242 [?1h=[?1h=  171  avg: 	   245
is_3:	   207 | [?1h=[?1h=  269 [?1h=[?1h=  161 [?1h=[?1h=  288 [?1h=[?1h=  177 [?1h=[?1h=  212  avg: 	 221.4
is_3:	   203 | [?1h=[?1h=  290 [?1h=[?1h=  211 [?1h=[?1h=  333 [?1h=[?1h=  359 [?1h=[?1h=  166  avg: 	 271.8
is_3:	   164 | [?1h=[?1h=  298 [?1h=[?1h=  210 [?1h=[?1h=  309 [?1h=[?1h=  166 [?1h=[?1h=  216  avg: 	 239.8
is_3:	   242 | [?1h=[?1h=  366 [?1h=[?1h=  325 [?1h=[?1h=  225 [?1h=[?1h=  277 [?1h=[?1h=  235  avg: 	 285.6
is_3:	   165 | [?1h=[?1h=  167 [?1h=[?1h=  206 [?1h=[?1h=  229 [?1h=[?1h=  273 [?1h=[?1h=  368  avg: 	 248.6
is_3:	   240 | [?1h=[?1h=  212 [?1h=[?1h=  272 [?1h=[?1h=  234 [?1h=[?1h=  251 [?1h=[?1h=  220  avg: 	 237.8
is_3:	   211 | [?1h=[?1h=  239 [?1h=[?1h=  213 [?1h=[?1h=  187 [?1h=[?1h=  191 [?1h=[?1h=  276  avg: 	 221.2
is_3:	   213 | [?1h=[?1h=  272 [?1h=[?1h=  171 [?1h=[?1h=  178 [?1h=[?1h=  245 [?1h=[?1h=  380  avg: 	 249.2
is_3:	   238 | [?1h=[?1h=  236 [?1h=[?1h=  403 [?1h=[?1h=  281 [?1h=[?1h=  291 [?1h=[?1h=  419  avg: 	   326
is_3:	   322 | [?1h=[?1h=  237 [?1h=[?1h=  268 [?1h=[?1h=  237 [?1h=[?1h=  291 [?1h=[?1h=  322  avg: 	   271
is_3:	   395 | [?1h=[?1h=  254 [?1h=[?1h=  200 [?1h=[?1h=  204 [?1h=[?1h=  369 [?1h=[?1h=  203  avg: 	   246
--------------------
avg initials: 241.75 		 avg finals: 259.64


>> exit
[?1l>