[?1h=
                                                                   < M A T L A B (R) >
                                                         Copyright 1984-2010 The MathWorks, Inc.
                                                      Version 7.12.0.635 (R2011a) 64-bit (glnxa64)
                                                                     March 18, 2011

 
  To get started, type one of these: helpwin, helpdesk, or demo.
  For product information, visit www.mathworks.com.
 
{Warning: Name is nonexistent or not a directory: /home/davide/projects/mthesis/Mondriaan4RC/tools.} 
> In path at 110
  In addpath at 87
  In startup at 2
  In matlabrc at 222

netherlands_osm - 0

is_0:	   164 | [?1h=  210 [?1h=  109 [?1h=  302 [?1h=  200 [?1h=  194  avg: 	   203
is_0:	   147 | [?1h=  196 [?1h=  182 [?1h=  194 [?1h=  110 [?1h=  162  avg: 	 168.8
is_0:	   131 | [?1h=  146 [?1h=  118 [?1h=  137 [?1h=  386 [?1h=  122  avg: 	 181.8
is_0:	   235 | [?1h=  127 [?1h=  190 [?1h=  171 [?1h=  268 [?1h=  134  avg: 	   178
is_0:	   212 | [?1h=  380 [?1h=  304 [?1h=  116 [?1h=  159 [?1h=  196  avg: 	   231
is_0:	   227 | [?1h=  131 [?1h=  176 [?1h=  211 [?1h=  162 [?1h=  339  avg: 	 203.8
is_0:	   102 | [?1h=  166 [?1h=  305 [?1h=  139 [?1h=  306 [?1h=  252  avg: 	 233.6
is_0:	   214 | [?1h=  308 [?1h=  190 [?1h=  311 [?1h=  203 [?1h=  197  avg: 	 241.8
is_0:	   208 | [?1h=  213 [?1h=  198 [?1h=  264 [?1h=  159 [?1h=  132  avg: 	 193.2
is_0:	   349 | [?1h=  157 [?1h=  214 [?1h=  268 [?1h=  132 [?1h=  124  avg: 	   179
is_0:	   170 | [?1h=  122 [?1h=  274 [?1h=  269 [?1h=  141 [?1h=  286  avg: 	 218.4
is_0:	   245 | [?1h=  185 [?1h=  229 [?1h=  312 [?1h=  252 [?1h=  249  avg: 	 245.4
is_0:	   221 | [?1h=  227 [?1h=  179 [?1h=  276 [?1h=  190 [?1h=  270  avg: 	 228.4
is_0:	   194 | [?1h=  199 [?1h=  306 [?1h=  442 [?1h=  282 [?1h=  176  avg: 	   281
is_0:	   213 | [?1h=  151 [?1h=  264 [?1h=  215 [?1h=  349 [?1h=  256  avg: 	   247
is_0:	   207 | [?1h=  247 [?1h=  250 [?1h=  201 [?1h=  247 [?1h=  165  avg: 	   222
is_0:	   150 | [?1h=  183 [?1h=  224 [?1h=  157 [?1h=  265 [?1h=  134  avg: 	 192.6
is_0:	   209 | [?1h=  156 [?1h=  259 [?1h=  185 [?1h=  210 [?1h=  212  avg: 	 204.4
is_0:	   138 | [?1h=  329 [?1h=  208 [?1h=  193 [?1h=  192 [?1h=  310  avg: 	 246.4
is_0:	   156 | [?1h=  214 [?1h=  146 [?1h=  150 [?1h=  281 [?1h=  171  avg: 	 192.4
--------------------
avg initials: 194.6 		 avg finals: 214.6



netherlands_osm - 1

is_1:	   130 | [?1h=  214 [?1h=  194 [?1h=  184 [?1h=  138 [?1h=  199  avg: 	 185.8
is_1:	   234 | [?1h=  158 [?1h=  205 [?1h=  228 [?1h=  294 [?1h=  192  avg: 	 215.4
is_1:	   267 | [?1h=  175 [?1h=  217 [?1h=  151 [?1h=  190 [?1h=  209  avg: 	 188.4
is_1:	   154 | [?1h=  221 [?1h=  183 [?1h=  102 [?1h=  211 [?1h=  157  avg: 	 174.8
is_1:	   124 | [?1h=  374 [?1h=  202 [?1h=  154 [?1h=  123 [?1h=  102  avg: 	   191
is_1:	   175 | [?1h=  231 [?1h=  223 [?1h=  212 [?1h=  188 [?1h=  182  avg: 	 207.2
is_1:	   168 | [?1h=  134 [?1h=  165 [?1h=  160 [?1h=  153 [?1h=  205  avg: 	 163.4
is_1:	   146 | [?1h=  191 [?1h=  237 [?1h=  237 [?1h=  206 [?1h=  158  avg: 	 205.8
is_1:	   186 | [?1h=  168 [?1h=  240 [?1h=  283 [?1h=  129 [?1h=  172  avg: 	 198.4
is_1:	   172 | [?1h=  179 [?1h=  189 [?1h=  158 [?1h=  222 [?1h=  376  avg: 	 224.8
is_1:	   205 | [?1h=  292 [?1h=  134 [?1h=  213 [?1h=  227 [?1h=  235  avg: 	 220.2
is_1:	   162 | [?1h=  240 [?1h=  320 [?1h=  230 [?1h=  149 [?1h=  180  avg: 	 223.8
is_1:	   130 | [?1h=  118 [?1h=  313 [?1h=  233 [?1h=  168 [?1h=  226  avg: 	 211.6
is_1:	   129 | [?1h=  240 [?1h=  149 [?1h=  193 [?1h=  113 [?1h=  162  avg: 	 171.4
is_1:	   231 | [?1h=  153 [?1h=  285 [?1h=  214 [?1h=  192 [?1h=  256  avg: 	   220
is_1:	   288 | [?1h=  165 [?1h=  174 [?1h=  196 [?1h=  132 [?1h=  251  avg: 	 183.6
is_1:	   208 | [?1h=  188 [?1h=  206 [?1h=  227 [?1h=  102 [?1h=  275  avg: 	 199.6
is_1:	   217 | [?1h=  111 [?1h=  215 [?1h=  290 [?1h=  192 [?1h=  186  avg: 	 198.8
is_1:	   357 | [?1h=  191 [?1h=  140 [?1h=  346 [?1h=  197 [?1h=  142  avg: 	 203.2
is_1:	   193 | [?1h=  185 [?1h=  215 [?1h=  167 [?1h=  165 [?1h=  192  avg: 	 184.8
--------------------
avg initials: 193.8 		 avg finals: 198.6



netherlands_osm - 3

is_3:	   186 | [?1h=[?1h=  298 [?1h=[?1h=  197 [?1h=[?1h=  149 [?1h=[?1h=  285 [?1h=[?1h=  249  avg: 	 235.6
is_3:	   176 | [?1h=[?1h=  195 [?1h=[?1h=  122 [?1h=[?1h=  312 [?1h=[?1h=  314 [?1h=[?1h=  194  avg: 	 227.4
is_3:	   130 | [?1h=[?1h=  216 [?1h=[?1h=  215 [?1h=[?1h=  129 [?1h=[?1h=  261 [?1h=[?1h=  131  avg: 	 190.4
is_3:	   149 | [?1h=[?1h=  193 [?1h=[?1h=  240 [?1h=[?1h=  139 [?1h=[?1h=  271 [?1h=[?1h=  157  avg: 	   200
is_3:	   185 | [?1h=[?1h=  232 [?1h=[?1h=  169 [?1h=[?1h=  346 [?1h=[?1h=  236 [?1h=[?1h=  201  avg: 	 236.8
is_3:	   178 | [?1h=[?1h=  158 [?1h=[?1h=  153 [?1h=[?1h=  234 [?1h=[?1h=  215 [?1h=[?1h=  296  avg: 	 211.2
is_3:	   105 | [?1h=[?1h=  268 [?1h=[?1h=  188 [?1h=[?1h=  265 [?1h=[?1h=  181 [?1h=[?1h=  157  avg: 	 211.8
is_3:	   196 | [?1h=[?1h=  154 [?1h=[?1h=  155 [?1h=[?1h=  138 [?1h=[?1h=  227 [?1h=[?1h=  205  avg: 	 175.8
is_3:	   303 | [?1h=[?1h=  173 [?1h=[?1h=  241 [?1h=[?1h=  207 [?1h=[?1h=  121 [?1h=[?1h=  176  avg: 	 183.6
is_3:	   182 | [?1h=[?1h=  451 [?1h=[?1h=  115 [?1h=[?1h=  232 [?1h=[?1h=  171 [?1h=[?1h=  166  avg: 	   227
is_3:	   138 | [?1h=[?1h=  126 [?1h=[?1h=  251 [?1h=[?1h=  226 [?1h=[?1h=  194 [?1h=[?1h=  373  avg: 	   234
is_3:	   185 | [?1h=[?1h=  221 [?1h=[?1h=  250 [?1h=[?1h=  190 [?1h=[?1h=  140 [?1h=[?1h=  204  avg: 	   201
is_3:	   121 | [?1h=[?1h=  235 [?1h=[?1h=  147 [?1h=[?1h=  139 [?1h=[?1h=  138 [?1h=[?1h=  225  avg: 	 176.8
is_3:	   147 | [?1h=[?1h=   89 [?1h=[?1h=  188 [?1h=[?1h=  116 [?1h=[?1h=  187 [?1h=[?1h=  201  avg: 	 156.2
is_3:	   237 | [?1h=[?1h=  298 [?1h=[?1h=  131 [?1h=[?1h=  120 [?1h=[?1h=  185 [?1h=[?1h=  198  avg: 	 186.4
is_3:	   302 | [?1h=[?1h=  113 [?1h=[?1h=  349 [?1h=[?1h=  220 [?1h=[?1h=  312 [?1h=[?1h=  327  avg: 	 264.2
is_3:	   163 | [?1h=[?1h=  250 [?1h=[?1h=  120 [?1h=[?1h=  225 [?1h=[?1h=  367 [?1h=[?1h=  148  avg: 	   222
is_3:	   109 | [?1h=[?1h=  370 [?1h=[?1h=  199 [?1h=[?1h=  141 [?1h=[?1h=  212 [?1h=[?1h=  193  avg: 	   223
is_3:	   152 | [?1h=[?1h=  183 [?1h=[?1h=  171 [?1h=[?1h=  170 [?1h=[?1h=  174 [?1h=[?1h=  211  avg: 	 181.8
is_3:	   500 | [?1h=[?1h=  352 [?1h=[?1h=  202 [?1h=[?1h=  317 [?1h=[?1h=  205 [?1h=[?1h=  182  avg: 	 251.6
--------------------
avg initials: 192.2 		 avg finals: 209.83


>> exit
[?1l>