[?1h=
                                                                                     < M A T L A B (R) >
                                                                           Copyright 1984-2010 The MathWorks, Inc.
                                                                        Version 7.12.0.635 (R2011a) 64-bit (glnxa64)
                                                                                       March 18, 2011

 
  To get started, type one of these: helpwin, helpdesk, or demo.
  For product information, visit www.mathworks.com.
 
{Warning: Name is nonexistent or not a directory: /home/davide/projects/mthesis/Mondriaan4RC/tools.} 
> In path at 110
  In addpath at 87
  In startup at 2
  In matlabrc at 222
>> 
>> exit
[?1l>[?1h=
                                                                                     < M A T L A B (R) >
                                                                           Copyright 1984-2010 The MathWorks, Inc.
                                                                        Version 7.12.0.635 (R2011a) 64-bit (glnxa64)
                                                                                       March 18, 2011

 
  To get started, type one of these: helpwin, helpdesk, or demo.
  For product information, visit www.mathworks.com.
 
{Warning: Name is nonexistent or not a directory: /home/davide/projects/mthesis/Mondriaan4RC/tools.} 
> In path at 110
  In addpath at 87
  In startup at 2
  In matlabrc at 222

polyDFT.mtx - 0

is_0:	  3624 | [?1h= 3456 [?1h= 3456 [?1h= 3456 [?1h= 3456 [?1h= 3456  avg: 	  3456
is_0:	  3636 | [?1h= 3456 [?1h= 3456 [?1h= 3456 [?1h= 3456 [?1h= 3456  avg: 	  3456
is_0:	  3638 | [?1h= 3456 [?1h= 3456 [?1h= 3456 [?1h= 3456 [?1h= 3456  avg: 	  3456
is_0:	  3688 | [?1h= 3456 [?1h= 3456 [?1h= 3456 [?1h= 3456 [?1h= 3456  avg: 	  3456
is_0:	  3684 | [?1h= 3456 [?1h= 3456 [?1h= 3456 [?1h= 3456 [?1h= 3456  avg: 	  3456
is_0:	  3636 | [?1h= 3456 [?1h= 3456 [?1h= 3456 [?1h= 3456 [?1h= 3456  avg: 	  3456
is_0:	  3516 | [?1h= 3456 [?1h= 3456 [?1h= 3456 [?1h= 3456 [?1h= 3456  avg: 	  3456
is_0:	  3516 | [?1h= 3456 [?1h= 3456 [?1h= 3456 [?1h= 3456 [?1h= 3456  avg: 	  3456
is_0:	  3624 | [?1h= 3456 [?1h= 3456 [?1h= 3456 [?1h= 3456 [?1h= 3456  avg: 	  3456
is_0:	  3516 | [?1h= 3456 [?1h= 3456 [?1h= 3456 [?1h= 3456 [?1h= 3456  avg: 	  3456
is_0:	  3636 | [?1h= 3456 [?1h= 3456 [?1h= 3456 [?1h= 3456 [?1h= 3456  avg: 	  3456
is_0:	  3636 | [?1h= 3456 [?1h= 3456 [?1h= 3456 [?1h= 3456 [?1h= 3456  avg: 	  3456
is_0:	  3636 | [?1h= 3456 [?1h= 3456 [?1h= 3456 [?1h= 3456 [?1h= 3456  avg: 	  3456
is_0:	  3576 | [?1h= 3456 [?1h= 3456 [?1h= 3456 [?1h= 3456 [?1h= 3456  avg: 	  3456
is_0:	  3686 | [?1h= 3456 [?1h= 3456 [?1h= 3456 [?1h= 3456 [?1h= 3456  avg: 	  3456
is_0:	  3684 | [?1h= 3456 [?1h= 3456 [?1h= 3456 [?1h= 3456 [?1h= 3456  avg: 	  3456
is_0:	  3516 | [?1h= 3456 [?1h= 3456 [?1h= 3456 [?1h= 3456 [?1h= 3456  avg: 	  3456
is_0:	  3685 | [?1h= 3456 [?1h= 3456 [?1h= 3456 [?1h= 3456 [?1h= 3456  avg: 	  3456
is_0:	  3636 | [?1h= 3456 [?1h= 3456 [?1h= 3456 [?1h= 3456 [?1h= 3456  avg: 	  3456
is_0:	  3626 | [?1h= 3456 [?1h= 3456 [?1h= 3456 [?1h= 3456 [?1h= 3456  avg: 	  3456
--------------------
avg initials: 3619.75 		 avg finals:  3456



polyDFT.mtx - 1

is_1:	  3576 | [?1h= 3504 [?1h= 3504 [?1h= 3504 [?1h= 3504 [?1h= 3504  avg: 	  3504
is_1:	  3576 | [?1h= 3504 [?1h= 3504 [?1h= 3504 [?1h= 3564 [?1h= 3504  avg: 	  3516
is_1:	  3636 | [?1h= 3456 [?1h= 3456 [?1h= 3456 [?1h= 3516 [?1h= 3456  avg: 	  3468
is_1:	  3577 | [?1h= 3504 [?1h= 3504 [?1h= 3504 [?1h= 3504 [?1h= 3504  avg: 	  3504
is_1:	  3636 | [?1h= 3456 [?1h= 3456 [?1h= 3456 [?1h= 3456 [?1h= 3456  avg: 	  3456
is_1:	  3734 | [?1h= 3612 [?1h= 3740 [?1h= 3590 [?1h= 3636 [?1h= 3732  avg: 	  3662
is_1:	  3636 | [?1h= 3456 [?1h= 3456 [?1h= 3456 [?1h= 3456 [?1h= 3456  avg: 	  3456
is_1:	  3624 | [?1h= 3504 [?1h= 3504 [?1h= 3558 [?1h= 3504 [?1h= 3504  avg: 	 3514.8
is_1:	  3792 | [?1h= 3624 [?1h= 3672 [?1h= 3564 [?1h= 3672 [?1h= 3612  avg: 	 3628.8
is_1:	  3732 | [?1h= 3583 [?1h= 3583 [?1h= 3583 [?1h= 3588 [?1h= 3588  avg: 	  3585
is_1:	  3638 | [?1h= 3456 [?1h= 3456 [?1h= 3456 [?1h= 3456 [?1h= 3516  avg: 	  3468
is_1:	  3636 | [?1h= 3456 [?1h= 3456 [?1h= 3456 [?1h= 3456 [?1h= 3504  avg: 	 3465.6
is_1:	  3636 | [?1h= 3456 [?1h= 3456 [?1h= 3456 [?1h= 3533 [?1h= 3456  avg: 	 3471.4
is_1:	  3636 | [?1h= 3456 [?1h= 3456 [?1h= 3456 [?1h= 3456 [?1h= 3516  avg: 	  3468
is_1:	  3624 | [?1h= 3504 [?1h= 3504 [?1h= 3504 [?1h= 3504 [?1h= 3504  avg: 	  3504
is_1:	  3640 | [?1h= 3456 [?1h= 3456 [?1h= 3456 [?1h= 3459 [?1h= 3456  avg: 	 3456.6
is_1:	  3640 | [?1h= 3456 [?1h= 3456 [?1h= 3456 [?1h= 3456 [?1h= 3456  avg: 	  3456
is_1:	  3636 | [?1h= 3456 [?1h= 3456 [?1h= 3456 [?1h= 3456 [?1h= 3456  avg: 	  3456
is_1:	  3624 | [?1h= 3504 [?1h= 3504 [?1h= 3558 [?1h= 3504 [?1h= 3504  avg: 	 3514.8
is_1:	  3732 | [?1h= 3612 [?1h= 3671 [?1h= 3588 [?1h= 3636 [?1h= 3564  avg: 	 3614.2
--------------------
avg initials: 3648.05 		 avg finals: 3508.46



polyDFT.mtx - 3

is_3:	  3636 | [?1h=[?1h= 3456 [?1h=[?1h= 3456 [?1h=[?1h= 3456 [?1h=[?1h= 3456 [?1h=[?1h= 3456  avg: 	  3456
is_3:	  3576 | [?1h=[?1h= 3504 [?1h=[?1h= 3504 [?1h=[?1h= 3504 [?1h=[?1h= 3504 [?1h=[?1h= 3504  avg: 	  3504
is_3:	  3732 | [?1h=[?1h= 3612 [?1h=[?1h= 3564 [?1h=[?1h= 3636 [?1h=[?1h= 3588 [?1h=[?1h= 3588  avg: 	 3597.6
is_3:	  3624 | [?1h=[?1h= 3564 [?1h=[?1h= 3573 [?1h=[?1h= 3504 [?1h=[?1h= 3561 [?1h=[?1h= 3504  avg: 	 3541.2
is_3:	  3640 | [?1h=[?1h= 3456 [?1h=[?1h= 3456 [?1h=[?1h= 3456 [?1h=[?1h= 3456 [?1h=[?1h= 3456  avg: 	  3456
is_3:	  3624 | [?1h=[?1h= 3566 [?1h=[?1h= 3504 [?1h=[?1h= 3560 [?1h=[?1h= 3564 [?1h=[?1h= 3516  avg: 	  3542
is_3:	  3640 | [?1h=[?1h= 3456 [?1h=[?1h= 3456 [?1h=[?1h= 3456 [?1h=[?1h= 3456 [?1h=[?1h= 3456  avg: 	  3456
is_3:	  3576 | [?1h=[?1h= 3504 [?1h=[?1h= 3504 [?1h=[?1h= 3504 [?1h=[?1h= 3504 [?1h=[?1h= 3504  avg: 	  3504
is_3:	  3684 | [?1h=[?1h= 3588 [?1h=[?1h= 3588 [?1h=[?1h= 3576 [?1h=[?1h= 3588 [?1h=[?1h= 3588  avg: 	 3585.6
is_3:	  3516 | [?1h=[?1h= 3456 [?1h=[?1h= 3456 [?1h=[?1h= 3456 [?1h=[?1h= 3456 [?1h=[?1h= 3456  avg: 	  3456
is_3:	  3636 | [?1h=[?1h= 3456 [?1h=[?1h= 3456 [?1h=[?1h= 3456 [?1h=[?1h= 3456 [?1h=[?1h= 3456  avg: 	  3456
is_3:	  3684 | [?1h=[?1h= 3589 [?1h=[?1h= 3599 [?1h=[?1h= 3566 [?1h=[?1h= 3588 [?1h=[?1h= 3588  avg: 	  3586
is_3:	  3685 | [?1h=[?1h= 3588 [?1h=[?1h= 3588 [?1h=[?1h= 3565 [?1h=[?1h= 3576 [?1h=[?1h= 3564  avg: 	 3576.2
is_3:	  3720 | [?1h=[?1h= 3624 [?1h=[?1h= 3624 [?1h=[?1h= 3624 [?1h=[?1h= 3624 [?1h=[?1h= 3624  avg: 	  3624
is_3:	  3516 | [?1h=[?1h= 3456 [?1h=[?1h= 3456 [?1h=[?1h= 3456 [?1h=[?1h= 3456 [?1h=[?1h= 3456  avg: 	  3456
is_3:	  3684 | [?1h=[?1h= 3588 [?1h=[?1h= 3588 [?1h=[?1h= 3588 [?1h=[?1h= 3576 [?1h=[?1h= 3564  avg: 	 3580.8
is_3:	  3636 | [?1h=[?1h= 3456 [?1h=[?1h= 3456 [?1h=[?1h= 3456 [?1h=[?1h= 3456 [?1h=[?1h= 3456  avg: 	  3456
is_3:	  3516 | [?1h=[?1h= 3456 [?1h=[?1h= 3456 [?1h=[?1h= 3456 [?1h=[?1h= 3456 [?1h=[?1h= 3456  avg: 	  3456
is_3:	  3624 | [?1h=[?1h= 3530 [?1h=[?1h= 3530 [?1h=[?1h= 3530 [?1h=[?1h= 3730 [?1h=[?1h= 3530  avg: 	  3570
is_3:	  3636 | [?1h=[?1h= 3456 [?1h=[?1h= 3456 [?1h=[?1h= 3456 [?1h=[?1h= 3456 [?1h=[?1h= 3456  avg: 	  3456
--------------------
avg initials: 3629.25 		 avg finals: 3515.77



tbdmatlab.mtx - 0

is_0:	  4038 | [?1h= 4693 [?1h= 4673 [?1h= 4696 [?1h= 4690 [?1h= 4701  avg: 	 4690.6
is_0:	  3867 | [?1h= 4715 [?1h= 4727 [?1h= 4706 [?1h= 4705 [?1h= 4721  avg: 	 4714.8
is_0:	  3695 | [?1h= 4714 [?1h= 4703 [?1h= 4711 [?1h= 4702 [?1h= 4703  avg: 	 4706.6
is_0:	  3791 | [?1h= 4716 [?1h= 4712 [?1h= 4730 [?1h= 4684 [?1h= 4707  avg: 	 4709.8
is_0:	  3740 | [?1h= 4731 [?1h= 4695 [?1h= 4712 [?1h= 4746 [?1h= 4714  avg: 	 4719.6
is_0:	  3986 | [?1h= 4676 [?1h= 4736 [?1h= 4692 [?1h= 4688 [?1h= 4707  avg: 	 4699.8
is_0:	  3986 | [?1h= 4724 [?1h= 4711 [?1h= 4705 [?1h= 4694 [?1h= 4715  avg: 	 4709.8
is_0:	  4105 | [?1h= 4701 [?1h= 4692 [?1h= 4722 [?1h= 4714 [?1h= 4754  avg: 	 4716.6
is_0:	  3865 | [?1h= 4710 [?1h= 4733 [?1h= 4706 [?1h= 4700 [?1h= 4698  avg: 	 4709.4
is_0:	  3794 | [?1h= 4697 [?1h= 4721 [?1h= 4702 [?1h= 4705 [?1h= 4720  avg: 	  4709
is_0:	  3932 | [?1h= 4766 [?1h= 4720 [?1h= 4720 [?1h= 4685 [?1h= 4713  avg: 	 4720.8
is_0:	  3701 | [?1h= 4708 [?1h= 4726 [?1h= 4699 [?1h= 4714 [?1h= 4720  avg: 	 4713.4
is_0:	  4148 | [?1h= 4754 [?1h= 4698 [?1h= 4688 [?1h= 4684 [?1h= 4719  avg: 	 4708.6
is_0:	  3895 | [?1h= 4677 [?1h= 4708 [?1h= 4723 [?1h= 4708 [?1h= 4703  avg: 	 4703.8
is_0:	  3857 | [?1h= 4709 [?1h= 4699 [?1h= 4784 [?1h= 4730 [?1h= 4740  avg: 	 4732.4
is_0:	  3752 | [?1h= 4710 [?1h= 4687 [?1h= 4704 [?1h= 4706 [?1h= 4728  avg: 	  4707
is_0:	  4308 | [?1h= 4716 [?1h= 4706 [?1h= 4720 [?1h= 4708 [?1h= 4707  avg: 	 4711.4
is_0:	  3847 | [?1h= 4727 [?1h= 4705 [?1h= 4736 [?1h= 4732 [?1h= 4705  avg: 	  4721
is_0:	  3745 | [?1h= 4702 [?1h= 4707 [?1h= 4762 [?1h= 4682 [?1h= 4700  avg: 	 4710.6
is_0:	  3884 | [?1h= 4710 [?1h= 4678 [?1h= 4701 [?1h= 4713 [?1h= 4714  avg: 	 4703.2
--------------------
avg initials: 3896.8 		 avg finals: 4710.91



tbdmatlab.mtx - 1

is_1:	  3691 | [?1h= 3631 [?1h= 3621 [?1h= 3624 [?1h= 3627 [?1h= 3641  avg: 	 3628.8
is_1:	  3654 | [?1h= 3627 [?1h= 3693 [?1h= 3609 [?1h= 3640 [?1h= 3620  avg: 	 3637.8
is_1:	  3834 | [?1h= 3622 [?1h= 3591 [?1h= 3608 [?1h= 3612 [?1h= 3586  avg: 	 3603.8
is_1:	  3943 | [?1h= 3508 [?1h= 3509 [?1h= 3505 [?1h= 3527 [?1h= 3500  avg: 	 3509.8
is_1:	  4129 | [?1h= 4137 [?1h= 4133 [?1h= 4136 [?1h= 4137 [?1h= 4126  avg: 	 4133.8
is_1:	  3725 | [?1h= 3685 [?1h= 3690 [?1h= 3684 [?1h= 3673 [?1h= 3695  avg: 	 3685.4
is_1:	  3756 | [?1h= 3616 [?1h= 3646 [?1h= 3636 [?1h= 3637 [?1h= 3621  avg: 	 3631.2
is_1:	  3848 | [?1h= 3577 [?1h= 3594 [?1h= 3592 [?1h= 3634 [?1h= 3591  avg: 	 3597.6
is_1:	  4201 | [?1h= 4143 [?1h= 4179 [?1h= 4147 [?1h= 4189 [?1h= 4196  avg: 	 4170.8
is_1:	  3862 | [?1h= 3513 [?1h= 3490 [?1h= 3461 [?1h= 3524 [?1h= 3494  avg: 	 3496.4
is_1:	  3922 | [?1h= 3521 [?1h= 3547 [?1h= 3537 [?1h= 3538 [?1h= 3506  avg: 	 3529.8
is_1:	  4247 | [?1h= 3953 [?1h= 4245 [?1h= 4243 [?1h= 4245 [?1h= 4246  avg: 	 4186.4
is_1:	  3900 | [?1h= 3787 [?1h= 3806 [?1h= 3780 [?1h= 3806 [?1h= 3778  avg: 	 3791.4
is_1:	  3856 | [?1h= 3556 [?1h= 3550 [?1h= 3538 [?1h= 3606 [?1h= 3561  avg: 	 3562.2
is_1:	  4141 | [?1h= 3967 [?1h= 3747 [?1h= 3765 [?1h= 4022 [?1h= 3981  avg: 	 3896.4
is_1:	  3733 | [?1h= 3650 [?1h= 3725 [?1h= 3670 [?1h= 3625 [?1h= 3683  avg: 	 3670.6
is_1:	  4158 | [?1h= 4168 [?1h= 4160 [?1h= 4175 [?1h= 4156 [?1h= 4163  avg: 	 4164.4
is_1:	  4019 | [?1h= 3591 [?1h= 3549 [?1h= 3580 [?1h= 3586 [?1h= 3553  avg: 	 3571.8
is_1:	  3965 | [?1h= 3474 [?1h= 3479 [?1h= 3479 [?1h= 3482 [?1h= 3493  avg: 	 3481.4
is_1:	  3978 | [?1h= 3911 [?1h= 3723 [?1h= 3897 [?1h= 3939 [?1h= 3688  avg: 	 3831.6
--------------------
avg initials: 3928.1 		 avg finals: 3739.07



tbdmatlab.mtx - 3

is_3:	  3909 | [?1h=[?1h= 3510 [?1h=[?1h= 3503 [?1h=[?1h= 3522 [?1h=[?1h= 3529 [?1h=[?1h= 3507  avg: 	 3514.2
is_3:	  4101 | [?1h=[?1h= 3771 [?1h=[?1h= 3755 [?1h=[?1h= 3768 [?1h=[?1h= 3757 [?1h=[?1h= 3751  avg: 	 3760.4
is_3:	  4216 | [?1h=[?1h= 3745 [?1h=[?1h= 3761 [?1h=[?1h= 3839 [?1h=[?1h= 4226 [?1h=[?1h= 4207  avg: 	 3955.6
is_3:	  4057 | [?1h=[?1h= 3712 [?1h=[?1h= 3752 [?1h=[?1h= 4054 [?1h=[?1h= 3724 [?1h=[?1h= 3744  avg: 	 3797.2
is_3:	  4218 | [?1h=[?1h= 4240 [?1h=[?1h= 3833 [?1h=[?1h= 3734 [?1h=[?1h= 3822 [?1h=[?1h= 4297  avg: 	 3985.2
is_3:	  3904 | [?1h=[?1h= 3552 [?1h=[?1h= 3544 [?1h=[?1h= 3578 [?1h=[?1h= 3515 [?1h=[?1h= 3562  avg: 	 3550.2
is_3:	  3847 | [?1h=[?1h= 3517 [?1h=[?1h= 3561 [?1h=[?1h= 3548 [?1h=[?1h= 3538 [?1h=[?1h= 3578  avg: 	 3548.4
is_3:	  3686 | [?1h=[?1h= 3646 [?1h=[?1h= 3723 [?1h=[?1h= 3686 [?1h=[?1h= 3631 [?1h=[?1h= 3679  avg: 	  3673
is_3:	  3905 | [?1h=[?1h= 3584 [?1h=[?1h= 3615 [?1h=[?1h= 3593 [?1h=[?1h= 3562 [?1h=[?1h= 3576  avg: 	  3586
is_3:	  4186 | [?1h=[?1h= 3717 [?1h=[?1h= 3764 [?1h=[?1h= 3685 [?1h=[?1h= 3727 [?1h=[?1h= 3706  avg: 	 3719.8
is_3:	  4143 | [?1h=[?1h= 4217 [?1h=[?1h= 3779 [?1h=[?1h= 3813 [?1h=[?1h= 3796 [?1h=[?1h= 4204  avg: 	 3961.8
is_3:	  3863 | [?1h=[?1h= 3457 [?1h=[?1h= 3460 [?1h=[?1h= 3470 [?1h=[?1h= 3460 [?1h=[?1h= 3476  avg: 	 3464.6
is_3:	  3731 | [?1h=[?1h= 3768 [?1h=[?1h= 3710 [?1h=[?1h= 3632 [?1h=[?1h= 3804 [?1h=[?1h= 3747  avg: 	 3732.2
is_3:	  3997 | [?1h=[?1h= 3713 [?1h=[?1h= 3703 [?1h=[?1h= 3723 [?1h=[?1h= 3715 [?1h=[?1h= 3973  avg: 	 3765.4
is_3:	  3910 | [?1h=[?1h= 3534 [?1h=[?1h= 3521 [?1h=[?1h= 3525 [?1h=[?1h= 3555 [?1h=[?1h= 3537  avg: 	 3534.4
is_3:	  3708 | [?1h=[?1h= 3720 [?1h=[?1h= 3725 [?1h=[?1h= 3737 [?1h=[?1h= 3759 [?1h=[?1h= 3706  avg: 	 3729.4
is_3:	  3869 | [?1h=[?1h= 3597 [?1h=[?1h= 3548 [?1h=[?1h= 3521 [?1h=[?1h= 3628 [?1h=[?1h= 3550  avg: 	 3568.8
is_3:	  3921 | [?1h=[?1h= 3505 [?1h=[?1h= 3507 [?1h=[?1h= 3507 [?1h=[?1h= 3510 [?1h=[?1h= 3505  avg: 	 3506.8
is_3:	  3879 | [?1h=[?1h= 3506 [?1h=[?1h= 3543 [?1h=[?1h= 3521 [?1h=[?1h= 3558 [?1h=[?1h= 3527  avg: 	  3531
is_3:	  3743 | [?1h=[?1h= 3645 [?1h=[?1h= 3605 [?1h=[?1h= 3635 [?1h=[?1h= 3680 [?1h=[?1h= 3679  avg: 	 3648.8
--------------------
avg initials: 3939.65 		 avg finals: 3676.66



wave.mtx - 0

is_0:	  4962 | [?1h= 4887 [?1h= 5160 [?1h= 4924 [?1h= 5068 [?1h= 5169  avg: 	 5041.6
is_0:	  4530 | [?1h= 5045 [?1h= 4976 [?1h= 5186 [?1h= 4954 [?1h= 4904  avg: 	  5013
is_0:	  5079 | [?1h= 5097 [?1h= 4884 [?1h= 4953 [?1h= 5084 [?1h= 5435  avg: 	 5090.6
is_0:	  4813 | [?1h= 5409 [?1h= 5085 [?1h= 5282 [?1h= 4950 [?1h= 5351  avg: 	 5215.4
is_0:	  4490 | [?1h= 5127 [?1h= 4946 [?1h= 4906 [?1h= 4987 [?1h= 4938  avg: 	 4980.8
is_0:	  4564 | [?1h= 5090 [?1h= 4955 [?1h= 5316 [?1h= 5079 [?1h= 5255  avg: 	  5139
is_0:	  4649 | [?1h= 5002 [?1h= 4950 [?1h= 4914 [?1h= 5113 [?1h= 5125  avg: 	 5020.8
is_0:	  4649 | [?1h= 5419 [?1h= 4938 [?1h= 5020 [?1h= 4962 [?1h= 5203  avg: 	 5108.4
is_0:	  5078 | [?1h= 4982 [?1h= 5037 [?1h= 5157 [?1h= 5180 [?1h= 4976  avg: 	 5066.4
is_0:	  4631 | [?1h= 5214 [?1h= 4931 [?1h= 5331 [?1h= 5431 [?1h= 5017  avg: 	 5184.8
is_0:	  4687 | [?1h= 5283 [?1h= 5075 [?1h= 5037 [?1h= 5376 [?1h= 4965  avg: 	 5147.2
is_0:	  4611 | [?1h= 5053 [?1h= 4944 [?1h= 5067 [?1h= 4995 [?1h= 5127  avg: 	 5037.2
is_0:	  4499 | [?1h= 5053 [?1h= 5160 [?1h= 4969 [?1h= 5095 [?1h= 4907  avg: 	 5036.8
is_0:	  4657 | [?1h= 5119 [?1h= 4949 [?1h= 4855 [?1h= 4879 [?1h= 5116  avg: 	 4983.6
is_0:	  4560 | [?1h= 5166 [?1h= 5006 [?1h= 4914 [?1h= 5253 [?1h= 5359  avg: 	 5139.6
is_0:	  4981 | [?1h= 5000 [?1h= 4960 [?1h= 4898 [?1h= 5014 [?1h= 5381  avg: 	 5050.6
is_0:	  4718 | [?1h= 4875 [?1h= 5315 [?1h= 5368 [?1h= 5159 [?1h= 5388  avg: 	  5221
is_0:	  4690 | [?1h= 5000 [?1h= 5067 [?1h= 5131 [?1h= 5181 [?1h= 5282  avg: 	 5132.2
is_0:	  4662 | [?1h= 5458 [?1h= 5174 [?1h= 4904 [?1h= 5412 [?1h= 5342  avg: 	  5258
is_0:	  4601 | [?1h= 5092 [?1h= 5096 [?1h= 5281 [?1h= 5148 [?1h= 5093  avg: 	  5142
--------------------
avg initials: 4705.55 		 avg finals: 5100.45



wave.mtx - 1

is_1:	  4553 | [?1h= 5338 [?1h= 5268 [?1h= 4855 [?1h= 5769 [?1h= 4859  avg: 	 5217.8
is_1:	  4690 | [?1h= 4977 [?1h= 5039 [?1h= 5066 [?1h= 4990 [?1h= 5026  avg: 	 5019.6
is_1:	  4711 | [?1h= 4958 [?1h= 4929 [?1h= 5354 [?1h= 4908 [?1h= 5032  avg: 	 5036.2
is_1:	  4757 | [?1h= 5348 [?1h= 5096 [?1h= 5217 [?1h= 5235 [?1h= 4985  avg: 	 5176.2
is_1:	  4693 | [?1h= 4996 [?1h= 5056 [?1h= 4898 [?1h= 5410 [?1h= 5014  avg: 	 5074.8
is_1:	  4682 | [?1h= 4947 [?1h= 4997 [?1h= 5398 [?1h= 5203 [?1h= 4979  avg: 	 5104.8
is_1:	  4695 | [?1h= 5040 [?1h= 5231 [?1h= 4926 [?1h= 5013 [?1h= 4931  avg: 	 5028.2
is_1:	  4826 | [?1h= 4925 [?1h= 5294 [?1h= 4962 [?1h= 4968 [?1h= 4986  avg: 	  5027
is_1:	  4755 | [?1h= 4992 [?1h= 5042 [?1h= 5090 [?1h= 5376 [?1h= 5044  avg: 	 5108.8
is_1:	  4640 | [?1h= 5375 [?1h= 4951 [?1h= 5466 [?1h= 5009 [?1h= 4949  avg: 	  5150
is_1:	  4605 | [?1h= 5290 [?1h= 5072 [?1h= 4692 [?1h= 5641 [?1h= 5411  avg: 	 5221.2
is_1:	  5091 | [?1h= 5042 [?1h= 4946 [?1h= 5227 [?1h= 5102 [?1h= 5005  avg: 	 5064.4
is_1:	  4598 | [?1h= 4898 [?1h= 4715 [?1h= 5146 [?1h= 5112 [?1h= 5206  avg: 	 5015.4
is_1:	  4545 | [?1h= 5106 [?1h= 5355 [?1h= 4678 [?1h= 4855 [?1h= 5087  avg: 	 5016.2
is_1:	  4561 | [?1h= 5335 [?1h= 4859 [?1h= 5119 [?1h= 4921 [?1h= 5464  avg: 	 5139.6
is_1:	  4612 | [?1h= 5442 [?1h= 5061 [?1h= 5075 [?1h= 5050 [?1h= 5048  avg: 	 5135.2
is_1:	  4847 | [?1h= 5244 [?1h= 5297 [?1h= 4884 [?1h= 5138 [?1h= 5239  avg: 	 5160.4
is_1:	  4627 | [?1h= 5430 [?1h= 4951 [?1h= 5290 [?1h= 5462 [?1h= 4931  avg: 	 5212.8
is_1:	  4730 | [?1h= 5028 [?1h= 5092 [?1h= 5017 [?1h= 5006 [?1h= 4956  avg: 	 5019.8
is_1:	  4571 | [?1h= 4631 [?1h= 5144 [?1h= 5631 [?1h= 4809 [?1h= 5064  avg: 	 5055.8
--------------------
avg initials: 4689.45 		 avg finals: 5099.21



wave.mtx - 3

is_3:	  4964 | [?1h=[?1h= 5026 [?1h=[?1h= 5487 [?1h=[?1h= 5066 [?1h=[?1h= 5475 [?1h=[?1h= 5175  avg: 	 5245.8
is_3:	  4562 | [?1h=[?1h= 5231 [?1h=[?1h= 5217 [?1h=[?1h= 5122 [?1h=[?1h= 5258 [?1h=[?1h= 4801  avg: 	 5125.8
is_3:	  4772 | [?1h=[?1h= 4888 [?1h=[?1h= 4918 [?1h=[?1h= 5069 [?1h=[?1h= 5020 [?1h=[?1h= 5047  avg: 	 4988.4
is_3:	  4651 | [?1h=[?1h= 5393 [?1h=[?1h= 5242 [?1h=[?1h= 5225 [?1h=[?1h= 5223 [?1h=[?1h= 5240  avg: 	 5264.6
is_3:	  4654 | [?1h=[?1h= 5076 [?1h=[?1h= 5033 [?1h=[?1h= 5358 [?1h=[?1h= 5037 [?1h=[?1h= 4958  avg: 	 5092.4
is_3:	  4468 | [?1h=[?1h= 5404 [?1h=[?1h= 5111 [?1h=[?1h= 5109 [?1h=[?1h= 5246 [?1h=[?1h= 5426  avg: 	 5259.2
is_3:	  4666 | [?1h=[?1h= 5102 [?1h=[?1h= 5393 [?1h=[?1h= 5504 [?1h=[?1h= 5345 [?1h=[?1h= 5055  avg: 	 5279.8
is_3:	  4542 | [?1h=[?1h= 5635 [?1h=[?1h= 4910 [?1h=[?1h= 5090 [?1h=[?1h= 4871 [?1h=[?1h= 5106  avg: 	 5122.4
is_3:	  4505 | [?1h=[?1h= 5461 [?1h=[?1h= 5087 [?1h=[?1h= 5313 [?1h=[?1h= 5646 [?1h=[?1h= 5343  avg: 	  5370
is_3:	  4691 | [?1h=[?1h= 4996 [?1h=[?1h= 5041 [?1h=[?1h= 5183 [?1h=[?1h= 5086 [?1h=[?1h= 5023  avg: 	 5065.8
is_3:	  4730 | [?1h=[?1h= 5065 [?1h=[?1h= 4940 [?1h=[?1h= 4970 [?1h=[?1h= 5049 [?1h=[?1h= 5087  avg: 	 5022.2
is_3:	  4480 | [?1h=[?1h= 5458 [?1h=[?1h= 5101 [?1h=[?1h= 5440 [?1h=[?1h= 5036 [?1h=[?1h= 5468  avg: 	 5300.6
is_3:	  4547 | [?1h=[?1h= 5340 [?1h=[?1h= 5235 [?1h=[?1h= 5049 [?1h=[?1h= 5112 [?1h=[?1h= 5257  avg: 	 5198.6
is_3:	  4557 | [?1h=[?1h= 5118 [?1h=[?1h= 5283 [?1h=[?1h= 4980 [?1h=[?1h= 5237 [?1h=[?1h= 5207  avg: 	  5165
is_3:	  4503 | [?1h=[?1h= 5018 [?1h=[?1h= 5489 [?1h=[?1h= 5024 [?1h=[?1h= 5411 [?1h=[?1h= 5114  avg: 	 5211.2
is_3:	  4911 | [?1h=[?1h= 5800 [?1h=[?1h= 5040 [?1h=[?1h= 5391 [?1h=[?1h= 5199 [?1h=[?1h= 5033  avg: 	 5292.6
is_3:	  4868 | [?1h=[?1h= 5117 [?1h=[?1h= 5554 [?1h=[?1h= 5255 [?1h=[?1h= 5126 [?1h=[?1h= 5116  avg: 	 5233.6
is_3:	  4514 | [?1h=[?1h= 4912 [?1h=[?1h= 5225 [?1h=[?1h= 5200 [?1h=[?1h= 5245 [?1h=[?1h= 5064  avg: 	 5129.2
is_3:	  4996 | [?1h=[?1h= 5530 [?1h=[?1h= 5089 [?1h=[?1h= 5230 [?1h=[?1h= 5466 [?1h=[?1h= 5562  avg: 	 5375.4
is_3:	  4418 | [?1h=[?1h= 5177 [?1h=[?1h= 5231 [?1h=[?1h= 5424 [?1h=[?1h= 5128 [?1h=[?1h= 5273  avg: 	 5246.6
--------------------
avg initials: 4649.95 		 avg finals: 5199.46


>> exit
[?1l>