[?1h=
                                                                                     < M A T L A B (R) >
                                                                           Copyright 1984-2010 The MathWorks, Inc.
                                                                        Version 7.12.0.635 (R2011a) 64-bit (glnxa64)
                                                                                       March 18, 2011

 
  To get started, type one of these: helpwin, helpdesk, or demo.
  For product information, visit www.mathworks.com.
 
{Warning: Name is nonexistent or not a directory: /home/davide/projects/mthesis/Mondriaan4RC/tools.} 
> In path at 110
  In addpath at 87
  In startup at 2
  In matlabrc at 222

lpi_ceria3d - 0

is_0:	   208 | [?1h= 1026 [?1h= 1026 [?1h= 1033 [?1h= 1023 [?1h= 1023  avg: 	 1026.2
is_0:	   226 | [?1h= 1037 [?1h= 1037 [?1h= 1035 [?1h= 1033 [?1h= 1033  avg: 	  1035
is_0:	   205 | [?1h= 1014 [?1h= 1014 [?1h= 1033 [?1h= 1033 [?1h= 1033  avg: 	 1025.4
is_0:	   200 | [?1h= 1033 [?1h= 1016 [?1h= 1031 [?1h= 1034 [?1h= 1034  avg: 	 1029.6
is_0:	   228 | [?1h= 1016 [?1h= 1037 [?1h= 1037 [?1h= 1028 [?1h= 1028  avg: 	 1029.2
is_0:	   221 | [?1h= 1029 [?1h= 1032 [?1h= 1032 [?1h= 1028 [?1h= 1037  avg: 	 1031.6
is_0:	   239 | [?1h= 1027 [?1h= 1027 [?1h= 1031 [?1h= 1024 [?1h= 1024  avg: 	 1026.6
is_0:	   220 | [?1h= 1031 [?1h= 1031 [?1h= 1031 [?1h= 1032 [?1h= 1032  avg: 	 1031.4
is_0:	   237 | [?1h= 1033 [?1h= 1033 [?1h= 1033 [?1h= 1031 [?1h= 1031  avg: 	 1032.2
is_0:	   227 | [?1h= 1033 [?1h= 1033 [?1h= 1031 [?1h= 1023 [?1h= 1020  avg: 	  1028
is_0:	   233 | [?1h= 1026 [?1h= 1032 [?1h= 1032 [?1h= 1022 [?1h= 1022  avg: 	 1026.8
is_0:	   231 | [?1h= 1035 [?1h= 1028 [?1h= 1028 [?1h= 1018 [?1h= 1033  avg: 	 1028.4
is_0:	   223 | [?1h= 1033 [?1h= 1034 [?1h= 1034 [?1h= 1032 [?1h= 1032  avg: 	  1033
is_0:	   230 | [?1h= 1030 [?1h= 1033 [?1h= 1032 [?1h= 1032 [?1h= 1029  avg: 	 1031.2
is_0:	   214 | [?1h= 1029 [?1h= 1038 [?1h= 1029 [?1h= 1029 [?1h= 1030  avg: 	  1031
is_0:	   226 | [?1h= 1034 [?1h= 1034 [?1h= 1027 [?1h= 1027 [?1h= 1033  avg: 	  1031
is_0:	   218 | [?1h= 1033 [?1h= 1023 [?1h= 1040 [?1h= 1040 [?1h= 1037  avg: 	 1034.6
is_0:	   214 | [?1h= 1037 [?1h= 1038 [?1h= 1041 [?1h= 1036 [?1h= 1029  avg: 	 1036.2
is_0:	   219 | [?1h= 1030 [?1h= 1030 [?1h= 1028 [?1h= 1028 [?1h= 1028  avg: 	 1028.8
is_0:	   232 | [?1h= 1021 [?1h= 1021 [?1h= 1030 [?1h= 1030 [?1h= 1027  avg: 	 1025.8
--------------------
avg initials: 222.55 		 avg finals: 1030.1



lpi_ceria3d - 1

is_1:	   228 | [?1h=  240 [?1h=  247 [?1h=  238 [?1h=  248 [?1h=  248  avg: 	 244.2
is_1:	   221 | [?1h=  261 [?1h=  261 [?1h=  237 [?1h=  198 [?1h=  198  avg: 	   231
is_1:	   205 | [?1h=  250 [?1h=  214 [?1h=  214 [?1h=  210 [?1h=  210  avg: 	 219.6
is_1:	   205 | [?1h=  230 [?1h=  230 [?1h=  244 [?1h=  188 [?1h=  226  avg: 	 223.6
is_1:	   240 | [?1h=  218 [?1h=  218 [?1h=  250 [?1h=  231 [?1h=  236  avg: 	 230.6
is_1:	   229 | [?1h=  198 [?1h=  198 [?1h=  180 [?1h=  180 [?1h=  236  avg: 	 198.4
is_1:	   223 | [?1h=  236 [?1h=  236 [?1h=  232 [?1h=  214 [?1h=  214  avg: 	 226.4
is_1:	   229 | [?1h=  237 [?1h=  234 [?1h=  234 [?1h=  228 [?1h=  254  avg: 	 237.4
is_1:	   214 | [?1h=  249 [?1h=  238 [?1h=  238 [?1h=  220 [?1h=  254  avg: 	 239.8
is_1:	   226 | [?1h=  239 [?1h=  239 [?1h=  233 [?1h=  233 [?1h=  252  avg: 	 239.2
is_1:	   219 | [?1h=  230 [?1h=  218 [?1h=  251 [?1h=  251 [?1h=  245  avg: 	   239
is_1:	   240 | [?1h=  255 [?1h=  254 [?1h=  239 [?1h=  247 [?1h=  239  avg: 	 246.8
is_1:	   205 | [?1h=  180 [?1h=  259 [?1h=  214 [?1h=  214 [?1h=  160  avg: 	 205.4
is_1:	   233 | [?1h=  238 [?1h=  240 [?1h=  250 [?1h=  250 [?1h=  184  avg: 	 232.4
is_1:	   217 | [?1h=  234 [?1h=  218 [?1h=  218 [?1h=  226 [?1h=  229  avg: 	   225
is_1:	   225 | [?1h=  250 [?1h=  220 [?1h=  239 [?1h=  239 [?1h=  254  avg: 	 240.4
is_1:	   228 | [?1h=  210 [?1h=  204 [?1h=  224 [?1h=  216 [?1h=  216  avg: 	   214
is_1:	   199 | [?1h=  242 [?1h=  228 [?1h=  246 [?1h=  246 [?1h=  225  avg: 	 237.4
is_1:	   215 | [?1h=  212 [?1h=  212 [?1h=  216 [?1h=  258 [?1h=  210  avg: 	 221.6
is_1:	   217 | [?1h=  231 [?1h=  231 [?1h=  236 [?1h=  206 [?1h=  206  avg: 	   222
--------------------
avg initials: 220.9 		 avg finals: 228.71



lpi_ceria3d - 3

is_3:	   234 | [?1h=[?1h=  215 [?1h=[?1h=  222 [?1h=[?1h=  236 [?1h=[?1h=  236 [?1h=[?1h=  236  avg: 	   229
is_3:	   226 | [?1h=[?1h=  244 [?1h=[?1h=  236 [?1h=[?1h=  242 [?1h=[?1h=  246 [?1h=[?1h=  240  avg: 	 241.6
is_3:	   216 | [?1h=[?1h=  246 [?1h=[?1h=  252 [?1h=[?1h=  245 [?1h=[?1h=  246 [?1h=[?1h=  242  avg: 	 246.2
is_3:	   224 | [?1h=[?1h=  218 [?1h=[?1h=  240 [?1h=[?1h=  240 [?1h=[?1h=  218 [?1h=[?1h=  196  avg: 	 222.4
is_3:	   195 | [?1h=[?1h=  200 [?1h=[?1h=  242 [?1h=[?1h=  240 [?1h=[?1h=  218 [?1h=[?1h=  204  avg: 	 220.8
is_3:	   222 | [?1h=[?1h=  245 [?1h=[?1h=  224 [?1h=[?1h=  216 [?1h=[?1h=  245 [?1h=[?1h=  245  avg: 	   235
is_3:	   217 | [?1h=[?1h=  228 [?1h=[?1h=  251 [?1h=[?1h=  222 [?1h=[?1h=  259 [?1h=[?1h=  207  avg: 	 233.4
is_3:	   226 | [?1h=[?1h=  245 [?1h=[?1h=  231 [?1h=[?1h=  227 [?1h=[?1h=  226 [?1h=[?1h=  218  avg: 	 229.4
is_3:	   212 | [?1h=[?1h=  206 [?1h=[?1h=  158 [?1h=[?1h=  244 [?1h=[?1h=  172 [?1h=[?1h=  184  avg: 	 192.8
is_3:	   220 | [?1h=[?1h=  238 [?1h=[?1h=  220 [?1h=[?1h=  228 [?1h=[?1h=  228 [?1h=[?1h=  252  avg: 	 233.2
is_3:	   222 | [?1h=[?1h=  152 [?1h=[?1h=  224 [?1h=[?1h=  220 [?1h=[?1h=  220 [?1h=[?1h=  208  avg: 	 204.8
is_3:	   227 | [?1h=[?1h=  218 [?1h=[?1h=  223 [?1h=[?1h=  216 [?1h=[?1h=  261 [?1h=[?1h=  231  avg: 	 229.8
is_3:	   225 | [?1h=[?1h=  206 [?1h=[?1h=  220 [?1h=[?1h=  202 [?1h=[?1h=  208 [?1h=[?1h=  226  avg: 	 212.4
is_3:	   230 | [?1h=[?1h=  235 [?1h=[?1h=  228 [?1h=[?1h=  224 [?1h=[?1h=  224 [?1h=[?1h=  225  avg: 	 227.2
is_3:	   236 | [?1h=[?1h=  246 [?1h=[?1h=  216 [?1h=[?1h=  237 [?1h=[?1h=  216 [?1h=[?1h=  225  avg: 	   228
is_3:	   222 | [?1h=[?1h=  217 [?1h=[?1h=  226 [?1h=[?1h=  234 [?1h=[?1h=  243 [?1h=[?1h=  249  avg: 	 233.8
is_3:	   217 | [?1h=[?1h=  164 [?1h=[?1h=  168 [?1h=[?1h=  190 [?1h=[?1h=  240 [?1h=[?1h=  222  avg: 	 196.8
is_3:	   218 | [?1h=[?1h=  222 [?1h=[?1h=  168 [?1h=[?1h=  182 [?1h=[?1h=  216 [?1h=[?1h=  158  avg: 	 189.2
is_3:	   221 | [?1h=[?1h=  230 [?1h=[?1h=  238 [?1h=[?1h=  196 [?1h=[?1h=  160 [?1h=[?1h=  220  avg: 	 208.8
is_3:	   220 | [?1h=[?1h=  168 [?1h=[?1h=  220 [?1h=[?1h=  232 [?1h=[?1h=  230 [?1h=[?1h=  258  avg: 	 221.6
--------------------
avg initials: 221.5 		 avg finals: 221.81


>> exit
[?1l>