[?1h=
                                                                                     < M A T L A B (R) >
                                                                           Copyright 1984-2010 The MathWorks, Inc.
                                                                        Version 7.12.0.635 (R2011a) 64-bit (glnxa64)
                                                                                       March 18, 2011

 
  To get started, type one of these: helpwin, helpdesk, or demo.
  For product information, visit www.mathworks.com.
 
{Warning: Name is nonexistent or not a directory: /home/davide/projects/mthesis/Mondriaan4RC/tools.} 
> In path at 110
  In addpath at 87
  In startup at 2
  In matlabrc at 222

italy_osm - 0

is_0:	   321 | [?1h=  404 [?1h=  388 [?1h=  320 [?1h=  255 [?1h=  314  avg: 	 336.2
is_0:	   267 | [?1h=  267 [?1h=  265 [?1h=  228 [?1h=  238 [?1h=  333  avg: 	 266.2
is_0:	   383 | [?1h=  333 [?1h=  276 [?1h=  201 [?1h=  262 [?1h=  233  avg: 	   261
is_0:	   249 | [?1h=  495 [?1h=  302 [?1h=  341 [?1h=  105 [?1h=  408  avg: 	 330.2
is_0:	   278 | [?1h=  203 [?1h=  241 [?1h=  282 [?1h=  449 [?1h=  191  avg: 	 273.2
is_0:	   204 | [?1h=  364 [?1h=  223 [?1h=  295 [?1h=  265 [?1h=  247  avg: 	 278.8
is_0:    208 | [?1h=  276 [?1h=  282 [?1h=  359 [?1h=  152 [?1h=  300  avg: 	 273.8
is_0:	   290 | [?1h=  121 [?1h=  192 [?1h=  378 [?1h=  322 [?1h=  233  avg: 	 249.2
is_0:	   208 | [?1h=  178 [?1h=  252 [?1h=  175 [?1h=  103 [?1h=  356  avg: 	 212.8
is_0:	   251 | [?1h=  259 [?1h=  361 [?1h=  222 [?1h=  300 [?1h=  201  avg: 	 268.6
is_0:	   232 | [?1h=  235 [?1h=  518 [?1h=  319 [?1h=  383 [?1h=  257  avg: 	 342.4
is_0:	   104 | [?1h=  228 [?1h=  142 [?1h=  223 [?1h=  209 [?1h=  330  avg: 	 226.4
is_0:	   215 | [?1h=  357 [?1h=  281 [?1h=  225 [?1h=  103 [?1h=  454  avg: 	   284
is_0:	   247 | [?1h=  292 [?1h=  236 [?1h=  326 [?1h=  278 [?1h=  182  avg: 	 262.8
is_0:	   280 | [?1h=  395 [?1h=  245 [?1h=  208 [?1h=  254 [?1h=  161  avg: 	 252.6
is_0:	   377 | [?1h=  441 [?1h=  211 [?1h=  257 [?1h=  303 [?1h=  227  avg: 	 287.8
is_0:	   223 | [?1h=  245 [?1h=  285 [?1h=  307 [?1h=  182 [?1h=  254  avg: 	 254.6
is_0:	   155 | [?1h=  314 [?1h=  339 [?1h=  131 [?1h=  377 [?1h=  342  avg: 	 300.6
is_0:	   297 | [?1h=  179 [?1h=  329 [?1h=  223 [?1h=  172 [?1h=  442  avg: 	   269
is_0:	   244 | [?1h=  302 [?1h=  231 [?1h=  324 [?1h=  149 [?1h=  218  avg: 	 244.8
--------------------
avg initials: 251.65 		 avg finals: 273.75



italy_osm - 1

is_1:	   414 | [?1h=  331 [?1h=  313 [?1h=  397 [?1h=  216 [?1h=  244  avg: 	 300.2
is_1:	   414 | [?1h=  312 [?1h=  152 [?1h=  289 [?1h=  327 [?1h=  172  avg: 	 250.4
is_1:	   189 | [?1h=  193 [?1h=  279 [?1h=  381 [?1h=  297 [?1h=  254  avg: 	 280.8
is_1:	   425 | [?1h=  245 [?1h=  125 [?1h=  342 [?1h=  323 [?1h=  367  avg: 	 280.4
is_1:	   407 | [?1h=  246 [?1h=  223 [?1h=  377 [?1h=  288 [?1h=  167  avg: 	 260.2
is_1:	   283 | 
[?1h=  434 Traceback (most recent call last):
  File "maximum_independent_set.py", line 152, in <module>

exit
    l = read_list_from_file('matlab_temp.txt')
  File "maximum_independent_set.py", line 107, in read_list_from_file
    f=open(filename,'r')
IOError: [Errno 2] No such file or directory: u'matlab_temp.txt'
[?1h={Warning: File 'matlab_temp.txt' not found.} 
> In wrapper_is at 9
  In independent_set at 10
  In iter_is at 38
