[?1h=
                                                                                     < M A T L A B (R) >
                                                                           Copyright 1984-2010 The MathWorks, Inc.
                                                                         Version 7.12.0.635 (R2011a) 64-bit (glnxa64)
                                                                                        March 18, 2011

 
  To get started, type one of these: helpwin, helpdesk, or demo.
  For product information, visit www.mathworks.com.
 
{Warning: Name is nonexistent or not a directory: /home/davide/projects/mthesis/Mondriaan4RC/tools.} 
> In path at 110
  In addpath at 87
  In startup at 2
  In matlabrc at 222

cage13 - 0

is_0:	 44930 | [?1h=57901 [?1h=56003 [?1h=55824 [?1h=56196 [?1h=56242  avg: 	 56433.2
is_0:	 46387 | [?1h=57178 [?1h=55975 [?1h=63382 [?1h=56300 [?1h=56878  avg: 	 57942.6
is_0:	 47249 | [?1h=63209 [?1h=55876 [?1h=55490 [?1h=55657 [?1h=62749  avg: 	 58596.2
is_0:	 43838 | [?1h=56459 [?1h=55943 [?1h=57680 [?1h=60343 [?1h=57464  avg: 	 57577.8
is_0:	 47434 | [?1h=56392 [?1h=56356 [?1h=59865 [?1h=56166 [?1h=55683  avg: 	 56892.4
is_0:	 43370 | [?1h=56254 [?1h=56019 [?1h=60966 [?1h=56506 [?1h=56526  avg: 	 57254.2
is_0:	 47415 | [?1h=55633 [?1h=55924 [?1h=55921 [?1h=60666 [?1h=63728  avg: 	 58374.4
is_0:	 43548 | [?1h=57595 [?1h=55692 [?1h=60204 [?1h=56379 [?1h=56994  avg: 	 57372.8
is_0:	 46246 | [?1h=59868 [?1h=55799 [?1h=56156 [?1h=57855 [?1h=63300  avg: 	 58595.6
is_0:	 46757 | [?1h=56086 [?1h=55861 [?1h=61706 [?1h=56519 [?1h=57416  avg: 	 57517.6
is_0:	 46050 | [?1h=56193 [?1h=56356 [?1h=60402 [?1h=56271 [?1h=57111  avg: 	 57266.6
is_0:	 43624 | [?1h=57399 [?1h=56011 [?1h=57465 [?1h=56159 [?1h=56572  avg: 	 56721.2
is_0:	 43585 | [?1h=61748 [?1h=56950 [?1h=57454 [?1h=55958 [?1h=60717  avg: 	 58565.4
is_0:	 43460 | [?1h=55610 [?1h=57093 [?1h=57286 [?1h=56033 [?1h=61064  avg: 	 57417.2
is_0:	 43806 | [?1h=56101 [?1h=55830 [?1h=56609 [?1h=55802 [?1h=59969  avg: 	 56862.2
is_0:	 42802 | [?1h=60509 [?1h=56409 [?1h=57076 [?1h=55757 [?1h=56777  avg: 	 57305.6
is_0:	 46982 | [?1h=63079 [?1h=59631 [?1h=56011 [?1h=56683 [?1h=57122  avg: 	 58505.2
is_0:	 47433 | [?1h=56355 [?1h=56045 [?1h=56947 [?1h=55544 [?1h=57209  avg: 	 56420
is_0:	 43653 | [?1h=57634 [?1h=57218 [?1h=57067 [?1h=61708 [?1h=56427  avg: 	 58010.8
is_0:	 47011 | [?1h=60699 [?1h=56119 [?1h=59136 [?1h=55807 [?1h=55725  avg: 	 57497.2
--------------------
avg initials: 45279 		 avg finals: 57556.4



cage13 - 1

is_1:	 45705 | [?1h=47205 [?1h=62133 [?1h=64970 [?1h=46797 [?1h=46725  avg: 	 53566
is_1:	 43372 | [?1h=60640 [?1h=60702 [?1h=61790 [?1h=44525 [?1h=61679  avg: 	 57867.2
is_1:	 43495 | [?1h=52917 [?1h=54381 [?1h=55100 [?1h=53537 [?1h=65469  avg: 	 56280.8
is_1:	 46503 | [?1h=64209 [?1h=57252 [?1h=64257 [?1h=48312 [?1h=64050  avg: 	 59616
is_1:	 47392 | [?1h=64006 [?1h=55747 [?1h=48468 [?1h=64080 [?1h=58754  avg: 	 58211
is_1:	 46255 | [?1h=64014 [?1h=62605 [?1h=63531 [?1h=47177 [?1h=58645  avg: 	 59194.4
is_1:	 43659 | [?1h=66138 [?1h=60307 [?1h=44807 [?1h=63783 [?1h=45166  avg: 	 56040.2
is_1:	 43560 | [?1h=58048 [?1h=45240 [?1h=58317 [?1h=44998 [?1h=45082  avg: 	 50337
is_1:	 43660 | [?1h=53222 [?1h=59942 [?1h=44749 [?1h=44781 [?1h=53543  avg: 	 51247.4
is_1:	 43373 | [?1h=46074 [?1h=46361 [?1h=53754 [?1h=45383 [?1h=62463  avg: 	 50807
is_1:	 46398 | [?1h=63320 [?1h=61963 [?1h=61822 [?1h=62816 [?1h=61686  avg: 	 62321.4
is_1:	 46385 | [?1h=53801 [?1h=58714 [?1h=48915 [?1h=49035 [?1h=47835  avg: 	 51660
is_1:	 43848 | [?1h=62352 [?1h=64152 [?1h=62698 [?1h=60397 [?1h=59239  avg: 	 61767.6
is_1:	 46559 | [?1h=64266 [?1h=57660 [?1h=60816 [?1h=65305 [?1h=64530  avg: 	 62515.4
is_1:	 45625 | [?1h=61199 [?1h=53209 [?1h=60825 [?1h=62595 [?1h=53186  avg: 	 58202.8
is_1:	 47215 | [?1h=62977 [?1h=63150 [?1h=57842 [?1h=60416 [?1h=64843  avg: 	 61845.6
is_1:	 47697 | [?1h=50635 [?1h=62096 [?1h=63216 [?1h=50957 [?1h=50080  avg: 	 55396.8
is_1:	 43836 | [?1h=61193 [?1h=66909 [?1h=58115 [?1h=55742 [?1h=65119  avg: 	 61415.6
is_1:	 43636 | [?1h=64014 [?1h=53340 [?1h=54943 [?1h=44816 [?1h=63759  avg: 	 56174.4
is_1:	 46876 | [?1h=62054 [?1h=61675 [?1h=48079 [?1h=52711 [?1h=64819  avg: 	 57867.6
--------------------
avg initials: 45252.4 		 avg finals: 57116.7



cage13 - 3

is_3:	 47594 | [?1h=[?1h=64507 [?1h=[?1h=59735 [?1h=[?1h=61109 [?1h=[?1h=64339 [?1h=[?1h=63576  avg: 	 62653.2
is_3:	 44433 | [?1h=[?1h=57803 [?1h=[?1h=64067 [?1h=[?1h=45084 [?1h=[?1h=60229 [?1h=[?1h=64035  avg: 	 58243.6
is_3:	 42799 | [?1h=[?1h=43326 [?1h=[?1h=61213 [?1h=[?1h=60311 [?1h=[?1h=65198 [?1h=[?1h=55832  avg: 	 57176
is_3:	 45698 | [?1h=[?1h=61913 [?1h=[?1h=57407 [?1h=[?1h=61623 [?1h=[?1h=55048 [?1h=[?1h=55255  avg: 	 58249.2
is_3:	 45735 | [?1h=[?1h=46593 [?1h=[?1h=64598 [?1h=[?1h=46477 [?1h=[?1h=64245 [?1h=[?1h=46882  avg: 	 53759
is_3:	 43652 | [?1h=[?1h=45686 [?1h=[?1h=61688 [?1h=[?1h=45278 [?1h=[?1h=58530 [?1h=[?1h=60378  avg: 	 54312
is_3:	 45727 | [?1h=[?1h=62654 [?1h=[?1h=46433 [?1h=[?1h=56455 [?1h=[?1h=61178 [?1h=[?1h=55103  avg: 	 56364.6
is_3:	 46976 | [?1h=[?1h=60609 [?1h=[?1h=63470 [?1h=[?1h=63976 [?1h=[?1h=63269 [?1h=[?1h=51030  avg: 	 60470.8
is_3:	 43389 | [?1h=[?1h=46592 [?1h=[?1h=59275 [?1h=[?1h=45319 [?1h=[?1h=61143 [?1h=[?1h=45465  avg: 	 51558.8
is_3:	 44036 | [?1h=[?1h=54258 [?1h=[?1h=55009 [?1h=[?1h=54703 [?1h=[?1h=62854 [?1h=[?1h=61799  avg: 	 57724.6
is_3:	 42591 | [?1h=[?1h=59433 [?1h=[?1h=56292 [?1h=[?1h=54122 [?1h=[?1h=43308 [?1h=[?1h=54378  avg: 	 53506.6
is_3:	 43497 | [?1h=[?1h=58371 [?1h=[?1h=62429 [?1h=[?1h=47702 [?1h=[?1h=58837 [?1h=[?1h=54500  avg: 	 56367.8
is_3:	 47733 | [?1h=[?1h=59865 [?1h=[?1h=61569 [?1h=[?1h=63496 [?1h=[?1h=63909 [?1h=[?1h=64214  avg: 	 62610.6
is_3:	 47286 | [?1h=[?1h=60949 [?1h=[?1h=48960 [?1h=[?1h=58178 [?1h=[?1h=55180 [?1h=[?1h=59312  avg: 	 56515.8
is_3:	 47214 | [?1h=[?1h=64688 [?1h=[?1h=59068 [?1h=[?1h=63380 [?1h=[?1h=49893 [?1h=[?1h=64381  avg: 	 60282
is_3:	 47200 | [?1h=[?1h=51083 [?1h=[?1h=66751 [?1h=[?1h=61794 [?1h=[?1h=52201 [?1h=[?1h=63093  avg: 	 58984.4
is_3:	 43382 | [?1h=[?1h=53461 [?1h=[?1h=59299 [?1h=[?1h=62646 [?1h=[?1h=55440 [?1h=[?1h=62752  avg: 	 58719.6
is_3:	 47016 | [?1h=[?1h=64240 [?1h=[?1h=47764 [?1h=[?1h=64581 [?1h=[?1h=63961 [?1h=[?1h=63779  avg: 	 60865
is_3:	 43087 | [?1h=[?1h=44284 [?1h=[?1h=44190 [?1h=[?1h=44983 [?1h=[?1h=44145 [?1h=[?1h=58018  avg: 	 47124
is_3:	 47233 | [?1h=[?1h=49349 [?1h=[?1h=48721 [?1h=[?1h=63229 [?1h=[?1h=64604 [?1h=[?1h=64757  avg: 	 58132
--------------------
avg initials: 45313.9 		 avg finals: 57181


>> exit
[?1l>