pa_unsorted_concat 1:
233 	|	223 	226 	219 	229 	230 	| 	 avg: 225.40
238 	|	239 	235 	235 	236 	239 	| 	 avg: 236.80
242 	|	241 	236 	245 	236 	243 	| 	 avg: 240.20
238 	|	228 	227 	228 	221 	224 	| 	 avg: 225.60
234 	|	236 	229 	228 	236 	227 	| 	 avg: 231.20
246 	|	231 	226 	224 	224 	223 	| 	 avg: 225.60
232 	|	216 	220 	218 	216 	216 	| 	 avg: 217.20
247 	|	235 	238 	239 	239 	236 	| 	 avg: 237.40
233 	|	219 	229 	220 	223 	217 	| 	 avg: 221.60
230 	|	215 	218 	216 	219 	216 	| 	 avg: 216.80
227 	|	219 	216 	216 	219 	216 	| 	 avg: 217.20
241 	|	229 	226 	229 	230 	228 	| 	 avg: 228.40
230 	|	232 	228 	232 	230 	235 	| 	 avg: 231.40
238 	|	224 	217 	221 	217 	228 	| 	 avg: 221.40
228 	|	226 	226 	221 	218 	223 	| 	 avg: 222.80
235 	|	232 	234 	230 	232 	233 	| 	 avg: 232.20
242 	|	224 	222 	228 	225 	226 	| 	 avg: 225.00
242 	|	231 	232 	228 	228 	225 	| 	 avg: 228.80
228 	|	220 	216 	216 	220 	216 	| 	 avg: 217.60
241 	|	236 	234 	235 	237 	233 	| 	 avg: 235.00
average initials 236.25	 average finals: 226.45
