pa_unsorted_concat 0:
226 	|	216 	216 	215 	216 	217 	| 	 avg: 216.00
240 	|	228 	230 	226 	228 	227 	| 	 avg: 227.80
249 	|	215 	224 	216 	214 	229 	| 	 avg: 219.60
235 	|	226 	237 	223 	222 	221 	| 	 avg: 225.80
238 	|	218 	224 	210 	212 	211 	| 	 avg: 215.00
238 	|	227 	236 	240 	224 	239 	| 	 avg: 233.20
239 	|	225 	232 	221 	221 	224 	| 	 avg: 224.60
243 	|	247 	238 	242 	237 	242 	| 	 avg: 241.20
244 	|	222 	222 	221 	226 	218 	| 	 avg: 221.80
247 	|	241 	231 	233 	233 	236 	| 	 avg: 234.80
225 	|	221 	219 	220 	222 	219 	| 	 avg: 220.20
238 	|	232 	229 	225 	229 	234 	| 	 avg: 229.80
235 	|	225 	226 	224 	228 	228 	| 	 avg: 226.20
227 	|	221 	222 	227 	217 	222 	| 	 avg: 221.80
243 	|	214 	220 	223 	217 	218 	| 	 avg: 218.40
230 	|	225 	220 	224 	225 	228 	| 	 avg: 224.40
235 	|	225 	219 	225 	220 	226 	| 	 avg: 223.00
229 	|	229 	221 	215 	217 	213 	| 	 avg: 219.00
227 	|	221 	220 	213 	218 	212 	| 	 avg: 216.80
245 	|	221 	228 	223 	225 	231 	| 	 avg: 225.60
average initials 236.65	 average finals: 223.80
