po_sorted_simple 1:
235 	|	218 	220 	231 	212 	221 	| 	 avg: 220.40
232 	|	222 	217 	219 	234 	214 	| 	 avg: 221.20
234 	|	222 	221 	221 	223 	216 	| 	 avg: 220.60
248 	|	217 	226 	227 	222 	226 	| 	 avg: 223.60
229 	|	219 	216 	217 	214 	216 	| 	 avg: 216.40
222 	|	217 	218 	221 	225 	223 	| 	 avg: 220.80
225 	|	212 	213 	216 	218 	209 	| 	 avg: 213.60
234 	|	226 	217 	230 	229 	221 	| 	 avg: 224.60
239 	|	228 	229 	226 	222 	218 	| 	 avg: 224.60
237 	|	222 	231 	225 	220 	227 	| 	 avg: 225.00
237 	|	221 	225 	231 	229 	225 	| 	 avg: 226.20
252 	|	218 	219 	218 	222 	235 	| 	 avg: 222.40
247 	|	229 	226 	225 	228 	224 	| 	 avg: 226.40
244 	|	223 	223 	220 	223 	227 	| 	 avg: 223.20
250 	|	217 	222 	215 	212 	226 	| 	 avg: 218.40
229 	|	219 	226 	216 	222 	213 	| 	 avg: 219.20
248 	|	231 	219 	221 	223 	221 	| 	 avg: 223.00
252 	|	219 	225 	217 	221 	225 	| 	 avg: 221.40
245 	|	229 	227 	229 	233 	225 	| 	 avg: 228.60
232 	|	214 	216 	215 	217 	219 	| 	 avg: 216.20
average initials 238.55	 average finals: 221.40
