pa_sorted_simple 1:
233 	|	222 	217 	222 	215 	225 	| 	 avg: 220.20
240 	|	232 	224 	218 	222 	226 	| 	 avg: 224.40
225 	|	222 	225 	225 	223 	230 	| 	 avg: 225.00
237 	|	221 	223 	218 	225 	224 	| 	 avg: 222.20
227 	|	224 	226 	234 	220 	222 	| 	 avg: 225.20
231 	|	218 	226 	218 	217 	215 	| 	 avg: 218.80
244 	|	222 	231 	219 	221 	228 	| 	 avg: 224.20
232 	|	217 	218 	212 	217 	218 	| 	 avg: 216.40
235 	|	230 	230 	220 	232 	226 	| 	 avg: 227.60
226 	|	216 	212 	225 	216 	215 	| 	 avg: 216.80
250 	|	220 	220 	222 	224 	225 	| 	 avg: 222.20
234 	|	229 	222 	219 	217 	226 	| 	 avg: 222.60
237 	|	224 	219 	223 	221 	220 	| 	 avg: 221.40
229 	|	227 	227 	222 	216 	224 	| 	 avg: 223.20
238 	|	214 	216 	216 	218 	222 	| 	 avg: 217.20
237 	|	223 	224 	223 	222 	222 	| 	 avg: 222.80
234 	|	226 	221 	220 	230 	225 	| 	 avg: 224.40
231 	|	224 	217 	226 	225 	228 	| 	 avg: 224.00
231 	|	220 	223 	233 	224 	227 	| 	 avg: 225.40
227 	|	223 	220 	223 	217 	222 	| 	 avg: 221.00
average initials 233.90	 average finals: 221.90
