pa_unsorted_concat 0:
589 	|	617 	619 	593 	593 	593 	| 	 avg: 603.00
582 	|	638 	638 	638 	623 	623 	| 	 avg: 632.00
571 	|	589 	615 	615 	615 	595 	| 	 avg: 605.80
542 	|	613 	607 	607 	607 	607 	| 	 avg: 608.20
553 	|	632 	632 	617 	617 	617 	| 	 avg: 623.00
643 	|	664 	664 	664 	662 	662 	| 	 avg: 663.20
595 	|	619 	607 	607 	607 	612 	| 	 avg: 610.40
572 	|	600 	600 	594 	594 	594 	| 	 avg: 596.40
539 	|	645 	602 	602 	602 	597 	| 	 avg: 609.60
576 	|	593 	593 	599 	599 	599 	| 	 avg: 596.60
572 	|	587 	587 	587 	582 	582 	| 	 avg: 585.00
567 	|	583 	596 	596 	596 	605 	| 	 avg: 595.20
594 	|	605 	605 	613 	613 	613 	| 	 avg: 609.80
539 	|	587 	587 	587 	620 	620 	| 	 avg: 600.20
548 	|	650 	608 	608 	608 	598 	| 	 avg: 614.40
614 	|	615 	615 	615 	615 	615 	| 	 avg: 615.00
595 	|	569 	569 	569 	620 	620 	| 	 avg: 589.40
576 	|	602 	595 	595 	595 	595 	| 	 avg: 596.40
596 	|	608 	608 	608 	610 	610 	| 	 avg: 608.80
638 	|	606 	622 	622 	622 	622 	| 	 avg: 618.80
average initials   580	 average finals:   608
