pa_unsorted_concat 1:
618 	|	621 	621 	621 	610 	610 	| 	 avg: 616.60
596 	|	574 	574 	596 	596 	596 	| 	 avg: 587.20
638 	|	595 	595 	569 	569 	569 	| 	 avg: 579.40
646 	|	602 	606 	606 	606 	606 	| 	 avg: 605.20
610 	|	599 	599 	599 	599 	636 	| 	 avg: 606.40
576 	|	566 	566 	566 	570 	570 	| 	 avg: 567.60
577 	|	546 	546 	610 	610 	610 	| 	 avg: 584.40
570 	|	577 	572 	572 	572 	572 	| 	 avg: 573.00
584 	|	604 	604 	604 	604 	604 	| 	 avg: 604.00
586 	|	571 	571 	571 	571 	566 	| 	 avg: 570.00
611 	|	580 	580 	580 	587 	587 	| 	 avg: 582.80
607 	|	612 	612 	604 	604 	604 	| 	 avg: 607.20
539 	|	578 	602 	602 	602 	602 	| 	 avg: 597.20
574 	|	570 	570 	570 	570 	568 	| 	 avg: 569.60
574 	|	570 	602 	602 	602 	587 	| 	 avg: 592.60
578 	|	569 	569 	606 	606 	606 	| 	 avg: 591.20
575 	|	598 	575 	575 	575 	575 	| 	 avg: 579.60
614 	|	599 	599 	599 	599 	599 	| 	 avg: 599.00
539 	|	539 	539 	539 	539 	591 	| 	 avg: 549.40
591 	|	600 	600 	600 	573 	573 	| 	 avg: 589.20
average initials   590	 average finals:   587
