pa_sorted_simple 1:
583 	|	603 	592 	592 	592 	567 	| 	 avg: 589.20
586 	|	570 	570 	573 	573 	573 	| 	 avg: 571.80
542 	|	568 	568 	568 	568 	568 	| 	 avg: 568.00
586 	|	598 	598 	598 	598 	600 	| 	 avg: 598.40
580 	|	577 	577 	594 	594 	594 	| 	 avg: 587.20
545 	|	568 	568 	568 	568 	627 	| 	 avg: 579.80
568 	|	576 	576 	576 	575 	575 	| 	 avg: 575.60
617 	|	601 	568 	568 	568 	568 	| 	 avg: 574.60
539 	|	601 	601 	601 	601 	576 	| 	 avg: 596.00
571 	|	542 	542 	593 	593 	593 	| 	 avg: 572.60
633 	|	570 	570 	570 	570 	598 	| 	 avg: 575.60
628 	|	582 	582 	578 	578 	578 	| 	 avg: 579.60
570 	|	574 	595 	595 	595 	595 	| 	 avg: 590.80
541 	|	568 	568 	568 	624 	624 	| 	 avg: 590.40
616 	|	609 	608 	608 	608 	608 	| 	 avg: 608.20
594 	|	569 	569 	569 	565 	565 	| 	 avg: 567.40
644 	|	604 	600 	600 	600 	600 	| 	 avg: 600.80
575 	|	609 	609 	609 	579 	579 	| 	 avg: 597.00
579 	|	607 	596 	596 	596 	596 	| 	 avg: 598.20
615 	|	619 	619 	619 	588 	588 	| 	 avg: 606.60
average initials   585	 average finals:   585
