pa_unsorted_concat 1:
903 	|	735 	948 	1032 	1276 	980 	| 	 avg: 994.20
717 	|	1372 	805 	1042 	1293 	771 	| 	 avg: 1056.60
688 	|	744 	1034 	1138 	982 	1093 	| 	 avg: 998.20
924 	|	1093 	1056 	930 	962 	754 	| 	 avg: 959.00
887 	|	1069 	949 	963 	1262 	960 	| 	 avg: 1040.60
734 	|	1185 	775 	772 	864 	975 	| 	 avg: 914.20
1054 	|	1148 	897 	1289 	1159 	1086 	| 	 avg: 1115.80
841 	|	1104 	1012 	794 	915 	1248 	| 	 avg: 1014.60
736 	|	968 	1257 	918 	786 	1181 	| 	 avg: 1022.00
810 	|	1146 	981 	1324 	990 	1163 	| 	 avg: 1120.80
799 	|	739 	1131 	818 	1099 	929 	| 	 avg: 943.20
704 	|	1030 	1048 	796 	1034 	1511 	| 	 avg: 1083.80
759 	|	1019 	1082 	1318 	974 	787 	| 	 avg: 1036.00
934 	|	1290 	822 	995 	1346 	899 	| 	 avg: 1070.40
1023 	|	1144 	1277 	913 	935 	978 	| 	 avg: 1049.40
746 	|	925 	820 	859 	820 	808 	| 	 avg: 846.40
878 	|	907 	900 	927 	1263 	920 	| 	 avg: 983.40
708 	|	1252 	1125 	1188 	1150 	1073 	| 	 avg: 1157.60
1101 	|	1078 	1447 	1091 	1201 	821 	| 	 avg: 1127.60
798 	|	787 	837 	1118 	756 	1087 	| 	 avg: 917.00
average initials 837.20	 average finals: 1022.15
