pa_unsorted_concat 0:
745 	|	976 	948 	750 	758 	878 	| 	 avg: 862.00
748 	|	1304 	825 	863 	713 	1151 	| 	 avg: 971.20
675 	|	768 	754 	747 	722 	1070 	| 	 avg: 812.20
705 	|	1110 	731 	1062 	1261 	736 	| 	 avg: 980.00
677 	|	957 	1099 	1147 	1074 	809 	| 	 avg: 1017.20
990 	|	1262 	1185 	1173 	849 	1194 	| 	 avg: 1132.60
697 	|	1041 	805 	1505 	931 	1313 	| 	 avg: 1119.00
879 	|	984 	776 	971 	1096 	1077 	| 	 avg: 980.80
669 	|	719 	1047 	725 	738 	1177 	| 	 avg: 881.20
696 	|	830 	736 	1016 	1406 	955 	| 	 avg: 988.60
1526 	|	993 	804 	1222 	790 	1115 	| 	 avg: 984.80
804 	|	1098 	1379 	1045 	801 	1212 	| 	 avg: 1107.00
703 	|	1047 	1000 	943 	1161 	726 	| 	 avg: 975.40
838 	|	1366 	700 	848 	1084 	855 	| 	 avg: 970.60
691 	|	694 	1035 	1005 	1053 	711 	| 	 avg: 899.60
736 	|	983 	968 	917 	962 	946 	| 	 avg: 955.20
990 	|	902 	844 	816 	711 	973 	| 	 avg: 849.20
869 	|	1069 	998 	806 	947 	934 	| 	 avg: 950.80
734 	|	836 	856 	848 	730 	801 	| 	 avg: 814.20
713 	|	838 	732 	989 	1019 	1023 	| 	 avg: 920.20
average initials 804.25	 average finals: 958.25
