po_sorted_simple 1:
731 	|	935 	851 	826 	945 	1077 	| 	 avg: 926.80
782 	|	1080 	897 	858 	851 	1061 	| 	 avg: 949.40
704 	|	1144 	1027 	1105 	893 	1419 	| 	 avg: 1117.60
669 	|	792 	893 	1176 	949 	952 	| 	 avg: 952.40
933 	|	873 	913 	896 	960 	1318 	| 	 avg: 992.00
832 	|	944 	912 	1055 	1206 	830 	| 	 avg: 989.40
1024 	|	957 	838 	1093 	963 	857 	| 	 avg: 941.60
861 	|	1128 	911 	884 	830 	807 	| 	 avg: 912.00
725 	|	1280 	947 	808 	853 	837 	| 	 avg: 945.00
734 	|	1114 	839 	1134 	839 	871 	| 	 avg: 959.40
710 	|	932 	865 	869 	846 	1152 	| 	 avg: 932.80
829 	|	873 	933 	806 	858 	1299 	| 	 avg: 953.80
1107 	|	844 	915 	857 	923 	846 	| 	 avg: 877.00
707 	|	867 	826 	979 	841 	896 	| 	 avg: 881.80
715 	|	1059 	845 	837 	1222 	1011 	| 	 avg: 994.80
808 	|	1032 	1227 	876 	1182 	830 	| 	 avg: 1029.40
936 	|	887 	931 	898 	1305 	968 	| 	 avg: 997.80
811 	|	1204 	908 	1057 	1049 	903 	| 	 avg: 1024.20
1062 	|	1095 	1012 	1113 	980 	873 	| 	 avg: 1014.60
872 	|	1084 	863 	930 	1161 	841 	| 	 avg: 975.80
average initials 827.60	 average finals: 967.90
