pa_sorted_simple 1:
715 	|	945 	1080 	832 	1098 	876 	| 	 avg: 966.20
823 	|	973 	1059 	918 	899 	891 	| 	 avg: 948.00
691 	|	1118 	844 	1007 	1240 	1084 	| 	 avg: 1058.60
762 	|	1178 	932 	820 	879 	946 	| 	 avg: 951.00
727 	|	873 	729 	749 	899 	810 	| 	 avg: 812.00
959 	|	1324 	991 	1223 	1164 	859 	| 	 avg: 1112.20
752 	|	842 	948 	856 	767 	840 	| 	 avg: 850.60
1102 	|	911 	816 	878 	857 	998 	| 	 avg: 892.00
856 	|	801 	841 	839 	967 	932 	| 	 avg: 876.00
716 	|	819 	851 	851 	858 	909 	| 	 avg: 857.60
812 	|	948 	1242 	926 	884 	1074 	| 	 avg: 1014.80
788 	|	1066 	821 	860 	998 	780 	| 	 avg: 905.00
668 	|	819 	749 	747 	730 	1011 	| 	 avg: 811.20
880 	|	882 	853 	997 	1214 	821 	| 	 avg: 953.40
1238 	|	1304 	963 	942 	826 	1307 	| 	 avg: 1068.40
711 	|	826 	1181 	832 	854 	1007 	| 	 avg: 940.00
891 	|	889 	1013 	796 	979 	1332 	| 	 avg: 1001.80
825 	|	1268 	1166 	1056 	791 	898 	| 	 avg: 1035.80
754 	|	990 	844 	912 	866 	900 	| 	 avg: 902.40
683 	|	874 	742 	1148 	1043 	840 	| 	 avg: 929.40
average initials 817.65	 average finals: 944.00
