po_unsorted_concat 1:
645 	|	600 	612 	599 	572 	555 	| 	 avg: 587.60
552 	|	582 	589 	609 	581 	578 	| 	 avg: 587.80
647 	|	602 	584 	593 	583 	622 	| 	 avg: 596.80
598 	|	584 	616 	572 	615 	578 	| 	 avg: 593.00
598 	|	543 	582 	603 	583 	584 	| 	 avg: 579.00
548 	|	542 	576 	575 	602 	584 	| 	 avg: 575.80
601 	|	588 	542 	587 	627 	609 	| 	 avg: 590.60
641 	|	577 	576 	621 	599 	572 	| 	 avg: 589.00
594 	|	618 	590 	610 	599 	575 	| 	 avg: 598.40
582 	|	579 	586 	605 	583 	578 	| 	 avg: 586.20
592 	|	577 	607 	576 	584 	600 	| 	 avg: 588.80
582 	|	611 	577 	574 	588 	551 	| 	 avg: 580.20
597 	|	581 	599 	619 	619 	631 	| 	 avg: 609.80
619 	|	603 	614 	577 	584 	617 	| 	 avg: 599.00
623 	|	580 	617 	625 	607 	629 	| 	 avg: 611.60
591 	|	577 	630 	600 	585 	632 	| 	 avg: 604.80
608 	|	586 	600 	602 	542 	582 	| 	 avg: 582.40
605 	|	587 	590 	589 	607 	583 	| 	 avg: 591.20
604 	|	604 	575 	590 	625 	572 	| 	 avg: 593.20
564 	|	601 	603 	580 	588 	608 	| 	 avg: 596.00
average initials 599.55	 average finals: 591.65
