po_unsorted_concat 1:
604 	|	582 	607 	596 	609 	576 	| 	 avg: 594.00
631 	|	549 	579 	605 	586 	585 	| 	 avg: 580.80
558 	|	541 	610 	590 	606 	629 	| 	 avg: 595.20
552 	|	554 	599 	596 	570 	577 	| 	 avg: 579.20
634 	|	598 	604 	616 	576 	616 	| 	 avg: 602.00
602 	|	597 	613 	627 	584 	598 	| 	 avg: 603.80
591 	|	578 	605 	601 	585 	594 	| 	 avg: 592.60
572 	|	607 	597 	540 	650 	587 	| 	 avg: 596.20
605 	|	585 	603 	546 	542 	590 	| 	 avg: 573.20
626 	|	574 	545 	583 	632 	578 	| 	 avg: 582.40
584 	|	586 	622 	599 	625 	610 	| 	 avg: 608.40
596 	|	591 	582 	576 	605 	579 	| 	 avg: 586.60
591 	|	588 	589 	594 	578 	595 	| 	 avg: 588.80
632 	|	597 	616 	575 	582 	608 	| 	 avg: 595.60
598 	|	590 	576 	582 	600 	585 	| 	 avg: 586.60
609 	|	581 	615 	579 	585 	554 	| 	 avg: 582.80
584 	|	613 	600 	593 	600 	618 	| 	 avg: 604.80
620 	|	576 	588 	543 	589 	588 	| 	 avg: 576.80
631 	|	589 	592 	622 	616 	617 	| 	 avg: 607.20
579 	|	581 	575 	587 	584 	593 	| 	 avg: 584.00
average initials 599.95	 average finals: 590.60
