pa_sorted_mix 0 1:
589 	|	763 	635 	643 	643 	630 	| 	 avg: 662.80
638 	|	613 	588 	623 	638 	653 	| 	 avg: 623.00
589 	|	1314 	630 	658 	631 	633 	| 	 avg: 773.20
602 	|	978 	627 	763 	602 	620 	| 	 avg: 718.00
611 	|	642 	654 	672 	628 	776 	| 	 avg: 674.40
639 	|	663 	631 	630 	769 	641 	| 	 avg: 666.80
636 	|	653 	701 	676 	672 	653 	| 	 avg: 671.00
594 	|	626 	628 	620 	630 	624 	| 	 avg: 625.60
598 	|	622 	612 	630 	621 	607 	| 	 avg: 618.40
648 	|	645 	649 	759 	650 	612 	| 	 avg: 663.00
551 	|	629 	774 	767 	650 	636 	| 	 avg: 691.20
605 	|	753 	639 	628 	626 	648 	| 	 avg: 658.80
655 	|	687 	690 	683 	665 	694 	| 	 avg: 683.80
587 	|	594 	748 	644 	653 	763 	| 	 avg: 680.40
646 	|	673 	634 	637 	643 	659 	| 	 avg: 649.20
600 	|	632 	634 	626 	632 	656 	| 	 avg: 636.00
595 	|	627 	626 	632 	770 	624 	| 	 avg: 655.80
660 	|	642 	630 	647 	630 	630 	| 	 avg: 635.80
656 	|	649 	638 	645 	646 	643 	| 	 avg: 644.20
607 	|	620 	629 	628 	614 	640 	| 	 avg: 626.20
average initials 615.30	 average finals: 662.50
