pa_unsorted_concat 1:
642 	|	576 	606 	599 	599 	600 	| 	 avg: 596.00
609 	|	632 	597 	592 	605 	605 	| 	 avg: 606.20
591 	|	623 	606 	598 	582 	614 	| 	 avg: 604.60
651 	|	593 	608 	585 	597 	618 	| 	 avg: 600.20
643 	|	592 	624 	620 	607 	583 	| 	 avg: 605.20
605 	|	591 	576 	584 	546 	541 	| 	 avg: 567.60
595 	|	618 	610 	605 	607 	599 	| 	 avg: 607.80
547 	|	605 	583 	596 	601 	604 	| 	 avg: 597.80
664 	|	582 	621 	541 	607 	605 	| 	 avg: 591.20
552 	|	579 	611 	576 	582 	587 	| 	 avg: 587.00
609 	|	611 	577 	605 	541 	575 	| 	 avg: 581.80
627 	|	612 	589 	579 	551 	583 	| 	 avg: 582.80
665 	|	609 	544 	621 	632 	592 	| 	 avg: 599.60
592 	|	589 	603 	591 	596 	606 	| 	 avg: 597.00
600 	|	636 	583 	624 	541 	597 	| 	 avg: 596.20
609 	|	599 	602 	599 	616 	600 	| 	 avg: 603.20
600 	|	630 	581 	575 	591 	578 	| 	 avg: 591.00
585 	|	585 	589 	548 	597 	543 	| 	 avg: 572.40
587 	|	642 	581 	608 	586 	595 	| 	 avg: 602.40
590 	|	606 	606 	584 	580 	619 	| 	 avg: 599.00
average initials 608.15	 average finals: 594.10
