po_sorted_mix 1 0:
618 	|	720 	735 	727 	724 	744 	| 	 avg: 730.00
599 	|	717 	730 	736 	709 	737 	| 	 avg: 725.80
586 	|	738 	742 	723 	684 	733 	| 	 avg: 724.00
607 	|	737 	718 	723 	725 	726 	| 	 avg: 725.80
606 	|	719 	719 	722 	738 	682 	| 	 avg: 716.00
548 	|	682 	707 	728 	687 	717 	| 	 avg: 704.20
601 	|	695 	726 	737 	700 	755 	| 	 avg: 722.60
590 	|	742 	723 	729 	713 	746 	| 	 avg: 730.60
582 	|	715 	743 	722 	730 	734 	| 	 avg: 728.80
625 	|	735 	725 	723 	746 	729 	| 	 avg: 731.60
606 	|	732 	710 	729 	720 	714 	| 	 avg: 721.00
632 	|	726 	710 	723 	723 	719 	| 	 avg: 720.20
650 	|	739 	689 	717 	694 	732 	| 	 avg: 714.20
615 	|	735 	714 	747 	721 	736 	| 	 avg: 730.60
602 	|	730 	748 	731 	734 	719 	| 	 avg: 732.40
588 	|	739 	733 	717 	744 	723 	| 	 avg: 731.20
601 	|	719 	725 	734 	695 	729 	| 	 avg: 720.40
623 	|	727 	719 	938 	715 	714 	| 	 avg: 762.60
595 	|	738 	741 	719 	683 	731 	| 	 avg: 722.40
654 	|	712 	683 	684 	710 	725 	| 	 avg: 702.80
average initials 606.40	 average finals: 724.45
