pa_sorted_mix 1 1:
599 	|	622 	595 	625 	649 	642 	| 	 avg: 626.60
647 	|	644 	648 	626 	645 	615 	| 	 avg: 635.60
594 	|	642 	545 	639 	646 	609 	| 	 avg: 616.20
605 	|	628 	633 	635 	640 	625 	| 	 avg: 632.20
624 	|	597 	618 	608 	622 	607 	| 	 avg: 610.40
607 	|	636 	640 	584 	633 	625 	| 	 avg: 623.60
555 	|	628 	550 	628 	645 	630 	| 	 avg: 616.20
600 	|	635 	606 	594 	649 	634 	| 	 avg: 623.60
623 	|	635 	630 	555 	635 	609 	| 	 avg: 612.80
609 	|	637 	632 	597 	624 	625 	| 	 avg: 623.00
586 	|	642 	637 	636 	633 	601 	| 	 avg: 629.80
622 	|	603 	624 	637 	606 	592 	| 	 avg: 612.40
590 	|	638 	615 	635 	640 	632 	| 	 avg: 632.00
622 	|	596 	620 	594 	636 	641 	| 	 avg: 617.40
602 	|	620 	639 	597 	618 	607 	| 	 avg: 616.20
611 	|	616 	615 	624 	624 	587 	| 	 avg: 613.20
543 	|	645 	620 	633 	644 	604 	| 	 avg: 629.20
594 	|	581 	598 	619 	614 	645 	| 	 avg: 611.40
598 	|	638 	633 	640 	648 	651 	| 	 avg: 642.00
641 	|	614 	607 	637 	608 	637 	| 	 avg: 620.60
average initials 603.60	 average finals: 621.85
