pa_unsorted_concat 1:
600 	|	601 	548 	609 	597 	580 	| 	 avg: 587.00
594 	|	595 	591 	600 	597 	599 	| 	 avg: 596.40
556 	|	622 	583 	581 	591 	592 	| 	 avg: 593.80
632 	|	587 	587 	595 	587 	622 	| 	 avg: 595.60
607 	|	606 	622 	582 	598 	607 	| 	 avg: 603.00
610 	|	589 	589 	604 	587 	626 	| 	 avg: 599.00
559 	|	543 	607 	618 	607 	584 	| 	 avg: 591.80
593 	|	574 	605 	583 	578 	608 	| 	 avg: 589.60
604 	|	586 	597 	584 	618 	583 	| 	 avg: 593.60
608 	|	617 	586 	605 	574 	579 	| 	 avg: 592.20
609 	|	573 	592 	621 	581 	572 	| 	 avg: 587.80
594 	|	598 	597 	584 	607 	593 	| 	 avg: 595.80
617 	|	587 	581 	645 	580 	578 	| 	 avg: 594.20
587 	|	627 	622 	584 	585 	597 	| 	 avg: 603.00
549 	|	578 	598 	603 	611 	581 	| 	 avg: 594.20
590 	|	595 	597 	608 	581 	612 	| 	 avg: 598.60
599 	|	595 	599 	575 	613 	583 	| 	 avg: 593.00
554 	|	604 	595 	576 	576 	617 	| 	 avg: 593.60
605 	|	599 	595 	602 	613 	575 	| 	 avg: 596.80
555 	|	606 	589 	591 	608 	583 	| 	 avg: 595.40
average initials 591.10	 average finals: 594.30
