po_sorted_mix 1 1:
635 	|	628 	648 	606 	604 	642 	| 	 avg: 625.60
625 	|	596 	609 	621 	645 	641 	| 	 avg: 622.40
621 	|	619 	625 	628 	665 	636 	| 	 avg: 634.60
640 	|	636 	603 	607 	649 	602 	| 	 avg: 619.40
636 	|	628 	604 	599 	559 	650 	| 	 avg: 608.00
590 	|	596 	640 	633 	643 	624 	| 	 avg: 627.20
593 	|	551 	648 	672 	643 	647 	| 	 avg: 632.20
589 	|	636 	686 	667 	603 	638 	| 	 avg: 646.00
587 	|	616 	662 	631 	655 	607 	| 	 avg: 634.20
600 	|	661 	641 	616 	649 	652 	| 	 avg: 643.80
591 	|	652 	651 	628 	633 	631 	| 	 avg: 639.00
551 	|	647 	628 	652 	612 	619 	| 	 avg: 631.60
636 	|	608 	674 	639 	556 	634 	| 	 avg: 622.20
598 	|	653 	631 	626 	650 	633 	| 	 avg: 638.60
638 	|	626 	629 	650 	597 	555 	| 	 avg: 611.40
601 	|	647 	664 	652 	606 	620 	| 	 avg: 637.80
637 	|	662 	637 	636 	660 	631 	| 	 avg: 645.20
575 	|	622 	666 	630 	648 	625 	| 	 avg: 638.20
594 	|	667 	652 	682 	641 	657 	| 	 avg: 659.80
631 	|	623 	642 	595 	627 	654 	| 	 avg: 628.20
average initials 608.40	 average finals: 631.90
