pa_sorted_mix 0 0:
611 	|	687 	748 	686 	738 	761 	| 	 avg: 724.00
610 	|	639 	694 	1381 	1322 	698 	| 	 avg: 946.80
546 	|	676 	658 	773 	676 	676 	| 	 avg: 691.80
597 	|	641 	737 	650 	654 	644 	| 	 avg: 665.20
596 	|	631 	755 	620 	639 	643 	| 	 avg: 657.60
581 	|	624 	666 	620 	650 	663 	| 	 avg: 644.60
555 	|	774 	666 	660 	790 	704 	| 	 avg: 718.80
610 	|	792 	641 	681 	691 	610 	| 	 avg: 683.00
638 	|	707 	667 	683 	755 	1306 	| 	 avg: 823.60
543 	|	663 	682 	672 	655 	656 	| 	 avg: 665.60
550 	|	652 	1394 	670 	694 	681 	| 	 avg: 818.20
635 	|	645 	647 	766 	762 	646 	| 	 avg: 693.20
608 	|	761 	670 	577 	758 	752 	| 	 avg: 703.60
604 	|	763 	554 	638 	760 	655 	| 	 avg: 674.00
552 	|	661 	698 	684 	797 	654 	| 	 avg: 698.80
618 	|	733 	653 	655 	673 	673 	| 	 avg: 677.40
551 	|	548 	793 	676 	664 	666 	| 	 avg: 669.40
558 	|	674 	669 	681 	765 	797 	| 	 avg: 717.20
587 	|	648 	616 	762 	599 	611 	| 	 avg: 647.20
611 	|	649 	645 	640 	633 	659 	| 	 avg: 645.20
average initials 588.05	 average finals: 707.85
