pa_unsorted_concat 0:
601 	|	612 	599 	596 	627 	609 	| 	 avg: 608.60
597 	|	656 	637 	637 	605 	623 	| 	 avg: 631.60
638 	|	666 	625 	640 	662 	629 	| 	 avg: 644.40
586 	|	590 	836 	603 	612 	607 	| 	 avg: 649.60
616 	|	635 	631 	618 	618 	634 	| 	 avg: 627.20
618 	|	638 	672 	601 	601 	629 	| 	 avg: 628.20
598 	|	621 	612 	610 	608 	615 	| 	 avg: 613.20
607 	|	600 	611 	616 	616 	610 	| 	 avg: 610.60
556 	|	632 	658 	655 	637 	631 	| 	 avg: 642.60
621 	|	642 	619 	657 	634 	621 	| 	 avg: 634.60
545 	|	647 	654 	660 	637 	619 	| 	 avg: 643.40
629 	|	606 	643 	628 	606 	624 	| 	 avg: 621.40
564 	|	617 	635 	623 	647 	669 	| 	 avg: 638.20
590 	|	609 	611 	626 	831 	617 	| 	 avg: 658.80
627 	|	653 	609 	617 	658 	614 	| 	 avg: 630.20
590 	|	923 	597 	594 	604 	614 	| 	 avg: 666.40
598 	|	578 	590 	589 	601 	578 	| 	 avg: 587.20
656 	|	645 	694 	633 	619 	632 	| 	 avg: 644.60
657 	|	664 	1307 	1070 	691 	665 	| 	 avg: 879.40
645 	|	613 	643 	640 	637 	813 	| 	 avg: 669.20
average initials 606.95	 average finals: 646.05
