pa_unsorted_concat 0:
595 	|	622 	668 	576 	594 	594 	| 	 avg: 610.80
595 	|	607 	610 	601 	590 	625 	| 	 avg: 606.60
589 	|	596 	602 	610 	597 	605 	| 	 avg: 602.00
641 	|	585 	644 	612 	616 	838 	| 	 avg: 659.00
601 	|	593 	615 	613 	596 	599 	| 	 avg: 603.20
612 	|	658 	627 	655 	631 	620 	| 	 avg: 638.20
579 	|	599 	604 	610 	598 	600 	| 	 avg: 602.20
629 	|	629 	654 	628 	645 	625 	| 	 avg: 636.20
623 	|	600 	604 	616 	605 	608 	| 	 avg: 606.60
586 	|	611 	620 	612 	617 	596 	| 	 avg: 611.20
607 	|	607 	613 	618 	609 	592 	| 	 avg: 607.80
601 	|	629 	603 	625 	605 	598 	| 	 avg: 612.00
594 	|	645 	607 	614 	607 	667 	| 	 avg: 628.00
641 	|	629 	634 	643 	639 	628 	| 	 avg: 634.60
553 	|	610 	634 	610 	622 	673 	| 	 avg: 629.80
589 	|	603 	601 	610 	598 	621 	| 	 avg: 606.60
602 	|	604 	604 	608 	580 	600 	| 	 avg: 599.20
608 	|	621 	606 	609 	626 	635 	| 	 avg: 619.40
595 	|	839 	609 	646 	642 	607 	| 	 avg: 668.60
610 	|	628 	614 	620 	661 	614 	| 	 avg: 627.40
average initials 602.50	 average finals: 620.10
