pa_sorted_mix 1 0:
606 	|	622 	675 	651 	670 	605 	| 	 avg: 644.60
585 	|	674 	672 	648 	653 	553 	| 	 avg: 640.00
585 	|	675 	673 	684 	631 	669 	| 	 avg: 666.40
584 	|	662 	601 	716 	657 	977 	| 	 avg: 722.60
628 	|	640 	614 	643 	691 	649 	| 	 avg: 647.40
586 	|	593 	609 	643 	606 	676 	| 	 avg: 625.40
609 	|	649 	661 	640 	650 	663 	| 	 avg: 652.60
558 	|	637 	635 	603 	655 	624 	| 	 avg: 630.80
627 	|	960 	606 	656 	632 	607 	| 	 avg: 692.20
604 	|	682 	646 	666 	643 	624 	| 	 avg: 652.20
591 	|	645 	611 	662 	630 	636 	| 	 avg: 636.80
609 	|	601 	655 	603 	622 	931 	| 	 avg: 682.40
637 	|	633 	661 	678 	661 	641 	| 	 avg: 654.80
550 	|	672 	651 	557 	627 	666 	| 	 avg: 634.60
591 	|	591 	593 	606 	683 	626 	| 	 avg: 619.80
608 	|	672 	598 	588 	621 	670 	| 	 avg: 629.80
602 	|	618 	604 	641 	658 	644 	| 	 avg: 633.00
598 	|	632 	635 	587 	630 	645 	| 	 avg: 625.80
584 	|	611 	655 	642 	663 	630 	| 	 avg: 640.20
543 	|	662 	748 	654 	622 	628 	| 	 avg: 662.80
average initials 594.25	 average finals: 649.20
