pa_unsorted_random:
634 	|	638 	656 	638 	671 	623 	| 	 avg: 645.20
667 	|	648 	626 	609 	608 	607 	| 	 avg: 619.60
581 	|	599 	596 	605 	644 	596 	| 	 avg: 608.00
591 	|	595 	595 	587 	622 	614 	| 	 avg: 602.60
598 	|	597 	610 	613 	662 	606 	| 	 avg: 617.60
601 	|	645 	565 	552 	641 	634 	| 	 avg: 607.40
596 	|	616 	611 	609 	591 	637 	| 	 avg: 612.80
633 	|	603 	597 	596 	555 	602 	| 	 avg: 590.60
606 	|	633 	626 	598 	640 	603 	| 	 avg: 620.00
553 	|	604 	621 	616 	622 	642 	| 	 avg: 621.00
590 	|	582 	605 	606 	586 	598 	| 	 avg: 595.40
602 	|	692 	655 	647 	657 	685 	| 	 avg: 667.20
658 	|	598 	594 	638 	646 	612 	| 	 avg: 617.60
601 	|	638 	643 	611 	596 	639 	| 	 avg: 625.40
629 	|	637 	639 	638 	609 	640 	| 	 avg: 632.60
611 	|	610 	648 	644 	648 	656 	| 	 avg: 641.20
635 	|	647 	635 	616 	614 	600 	| 	 avg: 622.40
594 	|	606 	597 	610 	594 	598 	| 	 avg: 601.00
588 	|	597 	591 	641 	601 	626 	| 	 avg: 611.20
591 	|	614 	648 	642 	596 	645 	| 	 avg: 629.00
average initials 607.95	 average finals: 619.05
