pa_unsorted_random:
632 	|	614 	599 	589 	587 	648 	| 	 avg: 607.40
591 	|	598 	670 	610 	592 	605 	| 	 avg: 615.00
594 	|	637 	552 	687 	605 	623 	| 	 avg: 620.80
593 	|	566 	603 	596 	615 	609 	| 	 avg: 597.80
594 	|	619 	586 	590 	604 	608 	| 	 avg: 601.40
608 	|	673 	631 	666 	646 	663 	| 	 avg: 655.80
555 	|	616 	669 	671 	633 	688 	| 	 avg: 655.40
667 	|	659 	669 	676 	625 	672 	| 	 avg: 660.20
594 	|	618 	643 	648 	640 	612 	| 	 avg: 632.20
634 	|	628 	656 	642 	670 	637 	| 	 avg: 646.60
548 	|	632 	624 	613 	644 	649 	| 	 avg: 632.40
601 	|	655 	614 	653 	665 	619 	| 	 avg: 641.20
672 	|	644 	592 	656 	617 	659 	| 	 avg: 633.60
591 	|	663 	559 	657 	686 	679 	| 	 avg: 648.80
592 	|	618 	684 	641 	662 	562 	| 	 avg: 633.40
599 	|	648 	595 	644 	652 	597 	| 	 avg: 627.20
607 	|	654 	644 	614 	586 	595 	| 	 avg: 618.60
590 	|	599 	593 	615 	586 	616 	| 	 avg: 601.80
619 	|	611 	694 	615 	637 	642 	| 	 avg: 639.80
603 	|	638 	602 	569 	617 	608 	| 	 avg: 606.80
average initials 604.20	 average finals: 628.30
