pa_unsorted_random:
637 	|	634 	629 	649 	595 	601 	| 	 avg: 621.60
630 	|	568 	656 	685 	634 	642 	| 	 avg: 637.00
602 	|	603 	609 	611 	570 	627 	| 	 avg: 604.00
610 	|	713 	556 	611 	655 	620 	| 	 avg: 631.00
589 	|	642 	658 	653 	600 	596 	| 	 avg: 629.80
594 	|	640 	640 	646 	636 	674 	| 	 avg: 647.20
609 	|	669 	651 	600 	618 	604 	| 	 avg: 628.40
552 	|	601 	667 	619 	601 	676 	| 	 avg: 632.80
631 	|	629 	596 	629 	632 	635 	| 	 avg: 624.20
647 	|	669 	688 	655 	673 	607 	| 	 avg: 658.40
593 	|	590 	580 	688 	659 	635 	| 	 avg: 630.40
651 	|	593 	610 	643 	591 	625 	| 	 avg: 612.40
585 	|	612 	597 	617 	594 	645 	| 	 avg: 613.00
556 	|	619 	675 	642 	638 	676 	| 	 avg: 650.00
585 	|	592 	626 	610 	598 	644 	| 	 avg: 614.00
601 	|	671 	623 	671 	612 	685 	| 	 avg: 652.40
612 	|	622 	620 	559 	660 	648 	| 	 avg: 621.80
590 	|	600 	612 	602 	640 	596 	| 	 avg: 610.00
606 	|	618 	647 	627 	612 	618 	| 	 avg: 624.40
607 	|	670 	597 	625 	640 	603 	| 	 avg: 627.00
average initials 604.35	 average finals: 628.20
