pa_unsorted_random:
582 	|	600 	594 	595 	654 	624 	| 	 avg: 613.40
663 	|	598 	668 	609 	675 	628 	| 	 avg: 635.60
586 	|	655 	628 	624 	608 	658 	| 	 avg: 634.60
608 	|	610 	658 	617 	652 	599 	| 	 avg: 627.20
583 	|	597 	594 	655 	605 	609 	| 	 avg: 612.00
591 	|	591 	589 	615 	591 	606 	| 	 avg: 598.40
640 	|	688 	682 	662 	607 	614 	| 	 avg: 650.60
588 	|	669 	682 	550 	655 	615 	| 	 avg: 634.20
589 	|	636 	628 	659 	544 	619 	| 	 avg: 617.20
624 	|	642 	613 	629 	627 	583 	| 	 avg: 618.80
628 	|	640 	605 	610 	644 	649 	| 	 avg: 629.60
612 	|	642 	645 	603 	624 	639 	| 	 avg: 630.60
617 	|	615 	633 	653 	619 	641 	| 	 avg: 632.20
624 	|	598 	605 	670 	607 	603 	| 	 avg: 616.60
617 	|	632 	657 	623 	660 	647 	| 	 avg: 643.80
604 	|	692 	635 	624 	603 	588 	| 	 avg: 628.40
671 	|	629 	601 	612 	598 	646 	| 	 avg: 617.20
578 	|	555 	655 	638 	649 	696 	| 	 avg: 638.60
596 	|	600 	690 	598 	600 	591 	| 	 avg: 615.80
589 	|	606 	595 	669 	646 	598 	| 	 avg: 622.80
average initials 609.50	 average finals: 625.40
