pa_unsorted_mix 0:
593 	|	661 	681 	600 	608 	584 	| 	 avg: 626.80
587 	|	583 	588 	627 	585 	602 	| 	 avg: 597.00
581 	|	686 	642 	689 	701 	651 	| 	 avg: 673.80
630 	|	606 	633 	607 	606 	635 	| 	 avg: 617.40
649 	|	672 	661 	676 	655 	700 	| 	 avg: 672.80
637 	|	626 	604 	602 	585 	618 	| 	 avg: 607.00
626 	|	634 	633 	659 	638 	641 	| 	 avg: 641.00
658 	|	715 	652 	649 	706 	697 	| 	 avg: 683.80
602 	|	682 	658 	668 	599 	674 	| 	 avg: 656.20
604 	|	618 	608 	625 	623 	667 	| 	 avg: 628.20
594 	|	646 	604 	608 	643 	646 	| 	 avg: 629.40
605 	|	679 	630 	623 	627 	655 	| 	 avg: 642.80
610 	|	671 	630 	666 	652 	651 	| 	 avg: 654.00
644 	|	638 	639 	674 	642 	661 	| 	 avg: 650.80
586 	|	595 	653 	626 	617 	610 	| 	 avg: 620.20
617 	|	595 	647 	657 	663 	625 	| 	 avg: 637.40
636 	|	693 	667 	589 	645 	664 	| 	 avg: 651.60
603 	|	654 	637 	586 	669 	623 	| 	 avg: 633.80
624 	|	658 	653 	636 	668 	657 	| 	 avg: 654.40
614 	|	639 	672 	645 	658 	640 	| 	 avg: 650.80
average initials 615.00	 average finals: 641.00
