pa_unsorted_mix 1:
603 	|	623 	578 	611 	662 	626 	| 	 avg: 620.00
584 	|	610 	609 	632 	601 	607 	| 	 avg: 611.80
655 	|	645 	647 	635 	646 	699 	| 	 avg: 654.40
605 	|	608 	631 	655 	619 	621 	| 	 avg: 626.80
628 	|	627 	638 	615 	607 	621 	| 	 avg: 621.60
588 	|	643 	617 	620 	630 	627 	| 	 avg: 627.40
583 	|	646 	610 	632 	617 	604 	| 	 avg: 621.80
555 	|	644 	693 	697 	651 	668 	| 	 avg: 670.60
657 	|	627 	649 	653 	638 	683 	| 	 avg: 650.00
598 	|	644 	648 	619 	645 	600 	| 	 avg: 631.20
628 	|	633 	637 	631 	629 	615 	| 	 avg: 629.00
597 	|	611 	622 	591 	619 	650 	| 	 avg: 618.60
582 	|	612 	624 	612 	648 	622 	| 	 avg: 623.60
623 	|	603 	646 	634 	634 	639 	| 	 avg: 631.20
609 	|	658 	659 	644 	648 	629 	| 	 avg: 647.60
552 	|	657 	700 	670 	704 	686 	| 	 avg: 683.40
596 	|	665 	647 	652 	612 	634 	| 	 avg: 642.00
646 	|	658 	624 	644 	638 	638 	| 	 avg: 640.40
545 	|	690 	672 	668 	696 	659 	| 	 avg: 677.00
604 	|	630 	600 	617 	627 	654 	| 	 avg: 625.60
average initials 601.90	 average finals: 637.30
