pa_unsorted_mix 0:
633 	|	631 	653 	647 	637 	634 	| 	 avg: 640.40
579 	|	592 	614 	606 	592 	592 	| 	 avg: 599.20
625 	|	612 	635 	631 	633 	653 	| 	 avg: 632.80
583 	|	668 	607 	614 	596 	585 	| 	 avg: 614.00
595 	|	596 	618 	611 	597 	608 	| 	 avg: 606.00
604 	|	656 	606 	619 	598 	655 	| 	 avg: 626.80
593 	|	595 	620 	591 	607 	593 	| 	 avg: 601.20
591 	|	649 	629 	667 	616 	649 	| 	 avg: 642.00
590 	|	610 	601 	602 	609 	612 	| 	 avg: 606.80
636 	|	614 	638 	611 	649 	656 	| 	 avg: 633.60
629 	|	579 	628 	632 	630 	640 	| 	 avg: 621.80
582 	|	605 	603 	613 	595 	596 	| 	 avg: 602.40
639 	|	638 	647 	632 	609 	617 	| 	 avg: 628.60
604 	|	658 	645 	604 	646 	620 	| 	 avg: 634.60
607 	|	632 	644 	696 	652 	626 	| 	 avg: 650.00
638 	|	642 	624 	622 	631 	617 	| 	 avg: 627.20
593 	|	652 	613 	660 	599 	590 	| 	 avg: 622.80
635 	|	653 	643 	666 	654 	661 	| 	 avg: 655.40
616 	|	681 	636 	681 	633 	617 	| 	 avg: 649.60
560 	|	638 	642 	634 	624 	678 	| 	 avg: 643.20
average initials 606.60	 average finals: 626.50
