pa_unsorted_mix 1:
618 	|	679 	578 	654 	648 	622 	| 	 avg: 636.20
601 	|	598 	626 	625 	656 	617 	| 	 avg: 624.40
595 	|	609 	632 	615 	636 	623 	| 	 avg: 623.00
637 	|	616 	656 	600 	599 	649 	| 	 avg: 624.00
566 	|	617 	668 	665 	667 	649 	| 	 avg: 653.20
623 	|	650 	631 	657 	668 	653 	| 	 avg: 651.80
601 	|	610 	609 	641 	606 	612 	| 	 avg: 615.60
605 	|	648 	683 	651 	654 	621 	| 	 avg: 651.40
619 	|	581 	657 	705 	629 	644 	| 	 avg: 643.20
649 	|	666 	672 	657 	661 	665 	| 	 avg: 664.20
600 	|	660 	693 	668 	574 	667 	| 	 avg: 652.40
601 	|	644 	657 	620 	655 	677 	| 	 avg: 650.60
581 	|	615 	633 	673 	613 	611 	| 	 avg: 629.00
631 	|	681 	680 	659 	687 	699 	| 	 avg: 681.20
596 	|	605 	648 	616 	651 	654 	| 	 avg: 634.80
603 	|	579 	693 	690 	684 	641 	| 	 avg: 657.40
629 	|	672 	665 	667 	630 	689 	| 	 avg: 664.60
592 	|	678 	605 	594 	620 	588 	| 	 avg: 617.00
544 	|	668 	667 	664 	650 	642 	| 	 avg: 658.20
604 	|	663 	642 	615 	612 	572 	| 	 avg: 620.80
average initials 604.75	 average finals: 642.30
