po_sorted_simple 1:
641 	|	616 	601 	597 	605 	588 	| 	 avg: 601.40
595 	|	600 	608 	585 	586 	603 	| 	 avg: 596.40
590 	|	624 	604 	617 	585 	569 	| 	 avg: 599.80
601 	|	574 	575 	614 	622 	577 	| 	 avg: 592.40
620 	|	598 	544 	580 	613 	599 	| 	 avg: 586.80
597 	|	581 	623 	592 	547 	580 	| 	 avg: 584.60
563 	|	594 	580 	573 	577 	614 	| 	 avg: 587.60
591 	|	603 	579 	605 	575 	573 	| 	 avg: 587.00
625 	|	620 	608 	592 	601 	616 	| 	 avg: 607.40
590 	|	585 	606 	597 	580 	615 	| 	 avg: 596.60
608 	|	577 	622 	584 	618 	574 	| 	 avg: 595.00
569 	|	575 	586 	548 	608 	581 	| 	 avg: 579.60
594 	|	617 	613 	611 	577 	624 	| 	 avg: 608.40
605 	|	589 	592 	615 	616 	610 	| 	 avg: 604.40
635 	|	579 	561 	600 	605 	606 	| 	 avg: 590.20
555 	|	604 	626 	609 	589 	614 	| 	 avg: 608.40
593 	|	613 	600 	572 	576 	602 	| 	 avg: 592.60
555 	|	619 	601 	609 	597 	606 	| 	 avg: 606.40
598 	|	576 	578 	616 	617 	574 	| 	 avg: 592.20
611 	|	596 	615 	617 	607 	609 	| 	 avg: 608.80
average initials 596.80	 average finals: 595.85
