po_sorted_simple 0:
626 	|	616 	601 	620 	612 	547 	| 	 avg: 599.20
631 	|	616 	604 	614 	604 	613 	| 	 avg: 610.20
583 	|	598 	587 	604 	603 	617 	| 	 avg: 601.80
573 	|	585 	622 	613 	607 	583 	| 	 avg: 602.00
583 	|	612 	597 	614 	611 	606 	| 	 avg: 608.00
656 	|	619 	598 	618 	612 	589 	| 	 avg: 607.20
620 	|	619 	606 	599 	610 	604 	| 	 avg: 607.60
632 	|	608 	608 	544 	608 	593 	| 	 avg: 592.20
602 	|	578 	604 	543 	589 	609 	| 	 avg: 584.60
588 	|	601 	608 	608 	607 	602 	| 	 avg: 605.20
590 	|	608 	608 	543 	575 	583 	| 	 avg: 583.40
592 	|	548 	581 	591 	545 	584 	| 	 avg: 569.80
593 	|	612 	605 	614 	611 	619 	| 	 avg: 612.20
634 	|	601 	585 	584 	618 	599 	| 	 avg: 597.40
622 	|	610 	575 	609 	613 	552 	| 	 avg: 591.80
613 	|	591 	543 	599 	579 	607 	| 	 avg: 583.80
587 	|	569 	610 	617 	618 	593 	| 	 avg: 601.40
601 	|	589 	628 	595 	611 	577 	| 	 avg: 600.00
636 	|	599 	617 	543 	607 	613 	| 	 avg: 595.80
592 	|	624 	576 	609 	619 	583 	| 	 avg: 602.20
average initials 607.70	 average finals: 597.40
