po_sorted_simple 1:
611 	|	583 	582 	577 	609 	584 	| 	 avg: 587.00
607 	|	584 	607 	590 	576 	611 	| 	 avg: 593.60
622 	|	573 	605 	602 	588 	605 	| 	 avg: 594.60
590 	|	600 	544 	601 	589 	580 	| 	 avg: 582.80
619 	|	611 	616 	607 	573 	604 	| 	 avg: 602.20
593 	|	615 	622 	572 	597 	621 	| 	 avg: 605.40
598 	|	584 	590 	604 	623 	577 	| 	 avg: 595.60
590 	|	611 	615 	572 	568 	609 	| 	 avg: 595.00
628 	|	576 	604 	591 	613 	583 	| 	 avg: 593.40
607 	|	607 	581 	599 	580 	620 	| 	 avg: 597.40
610 	|	547 	620 	601 	583 	620 	| 	 avg: 594.20
619 	|	618 	578 	578 	613 	579 	| 	 avg: 593.20
556 	|	613 	605 	640 	614 	580 	| 	 avg: 610.40
597 	|	611 	601 	615 	581 	593 	| 	 avg: 600.20
645 	|	584 	606 	581 	542 	598 	| 	 avg: 582.20
599 	|	603 	578 	610 	597 	624 	| 	 avg: 602.40
648 	|	608 	631 	589 	605 	608 	| 	 avg: 608.20
629 	|	621 	612 	569 	584 	578 	| 	 avg: 592.80
595 	|	622 	582 	585 	575 	600 	| 	 avg: 592.80
556 	|	574 	618 	585 	604 	618 	| 	 avg: 599.80
average initials 605.95	 average finals: 595.75
