po_sorted_simple 0:
576 	|	609 	581 	602 	617 	604 	| 	 avg: 602.60
587 	|	602 	622 	625 	605 	595 	| 	 avg: 609.80
607 	|	576 	612 	623 	620 	596 	| 	 avg: 605.40
587 	|	613 	591 	607 	574 	612 	| 	 avg: 599.40
632 	|	607 	590 	605 	605 	603 	| 	 avg: 602.00
549 	|	590 	599 	613 	600 	610 	| 	 avg: 602.40
635 	|	568 	609 	610 	603 	602 	| 	 avg: 598.40
606 	|	616 	614 	606 	601 	598 	| 	 avg: 607.00
602 	|	610 	604 	601 	592 	612 	| 	 avg: 603.80
624 	|	605 	592 	610 	605 	616 	| 	 avg: 605.60
640 	|	592 	576 	595 	593 	588 	| 	 avg: 588.80
640 	|	612 	605 	594 	615 	601 	| 	 avg: 605.40
588 	|	608 	578 	579 	609 	588 	| 	 avg: 592.40
609 	|	611 	611 	607 	592 	626 	| 	 avg: 609.40
634 	|	614 	619 	616 	596 	569 	| 	 avg: 602.80
550 	|	605 	597 	578 	603 	575 	| 	 avg: 591.60
599 	|	574 	608 	582 	611 	616 	| 	 avg: 598.20
615 	|	604 	597 	618 	612 	622 	| 	 avg: 610.60
555 	|	596 	604 	582 	614 	614 	| 	 avg: 602.00
611 	|	599 	602 	594 	605 	614 	| 	 avg: 602.80
average initials 602.30	 average finals: 601.55
