pa_sorted_simple 0:
547 	|	624 	612 	612 	577 	630 	| 	 avg: 611.00
594 	|	603 	602 	607 	620 	592 	| 	 avg: 604.80
570 	|	577 	600 	541 	596 	604 	| 	 avg: 583.60
608 	|	605 	610 	610 	606 	592 	| 	 avg: 604.60
622 	|	612 	541 	571 	609 	574 	| 	 avg: 581.40
590 	|	596 	606 	608 	606 	613 	| 	 avg: 605.80
559 	|	614 	601 	617 	573 	607 	| 	 avg: 602.40
595 	|	616 	615 	580 	590 	604 	| 	 avg: 601.00
590 	|	551 	590 	597 	603 	610 	| 	 avg: 590.20
625 	|	607 	604 	577 	607 	617 	| 	 avg: 602.40
552 	|	547 	616 	612 	614 	576 	| 	 avg: 593.00
549 	|	612 	609 	612 	596 	552 	| 	 avg: 596.20
611 	|	551 	606 	628 	594 	617 	| 	 avg: 599.20
594 	|	613 	546 	607 	614 	593 	| 	 avg: 594.60
623 	|	600 	616 	613 	609 	617 	| 	 avg: 611.00
596 	|	578 	588 	614 	605 	610 	| 	 avg: 599.00
628 	|	612 	592 	594 	611 	605 	| 	 avg: 602.80
568 	|	600 	596 	593 	604 	618 	| 	 avg: 602.20
581 	|	619 	582 	610 	601 	606 	| 	 avg: 603.60
601 	|	569 	607 	548 	579 	604 	| 	 avg: 581.40
average initials 590.15	 average finals: 598.15
