pa_sorted_simple 0:
554 	|	608 	582 	580 	564 	595 	| 	 avg: 585.80
583 	|	614 	606 	598 	592 	604 	| 	 avg: 602.80
541 	|	603 	601 	540 	540 	611 	| 	 avg: 579.00
558 	|	541 	613 	594 	610 	608 	| 	 avg: 593.20
603 	|	596 	586 	594 	596 	593 	| 	 avg: 593.00
610 	|	617 	598 	606 	611 	580 	| 	 avg: 602.40
606 	|	604 	605 	612 	602 	619 	| 	 avg: 608.40
595 	|	606 	623 	601 	604 	568 	| 	 avg: 600.40
650 	|	608 	602 	600 	598 	612 	| 	 avg: 604.00
594 	|	604 	627 	616 	605 	599 	| 	 avg: 610.20
604 	|	608 	607 	570 	618 	605 	| 	 avg: 601.60
645 	|	604 	596 	543 	595 	608 	| 	 avg: 589.20
600 	|	596 	605 	589 	587 	565 	| 	 avg: 588.40
595 	|	599 	567 	612 	613 	598 	| 	 avg: 597.80
650 	|	624 	603 	602 	590 	596 	| 	 avg: 603.00
593 	|	581 	603 	609 	600 	572 	| 	 avg: 593.00
564 	|	578 	605 	616 	598 	605 	| 	 avg: 600.40
614 	|	614 	593 	612 	594 	613 	| 	 avg: 605.20
608 	|	598 	577 	603 	611 	601 	| 	 avg: 598.00
585 	|	597 	606 	606 	606 	612 	| 	 avg: 605.40
average initials 597.60	 average finals: 597.75
