pa_sorted_simple 1:
637 	|	601 	585 	601 	610 	597 	| 	 avg: 598.80
597 	|	605 	611 	619 	572 	575 	| 	 avg: 596.40
637 	|	600 	574 	569 	559 	576 	| 	 avg: 575.60
586 	|	572 	610 	566 	600 	571 	| 	 avg: 583.80
628 	|	595 	570 	575 	595 	605 	| 	 avg: 588.00
594 	|	541 	602 	596 	572 	615 	| 	 avg: 585.20
600 	|	602 	606 	594 	611 	597 	| 	 avg: 602.00
596 	|	572 	576 	584 	585 	603 	| 	 avg: 584.00
639 	|	585 	603 	596 	607 	567 	| 	 avg: 591.60
660 	|	609 	580 	597 	585 	590 	| 	 avg: 592.20
631 	|	568 	574 	579 	572 	599 	| 	 avg: 578.40
622 	|	594 	603 	581 	580 	591 	| 	 avg: 589.80
550 	|	616 	556 	590 	598 	582 	| 	 avg: 588.40
584 	|	617 	600 	597 	553 	570 	| 	 avg: 587.40
641 	|	599 	614 	569 	591 	599 	| 	 avg: 594.40
614 	|	540 	601 	606 	603 	606 	| 	 avg: 591.20
589 	|	597 	572 	611 	587 	607 	| 	 avg: 594.80
628 	|	594 	569 	601 	573 	592 	| 	 avg: 585.80
601 	|	569 	568 	596 	593 	613 	| 	 avg: 587.80
587 	|	598 	590 	569 	570 	606 	| 	 avg: 586.60
average initials 611.05	 average finals: 588.65
