pa_sorted_simple 1:
593 	|	599 	596 	607 	588 	610 	| 	 avg: 600.00
621 	|	598 	608 	580 	572 	605 	| 	 avg: 592.60
638 	|	602 	601 	605 	569 	603 	| 	 avg: 596.00
597 	|	569 	587 	607 	550 	584 	| 	 avg: 579.40
541 	|	594 	604 	607 	542 	576 	| 	 avg: 584.60
558 	|	602 	600 	596 	599 	577 	| 	 avg: 594.80
553 	|	605 	605 	605 	607 	575 	| 	 avg: 599.40
602 	|	567 	606 	616 	570 	565 	| 	 avg: 584.80
563 	|	612 	567 	616 	570 	610 	| 	 avg: 595.00
656 	|	598 	615 	599 	576 	573 	| 	 avg: 592.20
652 	|	605 	577 	575 	611 	601 	| 	 avg: 593.80
580 	|	541 	570 	600 	600 	590 	| 	 avg: 580.20
595 	|	542 	582 	593 	597 	572 	| 	 avg: 577.20
649 	|	603 	601 	615 	570 	600 	| 	 avg: 597.80
596 	|	608 	592 	567 	579 	605 	| 	 avg: 590.20
588 	|	598 	599 	594 	574 	600 	| 	 avg: 593.00
631 	|	571 	598 	595 	593 	591 	| 	 avg: 589.60
594 	|	610 	581 	589 	593 	589 	| 	 avg: 592.40
625 	|	577 	557 	603 	575 	556 	| 	 avg: 573.60
621 	|	574 	605 	616 	594 	595 	| 	 avg: 596.80
average initials 602.65	 average finals: 589.75
