po_sorted_concat 0 1:
623 	|	581 	586 	573 	585 	628 	| 	 avg: 590.60
605 	|	623 	624 	576 	575 	601 	| 	 avg: 599.80
634 	|	599 	591 	597 	541 	581 	| 	 avg: 581.80
584 	|	596 	607 	541 	542 	631 	| 	 avg: 583.40
603 	|	579 	604 	615 	576 	611 	| 	 avg: 597.00
637 	|	576 	595 	542 	598 	597 	| 	 avg: 581.60
597 	|	597 	608 	634 	598 	598 	| 	 avg: 607.00
601 	|	582 	632 	602 	603 	583 	| 	 avg: 600.40
612 	|	602 	602 	546 	637 	628 	| 	 avg: 603.00
592 	|	608 	597 	577 	617 	623 	| 	 avg: 604.40
551 	|	580 	580 	596 	594 	592 	| 	 avg: 588.40
656 	|	584 	625 	638 	601 	608 	| 	 avg: 611.20
599 	|	629 	609 	581 	640 	606 	| 	 avg: 613.00
646 	|	619 	607 	587 	620 	616 	| 	 avg: 609.80
556 	|	619 	605 	594 	595 	597 	| 	 avg: 602.00
615 	|	619 	608 	580 	583 	600 	| 	 avg: 598.00
598 	|	584 	547 	600 	603 	581 	| 	 avg: 583.00
602 	|	608 	610 	576 	579 	602 	| 	 avg: 595.00
634 	|	577 	577 	597 	605 	591 	| 	 avg: 589.40
608 	|	580 	615 	612 	587 	547 	| 	 avg: 588.20
average initials 607.65	 average finals: 596.05
