po_sorted_concat 1 1:
558 	|	615 	599 	576 	617 	590 	| 	 avg: 599.40
604 	|	577 	593 	601 	576 	597 	| 	 avg: 588.80
560 	|	582 	581 	548 	580 	622 	| 	 avg: 582.60
579 	|	541 	604 	601 	583 	587 	| 	 avg: 583.20
597 	|	603 	583 	626 	587 	632 	| 	 avg: 606.20
605 	|	635 	589 	610 	576 	575 	| 	 avg: 597.00
613 	|	585 	601 	590 	602 	620 	| 	 avg: 599.60
595 	|	581 	579 	621 	606 	599 	| 	 avg: 597.20
604 	|	581 	606 	603 	540 	620 	| 	 avg: 590.00
601 	|	574 	581 	613 	580 	577 	| 	 avg: 585.00
602 	|	608 	610 	620 	550 	598 	| 	 avg: 597.20
591 	|	622 	607 	605 	624 	583 	| 	 avg: 608.20
630 	|	628 	578 	587 	595 	621 	| 	 avg: 601.80
631 	|	601 	543 	596 	577 	541 	| 	 avg: 571.60
591 	|	618 	633 	606 	580 	628 	| 	 avg: 613.00
557 	|	637 	617 	601 	578 	595 	| 	 avg: 605.60
610 	|	577 	587 	606 	608 	574 	| 	 avg: 590.40
626 	|	614 	541 	583 	544 	595 	| 	 avg: 575.40
586 	|	633 	610 	591 	613 	582 	| 	 avg: 605.80
627 	|	585 	611 	593 	604 	601 	| 	 avg: 598.80
average initials 598.35	 average finals: 594.45
