pa_sorted_concat 0 1:
596 	|	949 	955 	958 	952 	962 	| 	 avg: 955.20
595 	|	932 	943 	955 	947 	928 	| 	 avg: 941.00
590 	|	964 	940 	946 	992 	937 	| 	 avg: 955.80
601 	|	916 	919 	927 	918 	931 	| 	 avg: 922.20
604 	|	940 	963 	935 	968 	947 	| 	 avg: 950.60
594 	|	939 	929 	935 	924 	999 	| 	 avg: 945.20
639 	|	1019 	1002 	1015 	998 	988 	| 	 avg: 1004.40
616 	|	944 	942 	973 	931 	911 	| 	 avg: 940.20
604 	|	989 	987 	1049 	989 	1018 	| 	 avg: 1006.40
610 	|	1022 	1026 	1039 	1021 	1030 	| 	 avg: 1027.60
605 	|	928 	933 	947 	967 	931 	| 	 avg: 941.20
598 	|	1005 	1014 	1010 	981 	1017 	| 	 avg: 1005.40
619 	|	1044 	1028 	1012 	1064 	1020 	| 	 avg: 1033.60
630 	|	996 	954 	955 	934 	936 	| 	 avg: 955.00
633 	|	934 	953 	957 	940 	960 	| 	 avg: 948.80
600 	|	925 	943 	935 	926 	957 	| 	 avg: 937.20
633 	|	939 	952 	948 	938 	929 	| 	 avg: 941.20
605 	|	1081 	1043 	1046 	1044 	1032 	| 	 avg: 1049.20
608 	|	968 	944 	972 	965 	959 	| 	 avg: 961.60
610 	|	996 	964 	1003 	954 	976 	| 	 avg: 978.60
average initials 609.50	 average finals: 969.65
