pa_sorted_concat 1 1:
546 	|	951 	911 	931 	903 	907 	| 	 avg: 920.60
610 	|	924 	944 	980 	945 	945 	| 	 avg: 947.60
558 	|	924 	929 	940 	948 	918 	| 	 avg: 931.80
589 	|	926 	936 	971 	932 	929 	| 	 avg: 938.80
579 	|	939 	914 	932 	931 	936 	| 	 avg: 930.40
592 	|	930 	958 	941 	980 	962 	| 	 avg: 954.20
645 	|	1057 	1061 	1027 	1021 	1034 	| 	 avg: 1040.00
616 	|	947 	953 	941 	933 	935 	| 	 avg: 941.80
605 	|	1035 	1082 	1032 	1043 	1043 	| 	 avg: 1047.00
588 	|	934 	983 	939 	937 	942 	| 	 avg: 947.00
625 	|	1069 	1100 	1072 	1066 	1112 	| 	 avg: 1083.80
611 	|	996 	969 	994 	988 	983 	| 	 avg: 986.00
624 	|	930 	937 	936 	927 	933 	| 	 avg: 932.60
603 	|	1029 	1017 	1020 	1002 	1048 	| 	 avg: 1023.20
580 	|	932 	924 	926 	938 	931 	| 	 avg: 930.20
587 	|	962 	925 	922 	927 	947 	| 	 avg: 936.60
593 	|	952 	939 	917 	942 	929 	| 	 avg: 935.80
552 	|	907 	913 	951 	895 	898 	| 	 avg: 912.80
562 	|	991 	994 	1026 	993 	1017 	| 	 avg: 1004.20
634 	|	940 	940 	939 	948 	960 	| 	 avg: 945.40
average initials 594.95	 average finals: 964.05
