pa_unsorted_concat 0:
231 	|	232 	232 	232 	232 	219 	| 	 avg: 229.40
222 	|	217 	217 	217 	217 	217 	| 	 avg: 217.00
222 	|	217 	217 	211 	211 	211 	| 	 avg: 213.40
214 	|	223 	223 	223 	223 	223 	| 	 avg: 223.00
214 	|	210 	210 	210 	210 	210 	| 	 avg: 210.00
208 	|	207 	207 	207 	219 	219 	| 	 avg: 211.80
230 	|	223 	223 	223 	223 	223 	| 	 avg: 223.00
230 	|	223 	227 	227 	227 	227 	| 	 avg: 226.20
217 	|	211 	211 	211 	211 	215 	| 	 avg: 211.80
193 	|	204 	204 	204 	204 	204 	| 	 avg: 204.00
193 	|	204 	204 	183 	183 	183 	| 	 avg: 191.40
207 	|	211 	211 	211 	211 	211 	| 	 avg: 211.00
207 	|	211 	211 	211 	211 	211 	| 	 avg: 211.00
225 	|	215 	215 	215 	216 	216 	| 	 avg: 215.40
202 	|	201 	201 	201 	201 	201 	| 	 avg: 201.00
202 	|	201 	218 	218 	218 	218 	| 	 avg: 214.60
214 	|	226 	226 	226 	226 	211 	| 	 avg: 223.00
219 	|	230 	230 	230 	230 	230 	| 	 avg: 230.00
219 	|	230 	230 	229 	229 	229 	| 	 avg: 229.40
223 	|	212 	212 	212 	212 	212 	| 	 avg: 212.00
average initials   214	 average finals:   215
