pa_unsorted_concat 1:
222 	|	216 	216 	216 	242 	242 	| 	 avg: 226.40
220 	|	249 	249 	249 	249 	249 	| 	 avg: 249.00
220 	|	234 	234 	234 	234 	234 	| 	 avg: 234.00
201 	|	247 	247 	259 	259 	259 	| 	 avg: 254.20
225 	|	253 	253 	253 	253 	238 	| 	 avg: 250.00
221 	|	221 	221 	221 	221 	221 	| 	 avg: 221.00
224 	|	232 	232 	232 	232 	232 	| 	 avg: 232.00
224 	|	232 	232 	246 	246 	246 	| 	 avg: 240.40
226 	|	246 	246 	246 	246 	253 	| 	 avg: 247.40
220 	|	244 	244 	244 	244 	244 	| 	 avg: 244.00
220 	|	244 	252 	252 	252 	252 	| 	 avg: 250.40
223 	|	228 	228 	228 	228 	228 	| 	 avg: 228.00
221 	|	235 	235 	235 	235 	235 	| 	 avg: 235.00
215 	|	244 	244 	244 	244 	244 	| 	 avg: 244.00
215 	|	244 	244 	248 	248 	248 	| 	 avg: 246.40
222 	|	228 	228 	228 	228 	238 	| 	 avg: 230.00
225 	|	236 	236 	236 	236 	236 	| 	 avg: 236.00
225 	|	259 	259 	259 	259 	259 	| 	 avg: 259.00
219 	|	254 	254 	258 	258 	258 	| 	 avg: 256.40
214 	|	258 	258 	258 	258 	258 	| 	 avg: 258.00
average initials   220	 average finals:   241
