pa_sorted_simple 1:
221 	|	229 	229 	229 	229 	221 	| 	 avg: 227.40
223 	|	236 	236 	236 	236 	236 	| 	 avg: 236.00
223 	|	236 	234 	234 	234 	234 	| 	 avg: 234.40
221 	|	233 	233 	233 	233 	233 	| 	 avg: 233.00
209 	|	229 	229 	229 	229 	229 	| 	 avg: 229.00
209 	|	229 	229 	219 	219 	219 	| 	 avg: 223.00
207 	|	222 	222 	222 	222 	222 	| 	 avg: 222.00
207 	|	228 	228 	228 	228 	228 	| 	 avg: 228.00
220 	|	221 	221 	221 	221 	234 	| 	 avg: 223.60
197 	|	225 	225 	225 	225 	225 	| 	 avg: 225.00
197 	|	225 	237 	237 	237 	237 	| 	 avg: 234.60
225 	|	222 	222 	222 	222 	235 	| 	 avg: 224.60
223 	|	222 	222 	222 	222 	222 	| 	 avg: 222.00
223 	|	222 	236 	236 	236 	236 	| 	 avg: 233.20
216 	|	240 	240 	240 	240 	228 	| 	 avg: 237.60
219 	|	236 	236 	236 	236 	236 	| 	 avg: 236.00
219 	|	236 	236 	226 	226 	226 	| 	 avg: 230.00
221 	|	223 	223 	223 	223 	223 	| 	 avg: 223.00
218 	|	224 	224 	224 	224 	224 	| 	 avg: 224.00
218 	|	224 	225 	225 	225 	225 	| 	 avg: 224.80
average initials   215	 average finals:   228
