po_unsorted_concat 0:
389 	|	475 	399 	405 	373 	400 	| 	 avg: 410.40
403 	|	529 	405 	457 	414 	393 	| 	 avg: 439.60
475 	|	373 	385 	414 	389 	410 	| 	 avg: 394.20
425 	|	436 	440 	394 	399 	404 	| 	 avg: 414.60
440 	|	424 	696 	385 	599 	426 	| 	 avg: 506.00
384 	|	890 	433 	391 	425 	445 	| 	 avg: 516.80
416 	|	567 	619 	431 	390 	383 	| 	 avg: 478.00
397 	|	469 	391 	718 	462 	393 	| 	 avg: 486.60
372 	|	385 	420 	602 	419 	378 	| 	 avg: 440.80
420 	|	405 	419 	418 	903 	725 	| 	 avg: 574.00
414 	|	438 	395 	399 	444 	400 	| 	 avg: 415.20
420 	|	385 	404 	402 	393 	678 	| 	 avg: 452.40
390 	|	393 	624 	627 	454 	427 	| 	 avg: 505.00
664 	|	412 	389 	594 	403 	385 	| 	 avg: 436.60
406 	|	394 	474 	511 	470 	467 	| 	 avg: 463.20
443 	|	389 	409 	419 	421 	419 	| 	 avg: 411.40
407 	|	388 	631 	698 	447 	431 	| 	 avg: 519.00
412 	|	414 	433 	383 	410 	390 	| 	 avg: 406.00
457 	|	385 	390 	383 	430 	495 	| 	 avg: 416.60
414 	|	395 	486 	475 	491 	399 	| 	 avg: 449.20
average initials 427.40	 average finals: 456.45
