po_unsorted_concat 1:
386 	|	310 	301 	336 	370 	293 	| 	 avg: 322.00
412 	|	341 	350 	305 	502 	310 	| 	 avg: 361.60
427 	|	359 	331 	373 	334 	335 	| 	 avg: 346.40
400 	|	295 	364 	381 	337 	321 	| 	 avg: 339.60
434 	|	364 	301 	322 	332 	311 	| 	 avg: 326.00
437 	|	352 	452 	296 	321 	368 	| 	 avg: 357.80
395 	|	315 	302 	469 	361 	320 	| 	 avg: 353.40
801 	|	327 	434 	453 	653 	325 	| 	 avg: 438.40
389 	|	353 	427 	330 	550 	330 	| 	 avg: 398.00
418 	|	357 	290 	359 	341 	354 	| 	 avg: 340.20
412 	|	462 	325 	507 	340 	483 	| 	 avg: 423.40
404 	|	300 	316 	508 	366 	296 	| 	 avg: 357.20
408 	|	318 	324 	397 	344 	391 	| 	 avg: 354.80
409 	|	295 	324 	303 	425 	305 	| 	 avg: 330.40
384 	|	363 	357 	332 	345 	374 	| 	 avg: 354.20
412 	|	319 	292 	324 	539 	364 	| 	 avg: 367.60
372 	|	362 	563 	315 	340 	379 	| 	 avg: 391.80
430 	|	564 	305 	376 	359 	502 	| 	 avg: 421.20
423 	|	601 	348 	384 	299 	384 	| 	 avg: 403.20
405 	|	386 	336 	353 	339 	320 	| 	 avg: 346.80
average initials 427.90	 average finals: 366.30
