pa_unsorted_concat 1:
414 	|	520 	295 	341 	324 	352 	| 	 avg: 366.40
405 	|	327 	379 	345 	315 	491 	| 	 avg: 371.40
400 	|	334 	327 	378 	356 	308 	| 	 avg: 340.60
416 	|	435 	333 	313 	384 	649 	| 	 avg: 422.80
608 	|	344 	383 	351 	330 	344 	| 	 avg: 350.40
418 	|	319 	725 	547 	329 	314 	| 	 avg: 446.80
434 	|	304 	338 	301 	508 	384 	| 	 avg: 367.00
395 	|	334 	298 	312 	461 	317 	| 	 avg: 344.40
413 	|	635 	423 	310 	344 	359 	| 	 avg: 414.20
421 	|	340 	342 	327 	366 	367 	| 	 avg: 348.40
406 	|	361 	339 	475 	337 	319 	| 	 avg: 366.20
397 	|	337 	815 	435 	290 	298 	| 	 avg: 435.00
646 	|	331 	525 	293 	366 	358 	| 	 avg: 374.60
413 	|	289 	402 	573 	368 	330 	| 	 avg: 392.40
409 	|	324 	347 	438 	319 	324 	| 	 avg: 350.40
422 	|	297 	560 	479 	323 	289 	| 	 avg: 389.60
399 	|	442 	314 	539 	506 	345 	| 	 avg: 429.20
418 	|	463 	298 	512 	337 	552 	| 	 avg: 432.40
453 	|	522 	339 	310 	546 	322 	| 	 avg: 407.80
389 	|	335 	303 	531 	332 	457 	| 	 avg: 391.60
average initials 433.80	 average finals: 386.65
