po_sorted_mix 0 1:
377 	|	699 	506 	417 	403 	517 	| 	 avg: 508.40
447 	|	455 	460 	422 	420 	465 	| 	 avg: 444.40
372 	|	467 	582 	461 	766 	499 	| 	 avg: 555.00
406 	|	418 	459 	458 	413 	409 	| 	 avg: 431.40
453 	|	447 	731 	447 	428 	399 	| 	 avg: 490.40
421 	|	441 	480 	407 	440 	436 	| 	 avg: 440.80
428 	|	410 	482 	420 	406 	599 	| 	 avg: 463.40
400 	|	406 	444 	427 	391 	414 	| 	 avg: 416.40
395 	|	442 	432 	420 	416 	519 	| 	 avg: 445.80
609 	|	413 	398 	560 	479 	652 	| 	 avg: 500.40
483 	|	483 	455 	443 	433 	445 	| 	 avg: 451.80
439 	|	456 	399 	427 	420 	454 	| 	 avg: 431.20
396 	|	486 	440 	454 	400 	430 	| 	 avg: 442.00
429 	|	457 	455 	392 	480 	404 	| 	 avg: 437.60
446 	|	392 	406 	417 	426 	396 	| 	 avg: 407.40
930 	|	407 	409 	426 	484 	439 	| 	 avg: 433.00
403 	|	414 	420 	411 	447 	446 	| 	 avg: 427.60
406 	|	492 	431 	396 	464 	452 	| 	 avg: 447.00
409 	|	454 	427 	604 	402 	478 	| 	 avg: 473.00
421 	|	487 	388 	401 	471 	473 	| 	 avg: 444.00
average initials 453.50	 average finals: 454.20
