po_sorted_mix 0 0:
416 	|	423 	490 	404 	519 	447 	| 	 avg: 456.60
605 	|	412 	445 	402 	407 	460 	| 	 avg: 425.20
399 	|	440 	479 	496 	461 	508 	| 	 avg: 476.80
413 	|	427 	437 	484 	431 	417 	| 	 avg: 439.20
387 	|	388 	405 	436 	494 	453 	| 	 avg: 435.20
520 	|	458 	408 	421 	489 	440 	| 	 avg: 443.20
409 	|	396 	413 	498 	486 	457 	| 	 avg: 450.00
404 	|	459 	412 	476 	409 	405 	| 	 avg: 432.20
577 	|	413 	409 	423 	448 	410 	| 	 avg: 420.60
427 	|	401 	455 	469 	397 	463 	| 	 avg: 437.00
457 	|	584 	439 	411 	404 	634 	| 	 avg: 494.40
413 	|	420 	522 	435 	406 	462 	| 	 avg: 449.00
584 	|	472 	471 	493 	411 	458 	| 	 avg: 461.00
415 	|	413 	448 	466 	476 	464 	| 	 avg: 453.40
435 	|	410 	399 	409 	426 	461 	| 	 avg: 421.00
402 	|	408 	386 	458 	405 	406 	| 	 avg: 412.60
408 	|	449 	409 	390 	403 	412 	| 	 avg: 412.60
772 	|	479 	628 	466 	440 	404 	| 	 avg: 483.40
408 	|	497 	451 	413 	414 	390 	| 	 avg: 433.00
427 	|	496 	429 	471 	411 	491 	| 	 avg: 459.60
average initials 463.90	 average finals: 444.50
