pa_sorted_mix 1 1:
394 	|	327 	329 	331 	346 	355 	| 	 avg: 337.60
403 	|	363 	389 	441 	406 	355 	| 	 avg: 390.80
385 	|	477 	333 	478 	366 	519 	| 	 avg: 434.60
421 	|	358 	371 	376 	425 	431 	| 	 avg: 392.20
433 	|	379 	439 	404 	504 	441 	| 	 avg: 433.40
401 	|	335 	353 	330 	320 	352 	| 	 avg: 338.00
753 	|	471 	406 	442 	430 	423 	| 	 avg: 434.40
411 	|	363 	363 	714 	399 	446 	| 	 avg: 457.00
392 	|	331 	428 	376 	340 	583 	| 	 avg: 411.60
407 	|	397 	327 	336 	326 	336 	| 	 avg: 344.40
397 	|	347 	338 	349 	364 	385 	| 	 avg: 356.60
422 	|	356 	331 	396 	332 	677 	| 	 avg: 418.40
441 	|	379 	406 	407 	386 	378 	| 	 avg: 391.20
426 	|	733 	463 	633 	367 	351 	| 	 avg: 509.40
854 	|	457 	412 	489 	642 	440 	| 	 avg: 488.00
511 	|	498 	424 	411 	485 	410 	| 	 avg: 445.60
381 	|	369 	437 	442 	342 	375 	| 	 avg: 393.00
469 	|	411 	413 	400 	419 	466 	| 	 avg: 421.80
459 	|	394 	441 	411 	376 	392 	| 	 avg: 402.80
406 	|	384 	383 	343 	360 	365 	| 	 avg: 367.00
average initials 458.30	 average finals: 408.00
