po_sorted_mix 1 1:
396 	|	468 	472 	434 	440 	437 	| 	 avg: 450.20
478 	|	461 	407 	451 	435 	410 	| 	 avg: 432.80
679 	|	410 	687 	479 	408 	431 	| 	 avg: 483.00
428 	|	476 	398 	428 	420 	386 	| 	 avg: 421.60
420 	|	440 	627 	464 	438 	427 	| 	 avg: 479.20
629 	|	418 	469 	508 	724 	403 	| 	 avg: 504.40
449 	|	480 	485 	704 	407 	418 	| 	 avg: 498.80
419 	|	433 	412 	397 	410 	422 	| 	 avg: 414.80
423 	|	420 	482 	564 	408 	447 	| 	 avg: 464.20
407 	|	406 	670 	391 	436 	416 	| 	 avg: 463.80
426 	|	447 	421 	397 	462 	422 	| 	 avg: 429.80
484 	|	421 	423 	413 	478 	410 	| 	 avg: 429.00
389 	|	423 	565 	452 	440 	417 	| 	 avg: 459.40
467 	|	398 	469 	439 	459 	439 	| 	 avg: 440.80
396 	|	464 	400 	429 	413 	398 	| 	 avg: 420.80
698 	|	678 	403 	414 	385 	435 	| 	 avg: 463.00
404 	|	700 	463 	527 	529 	414 	| 	 avg: 526.60
401 	|	414 	624 	388 	476 	424 	| 	 avg: 465.20
440 	|	401 	456 	417 	416 	436 	| 	 avg: 425.20
441 	|	450 	565 	500 	595 	407 	| 	 avg: 503.40
average initials 463.70	 average finals: 458.35
