po_sorted_mix 1 0:
406 	|	461 	395 	465 	461 	447 	| 	 avg: 445.80
407 	|	417 	419 	400 	480 	432 	| 	 avg: 429.60
402 	|	488 	546 	394 	413 	410 	| 	 avg: 450.20
432 	|	439 	439 	484 	503 	499 	| 	 avg: 472.80
428 	|	388 	663 	435 	478 	439 	| 	 avg: 480.60
655 	|	459 	403 	712 	414 	460 	| 	 avg: 489.60
425 	|	452 	401 	392 	444 	454 	| 	 avg: 428.60
416 	|	498 	412 	913 	479 	710 	| 	 avg: 602.40
423 	|	590 	426 	434 	423 	466 	| 	 avg: 467.80
419 	|	401 	419 	498 	734 	490 	| 	 avg: 508.40
413 	|	671 	412 	408 	413 	462 	| 	 avg: 473.20
452 	|	403 	413 	402 	453 	490 	| 	 avg: 432.20
415 	|	440 	421 	466 	429 	461 	| 	 avg: 443.40
417 	|	407 	409 	409 	465 	425 	| 	 avg: 423.00
394 	|	401 	408 	406 	428 	472 	| 	 avg: 423.00
589 	|	465 	497 	410 	480 	483 	| 	 avg: 467.00
409 	|	496 	480 	412 	479 	463 	| 	 avg: 466.00
438 	|	482 	420 	395 	401 	407 	| 	 avg: 421.00
683 	|	448 	432 	443 	438 	397 	| 	 avg: 431.60
398 	|	463 	705 	635 	419 	400 	| 	 avg: 524.40
average initials 451.05	 average finals: 463.65
