pa_unsorted_concat 1:
703 	|	310 	438 	333 	480 	317 	| 	 avg: 375.60
408 	|	516 	312 	410 	335 	336 	| 	 avg: 381.80
427 	|	427 	359 	354 	460 	301 	| 	 avg: 380.20
432 	|	323 	335 	279 	324 	367 	| 	 avg: 325.60
401 	|	771 	355 	337 	352 	334 	| 	 avg: 429.80
468 	|	353 	346 	300 	325 	337 	| 	 avg: 332.20
458 	|	383 	350 	291 	318 	443 	| 	 avg: 357.00
387 	|	322 	357 	488 	326 	354 	| 	 avg: 369.40
435 	|	572 	345 	336 	311 	332 	| 	 avg: 379.20
397 	|	373 	331 	580 	341 	542 	| 	 avg: 433.40
444 	|	367 	280 	359 	341 	331 	| 	 avg: 335.60
445 	|	323 	325 	355 	324 	598 	| 	 avg: 385.00
464 	|	311 	339 	305 	360 	414 	| 	 avg: 345.80
684 	|	322 	490 	308 	310 	352 	| 	 avg: 356.40
393 	|	578 	469 	430 	356 	294 	| 	 avg: 425.40
450 	|	383 	475 	441 	578 	710 	| 	 avg: 517.40
412 	|	551 	333 	361 	369 	346 	| 	 avg: 392.00
384 	|	336 	341 	363 	361 	361 	| 	 avg: 352.40
380 	|	511 	399 	341 	538 	352 	| 	 avg: 428.20
399 	|	731 	366 	346 	573 	395 	| 	 avg: 482.20
average initials 448.55	 average finals: 388.85
