pa_sorted_mix 0 1:
399 	|	355 	346 	322 	327 	358 	| 	 avg: 341.60
417 	|	493 	599 	387 	375 	374 	| 	 avg: 445.60
398 	|	364 	360 	516 	400 	390 	| 	 avg: 406.00
398 	|	351 	329 	339 	394 	726 	| 	 avg: 427.80
582 	|	425 	429 	473 	423 	471 	| 	 avg: 444.20
416 	|	354 	712 	364 	335 	420 	| 	 avg: 437.00
389 	|	330 	330 	363 	369 	418 	| 	 avg: 362.00
409 	|	363 	335 	675 	365 	346 	| 	 avg: 416.80
423 	|	386 	517 	368 	349 	351 	| 	 avg: 394.20
382 	|	320 	316 	311 	319 	310 	| 	 avg: 315.20
397 	|	348 	378 	375 	341 	347 	| 	 avg: 357.80
492 	|	453 	391 	410 	453 	699 	| 	 avg: 481.20
463 	|	421 	408 	410 	491 	401 	| 	 avg: 426.20
691 	|	460 	466 	460 	411 	444 	| 	 avg: 448.20
430 	|	430 	387 	388 	347 	446 	| 	 avg: 399.60
424 	|	354 	344 	391 	488 	415 	| 	 avg: 398.40
441 	|	405 	415 	402 	440 	402 	| 	 avg: 412.80
385 	|	656 	335 	439 	333 	467 	| 	 avg: 446.00
426 	|	372 	353 	368 	355 	388 	| 	 avg: 367.20
515 	|	426 	418 	396 	402 	418 	| 	 avg: 412.00
average initials 443.85	 average finals: 406.65
