pa_unsorted_concat 0:
387 	|	423 	638 	447 	448 	446 	| 	 avg: 480.40
424 	|	327 	424 	327 	338 	347 	| 	 avg: 352.60
412 	|	341 	388 	360 	748 	323 	| 	 avg: 432.00
440 	|	365 	367 	440 	358 	383 	| 	 avg: 382.60
392 	|	463 	637 	415 	600 	768 	| 	 avg: 576.60
450 	|	363 	377 	456 	508 	387 	| 	 avg: 418.20
404 	|	439 	400 	458 	651 	471 	| 	 avg: 483.80
429 	|	376 	430 	325 	408 	326 	| 	 avg: 373.00
448 	|	410 	395 	384 	435 	390 	| 	 avg: 402.80
727 	|	597 	404 	399 	587 	418 	| 	 avg: 481.00
458 	|	332 	408 	327 	467 	398 	| 	 avg: 386.40
411 	|	334 	484 	435 	697 	370 	| 	 avg: 464.00
409 	|	356 	402 	471 	400 	411 	| 	 avg: 408.00
708 	|	388 	388 	594 	395 	672 	| 	 avg: 487.40
444 	|	692 	385 	400 	396 	834 	| 	 avg: 541.40
439 	|	651 	860 	600 	346 	346 	| 	 avg: 560.60
421 	|	351 	326 	430 	366 	346 	| 	 avg: 363.80
403 	|	320 	482 	331 	394 	376 	| 	 avg: 380.60
403 	|	453 	657 	616 	317 	361 	| 	 avg: 480.80
397 	|	780 	316 	380 	375 	693 	| 	 avg: 508.80
average initials 450.30	 average finals: 447.80
