pa_sorted_mix 0 0:
419 	|	445 	437 	495 	672 	404 	| 	 avg: 490.60
440 	|	423 	379 	372 	386 	404 	| 	 avg: 392.80
385 	|	475 	321 	340 	340 	328 	| 	 avg: 360.80
442 	|	355 	390 	347 	371 	353 	| 	 avg: 363.20
404 	|	351 	331 	331 	345 	330 	| 	 avg: 337.60
447 	|	441 	389 	406 	369 	440 	| 	 avg: 409.00
376 	|	305 	311 	333 	328 	343 	| 	 avg: 324.00
386 	|	340 	444 	344 	445 	328 	| 	 avg: 380.20
441 	|	355 	432 	444 	374 	536 	| 	 avg: 428.20
380 	|	501 	308 	451 	341 	480 	| 	 avg: 416.20
435 	|	371 	458 	341 	442 	367 	| 	 avg: 395.80
426 	|	672 	340 	614 	399 	345 	| 	 avg: 474.00
425 	|	330 	475 	392 	329 	330 	| 	 avg: 371.20
614 	|	410 	433 	500 	596 	412 	| 	 avg: 470.20
426 	|	377 	425 	1124 	429 	452 	| 	 avg: 561.40
403 	|	339 	329 	334 	420 	433 	| 	 avg: 371.00
412 	|	416 	616 	476 	364 	342 	| 	 avg: 442.80
413 	|	345 	353 	332 	412 	346 	| 	 avg: 357.60
397 	|	336 	332 	352 	440 	336 	| 	 avg: 359.20
424 	|	394 	426 	424 	680 	346 	| 	 avg: 454.00
average initials 424.75	 average finals: 407.65
