pa_unsorted_concat 0:
406 	|	495 	446 	367 	309 	301 	| 	 avg: 383.60
423 	|	604 	508 	445 	324 	333 	| 	 avg: 442.80
387 	|	390 	372 	325 	300 	345 	| 	 avg: 346.40
423 	|	398 	356 	485 	467 	357 	| 	 avg: 412.60
431 	|	414 	494 	385 	678 	403 	| 	 avg: 474.80
611 	|	383 	421 	385 	465 	417 	| 	 avg: 414.20
417 	|	358 	346 	339 	340 	372 	| 	 avg: 351.00
398 	|	405 	378 	369 	376 	361 	| 	 avg: 377.80
402 	|	312 	374 	713 	650 	321 	| 	 avg: 474.00
407 	|	562 	541 	333 	333 	426 	| 	 avg: 439.00
406 	|	589 	659 	329 	593 	408 	| 	 avg: 515.60
383 	|	345 	295 	311 	353 	311 	| 	 avg: 323.00
726 	|	385 	405 	669 	414 	429 	| 	 avg: 460.40
566 	|	429 	413 	461 	601 	409 	| 	 avg: 462.60
415 	|	316 	460 	378 	451 	339 	| 	 avg: 388.80
396 	|	358 	333 	371 	357 	539 	| 	 avg: 391.60
416 	|	298 	450 	532 	530 	462 	| 	 avg: 454.40
428 	|	369 	360 	408 	393 	363 	| 	 avg: 378.60
421 	|	354 	632 	671 	375 	425 	| 	 avg: 491.40
782 	|	405 	479 	415 	399 	653 	| 	 avg: 470.20
average initials 462.20	 average finals: 422.20
