pa_sorted_mix 1 0:
384 	|	326 	326 	472 	336 	439 	| 	 avg: 379.80
436 	|	398 	340 	344 	439 	392 	| 	 avg: 382.60
390 	|	429 	465 	342 	365 	665 	| 	 avg: 453.20
437 	|	444 	370 	499 	383 	378 	| 	 avg: 414.80
401 	|	330 	440 	357 	439 	826 	| 	 avg: 478.40
671 	|	554 	470 	403 	434 	416 	| 	 avg: 455.40
535 	|	403 	403 	599 	448 	396 	| 	 avg: 449.80
383 	|	344 	324 	337 	315 	404 	| 	 avg: 344.80
736 	|	455 	580 	448 	446 	471 	| 	 avg: 480.00
399 	|	338 	498 	348 	369 	407 	| 	 avg: 392.00
468 	|	413 	409 	422 	646 	447 	| 	 avg: 467.40
474 	|	507 	452 	423 	405 	406 	| 	 avg: 438.60
402 	|	350 	367 	394 	425 	364 	| 	 avg: 380.00
398 	|	368 	449 	370 	346 	377 	| 	 avg: 382.00
412 	|	408 	404 	375 	361 	590 	| 	 avg: 427.60
444 	|	427 	413 	430 	376 	400 	| 	 avg: 409.20
430 	|	378 	465 	381 	383 	413 	| 	 avg: 404.00
896 	|	457 	447 	392 	466 	412 	| 	 avg: 434.80
430 	|	395 	457 	380 	383 	391 	| 	 avg: 401.20
443 	|	386 	389 	381 	373 	417 	| 	 avg: 389.20
average initials 478.45	 average finals: 417.85
