po_unsorted_random:
433 	|	599 	986 	581 	618 	599 	| 	 avg: 676.60
405 	|	1002 	608 	622 	590 	1002 	| 	 avg: 764.80
390 	|	656 	658 	709 	604 	643 	| 	 avg: 654.00
417 	|	650 	616 	664 	606 	655 	| 	 avg: 638.20
402 	|	575 	602 	625 	617 	597 	| 	 avg: 603.20
416 	|	632 	719 	604 	668 	697 	| 	 avg: 664.00
407 	|	639 	658 	682 	982 	628 	| 	 avg: 717.80
405 	|	679 	646 	683 	604 	600 	| 	 avg: 642.40
455 	|	651 	592 	687 	615 	612 	| 	 avg: 631.40
397 	|	641 	639 	726 	605 	595 	| 	 avg: 641.20
431 	|	598 	741 	974 	586 	609 	| 	 avg: 701.60
420 	|	655 	648 	648 	656 	998 	| 	 avg: 721.00
427 	|	687 	589 	593 	599 	1124 	| 	 avg: 718.40
652 	|	634 	733 	672 	634 	659 	| 	 avg: 666.40
491 	|	702 	600 	649 	615 	663 	| 	 avg: 645.80
462 	|	1023 	643 	616 	1033 	622 	| 	 avg: 787.40
382 	|	670 	689 	597 	648 	655 	| 	 avg: 651.80
451 	|	605 	694 	687 	675 	624 	| 	 avg: 657.00
373 	|	608 	1035 	584 	576 	655 	| 	 avg: 691.60
418 	|	659 	585 	609 	630 	635 	| 	 avg: 623.60
average initials 431.70	 average finals: 674.50
