po_unsorted_random:
681 	|	665 	606 	636 	656 	693 	| 	 avg: 651.20
443 	|	601 	695 	641 	621 	661 	| 	 avg: 643.80
409 	|	585 	643 	661 	596 	626 	| 	 avg: 622.20
423 	|	607 	1098 	634 	585 	598 	| 	 avg: 704.40
386 	|	602 	634 	711 	706 	657 	| 	 avg: 662.00
419 	|	619 	597 	644 	651 	589 	| 	 avg: 620.00
428 	|	607 	664 	693 	651 	703 	| 	 avg: 663.60
462 	|	672 	640 	667 	694 	684 	| 	 avg: 671.40
420 	|	673 	1015 	607 	693 	638 	| 	 avg: 725.20
412 	|	1249 	647 	637 	655 	688 	| 	 avg: 775.20
620 	|	631 	1105 	644 	622 	644 	| 	 avg: 729.20
419 	|	590 	650 	696 	1033 	680 	| 	 avg: 729.80
382 	|	596 	688 	661 	660 	637 	| 	 avg: 648.40
431 	|	673 	597 	677 	633 	640 	| 	 avg: 644.00
442 	|	638 	610 	707 	619 	658 	| 	 avg: 646.40
725 	|	610 	699 	594 	627 	598 	| 	 avg: 625.60
396 	|	639 	677 	621 	1011 	1230 	| 	 avg: 835.60
367 	|	603 	607 	650 	616 	711 	| 	 avg: 637.40
406 	|	663 	645 	665 	630 	993 	| 	 avg: 719.20
425 	|	669 	653 	588 	680 	600 	| 	 avg: 638.00
average initials 454.80	 average finals: 679.30
