po_unsorted_random:
418 	|	627 	608 	697 	659 	594 	| 	 avg: 637.00
403 	|	612 	696 	858 	626 	1012 	| 	 avg: 760.80
443 	|	611 	606 	611 	606 	689 	| 	 avg: 624.60
416 	|	622 	694 	602 	651 	659 	| 	 avg: 645.60
379 	|	638 	637 	1045 	799 	647 	| 	 avg: 753.20
617 	|	666 	1104 	708 	654 	687 	| 	 avg: 763.80
413 	|	593 	606 	600 	998 	836 	| 	 avg: 726.60
425 	|	636 	674 	655 	604 	614 	| 	 avg: 636.60
408 	|	1014 	654 	605 	676 	1264 	| 	 avg: 842.60
519 	|	616 	661 	1003 	611 	580 	| 	 avg: 694.20
445 	|	603 	598 	611 	673 	1007 	| 	 avg: 698.40
756 	|	655 	660 	655 	591 	594 	| 	 avg: 631.00
454 	|	626 	615 	686 	646 	639 	| 	 avg: 642.40
421 	|	626 	620 	652 	661 	876 	| 	 avg: 687.00
452 	|	971 	597 	958 	849 	627 	| 	 avg: 800.40
644 	|	594 	597 	731 	638 	615 	| 	 avg: 635.00
443 	|	643 	621 	1307 	648 	1055 	| 	 avg: 854.80
484 	|	586 	764 	981 	590 	628 	| 	 avg: 709.80
449 	|	597 	1075 	620 	668 	597 	| 	 avg: 711.40
420 	|	601 	993 	658 	632 	600 	| 	 avg: 696.80
average initials 470.45	 average finals: 707.15
