po_unsorted_random:
439 	|	607 	698 	669 	683 	596 	| 	 avg: 650.60
386 	|	632 	919 	1015 	650 	691 	| 	 avg: 781.40
558 	|	653 	696 	635 	661 	629 	| 	 avg: 654.80
418 	|	589 	614 	672 	612 	629 	| 	 avg: 623.20
460 	|	978 	690 	591 	613 	601 	| 	 avg: 694.60
411 	|	588 	628 	585 	622 	644 	| 	 avg: 613.40
385 	|	655 	626 	584 	646 	629 	| 	 avg: 628.00
430 	|	657 	629 	602 	677 	647 	| 	 avg: 642.40
411 	|	624 	620 	615 	609 	636 	| 	 avg: 620.80
404 	|	879 	1194 	627 	610 	641 	| 	 avg: 790.20
474 	|	651 	604 	635 	602 	663 	| 	 avg: 631.00
396 	|	613 	615 	676 	658 	589 	| 	 avg: 630.20
393 	|	1453 	1024 	695 	611 	678 	| 	 avg: 892.20
406 	|	633 	654 	629 	626 	583 	| 	 avg: 625.00
455 	|	643 	657 	595 	687 	609 	| 	 avg: 638.20
425 	|	662 	624 	671 	615 	684 	| 	 avg: 651.20
411 	|	684 	657 	638 	631 	611 	| 	 avg: 644.20
386 	|	618 	625 	615 	659 	611 	| 	 avg: 625.60
416 	|	634 	633 	618 	666 	1165 	| 	 avg: 743.20
414 	|	630 	1330 	672 	672 	605 	| 	 avg: 781.80
average initials 423.90	 average finals: 677.75
