pa_unsorted_random:
385 	|	310 	310 	315 	622 	306 	| 	 avg: 372.60
417 	|	434 	344 	1200 	341 	342 	| 	 avg: 532.20
491 	|	431 	650 	954 	595 	547 	| 	 avg: 635.40
423 	|	359 	357 	358 	359 	358 	| 	 avg: 358.20
372 	|	315 	323 	313 	334 	316 	| 	 avg: 320.20
404 	|	450 	335 	334 	358 	406 	| 	 avg: 376.60
409 	|	379 	354 	351 	365 	352 	| 	 avg: 360.20
390 	|	324 	342 	326 	1170 	332 	| 	 avg: 498.80
385 	|	319 	321 	322 	335 	323 	| 	 avg: 324.00
398 	|	333 	371 	620 	676 	355 	| 	 avg: 471.00
387 	|	328 	325 	331 	994 	316 	| 	 avg: 458.80
595 	|	601 	690 	661 	647 	636 	| 	 avg: 647.00
426 	|	350 	351 	344 	647 	334 	| 	 avg: 405.20
411 	|	342 	659 	347 	336 	669 	| 	 avg: 470.60
448 	|	620 	608 	603 	422 	595 	| 	 avg: 569.60
403 	|	354 	679 	337 	327 	645 	| 	 avg: 468.40
444 	|	497 	989 	661 	618 	951 	| 	 avg: 743.20
397 	|	356 	344 	342 	358 	358 	| 	 avg: 351.60
453 	|	354 	358 	373 	356 	377 	| 	 avg: 363.60
480 	|	984 	576 	598 	417 	449 	| 	 avg: 604.80
average initials 425.90	 average finals: 466.20
