pa_unsorted_random:
445 	|	352 	362 	360 	661 	396 	| 	 avg: 426.20
399 	|	316 	316 	323 	354 	329 	| 	 avg: 327.60
384 	|	313 	339 	310 	311 	311 	| 	 avg: 316.80
397 	|	334 	321 	325 	349 	373 	| 	 avg: 340.40
401 	|	336 	336 	334 	357 	332 	| 	 avg: 339.00
476 	|	380 	374 	410 	470 	743 	| 	 avg: 475.40
464 	|	666 	406 	377 	492 	379 	| 	 avg: 464.00
423 	|	349 	341 	859 	341 	659 	| 	 avg: 509.80
522 	|	608 	621 	397 	600 	593 	| 	 avg: 563.80
394 	|	314 	330 	322 	327 	325 	| 	 avg: 323.60
457 	|	371 	383 	369 	380 	367 	| 	 avg: 374.00
394 	|	335 	373 	696 	759 	346 	| 	 avg: 501.80
396 	|	334 	343 	341 	349 	337 	| 	 avg: 340.80
465 	|	425 	423 	593 	604 	424 	| 	 avg: 493.80
445 	|	351 	354 	367 	358 	376 	| 	 avg: 361.20
424 	|	359 	367 	639 	1084 	419 	| 	 avg: 573.60
433 	|	413 	1241 	356 	346 	352 	| 	 avg: 541.60
417 	|	333 	342 	730 	339 	359 	| 	 avg: 420.60
399 	|	346 	627 	654 	339 	335 	| 	 avg: 460.20
393 	|	339 	327 	350 	540 	641 	| 	 avg: 439.40
average initials 426.40	 average finals: 429.20
