pa_unsorted_random:
406 	|	339 	325 	324 	321 	331 	| 	 avg: 328.00
458 	|	385 	401 	411 	617 	396 	| 	 avg: 442.00
378 	|	1294 	942 	323 	323 	319 	| 	 avg: 640.20
397 	|	348 	1113 	345 	346 	341 	| 	 avg: 498.60
419 	|	365 	379 	367 	378 	738 	| 	 avg: 445.40
404 	|	353 	343 	356 	343 	341 	| 	 avg: 347.20
416 	|	341 	356 	344 	1031 	337 	| 	 avg: 481.80
418 	|	349 	367 	351 	349 	349 	| 	 avg: 353.00
416 	|	375 	353 	352 	340 	340 	| 	 avg: 352.00
437 	|	689 	371 	370 	634 	403 	| 	 avg: 493.40
593 	|	587 	588 	448 	695 	582 	| 	 avg: 580.00
402 	|	346 	356 	340 	345 	346 	| 	 avg: 346.60
438 	|	372 	401 	367 	369 	365 	| 	 avg: 374.80
444 	|	357 	380 	366 	354 	385 	| 	 avg: 368.40
403 	|	359 	346 	715 	335 	343 	| 	 avg: 419.60
510 	|	509 	644 	591 	631 	454 	| 	 avg: 565.80
439 	|	647 	345 	351 	355 	422 	| 	 avg: 424.00
426 	|	413 	360 	358 	407 	354 	| 	 avg: 378.40
391 	|	338 	323 	321 	324 	321 	| 	 avg: 325.40
743 	|	882 	611 	657 	596 	604 	| 	 avg: 670.00
average initials 446.90	 average finals: 441.40
