pa_unsorted_random:
440 	|	1007 	372 	368 	352 	943 	| 	 avg: 608.40
388 	|	330 	529 	328 	334 	1229 	| 	 avg: 550.00
402 	|	319 	317 	329 	326 	634 	| 	 avg: 385.00
387 	|	362 	349 	348 	370 	348 	| 	 avg: 355.40
622 	|	711 	679 	620 	798 	677 	| 	 avg: 697.00
388 	|	355 	309 	382 	326 	319 	| 	 avg: 338.20
455 	|	604 	598 	485 	441 	609 	| 	 avg: 547.40
437 	|	720 	659 	370 	684 	380 	| 	 avg: 562.60
423 	|	367 	342 	359 	346 	365 	| 	 avg: 355.80
497 	|	443 	598 	523 	497 	439 	| 	 avg: 500.00
423 	|	349 	1081 	440 	377 	1468 	| 	 avg: 743.00
447 	|	385 	382 	495 	686 	363 	| 	 avg: 462.20
414 	|	340 	347 	376 	364 	665 	| 	 avg: 418.40
660 	|	538 	656 	934 	538 	539 	| 	 avg: 641.00
680 	|	630 	600 	590 	657 	594 	| 	 avg: 614.20
405 	|	324 	329 	708 	639 	323 	| 	 avg: 464.60
412 	|	354 	338 	376 	340 	338 	| 	 avg: 349.20
395 	|	731 	322 	717 	331 	749 	| 	 avg: 570.00
477 	|	579 	427 	450 	565 	485 	| 	 avg: 501.20
384 	|	333 	333 	650 	607 	333 	| 	 avg: 451.20
average initials 456.80	 average finals: 505.50
