po_unsorted_mix 0:
495 	|	352 	370 	354 	310 	629 	| 	 avg: 403.00
438 	|	312 	334 	333 	525 	310 	| 	 avg: 362.80
447 	|	333 	344 	323 	335 	340 	| 	 avg: 335.00
408 	|	304 	513 	469 	424 	697 	| 	 avg: 481.40
416 	|	314 	355 	335 	338 	300 	| 	 avg: 328.40
396 	|	367 	332 	352 	618 	347 	| 	 avg: 403.20
477 	|	649 	341 	335 	321 	337 	| 	 avg: 396.60
390 	|	320 	340 	352 	330 	355 	| 	 avg: 339.40
438 	|	323 	484 	415 	485 	314 	| 	 avg: 404.20
375 	|	378 	546 	361 	351 	310 	| 	 avg: 389.20
558 	|	317 	312 	332 	568 	672 	| 	 avg: 440.20
479 	|	355 	385 	310 	426 	318 	| 	 avg: 358.80
397 	|	359 	601 	337 	295 	330 	| 	 avg: 384.40
409 	|	385 	333 	352 	538 	872 	| 	 avg: 496.00
390 	|	314 	524 	344 	344 	364 	| 	 avg: 378.00
396 	|	345 	357 	321 	330 	317 	| 	 avg: 334.00
423 	|	311 	359 	434 	334 	430 	| 	 avg: 373.60
419 	|	341 	377 	294 	378 	347 	| 	 avg: 347.40
405 	|	344 	338 	332 	367 	324 	| 	 avg: 341.00
383 	|	372 	385 	447 	334 	361 	| 	 avg: 379.80
average initials 426.95	 average finals: 383.50
