po_unsorted_mix 1:
410 	|	380 	398 	447 	424 	322 	| 	 avg: 394.20
444 	|	327 	494 	300 	335 	365 	| 	 avg: 364.20
399 	|	367 	368 	344 	321 	324 	| 	 avg: 344.80
414 	|	306 	371 	300 	436 	338 	| 	 avg: 350.20
422 	|	322 	326 	353 	563 	300 	| 	 avg: 372.80
412 	|	302 	362 	360 	514 	547 	| 	 avg: 417.00
458 	|	534 	360 	318 	382 	365 	| 	 avg: 391.80
380 	|	359 	444 	321 	420 	345 	| 	 avg: 377.80
412 	|	342 	368 	324 	344 	320 	| 	 avg: 339.60
378 	|	362 	348 	315 	658 	328 	| 	 avg: 402.20
411 	|	350 	338 	305 	336 	330 	| 	 avg: 331.80
451 	|	414 	305 	331 	365 	345 	| 	 avg: 352.00
405 	|	305 	362 	315 	401 	327 	| 	 avg: 342.00
432 	|	334 	348 	315 	441 	342 	| 	 avg: 356.00
420 	|	328 	338 	390 	363 	322 	| 	 avg: 348.20
393 	|	344 	346 	324 	354 	335 	| 	 avg: 340.60
508 	|	364 	334 	335 	344 	354 	| 	 avg: 346.20
393 	|	305 	374 	315 	345 	438 	| 	 avg: 355.40
398 	|	498 	345 	386 	323 	349 	| 	 avg: 380.20
390 	|	720 	352 	324 	327 	371 	| 	 avg: 418.80
average initials 416.50	 average finals: 365.90
