po_unsorted_mix 1:
375 	|	498 	330 	372 	365 	356 	| 	 avg: 384.20
399 	|	322 	758 	474 	293 	365 	| 	 avg: 442.40
413 	|	357 	335 	358 	406 	518 	| 	 avg: 394.80
471 	|	724 	325 	340 	347 	347 	| 	 avg: 416.60
735 	|	561 	320 	331 	314 	332 	| 	 avg: 371.60
432 	|	346 	346 	327 	367 	352 	| 	 avg: 347.60
430 	|	323 	376 	313 	349 	347 	| 	 avg: 341.60
406 	|	402 	517 	331 	372 	320 	| 	 avg: 388.40
382 	|	377 	360 	783 	365 	383 	| 	 avg: 453.60
424 	|	754 	357 	320 	605 	310 	| 	 avg: 469.20
391 	|	362 	359 	319 	305 	315 	| 	 avg: 332.00
442 	|	342 	511 	474 	330 	330 	| 	 avg: 397.40
402 	|	325 	358 	590 	496 	456 	| 	 avg: 445.00
427 	|	417 	314 	357 	331 	324 	| 	 avg: 348.60
410 	|	382 	330 	363 	335 	302 	| 	 avg: 342.40
427 	|	400 	398 	343 	326 	479 	| 	 avg: 389.20
418 	|	360 	342 	298 	362 	360 	| 	 avg: 344.40
402 	|	424 	505 	344 	525 	299 	| 	 avg: 419.40
421 	|	354 	351 	329 	357 	359 	| 	 avg: 350.00
437 	|	547 	537 	345 	312 	379 	| 	 avg: 424.00
average initials 432.20	 average finals: 389.75
