po_unsorted_mix 0:
427 	|	544 	336 	380 	364 	347 	| 	 avg: 394.20
431 	|	343 	300 	325 	615 	335 	| 	 avg: 383.60
418 	|	315 	341 	338 	745 	371 	| 	 avg: 422.00
388 	|	352 	345 	334 	431 	349 	| 	 avg: 362.20
394 	|	355 	330 	312 	374 	384 	| 	 avg: 351.00
393 	|	365 	479 	380 	323 	359 	| 	 avg: 381.20
379 	|	337 	426 	332 	489 	357 	| 	 avg: 388.20
407 	|	416 	325 	342 	380 	322 	| 	 avg: 357.00
675 	|	342 	333 	392 	595 	315 	| 	 avg: 395.40
418 	|	331 	322 	465 	303 	355 	| 	 avg: 355.20
409 	|	345 	391 	357 	496 	357 	| 	 avg: 389.20
409 	|	382 	338 	363 	564 	527 	| 	 avg: 434.80
596 	|	354 	315 	335 	323 	338 	| 	 avg: 333.00
565 	|	332 	314 	350 	335 	360 	| 	 avg: 338.20
441 	|	317 	510 	302 	333 	353 	| 	 avg: 363.00
542 	|	747 	388 	320 	324 	509 	| 	 avg: 457.60
399 	|	329 	317 	527 	318 	373 	| 	 avg: 372.80
411 	|	417 	330 	342 	335 	639 	| 	 avg: 412.60
394 	|	310 	492 	434 	359 	402 	| 	 avg: 399.40
396 	|	357 	367 	371 	345 	336 	| 	 avg: 355.20
average initials 444.60	 average finals: 382.00
