pa_unsorted_mix 0:
427 	|	389 	493 	540 	395 	410 	| 	 avg: 445.40
412 	|	536 	867 	341 	334 	608 	| 	 avg: 537.20
477 	|	331 	301 	332 	455 	449 	| 	 avg: 373.60
504 	|	400 	537 	445 	375 	329 	| 	 avg: 417.20
403 	|	331 	361 	341 	414 	359 	| 	 avg: 361.20
683 	|	371 	383 	347 	497 	392 	| 	 avg: 398.00
466 	|	339 	563 	336 	332 	297 	| 	 avg: 373.40
386 	|	464 	308 	318 	327 	518 	| 	 avg: 387.00
593 	|	321 	461 	515 	362 	315 	| 	 avg: 394.80
438 	|	381 	336 	347 	327 	354 	| 	 avg: 349.00
426 	|	356 	314 	375 	370 	352 	| 	 avg: 353.40
407 	|	357 	361 	346 	328 	484 	| 	 avg: 375.20
426 	|	341 	325 	444 	352 	316 	| 	 avg: 355.60
417 	|	364 	493 	360 	314 	680 	| 	 avg: 442.20
423 	|	319 	436 	387 	353 	336 	| 	 avg: 366.20
417 	|	515 	464 	547 	328 	431 	| 	 avg: 457.00
391 	|	308 	645 	394 	378 	369 	| 	 avg: 418.80
437 	|	315 	300 	315 	285 	430 	| 	 avg: 329.00
404 	|	315 	303 	574 	419 	339 	| 	 avg: 390.00
445 	|	363 	612 	392 	496 	488 	| 	 avg: 470.20
average initials 449.10	 average finals: 399.45
