pa_unsorted_mix 0:
414 	|	358 	300 	483 	330 	325 	| 	 avg: 359.20
416 	|	573 	316 	397 	346 	335 	| 	 avg: 393.40
387 	|	306 	331 	334 	387 	387 	| 	 avg: 349.00
403 	|	328 	526 	368 	890 	303 	| 	 avg: 483.00
428 	|	348 	368 	301 	305 	398 	| 	 avg: 344.00
402 	|	316 	297 	362 	320 	355 	| 	 avg: 330.00
431 	|	325 	601 	379 	335 	327 	| 	 avg: 393.40
496 	|	335 	334 	353 	459 	335 	| 	 avg: 363.20
456 	|	315 	495 	332 	370 	306 	| 	 avg: 363.60
394 	|	334 	497 	552 	367 	510 	| 	 avg: 452.00
739 	|	321 	365 	313 	356 	370 	| 	 avg: 345.00
511 	|	315 	315 	291 	339 	310 	| 	 avg: 314.00
401 	|	349 	472 	347 	434 	426 	| 	 avg: 405.60
445 	|	532 	445 	353 	324 	310 	| 	 avg: 392.80
426 	|	398 	678 	357 	315 	345 	| 	 avg: 418.60
418 	|	325 	359 	601 	511 	315 	| 	 avg: 422.20
413 	|	546 	377 	561 	809 	337 	| 	 avg: 526.00
675 	|	307 	400 	371 	313 	323 	| 	 avg: 342.80
676 	|	340 	314 	346 	611 	317 	| 	 avg: 385.60
391 	|	774 	329 	363 	373 	326 	| 	 avg: 433.00
average initials 466.10	 average finals: 390.55
