pa_unsorted_mix 1:
379 	|	296 	316 	455 	575 	281 	| 	 avg: 384.60
435 	|	293 	542 	459 	324 	355 	| 	 avg: 394.60
399 	|	312 	454 	335 	326 	347 	| 	 avg: 354.80
412 	|	345 	328 	534 	542 	312 	| 	 avg: 412.20
423 	|	321 	341 	707 	320 	475 	| 	 avg: 432.80
400 	|	351 	297 	367 	733 	489 	| 	 avg: 447.40
399 	|	350 	549 	490 	376 	363 	| 	 avg: 425.60
430 	|	321 	615 	362 	554 	370 	| 	 avg: 444.40
429 	|	511 	298 	327 	302 	382 	| 	 avg: 364.00
395 	|	349 	372 	334 	538 	332 	| 	 avg: 385.00
459 	|	311 	308 	636 	343 	571 	| 	 avg: 433.80
456 	|	310 	294 	375 	428 	446 	| 	 avg: 370.60
400 	|	312 	362 	335 	879 	327 	| 	 avg: 443.00
399 	|	568 	323 	358 	324 	506 	| 	 avg: 415.80
392 	|	565 	395 	528 	493 	363 	| 	 avg: 468.80
402 	|	602 	332 	305 	350 	571 	| 	 avg: 432.00
399 	|	323 	317 	514 	363 	344 	| 	 avg: 372.20
422 	|	347 	432 	600 	358 	332 	| 	 avg: 413.80
535 	|	327 	350 	587 	353 	329 	| 	 avg: 389.20
419 	|	311 	316 	302 	345 	298 	| 	 avg: 314.40
average initials 419.20	 average finals: 404.50
