pa_unsorted_mix 1:
557 	|	337 	497 	283 	349 	313 	| 	 avg: 355.80
449 	|	353 	455 	629 	514 	559 	| 	 avg: 502.00
419 	|	313 	326 	313 	341 	310 	| 	 avg: 320.60
405 	|	317 	338 	377 	329 	339 	| 	 avg: 340.00
440 	|	306 	480 	377 	449 	360 	| 	 avg: 394.40
394 	|	514 	425 	297 	347 	331 	| 	 avg: 382.80
395 	|	349 	400 	495 	306 	537 	| 	 avg: 417.40
395 	|	482 	298 	580 	321 	342 	| 	 avg: 404.60
414 	|	300 	347 	341 	293 	372 	| 	 avg: 330.60
421 	|	518 	366 	350 	686 	402 	| 	 avg: 464.40
388 	|	945 	510 	336 	339 	345 	| 	 avg: 495.00
393 	|	322 	329 	303 	303 	494 	| 	 avg: 350.20
532 	|	319 	351 	347 	307 	424 	| 	 avg: 349.60
402 	|	510 	348 	408 	318 	355 	| 	 avg: 387.80
406 	|	497 	344 	438 	316 	297 	| 	 avg: 378.40
408 	|	295 	509 	353 	331 	325 	| 	 avg: 362.60
575 	|	344 	328 	564 	467 	460 	| 	 avg: 432.60
448 	|	335 	607 	761 	289 	328 	| 	 avg: 464.00
575 	|	325 	324 	333 	355 	340 	| 	 avg: 335.40
435 	|	477 	355 	362 	339 	514 	| 	 avg: 409.40
average initials 442.55	 average finals: 393.45
