po_sorted_simple 0:
383 	|	585 	404 	426 	396 	400 	| 	 avg: 442.20
453 	|	428 	401 	625 	387 	413 	| 	 avg: 450.80
701 	|	553 	380 	436 	520 	420 	| 	 avg: 461.80
397 	|	446 	387 	428 	383 	409 	| 	 avg: 410.60
419 	|	425 	433 	468 	506 	422 	| 	 avg: 450.80
451 	|	402 	539 	388 	372 	434 	| 	 avg: 427.00
523 	|	403 	376 	428 	409 	415 	| 	 avg: 406.20
458 	|	413 	421 	689 	411 	534 	| 	 avg: 493.60
428 	|	465 	396 	431 	390 	613 	| 	 avg: 459.00
417 	|	407 	386 	416 	393 	448 	| 	 avg: 410.00
395 	|	388 	403 	435 	398 	391 	| 	 avg: 403.00
431 	|	385 	403 	403 	460 	696 	| 	 avg: 469.40
381 	|	412 	439 	437 	401 	408 	| 	 avg: 419.40
388 	|	386 	426 	381 	415 	391 	| 	 avg: 399.80
397 	|	390 	418 	397 	415 	418 	| 	 avg: 407.60
419 	|	449 	415 	417 	423 	387 	| 	 avg: 418.20
382 	|	386 	381 	403 	398 	402 	| 	 avg: 394.00
396 	|	401 	406 	417 	394 	413 	| 	 avg: 406.20
430 	|	416 	407 	468 	391 	378 	| 	 avg: 412.00
433 	|	430 	436 	452 	785 	683 	| 	 avg: 557.20
average initials 434.10	 average finals: 434.60
