po_sorted_simple 1:
399 	|	428 	473 	405 	402 	466 	| 	 avg: 434.80
376 	|	431 	390 	394 	379 	402 	| 	 avg: 399.20
424 	|	470 	391 	403 	418 	542 	| 	 avg: 444.80
463 	|	396 	390 	405 	411 	436 	| 	 avg: 407.60
420 	|	400 	412 	381 	382 	412 	| 	 avg: 397.40
384 	|	457 	391 	376 	408 	460 	| 	 avg: 418.40
418 	|	375 	402 	385 	403 	588 	| 	 avg: 430.60
419 	|	433 	390 	711 	516 	389 	| 	 avg: 487.80
422 	|	374 	647 	403 	432 	426 	| 	 avg: 456.40
399 	|	506 	495 	424 	417 	580 	| 	 avg: 484.40
386 	|	418 	395 	429 	507 	402 	| 	 avg: 430.20
466 	|	486 	411 	760 	425 	433 	| 	 avg: 503.00
440 	|	408 	438 	384 	383 	637 	| 	 avg: 450.00
477 	|	398 	437 	400 	412 	415 	| 	 avg: 412.40
385 	|	385 	399 	409 	753 	433 	| 	 avg: 475.80
390 	|	424 	380 	412 	448 	389 	| 	 avg: 410.60
401 	|	383 	395 	599 	454 	436 	| 	 avg: 453.40
372 	|	408 	377 	431 	494 	609 	| 	 avg: 463.80
419 	|	401 	404 	398 	432 	418 	| 	 avg: 410.60
436 	|	378 	393 	396 	381 	412 	| 	 avg: 392.00
average initials 414.80	 average finals: 437.70
