po_sorted_simple 1:
419 	|	407 	410 	400 	462 	417 	| 	 avg: 419.20
456 	|	684 	421 	437 	517 	414 	| 	 avg: 494.60
426 	|	400 	391 	419 	409 	377 	| 	 avg: 399.20
396 	|	397 	421 	392 	449 	410 	| 	 avg: 413.80
456 	|	594 	415 	400 	668 	392 	| 	 avg: 493.80
442 	|	413 	414 	402 	402 	447 	| 	 avg: 415.60
448 	|	416 	381 	443 	389 	416 	| 	 avg: 409.00
589 	|	402 	995 	400 	378 	433 	| 	 avg: 521.60
396 	|	455 	399 	382 	414 	406 	| 	 avg: 411.20
415 	|	387 	428 	417 	435 	632 	| 	 avg: 459.80
404 	|	415 	403 	595 	409 	424 	| 	 avg: 449.20
403 	|	422 	428 	424 	379 	407 	| 	 avg: 412.00
435 	|	403 	396 	413 	412 	435 	| 	 avg: 411.80
420 	|	621 	441 	393 	410 	394 	| 	 avg: 451.80
446 	|	590 	493 	375 	412 	709 	| 	 avg: 515.80
417 	|	418 	412 	411 	416 	453 	| 	 avg: 422.00
451 	|	377 	409 	408 	410 	436 	| 	 avg: 408.00
656 	|	419 	380 	422 	382 	385 	| 	 avg: 397.60
524 	|	424 	392 	617 	392 	388 	| 	 avg: 442.60
405 	|	410 	413 	397 	394 	416 	| 	 avg: 406.00
average initials 450.20	 average finals: 437.30
