po_sorted_simple 0:
439 	|	415 	408 	435 	392 	422 	| 	 avg: 414.40
425 	|	422 	407 	408 	679 	399 	| 	 avg: 463.00
501 	|	423 	399 	410 	400 	451 	| 	 avg: 416.60
384 	|	484 	401 	469 	391 	501 	| 	 avg: 449.20
406 	|	397 	708 	419 	745 	415 	| 	 avg: 536.80
457 	|	384 	428 	769 	403 	401 	| 	 avg: 477.00
473 	|	423 	410 	480 	491 	408 	| 	 avg: 442.40
389 	|	397 	401 	522 	400 	413 	| 	 avg: 426.60
713 	|	406 	409 	422 	540 	393 	| 	 avg: 434.00
410 	|	379 	722 	409 	428 	625 	| 	 avg: 512.60
413 	|	448 	421 	455 	384 	436 	| 	 avg: 428.80
430 	|	378 	384 	476 	438 	406 	| 	 avg: 416.40
409 	|	428 	457 	396 	380 	512 	| 	 avg: 434.60
420 	|	409 	395 	460 	409 	404 	| 	 avg: 415.40
420 	|	386 	462 	406 	369 	407 	| 	 avg: 406.00
395 	|	430 	414 	437 	617 	377 	| 	 avg: 455.00
429 	|	403 	427 	434 	425 	391 	| 	 avg: 416.00
401 	|	504 	465 	425 	417 	486 	| 	 avg: 459.40
451 	|	416 	416 	391 	417 	393 	| 	 avg: 406.60
426 	|	383 	409 	396 	518 	383 	| 	 avg: 417.80
average initials 439.55	 average finals: 441.05
