pa_sorted_simple 0:
391 	|	365 	556 	358 	353 	351 	| 	 avg: 396.60
380 	|	316 	413 	313 	315 	569 	| 	 avg: 385.20
441 	|	403 	417 	565 	388 	431 	| 	 avg: 440.80
422 	|	456 	342 	753 	360 	344 	| 	 avg: 451.00
422 	|	382 	395 	362 	407 	350 	| 	 avg: 379.20
429 	|	389 	458 	440 	534 	372 	| 	 avg: 438.60
395 	|	368 	687 	359 	594 	374 	| 	 avg: 476.40
608 	|	420 	397 	388 	393 	480 	| 	 avg: 415.60
397 	|	361 	417 	395 	333 	341 	| 	 avg: 369.40
395 	|	367 	428 	371 	387 	354 	| 	 avg: 381.40
404 	|	356 	320 	310 	325 	334 	| 	 avg: 329.00
673 	|	419 	474 	392 	409 	409 	| 	 avg: 420.60
422 	|	391 	388 	369 	376 	354 	| 	 avg: 375.60
457 	|	466 	411 	429 	385 	421 	| 	 avg: 422.40
402 	|	391 	375 	335 	358 	349 	| 	 avg: 361.60
442 	|	361 	359 	353 	368 	892 	| 	 avg: 466.60
385 	|	446 	484 	710 	347 	325 	| 	 avg: 462.40
426 	|	366 	344 	360 	369 	476 	| 	 avg: 383.00
417 	|	410 	411 	411 	393 	390 	| 	 avg: 403.00
482 	|	419 	427 	392 	394 	411 	| 	 avg: 408.60
average initials 439.50	 average finals: 407.95
