pa_sorted_simple 1:
696 	|	418 	393 	410 	416 	382 	| 	 avg: 403.80
435 	|	396 	392 	734 	419 	372 	| 	 avg: 462.60
418 	|	329 	467 	365 	368 	347 	| 	 avg: 375.20
410 	|	346 	364 	379 	361 	349 	| 	 avg: 359.80
418 	|	361 	394 	405 	347 	526 	| 	 avg: 406.60
398 	|	335 	327 	356 	322 	528 	| 	 avg: 373.60
394 	|	425 	360 	770 	412 	418 	| 	 avg: 477.00
428 	|	391 	428 	406 	421 	401 	| 	 avg: 409.40
395 	|	497 	350 	323 	321 	325 	| 	 avg: 363.20
431 	|	417 	391 	392 	499 	356 	| 	 avg: 411.00
429 	|	595 	433 	371 	453 	565 	| 	 avg: 483.40
416 	|	428 	360 	365 	350 	350 	| 	 avg: 370.60
396 	|	339 	360 	344 	358 	419 	| 	 avg: 364.00
398 	|	364 	334 	388 	333 	645 	| 	 avg: 412.80
507 	|	423 	409 	592 	511 	384 	| 	 avg: 463.80
392 	|	754 	339 	499 	408 	414 	| 	 avg: 482.80
407 	|	355 	732 	344 	510 	354 	| 	 avg: 459.00
430 	|	391 	383 	339 	339 	346 	| 	 avg: 359.60
391 	|	360 	340 	370 	365 	774 	| 	 avg: 441.80
447 	|	416 	427 	386 	383 	427 	| 	 avg: 407.80
average initials 431.80	 average finals: 413.90
