pa_sorted_simple 1:
529 	|	394 	413 	379 	418 	400 	| 	 avg: 400.80
432 	|	352 	421 	397 	356 	444 	| 	 avg: 394.00
427 	|	381 	666 	392 	366 	364 	| 	 avg: 433.80
399 	|	434 	381 	380 	334 	342 	| 	 avg: 374.20
399 	|	340 	380 	368 	363 	373 	| 	 avg: 364.80
451 	|	598 	389 	389 	654 	411 	| 	 avg: 488.20
418 	|	356 	420 	350 	571 	583 	| 	 avg: 456.00
408 	|	375 	568 	371 	403 	399 	| 	 avg: 423.20
456 	|	405 	499 	446 	660 	417 	| 	 avg: 485.40
487 	|	392 	410 	436 	367 	375 	| 	 avg: 396.00
434 	|	355 	414 	390 	378 	354 	| 	 avg: 378.20
389 	|	345 	329 	369 	328 	440 	| 	 avg: 362.20
387 	|	344 	340 	337 	356 	743 	| 	 avg: 424.00
417 	|	455 	378 	336 	457 	359 	| 	 avg: 397.00
444 	|	434 	354 	480 	381 	484 	| 	 avg: 426.60
406 	|	318 	327 	385 	425 	415 	| 	 avg: 374.00
375 	|	352 	343 	339 	340 	352 	| 	 avg: 345.20
440 	|	398 	378 	368 	395 	366 	| 	 avg: 381.00
429 	|	363 	352 	354 	374 	380 	| 	 avg: 364.60
424 	|	360 	659 	368 	413 	366 	| 	 avg: 433.20
average initials 427.55	 average finals: 404.85
