pa_sorted_simple 0:
399 	|	384 	343 	414 	361 	341 	| 	 avg: 368.60
416 	|	461 	382 	409 	403 	385 	| 	 avg: 408.00
409 	|	385 	426 	360 	385 	386 	| 	 avg: 388.40
422 	|	744 	393 	360 	414 	350 	| 	 avg: 452.20
427 	|	395 	475 	363 	373 	419 	| 	 avg: 405.00
499 	|	406 	409 	816 	430 	404 	| 	 avg: 493.00
434 	|	368 	613 	346 	374 	415 	| 	 avg: 423.20
605 	|	443 	406 	572 	390 	427 	| 	 avg: 447.60
553 	|	712 	391 	416 	400 	422 	| 	 avg: 468.20
444 	|	373 	370 	751 	379 	694 	| 	 avg: 513.40
453 	|	379 	390 	387 	409 	432 	| 	 avg: 399.40
417 	|	401 	638 	345 	341 	420 	| 	 avg: 429.00
709 	|	419 	442 	410 	415 	389 	| 	 avg: 415.00
394 	|	435 	884 	342 	457 	358 	| 	 avg: 495.20
428 	|	370 	362 	383 	376 	386 	| 	 avg: 375.40
409 	|	304 	324 	324 	304 	339 	| 	 avg: 319.00
400 	|	712 	385 	341 	381 	357 	| 	 avg: 435.20
397 	|	736 	369 	340 	434 	334 	| 	 avg: 442.60
395 	|	370 	367 	344 	479 	384 	| 	 avg: 388.80
456 	|	439 	384 	359 	353 	452 	| 	 avg: 397.40
average initials 453.30	 average finals: 422.95
