po_sorted_concat 0 1:
399 	|	283 	322 	301 	465 	347 	| 	 avg: 343.60
418 	|	319 	405 	311 	357 	323 	| 	 avg: 343.00
392 	|	338 	360 	487 	346 	341 	| 	 avg: 374.40
422 	|	300 	481 	444 	586 	322 	| 	 avg: 426.60
401 	|	334 	350 	320 	329 	342 	| 	 avg: 335.00
397 	|	327 	506 	331 	344 	337 	| 	 avg: 369.00
398 	|	368 	292 	374 	308 	364 	| 	 avg: 341.20
604 	|	345 	378 	310 	341 	327 	| 	 avg: 340.20
391 	|	322 	414 	357 	330 	330 	| 	 avg: 350.60
656 	|	486 	300 	647 	850 	506 	| 	 avg: 557.80
458 	|	351 	323 	553 	516 	336 	| 	 avg: 415.80
391 	|	325 	307 	339 	345 	308 	| 	 avg: 324.80
384 	|	337 	315 	316 	350 	381 	| 	 avg: 339.80
401 	|	609 	290 	362 	511 	295 	| 	 avg: 413.40
419 	|	374 	553 	404 	479 	310 	| 	 avg: 424.00
411 	|	298 	300 	345 	423 	339 	| 	 avg: 341.00
410 	|	335 	344 	373 	326 	352 	| 	 avg: 346.00
392 	|	480 	322 	290 	477 	353 	| 	 avg: 384.40
434 	|	294 	310 	333 	335 	350 	| 	 avg: 324.40
418 	|	397 	361 	387 	357 	519 	| 	 avg: 404.20
average initials 429.80	 average finals: 374.60
