po_sorted_concat 1 1:
405 	|	374 	575 	600 	292 	345 	| 	 avg: 437.20
441 	|	305 	291 	591 	357 	308 	| 	 avg: 370.40
433 	|	320 	286 	353 	379 	331 	| 	 avg: 333.80
462 	|	543 	548 	329 	322 	311 	| 	 avg: 410.60
427 	|	763 	369 	351 	380 	308 	| 	 avg: 434.20
403 	|	335 	660 	329 	308 	335 	| 	 avg: 393.40
404 	|	373 	332 	300 	296 	310 	| 	 avg: 322.20
414 	|	315 	319 	335 	544 	352 	| 	 avg: 373.00
408 	|	515 	509 	378 	322 	295 	| 	 avg: 403.80
423 	|	317 	555 	458 	333 	357 	| 	 avg: 404.00
394 	|	339 	357 	319 	309 	332 	| 	 avg: 331.20
396 	|	503 	335 	300 	313 	366 	| 	 avg: 363.40
401 	|	476 	293 	291 	357 	520 	| 	 avg: 387.40
394 	|	292 	342 	563 	525 	315 	| 	 avg: 407.40
399 	|	344 	291 	291 	359 	313 	| 	 avg: 319.60
396 	|	336 	363 	355 	659 	302 	| 	 avg: 403.00
439 	|	407 	342 	344 	343 	344 	| 	 avg: 356.00
401 	|	392 	318 	322 	310 	313 	| 	 avg: 331.00
419 	|	323 	295 	367 	351 	384 	| 	 avg: 344.00
407 	|	380 	332 	585 	562 	557 	| 	 avg: 483.20
average initials 413.30	 average finals: 380.15
