po_sorted_concat 1 0:
403 	|	460 	400 	414 	435 	485 	| 	 avg: 438.80
386 	|	425 	420 	389 	481 	395 	| 	 avg: 422.00
387 	|	630 	546 	385 	413 	390 	| 	 avg: 472.80
386 	|	417 	419 	441 	440 	405 	| 	 avg: 424.40
397 	|	411 	405 	385 	465 	399 	| 	 avg: 413.00
401 	|	400 	432 	438 	404 	389 	| 	 avg: 412.60
514 	|	470 	385 	457 	515 	399 	| 	 avg: 445.20
489 	|	684 	434 	409 	385 	438 	| 	 avg: 470.00
465 	|	388 	409 	429 	429 	396 	| 	 avg: 410.20
409 	|	805 	461 	462 	403 	410 	| 	 avg: 508.20
400 	|	418 	455 	393 	394 	410 	| 	 avg: 414.00
421 	|	880 	419 	400 	632 	385 	| 	 avg: 543.20
423 	|	610 	656 	409 	478 	431 	| 	 avg: 516.80
370 	|	419 	399 	409 	400 	600 	| 	 avg: 445.40
405 	|	395 	409 	430 	390 	383 	| 	 avg: 401.40
402 	|	385 	404 	390 	385 	393 	| 	 avg: 391.40
408 	|	609 	410 	409 	389 	435 	| 	 avg: 450.40
419 	|	405 	373 	604 	409 	419 	| 	 avg: 442.00
494 	|	399 	409 	451 	404 	405 	| 	 avg: 413.60
423 	|	708 	405 	431 	452 	393 	| 	 avg: 477.80
average initials 420.10	 average finals: 445.30
