po_sorted_concat 0 0:
402 	|	530 	399 	385 	468 	607 	| 	 avg: 477.80
388 	|	420 	523 	394 	599 	679 	| 	 avg: 523.00
490 	|	455 	625 	489 	385 	383 	| 	 avg: 467.40
400 	|	385 	611 	395 	399 	409 	| 	 avg: 439.80
385 	|	383 	452 	389 	390 	609 	| 	 avg: 444.60
433 	|	564 	373 	438 	419 	373 	| 	 avg: 433.40
385 	|	423 	373 	1033 	384 	390 	| 	 avg: 520.60
456 	|	389 	405 	575 	389 	697 	| 	 avg: 491.00
448 	|	432 	433 	438 	410 	383 	| 	 avg: 419.20
682 	|	419 	400 	405 	404 	410 	| 	 avg: 407.60
405 	|	474 	423 	589 	485 	409 	| 	 avg: 476.00
417 	|	593 	404 	410 	420 	811 	| 	 avg: 527.60
437 	|	532 	518 	503 	400 	437 	| 	 avg: 478.00
443 	|	409 	385 	434 	501 	409 	| 	 avg: 427.60
710 	|	391 	409 	404 	404 	418 	| 	 avg: 405.20
396 	|	404 	413 	438 	417 	393 	| 	 avg: 413.00
427 	|	404 	409 	648 	418 	407 	| 	 avg: 457.20
423 	|	401 	401 	393 	419 	405 	| 	 avg: 403.80
538 	|	755 	631 	404 	385 	446 	| 	 avg: 524.20
405 	|	533 	410 	576 	385 	383 	| 	 avg: 457.40
average initials 453.50	 average finals: 459.35
