pa_sorted_concat 1 1:
385 	|	431 	519 	348 	417 	408 	| 	 avg: 424.60
408 	|	455 	889 	325 	350 	358 	| 	 avg: 475.40
583 	|	325 	363 	853 	369 	309 	| 	 avg: 443.80
463 	|	628 	322 	375 	445 	333 	| 	 avg: 420.60
451 	|	315 	338 	342 	395 	501 	| 	 avg: 378.20
407 	|	536 	418 	476 	453 	370 	| 	 avg: 450.60
396 	|	351 	335 	683 	514 	347 	| 	 avg: 446.00
406 	|	379 	550 	670 	348 	403 	| 	 avg: 470.00
436 	|	423 	429 	458 	336 	324 	| 	 avg: 394.00
491 	|	426 	299 	407 	300 	321 	| 	 avg: 350.60
420 	|	367 	573 	413 	341 	331 	| 	 avg: 405.00
387 	|	359 	347 	345 	343 	505 	| 	 avg: 379.80
418 	|	382 	438 	360 	411 	319 	| 	 avg: 382.00
390 	|	325 	403 	334 	345 	454 	| 	 avg: 372.20
423 	|	358 	367 	372 	429 	382 	| 	 avg: 381.60
421 	|	345 	378 	334 	417 	462 	| 	 avg: 387.20
392 	|	376 	340 	343 	403 	338 	| 	 avg: 360.00
411 	|	357 	380 	354 	346 	371 	| 	 avg: 361.60
433 	|	378 	352 	347 	352 	359 	| 	 avg: 357.60
409 	|	388 	573 	697 	347 	347 	| 	 avg: 470.40
average initials 426.50	 average finals: 405.20
