pa_sorted_concat 0 0:
425 	|	420 	504 	460 	549 	495 	| 	 avg: 485.60
443 	|	453 	451 	409 	540 	648 	| 	 avg: 500.20
433 	|	581 	452 	639 	458 	424 	| 	 avg: 510.80
450 	|	458 	431 	440 	580 	439 	| 	 avg: 469.60
392 	|	736 	410 	435 	530 	527 	| 	 avg: 527.60
407 	|	455 	467 	464 	853 	451 	| 	 avg: 538.00
393 	|	657 	513 	429 	470 	444 	| 	 avg: 502.60
435 	|	426 	451 	458 	435 	460 	| 	 avg: 446.00
378 	|	432 	442 	467 	411 	571 	| 	 avg: 464.60
653 	|	410 	373 	415 	413 	415 	| 	 avg: 405.20
402 	|	430 	418 	725 	441 	400 	| 	 avg: 482.80
411 	|	406 	441 	489 	710 	425 	| 	 avg: 494.20
412 	|	442 	410 	469 	481 	432 	| 	 avg: 446.80
470 	|	567 	765 	400 	594 	787 	| 	 avg: 622.60
464 	|	425 	397 	600 	414 	418 	| 	 avg: 450.80
421 	|	422 	456 	431 	507 	437 	| 	 avg: 450.60
396 	|	456 	415 	443 	419 	489 	| 	 avg: 444.40
499 	|	383 	393 	428 	429 	395 	| 	 avg: 405.60
407 	|	460 	380 	427 	439 	594 	| 	 avg: 460.00
408 	|	447 	446 	609 	499 	429 	| 	 avg: 486.00
average initials 434.95	 average finals: 479.25
