pa_sorted_concat 0 1:
409 	|	333 	349 	472 	383 	432 	| 	 avg: 393.80
434 	|	332 	307 	480 	369 	364 	| 	 avg: 370.40
407 	|	356 	312 	331 	643 	528 	| 	 avg: 434.00
453 	|	377 	515 	513 	303 	395 	| 	 avg: 420.60
395 	|	569 	433 	367 	338 	350 	| 	 avg: 411.40
397 	|	352 	327 	566 	457 	386 	| 	 avg: 417.60
443 	|	342 	359 	346 	388 	362 	| 	 avg: 359.40
449 	|	371 	378 	402 	576 	697 	| 	 avg: 484.80
438 	|	437 	482 	379 	557 	334 	| 	 avg: 437.80
400 	|	369 	363 	358 	374 	364 	| 	 avg: 365.60
402 	|	317 	337 	342 	371 	323 	| 	 avg: 338.00
393 	|	375 	367 	385 	383 	463 	| 	 avg: 394.60
392 	|	339 	731 	366 	491 	507 	| 	 avg: 486.80
429 	|	361 	403 	403 	352 	456 	| 	 avg: 395.00
423 	|	337 	461 	363 	346 	360 	| 	 avg: 373.40
475 	|	513 	299 	329 	333 	375 	| 	 avg: 369.80
429 	|	380 	341 	350 	358 	332 	| 	 avg: 352.20
379 	|	637 	661 	477 	331 	407 	| 	 avg: 502.60
428 	|	383 	569 	307 	336 	350 	| 	 avg: 389.00
466 	|	300 	355 	323 	448 	293 	| 	 avg: 343.80
average initials 422.05	 average finals: 401.55
