pa_sorted_concat 1 0:
384 	|	603 	699 	436 	490 	404 	| 	 avg: 526.40
394 	|	496 	424 	503 	486 	525 	| 	 avg: 486.80
409 	|	470 	435 	482 	409 	443 	| 	 avg: 447.80
412 	|	495 	434 	435 	440 	459 	| 	 avg: 452.60
386 	|	459 	410 	503 	397 	528 	| 	 avg: 459.40
443 	|	537 	668 	385 	478 	573 	| 	 avg: 528.20
538 	|	477 	446 	401 	380 	399 	| 	 avg: 420.60
523 	|	386 	428 	415 	412 	427 	| 	 avg: 413.60
418 	|	385 	455 	396 	465 	465 	| 	 avg: 433.20
392 	|	406 	417 	490 	554 	458 	| 	 avg: 465.00
443 	|	720 	466 	435 	439 	643 	| 	 avg: 540.60
421 	|	444 	508 	424 	392 	385 	| 	 avg: 430.60
408 	|	416 	605 	447 	471 	438 	| 	 avg: 475.40
388 	|	408 	423 	438 	489 	621 	| 	 avg: 475.80
408 	|	419 	481 	450 	414 	424 	| 	 avg: 437.60
413 	|	578 	391 	453 	483 	447 	| 	 avg: 470.40
433 	|	457 	415 	499 	406 	635 	| 	 avg: 482.40
425 	|	395 	400 	572 	434 	429 	| 	 avg: 446.00
396 	|	716 	391 	639 	431 	638 	| 	 avg: 563.00
427 	|	641 	466 	427 	560 	466 	| 	 avg: 512.00
average initials 423.05	 average finals: 472.95
