pa_unsorted_concat 1:
706 	|	1266 	1012 	1030 	1209 	747 	| 	 avg: 1052.80
1140 	|	812 	1020 	1207 	1350 	996 	| 	 avg: 1077.00
1219 	|	866 	1231 	1127 	1392 	775 	| 	 avg: 1078.20
705 	|	1166 	992 	825 	1039 	893 	| 	 avg: 983.00
1127 	|	1423 	833 	1033 	1237 	909 	| 	 avg: 1087.00
849 	|	785 	736 	725 	1336 	755 	| 	 avg: 867.40
1551 	|	780 	755 	759 	1209 	843 	| 	 avg: 869.20
895 	|	906 	1223 	1044 	1117 	906 	| 	 avg: 1039.20
705 	|	924 	880 	1129 	946 	843 	| 	 avg: 944.40
877 	|	1169 	894 	841 	948 	990 	| 	 avg: 968.40
685 	|	937 	1240 	960 	713 	731 	| 	 avg: 916.20
1006 	|	812 	1233 	779 	829 	1103 	| 	 avg: 951.20
705 	|	766 	1167 	1016 	755 	759 	| 	 avg: 892.60
868 	|	908 	765 	1013 	962 	1026 	| 	 avg: 934.80
768 	|	774 	866 	1347 	933 	1151 	| 	 avg: 1014.20
779 	|	1039 	991 	1334 	1100 	851 	| 	 avg: 1063.00
920 	|	991 	913 	824 	744 	743 	| 	 avg: 843.00
869 	|	987 	994 	800 	956 	928 	| 	 avg: 933.00
790 	|	963 	1730 	1043 	1032 	834 	| 	 avg: 1120.40
779 	|	965 	904 	997 	948 	851 	| 	 avg: 933.00
average initials   897	 average finals:   978
