pa_unsorted_concat 0:
688 	|	936 	1198 	1101 	1068 	1008 	| 	 avg: 1062.20
709 	|	759 	792 	1136 	960 	1247 	| 	 avg: 978.80
893 	|	1042 	1175 	1388 	870 	1053 	| 	 avg: 1105.60
963 	|	976 	720 	1151 	1318 	1119 	| 	 avg: 1056.80
904 	|	967 	1103 	813 	878 	895 	| 	 avg: 931.20
885 	|	1390 	1323 	915 	907 	1056 	| 	 avg: 1118.20
683 	|	746 	992 	730 	755 	740 	| 	 avg: 792.60
733 	|	939 	859 	803 	748 	1292 	| 	 avg: 928.20
1025 	|	1044 	1118 	1215 	1146 	797 	| 	 avg: 1064.00
705 	|	1157 	1095 	784 	1100 	726 	| 	 avg: 972.40
982 	|	1191 	900 	1167 	1278 	1199 	| 	 avg: 1147.00
733 	|	1188 	939 	1173 	714 	967 	| 	 avg: 996.20
925 	|	1286 	1182 	1124 	821 	874 	| 	 avg: 1057.40
804 	|	954 	1006 	965 	1024 	1256 	| 	 avg: 1041.00
1017 	|	917 	1042 	981 	1717 	1044 	| 	 avg: 1140.20
893 	|	1071 	1210 	795 	983 	732 	| 	 avg: 958.20
779 	|	1019 	980 	717 	864 	791 	| 	 avg: 874.20
775 	|	813 	788 	1021 	1038 	1450 	| 	 avg: 1022.00
703 	|	767 	734 	759 	757 	735 	| 	 avg: 750.40
750 	|	840 	852 	805 	1002 	941 	| 	 avg: 888.00
average initials   827	 average finals:   993
