pa_sorted_simple 1:
716 	|	729 	903 	1290 	826 	1237 	| 	 avg: 997.00
696 	|	710 	736 	868 	884 	1095 	| 	 avg: 858.60
715 	|	735 	1218 	744 	1213 	725 	| 	 avg: 927.00
1184 	|	1063 	1619 	824 	881 	972 	| 	 avg: 1071.80
887 	|	1024 	911 	900 	831 	765 	| 	 avg: 886.20
719 	|	853 	896 	811 	830 	789 	| 	 avg: 835.80
742 	|	895 	1135 	858 	856 	1334 	| 	 avg: 1015.60
723 	|	774 	744 	765 	889 	793 	| 	 avg: 793.00
710 	|	888 	1032 	806 	755 	781 	| 	 avg: 852.40
765 	|	988 	934 	988 	896 	861 	| 	 avg: 933.40
747 	|	1004 	772 	847 	1046 	940 	| 	 avg: 921.80
1259 	|	1048 	883 	1113 	814 	819 	| 	 avg: 935.40
1022 	|	840 	878 	849 	778 	880 	| 	 avg: 845.00
1374 	|	924 	887 	889 	1136 	1062 	| 	 avg: 979.60
731 	|	996 	797 	1005 	805 	853 	| 	 avg: 891.20
843 	|	1067 	1263 	1507 	899 	772 	| 	 avg: 1101.60
772 	|	820 	957 	1275 	847 	947 	| 	 avg: 969.20
909 	|	878 	878 	979 	729 	964 	| 	 avg: 885.60
770 	|	839 	1245 	760 	1230 	983 	| 	 avg: 1011.40
727 	|	816 	762 	1224 	994 	1030 	| 	 avg: 965.20
average initials   850	 average finals:   933
