pa_unsorted_concat 1:
226 	|	238 	238 	238 	238 	238 	| 	 avg: 238.00
226 	|	238 	262 	262 	262 	262 	| 	 avg: 257.20
212 	|	244 	244 	244 	244 	243 	| 	 avg: 243.80
225 	|	256 	256 	256 	256 	256 	| 	 avg: 256.00
225 	|	256 	240 	240 	240 	240 	| 	 avg: 243.20
214 	|	254 	254 	254 	254 	248 	| 	 avg: 252.80
232 	|	242 	242 	242 	242 	242 	| 	 avg: 242.00
232 	|	252 	252 	252 	252 	252 	| 	 avg: 252.00
212 	|	258 	258 	258 	214 	214 	| 	 avg: 240.40
220 	|	243 	243 	243 	243 	243 	| 	 avg: 243.00
220 	|	255 	255 	255 	255 	255 	| 	 avg: 255.00
203 	|	232 	232 	232 	222 	222 	| 	 avg: 228.00
238 	|	234 	234 	234 	234 	234 	| 	 avg: 234.00
238 	|	222 	222 	222 	222 	222 	| 	 avg: 222.00
214 	|	236 	236 	236 	224 	224 	| 	 avg: 231.20
233 	|	232 	232 	232 	232 	232 	| 	 avg: 232.00
233 	|	258 	258 	258 	258 	258 	| 	 avg: 258.00
218 	|	236 	236 	236 	266 	266 	| 	 avg: 248.00
216 	|	250 	250 	250 	250 	250 	| 	 avg: 250.00
216 	|	246 	246 	246 	246 	246 	| 	 avg: 246.00
average initials 222.65	 average finals: 243.50
