pa_unsorted_concat 0:
232 	|	232 	232 	232 	232 	232 	| 	 avg: 232.00
232 	|	232 	232 	237 	237 	237 	| 	 avg: 235.00
234 	|	227 	227 	227 	227 	227 	| 	 avg: 227.00
234 	|	220 	220 	220 	220 	220 	| 	 avg: 220.00
213 	|	221 	221 	221 	221 	221 	| 	 avg: 221.00
232 	|	225 	225 	225 	225 	225 	| 	 avg: 225.00
232 	|	225 	225 	226 	226 	226 	| 	 avg: 225.60
232 	|	235 	235 	235 	235 	235 	| 	 avg: 235.00
232 	|	241 	241 	241 	241 	241 	| 	 avg: 241.00
231 	|	229 	229 	229 	229 	230 	| 	 avg: 229.20
215 	|	220 	220 	220 	220 	220 	| 	 avg: 220.00
215 	|	220 	220 	229 	229 	229 	| 	 avg: 225.40
220 	|	215 	215 	215 	215 	215 	| 	 avg: 215.00
220 	|	211 	211 	211 	211 	211 	| 	 avg: 211.00
233 	|	229 	229 	229 	229 	236 	| 	 avg: 230.40
226 	|	225 	225 	225 	225 	225 	| 	 avg: 225.00
226 	|	225 	225 	235 	235 	235 	| 	 avg: 231.00
212 	|	217 	217 	217 	217 	217 	| 	 avg: 217.00
212 	|	222 	222 	222 	222 	222 	| 	 avg: 222.00
220 	|	216 	216 	216 	216 	216 	| 	 avg: 216.00
average initials 225.15	 average finals: 225.10
