po_sorted_simple 1:
224 	|	225 	225 	246 	246 	246 	| 	 avg: 237.60
230 	|	228 	228 	228 	228 	228 	| 	 avg: 228.00
230 	|	231 	231 	231 	231 	231 	| 	 avg: 231.00
214 	|	246 	246 	246 	246 	236 	| 	 avg: 244.00
229 	|	229 	229 	229 	229 	229 	| 	 avg: 229.00
229 	|	229 	241 	241 	241 	241 	| 	 avg: 238.60
223 	|	247 	247 	247 	247 	247 	| 	 avg: 247.00
206 	|	232 	232 	232 	232 	232 	| 	 avg: 232.00
206 	|	232 	232 	219 	219 	219 	| 	 avg: 224.20
218 	|	238 	238 	238 	238 	238 	| 	 avg: 238.00
224 	|	231 	231 	231 	231 	231 	| 	 avg: 231.00
224 	|	231 	231 	231 	217 	217 	| 	 avg: 225.40
231 	|	221 	221 	221 	221 	221 	| 	 avg: 221.00
231 	|	221 	219 	219 	219 	219 	| 	 avg: 219.40
213 	|	225 	225 	225 	225 	196 	| 	 avg: 219.20
217 	|	215 	215 	215 	215 	215 	| 	 avg: 215.00
217 	|	215 	232 	232 	232 	232 	| 	 avg: 228.60
219 	|	242 	242 	242 	242 	242 	| 	 avg: 242.00
219 	|	215 	215 	215 	215 	215 	| 	 avg: 215.00
212 	|	240 	240 	240 	234 	234 	| 	 avg: 237.60
average initials 220.80	 average finals: 230.00
