pa_sorted_simple 1:
216 	|	237 	237 	237 	237 	237 	| 	 avg: 237.00
229 	|	231 	231 	231 	231 	243 	| 	 avg: 233.40
227 	|	233 	233 	233 	233 	233 	| 	 avg: 233.00
227 	|	233 	233 	233 	233 	233 	| 	 avg: 233.00
233 	|	229 	229 	229 	229 	229 	| 	 avg: 229.00
233 	|	234 	234 	234 	234 	234 	| 	 avg: 234.00
221 	|	222 	222 	222 	222 	222 	| 	 avg: 222.00
226 	|	224 	224 	224 	224 	224 	| 	 avg: 224.00
226 	|	224 	224 	224 	239 	239 	| 	 avg: 230.00
221 	|	232 	232 	232 	232 	232 	| 	 avg: 232.00
221 	|	232 	230 	230 	230 	230 	| 	 avg: 230.40
229 	|	224 	224 	224 	224 	224 	| 	 avg: 224.00
228 	|	229 	229 	229 	229 	229 	| 	 avg: 229.00
228 	|	229 	229 	229 	232 	232 	| 	 avg: 230.20
225 	|	231 	231 	231 	231 	231 	| 	 avg: 231.00
225 	|	231 	227 	227 	227 	227 	| 	 avg: 227.80
208 	|	222 	222 	222 	222 	222 	| 	 avg: 222.00
208 	|	227 	227 	227 	227 	227 	| 	 avg: 227.00
234 	|	229 	229 	229 	229 	231 	| 	 avg: 229.40
218 	|	222 	222 	222 	222 	222 	| 	 avg: 222.00
average initials 224.15	 average finals: 228.90
