[?1h=
                                                                   < M A T L A B (R) >
                                                         Copyright 1984-2010 The MathWorks, Inc.
                                                      Version 7.12.0.635 (R2011a) 64-bit (glnxa64)
                                                                     March 18, 2011

 
  To get started, type one of these: helpwin, helpdesk, or demo.
  For product information, visit www.mathworks.com.
 
{Warning: Name is nonexistent or not a directory: /home/davide/projects/mthesis/Mondriaan3.11/tools.} 
> In path at 110
  In addpath at 87
  In startup at 2
  In matlabrc at 222

tbdlinux.mtx

pa_simple asc:		 8440 16465 16465 16519 16487 15665 16518 16508 16501 15751 	 (avg 15531.9)
pa_simple desc:		 8440 15712 16450 16480 16476 16492 15657 16492 15779 16470 	 (avg 15444.8)
pa_random:		 8440 16505 16471 16429 16439 16482 15714 16497 16467 16517 	 (avg 15596.1)
pa_mix_alt0:		 8440 15704 16435 16476 16478 16506 16493 16477 16490 15702 	 (avg 15520.1)
pa_mix_alt1:		 8440 16485 16460 16452 16502 16508 16459 16492 16458 16514 	 (avg 15677)
pa_mix_spr0:		 8440 16482 16470 16472 16441 16454 16432 15723 16511 16491 	 (avg 15591.6)
pa_mix_spr1:		 8440 16509 16516 16486 16526 15688 16483 16456 16529 16504 	 (avg 15613.7)
pa_sm_alt_w_asc_0:	 8440 16436 16453 16392 16465 16451 16507 16436 16478 16456 	 (avg 15651.4)
pa_sm_alt_w_asc_1:	 8440 16501 15710 16500 16473 16440 15678 16493 16510 16459 	 (avg 15520.4)
pa_sm_alt_w_desc_0:	 8440 16501 16407 16509 16533 16499 16540 16461 16496 16499 	 (avg 15688.5)
pa_sm_alt_w_desc_1:	 8440 16456 15771 15701 16530 16515 16502 16465 16509 16484 	 (avg 15537.3)
pa_sm_alt_nw_asc_0:	 8440 16469 16460 16508 15715 16474 16502 15693 16492 16493 	 (avg 15524.6)
pa_sm_alt_nw_asc_1:	 8440 16497 16466 16486 16457 16474 16487 16402 16436 16489 	 (avg 15663.4)
pa_sm_alt_nw_desc_0:	 8440 16510 16517 16407 16534 16470 16516 16505 16528 15734 	 (avg 15616.1)
pa_sm_alt_nw_desc_1:	 8440 16478 15673 16483 16509 16547 16549 16524 16539 16466 	 (avg 15620.8)
pa_sm_spr_w_asc_0:	 8440 16446 16491 16461 16477 16486 16470 16458 15706 16498 	 (avg 15593.3)
pa_sm_spr_w_asc_1:	 8440 16525 16467 16500 16460 16453 16487 16507 16489 16470 	 (avg 15679.8)
pa_sm_spr_w_desc_0:	 8440 16452 16379 16486 16502 16472 15719 16514 16508 16509 	 (avg 15598.1)
pa_sm_spr_w_desc_1:	 8440 15800 16524 16504 16532 16496 16553 16509 16522 