pa_unsorted_concat 0:
312 	|	291 	304 	310 	304 	306 	| 	 avg: 303.00
303 	|	326 	324 	314 	298 	343 	| 	 avg: 321.00
302 	|	318 	302 	297 	300 	304 	| 	 avg: 304.20
308 	|	316 	293 	310 	308 	300 	| 	 avg: 305.40
316 	|	342 	295 	307 	320 	313 	| 	 avg: 315.40
318 	|	308 	322 	301 	294 	308 	| 	 avg: 306.60
292 	|	312 	287 	305 	310 	298 	| 	 avg: 302.40
309 	|	300 	292 	314 	294 	310 	| 	 avg: 302.00
292 	|	286 	302 	301 	308 	298 	| 	 avg: 299.00
298 	|	300 	325 	300 	309 	309 	| 	 avg: 308.60
298 	|	312 	301 	318 	302 	295 	| 	 avg: 305.60
310 	|	312 	300 	314 	298 	308 	| 	 avg: 306.40
316 	|	305 	302 	281 	300 	305 	| 	 avg: 298.60
292 	|	318 	292 	293 	303 	340 	| 	 avg: 309.20
302 	|	296 	303 	333 	304 	308 	| 	 avg: 308.80
302 	|	313 	303 	310 	298 	329 	| 	 avg: 310.60
314 	|	325 	316 	286 	312 	294 	| 	 avg: 306.60
298 	|	310 	308 	307 	307 	306 	| 	 avg: 307.60
334 	|	305 	327 	297 	306 	312 	| 	 avg: 309.40
312 	|	293 	323 	296 	302 	303 	| 	 avg: 303.40
average initials   306	 average finals:   306
