pa_unsorted_concat 1:
308 	|	303 	311 	308 	319 	304 	| 	 avg: 309.00
324 	|	313 	309 	308 	320 	304 	| 	 avg: 310.80
330 	|	307 	284 	316 	323 	309 	| 	 avg: 307.80
310 	|	292 	310 	304 	305 	300 	| 	 avg: 302.20
304 	|	316 	302 	305 	302 	302 	| 	 avg: 305.40
316 	|	296 	300 	312 	308 	305 	| 	 avg: 304.20
332 	|	310 	292 	302 	318 	298 	| 	 avg: 304.00
314 	|	294 	306 	340 	324 	297 	| 	 avg: 312.20
302 	|	310 	303 	310 	324 	315 	| 	 avg: 312.40
292 	|	322 	308 	300 	323 	323 	| 	 avg: 315.20
292 	|	304 	302 	313 	324 	298 	| 	 avg: 308.20
308 	|	316 	319 	309 	330 	304 	| 	 avg: 315.60
298 	|	284 	300 	294 	313 	290 	| 	 avg: 296.20
316 	|	306 	292 	308 	311 	307 	| 	 avg: 304.80
308 	|	296 	312 	304 	316 	290 	| 	 avg: 303.60
314 	|	309 	310 	302 	304 	298 	| 	 avg: 304.60
380 	|	292 	312 	302 	300 	322 	| 	 avg: 305.60
304 	|	298 	310 	316 	291 	291 	| 	 avg: 301.20
305 	|	336 	316 	307 	304 	320 	| 	 avg: 316.60
324 	|	300 	312 	302 	298 	298 	| 	 avg: 302.00
average initials   314	 average finals:   306
