pa_sorted_simple 1:
300 	|	325 	332 	336 	332 	314 	| 	 avg: 327.80
304 	|	329 	329 	327 	307 	323 	| 	 avg: 323.00
286 	|	319 	353 	359 	330 	309 	| 	 avg: 334.00
296 	|	341 	319 	321 	319 	308 	| 	 avg: 321.60
296 	|	312 	310 	358 	355 	338 	| 	 avg: 334.60
312 	|	353 	316 	334 	338 	312 	| 	 avg: 330.60
316 	|	312 	319 	343 	336 	313 	| 	 avg: 324.60
334 	|	328 	334 	327 	356 	319 	| 	 avg: 332.80
300 	|	336 	314 	338 	345 	327 	| 	 avg: 332.00
322 	|	343 	316 	341 	331 	329 	| 	 avg: 332.00
310 	|	332 	321 	314 	329 	339 	| 	 avg: 327.00
296 	|	326 	321 	333 	342 	327 	| 	 avg: 329.80
312 	|	322 	332 	326 	323 	324 	| 	 avg: 325.40
292 	|	315 	320 	319 	339 	333 	| 	 avg: 325.20
306 	|	344 	312 	336 	320 	321 	| 	 avg: 326.60
290 	|	329 	313 	344 	304 	308 	| 	 avg: 319.60
310 	|	342 	320 	317 	317 	313 	| 	 avg: 321.80
334 	|	336 	329 	316 	330 	319 	| 	 avg: 326.00
304 	|	323 	316 	320 	312 	322 	| 	 avg: 318.60
308 	|	307 	334 	328 	337 	326 	| 	 avg: 326.40
average initials   306	 average finals:   326
