pa_unsorted_concat 1:
322 	|	341 	372 	372 	341 	341 	| 	 avg: 353.40
300 	|	351 	351 	345 	348 	348 	| 	 avg: 348.60
312 	|	343 	343 	351 	351 	344 	| 	 avg: 346.40
316 	|	367 	364 	364 	345 	345 	| 	 avg: 357.00
310 	|	349 	349 	347 	342 	342 	| 	 avg: 345.80
284 	|	344 	344 	351 	351 	346 	| 	 avg: 347.20
296 	|	367 	349 	349 	358 	337 	| 	 avg: 352.00
302 	|	357 	348 	348 	368 	368 	| 	 avg: 357.80
328 	|	337 	348 	348 	344 	344 	| 	 avg: 344.20
315 	|	376 	376 	361 	361 	356 	| 	 avg: 366.00
300 	|	348 	356 	356 	355 	354 	| 	 avg: 353.80
314 	|	343 	354 	354 	366 	366 	| 	 avg: 356.60
298 	|	343 	343 	349 	349 	355 	| 	 avg: 347.80
284 	|	371 	334 	341 	341 	396 	| 	 avg: 356.60
312 	|	346 	347 	347 	348 	348 	| 	 avg: 347.20
310 	|	344 	344 	348 	348 	359 	| 	 avg: 348.60
312 	|	412 	358 	358 	349 	349 	| 	 avg: 365.20
330 	|	356 	356 	353 	353 	343 	| 	 avg: 352.20
286 	|	338 	367 	349 	349 	358 	| 	 avg: 352.20
296 	|	326 	346 	346 	358 	358 	| 	 avg: 346.80
average initials 306.35	 average finals: 351.85
