pa_unsorted_concat 0:
306 	|	357 	357 	350 	350 	354 	| 	 avg: 353.60
298 	|	347 	347 	326 	326 	344 	| 	 avg: 338.00
304 	|	334 	349 	349 	358 	358 	| 	 avg: 349.60
330 	|	353 	353 	348 	348 	353 	| 	 avg: 351.00
300 	|	324 	361 	345 	345 	364 	| 	 avg: 347.80
308 	|	345 	354 	354 	344 	344 	| 	 avg: 348.20
306 	|	336 	336 	359 	359 	355 	| 	 avg: 349.00
338 	|	341 	358 	358 	328 	328 	| 	 avg: 342.60
310 	|	357 	357 	350 	350 	356 	| 	 avg: 354.00
328 	|	350 	370 	370 	342 	342 	| 	 avg: 354.80
320 	|	357 	357 	334 	352 	352 	| 	 avg: 350.40
312 	|	354 	354 	355 	355 	357 	| 	 avg: 355.00
302 	|	349 	355 	355 	346 	346 	| 	 avg: 350.20
316 	|	365 	365 	339 	339 	340 	| 	 avg: 349.60
310 	|	352 	336 	336 	354 	354 	| 	 avg: 346.40
308 	|	349 	348 	348 	385 	385 	| 	 avg: 363.00
286 	|	347 	347 	361 	361 	371 	| 	 avg: 357.40
308 	|	357 	349 	348 	348 	336 	| 	 avg: 347.60
306 	|	362 	341 	341 	353 	353 	| 	 avg: 350.00
298 	|	358 	358 	338 	338 	336 	| 	 avg: 345.60
average initials 309.70	 average finals: 349.85
