pa_sorted_simple 1:
307 	|	320 	363 	347 	347 	318 	| 	 avg: 339.00
314 	|	347 	330 	331 	331 	325 	| 	 avg: 332.80
296 	|	343 	311 	358 	335 	311 	| 	 avg: 331.60
278 	|	323 	323 	334 	331 	356 	| 	 avg: 333.40
320 	|	324 	352 	320 	315 	326 	| 	 avg: 327.40
304 	|	335 	328 	344 	344 	342 	| 	 avg: 338.60
320 	|	340 	339 	347 	333 	338 	| 	 avg: 339.40
312 	|	322 	305 	328 	346 	346 	| 	 avg: 329.40
304 	|	334 	318 	327 	356 	330 	| 	 avg: 333.00
312 	|	343 	329 	344 	344 	341 	| 	 avg: 340.20
300 	|	324 	324 	329 	363 	340 	| 	 avg: 336.00
326 	|	324 	331 	331 	323 	328 	| 	 avg: 327.40
304 	|	333 	333 	342 	342 	356 	| 	 avg: 341.20
364 	|	336 	343 	330 	334 	334 	| 	 avg: 335.40
294 	|	321 	328 	328 	354 	348 	| 	 avg: 335.80
312 	|	325 	325 	323 	322 	331 	| 	 avg: 325.20
298 	|	324 	336 	336 	344 	319 	| 	 avg: 331.80
334 	|	351 	341 	341 	333 	316 	| 	 avg: 336.40
339 	|	314 	323 	335 	335 	334 	| 	 avg: 328.20
300 	|	338 	332 	317 	348 	309 	| 	 avg: 328.80
average initials 311.90	 average finals: 333.15
