pa_unsorted_concat 1:
247 	|	216 	215 	218 	212 	217 	| 	 avg: 215.60
234 	|	220 	218 	224 	215 	218 	| 	 avg: 219.00
234 	|	210 	215 	215 	210 	209 	| 	 avg: 211.80
237 	|	217 	211 	214 	218 	222 	| 	 avg: 216.40
227 	|	215 	220 	216 	218 	220 	| 	 avg: 217.80
228 	|	204 	206 	206 	207 	205 	| 	 avg: 205.60
248 	|	217 	224 	223 	220 	219 	| 	 avg: 220.60
235 	|	219 	223 	222 	219 	218 	| 	 avg: 220.20
238 	|	215 	210 	217 	213 	215 	| 	 avg: 214.00
241 	|	221 	229 	229 	225 	221 	| 	 avg: 225.00
242 	|	219 	221 	218 	217 	225 	| 	 avg: 220.00
222 	|	214 	215 	216 	212 	215 	| 	 avg: 214.40
236 	|	217 	222 	217 	215 	213 	| 	 avg: 216.80
221 	|	211 	217 	215 	211 	210 	| 	 avg: 212.80
237 	|	220 	221 	222 	219 	221 	| 	 avg: 220.60
233 	|	209 	212 	217 	208 	212 	| 	 avg: 211.60
229 	|	211 	220 	215 	220 	214 	| 	 avg: 216.00
225 	|	212 	217 	221 	221 	218 	| 	 avg: 217.80
232 	|	215 	217 	218 	214 	223 	| 	 avg: 217.40
224 	|	211 	215 	213 	209 	209 	| 	 avg: 211.40
average initials   233	 average finals:   215
