pa_sorted_simple 1:
230 	|	220 	223 	226 	222 	218 	| 	 avg: 221.80
243 	|	216 	217 	218 	221 	217 	| 	 avg: 217.80
229 	|	220 	223 	214 	214 	223 	| 	 avg: 218.80
238 	|	223 	224 	227 	214 	222 	| 	 avg: 222.00
228 	|	218 	214 	219 	220 	216 	| 	 avg: 217.40
232 	|	222 	223 	217 	213 	221 	| 	 avg: 219.20
234 	|	224 	216 	223 	221 	227 	| 	 avg: 222.20
222 	|	212 	221 	226 	216 	226 	| 	 avg: 220.20
244 	|	216 	210 	216 	215 	219 	| 	 avg: 215.20
234 	|	229 	222 	222 	225 	223 	| 	 avg: 224.20
238 	|	221 	227 	221 	217 	219 	| 	 avg: 221.00
244 	|	223 	215 	213 	222 	210 	| 	 avg: 216.60
235 	|	229 	214 	215 	215 	218 	| 	 avg: 218.20
244 	|	229 	228 	224 	218 	229 	| 	 avg: 225.60
239 	|	222 	231 	224 	226 	225 	| 	 avg: 225.60
243 	|	231 	224 	225 	226 	224 	| 	 avg: 226.00
248 	|	224 	220 	210 	216 	213 	| 	 avg: 216.60
235 	|	221 	229 	216 	225 	222 	| 	 avg: 222.60
228 	|	210 	207 	214 	209 	218 	| 	 avg: 211.60
237 	|	213 	217 	226 	216 	222 	| 	 avg: 218.80
average initials   236	 average finals:   219
