pa_sorted_mix 0 0:
531 	|	541 	536 	567 	543 	535 	| 	 avg: 544.40
546 	|	539 	569 	569 	677 	569 	| 	 avg: 584.60
548 	|	556 	558 	582 	572 	580 	| 	 avg: 569.60
510 	|	520 	569 	530 	599 	534 	| 	 avg: 550.40
541 	|	546 	546 	692 	541 	546 	| 	 avg: 574.20
556 	|	548 	532 	546 	566 	570 	| 	 avg: 552.40
497 	|	551 	497 	497 	499 	519 	| 	 avg: 512.60
594 	|	658 	708 	682 	594 	594 	| 	 avg: 647.20
868 	|	683 	722 	698 	691 	690 	| 	 avg: 696.80
511 	|	545 	516 	521 	516 	531 	| 	 avg: 525.80
477 	|	501 	477 	477 	509 	503 	| 	 avg: 493.40
561 	|	643 	607 	600 	573 	562 	| 	 avg: 597.00
542 	|	568 	554 	548 	623 	551 	| 	 avg: 568.80
539 	|	579 	560 	582 	544 	559 	| 	 avg: 564.80
531 	|	587 	541 	1158 	539 	565 	| 	 avg: 678.00
482 	|	506 	484 	484 	482 	504 	| 	 avg: 492.00
492 	|	502 	492 	532 	492 	537 	| 	 avg: 511.00
543 	|	543 	543 	557 	543 	674 	| 	 avg: 572.00
525 	|	525 	550 	556 	527 	526 	| 	 avg: 536.80
533 	|	543 	564 	573 	553 	563 	| 	 avg: 559.20
average initials 546.35	 average finals: 566.15
