pa_unsorted_concat 1:
538 	|	526 	567 	565 	574 	530 	| 	 avg: 552.40
542 	|	544 	547 	538 	538 	559 	| 	 avg: 545.20
551 	|	620 	1135 	564 	538 	582 	| 	 avg: 687.80
523 	|	514 	544 	529 	554 	551 	| 	 avg: 538.40
503 	|	534 	509 	519 	519 	529 	| 	 avg: 522.00
607 	|	586 	557 	663 	571 	608 	| 	 avg: 597.00
546 	|	560 	549 	539 	849 	533 	| 	 avg: 606.00
531 	|	540 	488 	550 	515 	518 	| 	 avg: 522.20
521 	|	520 	525 	862 	525 	538 	| 	 avg: 594.00
678 	|	590 	584 	565 	588 	564 	| 	 avg: 578.20
556 	|	558 	533 	546 	1077 	517 	| 	 avg: 646.20
542 	|	561 	551 	563 	626 	619 	| 	 avg: 584.00
531 	|	553 	570 	638 	607 	618 	| 	 avg: 597.20
467 	|	1175 	538 	507 	584 	538 	| 	 avg: 668.40
519 	|	835 	538 	1193 	506 	548 	| 	 avg: 724.00
532 	|	513 	534 	508 	512 	507 	| 	 avg: 514.80
566 	|	1176 	524 	541 	543 	524 	| 	 avg: 661.60
521 	|	524 	520 	488 	491 	524 	| 	 avg: 509.40
1173 	|	563 	665 	565 	607 	534 	| 	 avg: 586.80
530 	|	574 	633 	1192 	1138 	559 	| 	 avg: 819.20
average initials 573.85	 average finals: 602.45
