pa_sorted_mix 1 1:
517 	|	553 	517 	687 	517 	596 	| 	 avg: 574.00
561 	|	550 	525 	550 	590 	575 	| 	 avg: 558.00
534 	|	575 	561 	703 	541 	541 	| 	 avg: 584.20
532 	|	557 	557 	548 	548 	646 	| 	 avg: 571.20
530 	|	548 	1148 	565 	573 	558 	| 	 avg: 678.40
503 	|	515 	542 	513 	515 	515 	| 	 avg: 520.00
569 	|	583 	589 	562 	554 	592 	| 	 avg: 576.00
544 	|	554 	572 	544 	560 	695 	| 	 avg: 585.00
509 	|	511 	718 	509 	549 	533 	| 	 avg: 564.00
529 	|	539 	552 	568 	575 	539 	| 	 avg: 554.60
565 	|	608 	581 	579 	567 	564 	| 	 avg: 579.80
544 	|	569 	589 	597 	569 	559 	| 	 avg: 576.60
511 	|	542 	511 	640 	521 	531 	| 	 avg: 549.00
531 	|	554 	556 	530 	536 	542 	| 	 avg: 543.60
519 	|	529 	689 	529 	521 	529 	| 	 avg: 559.40
529 	|	554 	552 	538 	563 	567 	| 	 avg: 554.80
521 	|	548 	519 	521 	549 	579 	| 	 avg: 543.20
604 	|	581 	595 	633 	606 	648 	| 	 avg: 612.60
564 	|	564 	590 	580 	588 	564 	| 	 avg: 577.20
520 	|	543 	584 	512 	566 	595 	| 	 avg: 560.00
average initials 536.80	 average finals: 570.80
