pa_sorted_mix 0 1:
580 	|	1060 	616 	617 	609 	618 	| 	 avg: 704.00
541 	|	572 	594 	653 	553 	577 	| 	 avg: 589.80
523 	|	525 	561 	523 	521 	541 	| 	 avg: 534.20
597 	|	610 	609 	627 	563 	598 	| 	 avg: 601.40
541 	|	527 	573 	527 	543 	525 	| 	 avg: 539.00
531 	|	590 	621 	575 	536 	683 	| 	 avg: 601.00
548 	|	575 	559 	543 	525 	533 	| 	 avg: 547.00
550 	|	1112 	508 	518 	534 	534 	| 	 avg: 641.20
542 	|	576 	554 	590 	555 	542 	| 	 avg: 563.40
562 	|	675 	1049 	645 	581 	567 	| 	 avg: 703.40
570 	|	570 	570 	570 	596 	570 	| 	 avg: 575.20
517 	|	556 	553 	522 	518 	538 	| 	 avg: 537.40
581 	|	599 	579 	599 	585 	623 	| 	 avg: 597.00
519 	|	543 	533 	529 	513 	529 	| 	 avg: 529.40
522 	|	545 	531 	615 	560 	545 	| 	 avg: 559.20
573 	|	608 	691 	583 	573 	573 	| 	 avg: 605.60
550 	|	642 	555 	659 	598 	1116 	| 	 avg: 714.00
541 	|	546 	650 	584 	577 	577 	| 	 avg: 586.80
580 	|	567 	651 	606 	608 	567 	| 	 avg: 599.80
516 	|	516 	542 	552 	526 	566 	| 	 avg: 540.40
average initials 549.20	 average finals: 593.15
