pa_sorted_mix 1 0:
530 	|	542 	1397 	537 	544 	529 	| 	 avg: 709.80
544 	|	554 	544 	1256 	544 	609 	| 	 avg: 701.40
536 	|	555 	574 	550 	546 	575 	| 	 avg: 560.00
508 	|	554 	565 	518 	532 	508 	| 	 avg: 535.40
531 	|	555 	531 	547 	531 	717 	| 	 avg: 576.20
545 	|	648 	574 	574 	595 	593 	| 	 avg: 596.80
811 	|	842 	753 	750 	826 	864 	| 	 avg: 807.00
549 	|	563 	593 	554 	592 	563 	| 	 avg: 573.00
533 	|	539 	714 	573 	543 	537 	| 	 avg: 581.20
585 	|	583 	617 	627 	589 	615 	| 	 avg: 606.20
528 	|	548 	552 	548 	538 	526 	| 	 avg: 542.40
533 	|	553 	543 	553 	571 	573 	| 	 avg: 558.60
532 	|	600 	542 	574 	589 	621 	| 	 avg: 585.20
542 	|	542 	684 	637 	561 	697 	| 	 avg: 624.20
603 	|	588 	564 	586 	671 	608 	| 	 avg: 603.40
538 	|	536 	531 	562 	531 	548 	| 	 avg: 541.60
545 	|	592 	567 	590 	541 	530 	| 	 avg: 564.00
539 	|	1160 	559 	555 	607 	555 	| 	 avg: 687.20
521 	|	656 	572 	521 	521 	521 	| 	 avg: 558.20
512 	|	536 	512 	518 	559 	544 	| 	 avg: 533.80
average initials 553.25	 average finals: 601.95
