pa_unsorted_concat 0:
541 	|	513 	491 	476 	518 	511 	| 	 avg: 501.80
816 	|	615 	565 	1030 	615 	659 	| 	 avg: 696.80
588 	|	526 	562 	539 	584 	550 	| 	 avg: 552.20
516 	|	547 	619 	609 	555 	893 	| 	 avg: 644.60
536 	|	540 	548 	570 	579 	515 	| 	 avg: 550.40
567 	|	614 	610 	566 	557 	592 	| 	 avg: 587.80
565 	|	613 	614 	615 	653 	998 	| 	 avg: 698.60
596 	|	1192 	555 	538 	559 	607 	| 	 avg: 690.20
533 	|	525 	539 	634 	545 	543 	| 	 avg: 557.20
561 	|	529 	543 	555 	563 	779 	| 	 avg: 593.80
561 	|	603 	574 	613 	579 	578 	| 	 avg: 589.40
535 	|	574 	1275 	1070 	549 	1110 	| 	 avg: 915.60
547 	|	555 	664 	544 	519 	590 	| 	 avg: 574.40
493 	|	530 	1230 	1285 	495 	535 	| 	 avg: 815.00
543 	|	573 	558 	588 	606 	521 	| 	 avg: 569.20
852 	|	868 	622 	911 	704 	581 	| 	 avg: 737.20
505 	|	487 	516 	487 	540 	1074 	| 	 avg: 620.80
521 	|	507 	520 	522 	516 	500 	| 	 avg: 513.00
534 	|	839 	603 	590 	638 	1091 	| 	 avg: 752.20
1036 	|	565 	590 	640 	607 	930 	| 	 avg: 666.40
average initials 597.30	 average finals: 640.90
