pa_unsorted_random:
554 	|	554 	545 	554 	545 	545 	| 	 avg: 548.60
518 	|	518 	518 	518 	519 	518 	| 	 avg: 518.20
551 	|	528 	551 	539 	528 	528 	| 	 avg: 534.80
577 	|	577 	577 	577 	577 	577 	| 	 avg: 577.00
547 	|	1434 	535 	547 	547 	536 	| 	 avg: 719.80
550 	|	550 	550 	550 	550 	550 	| 	 avg: 550.00
526 	|	526 	1440 	526 	526 	526 	| 	 avg: 708.80
541 	|	541 	541 	541 	541 	541 	| 	 avg: 541.00
500 	|	500 	500 	500 	500 	500 	| 	 avg: 500.00
520 	|	520 	520 	520 	520 	520 	| 	 avg: 520.00
512 	|	512 	512 	512 	512 	512 	| 	 avg: 512.00
565 	|	565 	565 	565 	565 	565 	| 	 avg: 565.00
533 	|	533 	533 	533 	533 	533 	| 	 avg: 533.00
569 	|	569 	565 	1920 	569 	565 	| 	 avg: 837.60
523 	|	523 	523 	523 	523 	523 	| 	 avg: 523.00
573 	|	579 	573 	573 	573 	607 	| 	 avg: 581.00
752 	|	1071 	1082 	948 	752 	742 	| 	 avg: 919.00
585 	|	575 	585 	585 	585 	585 	| 	 avg: 583.00
506 	|	507 	506 	506 	506 	501 	| 	 avg: 505.20
507 	|	507 	545 	507 	507 	507 	| 	 avg: 514.60
average initials 550.45	 average finals: 589.35
