pa_unsorted_mix 0:
535 	|	623 	512 	545 	666 	665 	| 	 avg: 602.20
510 	|	525 	510 	488 	960 	539 	| 	 avg: 604.40
536 	|	596 	1083 	672 	675 	645 	| 	 avg: 734.20
534 	|	1066 	565 	821 	693 	624 	| 	 avg: 753.80
556 	|	723 	484 	496 	489 	519 	| 	 avg: 542.20
539 	|	674 	595 	592 	752 	1055 	| 	 avg: 733.60
516 	|	554 	1665 	528 	1100 	649 	| 	 avg: 899.20
523 	|	641 	1029 	760 	518 	1049 	| 	 avg: 799.40
524 	|	526 	540 	531 	736 	692 	| 	 avg: 605.00
557 	|	807 	575 	533 	711 	661 	| 	 avg: 657.40
596 	|	1092 	644 	594 	723 	669 	| 	 avg: 744.40
534 	|	503 	490 	494 	853 	1111 	| 	 avg: 690.20
526 	|	819 	564 	528 	508 	669 	| 	 avg: 617.60
513 	|	1162 	533 	709 	529 	910 	| 	 avg: 768.60
567 	|	626 	593 	585 	541 	546 	| 	 avg: 578.20
566 	|	512 	917 	551 	560 	693 	| 	 avg: 646.60
511 	|	559 	537 	647 	621 	529 	| 	 avg: 578.60
511 	|	790 	1019 	819 	531 	659 	| 	 avg: 763.60
513 	|	590 	548 	528 	553 	653 	| 	 avg: 574.40
556 	|	526 	1759 	526 	598 	547 	| 	 avg: 791.20
average initials 536.15	 average finals: 683.85
