pa_unsorted_mix 1:
580 	|	1061 	551 	1043 	557 	1192 	| 	 avg: 880.80
532 	|	609 	1085 	971 	673 	517 	| 	 avg: 771.00
526 	|	533 	702 	498 	522 	544 	| 	 avg: 559.80
564 	|	531 	544 	634 	522 	708 	| 	 avg: 587.80
533 	|	554 	1111 	540 	499 	1002 	| 	 avg: 741.20
587 	|	636 	685 	662 	605 	526 	| 	 avg: 622.80
535 	|	527 	505 	631 	770 	706 	| 	 avg: 627.80
530 	|	540 	552 	542 	692 	623 	| 	 avg: 589.80
536 	|	965 	527 	546 	1105 	586 	| 	 avg: 745.80
532 	|	506 	690 	1168 	575 	664 	| 	 avg: 720.60
516 	|	726 	509 	762 	509 	1075 	| 	 avg: 716.20
519 	|	545 	537 	664 	561 	527 	| 	 avg: 566.80
528 	|	530 	493 	542 	674 	490 	| 	 avg: 545.80
572 	|	620 	541 	563 	612 	581 	| 	 avg: 583.40
585 	|	506 	493 	780 	508 	533 	| 	 avg: 564.00
534 	|	542 	764 	552 	614 	594 	| 	 avg: 613.20
518 	|	549 	523 	566 	725 	493 	| 	 avg: 571.20
525 	|	500 	695 	447 	655 	682 	| 	 avg: 595.80
542 	|	500 	689 	488 	742 	513 	| 	 avg: 586.40
555 	|	689 	489 	1071 	884 	467 	| 	 avg: 720.00
average initials 542.45	 average finals: 645.00
