pa_sorted_simple 0:
562 	|	549 	608 	571 	549 	573 	| 	 avg: 570.00
622 	|	695 	626 	608 	607 	628 	| 	 avg: 632.80
528 	|	530 	530 	558 	530 	543 	| 	 avg: 538.20
497 	|	517 	670 	497 	517 	497 	| 	 avg: 539.60
542 	|	542 	562 	542 	552 	552 	| 	 avg: 550.00
483 	|	522 	495 	490 	650 	500 	| 	 avg: 531.40
557 	|	573 	565 	559 	552 	570 	| 	 avg: 563.80
559 	|	564 	560 	597 	564 	599 	| 	 avg: 576.80
574 	|	594 	586 	586 	622 	576 	| 	 avg: 592.80
528 	|	528 	528 	574 	528 	528 	| 	 avg: 537.20
585 	|	614 	599 	618 	623 	585 	| 	 avg: 607.80
559 	|	559 	579 	612 	559 	559 	| 	 avg: 573.60
488 	|	519 	510 	772 	529 	488 	| 	 avg: 563.60
501 	|	501 	501 	555 	515 	501 	| 	 avg: 514.60
564 	|	562 	602 	546 	578 	562 	| 	 avg: 570.00
560 	|	560 	545 	560 	560 	583 	| 	 avg: 561.60
1047 	|	1089 	781 	764 	752 	1136 	| 	 avg: 904.40
535 	|	532 	532 	532 	532 	532 	| 	 avg: 532.00
535 	|	561 	567 	551 	581 	555 	| 	 avg: 563.00
526 	|	527 	541 	528 	533 	632 	| 	 avg: 552.20
average initials 567.60	 average finals: 578.35
