pa_sorted_simple 1:
564 	|	561 	567 	578 	561 	577 	| 	 avg: 568.80
534 	|	531 	730 	541 	526 	526 	| 	 avg: 570.80
583 	|	630 	601 	597 	585 	599 	| 	 avg: 602.40
505 	|	519 	505 	510 	515 	520 	| 	 avg: 513.80
536 	|	536 	541 	541 	541 	556 	| 	 avg: 543.00
491 	|	491 	491 	491 	491 	491 	| 	 avg: 491.00
533 	|	538 	542 	540 	545 	576 	| 	 avg: 548.20
574 	|	574 	677 	576 	599 	600 	| 	 avg: 605.20
533 	|	533 	666 	533 	553 	547 	| 	 avg: 566.40
559 	|	574 	579 	559 	559 	559 	| 	 avg: 566.00
548 	|	550 	550 	550 	550 	550 	| 	 avg: 550.00
542 	|	548 	646 	562 	567 	548 	| 	 avg: 574.20
531 	|	557 	557 	552 	552 	541 	| 	 avg: 551.80
535 	|	535 	537 	537 	538 	535 	| 	 avg: 536.40
549 	|	577 	549 	538 	574 	571 	| 	 avg: 561.80
512 	|	575 	532 	517 	552 	564 	| 	 avg: 548.00
512 	|	551 	522 	507 	513 	492 	| 	 avg: 517.00
1118 	|	755 	1122 	746 	869 	814 	| 	 avg: 861.20
531 	|	594 	574 	1439 	510 	534 	| 	 avg: 730.20
540 	|	542 	560 	540 	540 	540 	| 	 avg: 544.40
average initials 566.50	 average finals: 577.20
