pa_sorted_concat 0 1:
517 	|	481 	491 	559 	533 	533 	| 	 avg: 519.40
583 	|	573 	568 	564 	575 	1122 	| 	 avg: 680.40
570 	|	557 	513 	563 	575 	513 	| 	 avg: 544.20
539 	|	561 	529 	534 	584 	590 	| 	 avg: 559.60
536 	|	564 	545 	530 	583 	554 	| 	 avg: 555.20
543 	|	583 	588 	541 	595 	572 	| 	 avg: 575.80
517 	|	589 	642 	575 	613 	554 	| 	 avg: 594.60
591 	|	624 	633 	669 	585 	614 	| 	 avg: 625.00
528 	|	543 	530 	575 	544 	664 	| 	 avg: 571.20
554 	|	499 	531 	499 	513 	499 	| 	 avg: 508.20
511 	|	521 	553 	541 	566 	519 	| 	 avg: 540.00
572 	|	856 	550 	580 	571 	633 	| 	 avg: 638.00
572 	|	542 	526 	545 	511 	646 	| 	 avg: 554.00
591 	|	530 	539 	1258 	584 	528 	| 	 avg: 687.80
516 	|	897 	535 	545 	539 	695 	| 	 avg: 642.20
828 	|	563 	559 	639 	749 	563 	| 	 avg: 614.60
527 	|	505 	561 	510 	531 	1188 	| 	 avg: 659.00
542 	|	522 	545 	502 	862 	528 	| 	 avg: 591.80
539 	|	556 	550 	533 	540 	570 	| 	 avg: 549.80
550 	|	559 	538 	543 	567 	555 	| 	 avg: 552.40
average initials 561.30	 average finals: 587.80
