pa_sorted_concat 1 1:
523 	|	685 	682 	747 	697 	603 	| 	 avg: 682.80
535 	|	656 	643 	801 	641 	653 	| 	 avg: 678.80
519 	|	650 	798 	636 	658 	695 	| 	 avg: 687.40
565 	|	793 	662 	1018 	666 	632 	| 	 avg: 754.20
555 	|	724 	657 	631 	694 	628 	| 	 avg: 666.80
546 	|	581 	586 	756 	626 	861 	| 	 avg: 682.00
517 	|	721 	599 	680 	599 	664 	| 	 avg: 652.60
508 	|	592 	711 	576 	576 	907 	| 	 avg: 672.40
572 	|	732 	690 	724 	755 	696 	| 	 avg: 719.40
581 	|	645 	692 	576 	1313 	1053 	| 	 avg: 855.80
494 	|	649 	628 	642 	653 	638 	| 	 avg: 642.00
561 	|	657 	733 	826 	847 	700 	| 	 avg: 752.60
506 	|	576 	731 	648 	561 	602 	| 	 avg: 623.60
551 	|	687 	676 	701 	688 	709 	| 	 avg: 692.20
541 	|	632 	707 	705 	659 	868 	| 	 avg: 714.20
548 	|	679 	562 	679 	631 	587 	| 	 avg: 627.60
511 	|	551 	591 	551 	775 	588 	| 	 avg: 611.20
538 	|	668 	677 	666 	667 	623 	| 	 avg: 660.20
562 	|	707 	637 	715 	730 	637 	| 	 avg: 685.20
503 	|	1081 	690 	562 	666 	610 	| 	 avg: 721.80
average initials 536.80	 average finals: 688.70
