pa_sorted_concat 0 0:
554 	|	561 	705 	612 	703 	576 	| 	 avg: 631.40
554 	|	596 	1253 	681 	576 	647 	| 	 avg: 750.60
530 	|	663 	659 	664 	724 	670 	| 	 avg: 676.00
554 	|	657 	610 	650 	844 	706 	| 	 avg: 693.40
564 	|	685 	586 	591 	586 	587 	| 	 avg: 607.00
567 	|	621 	632 	621 	728 	743 	| 	 avg: 669.00
547 	|	1244 	786 	663 	653 	712 	| 	 avg: 811.60
515 	|	648 	859 	605 	897 	638 	| 	 avg: 729.40
550 	|	670 	672 	668 	704 	624 	| 	 avg: 667.60
526 	|	627 	680 	1128 	650 	651 	| 	 avg: 747.20
588 	|	668 	673 	709 	728 	663 	| 	 avg: 688.20
536 	|	1226 	576 	561 	602 	625 	| 	 avg: 718.00
554 	|	738 	612 	730 	572 	647 	| 	 avg: 659.80
503 	|	633 	612 	658 	820 	597 	| 	 avg: 664.00
532 	|	676 	632 	717 	617 	682 	| 	 avg: 664.80
507 	|	574 	641 	735 	599 	666 	| 	 avg: 643.00
569 	|	748 	746 	777 	793 	771 	| 	 avg: 767.00
562 	|	631 	647 	622 	596 	869 	| 	 avg: 673.00
548 	|	1230 	685 	702 	625 	717 	| 	 avg: 791.80
549 	|	614 	665 	589 	605 	633 	| 	 avg: 621.20
average initials 545.45	 average finals: 693.40
