pa_sorted_concat 1 0:
524 	|	564 	730 	632 	599 	679 	| 	 avg: 640.80
504 	|	657 	1039 	648 	647 	628 	| 	 avg: 723.80
533 	|	644 	629 	688 	853 	639 	| 	 avg: 690.60
566 	|	671 	696 	683 	663 	627 	| 	 avg: 668.00
548 	|	713 	617 	641 	576 	576 	| 	 avg: 624.60
503 	|	638 	1243 	723 	637 	628 	| 	 avg: 773.80
506 	|	616 	852 	638 	588 	588 	| 	 avg: 656.40
524 	|	577 	640 	599 	591 	612 	| 	 avg: 603.80
573 	|	656 	642 	722 	664 	658 	| 	 avg: 668.40
550 	|	618 	592 	577 	587 	657 	| 	 avg: 606.20
580 	|	607 	622 	551 	576 	627 	| 	 avg: 596.60
581 	|	592 	642 	607 	617 	592 	| 	 avg: 610.00
540 	|	628 	648 	941 	692 	652 	| 	 avg: 712.20
587 	|	652 	561 	667 	610 	601 	| 	 avg: 618.20
517 	|	1041 	639 	715 	888 	660 	| 	 avg: 788.60
513 	|	846 	639 	646 	671 	611 	| 	 avg: 682.60
521 	|	551 	591 	627 	577 	860 	| 	 avg: 641.20
550 	|	613 	613 	834 	613 	832 	| 	 avg: 701.00
518 	|	622 	562 	681 	622 	633 	| 	 avg: 624.00
497 	|	562 	608 	612 	612 	591 	| 	 avg: 597.00
average initials 536.75	 average finals: 661.00
