pa_unsorted_concat 1:
242 	|	353 	244 	186 	299 	175 	| 	 avg: 251.40
283 	|	295 	324 	345 	194 	251 	| 	 avg: 281.80
295 	|	281 	223 	184 	166 	307 	| 	 avg: 232.20
302 	|	302 	350 	229 	197 	221 	| 	 avg: 259.80
213 	|	328 	284 	377 	295 	235 	| 	 avg: 303.80
382 	|	228 	277 	328 	295 	232 	| 	 avg: 272.00
184 	|	170 	316 	158 	182 	184 	| 	 avg: 202.00
478 	|	164 	249 	171 	221 	248 	| 	 avg: 210.60
307 	|	273 	191 	214 	294 	170 	| 	 avg: 228.40
183 	|	399 	182 	278 	174 	322 	| 	 avg: 271.00
315 	|	181 	203 	219 	181 	202 	| 	 avg: 197.20
395 	|	198 	179 	176 	265 	332 	| 	 avg: 230.00
345 	|	274 	380 	178 	245 	231 	| 	 avg: 261.60
337 	|	214 	184 	324 	389 	277 	| 	 avg: 277.60
321 	|	398 	336 	171 	331 	294 	| 	 avg: 306.00
289 	|	326 	202 	355 	189 	333 	| 	 avg: 281.00
231 	|	335 	285 	199 	376 	243 	| 	 avg: 287.60
261 	|	273 	336 	198 	240 	202 	| 	 avg: 249.80
320 	|	306 	166 	322 	222 	346 	| 	 avg: 272.40
211 	|	208 	334 	214 	283 	339 	| 	 avg: 275.60
average initials   294	 average finals:   257
