pa_unsorted_concat 0:
293 	|	249 	185 	317 	276 	196 	| 	 avg: 244.60
194 	|	209 	193 	328 	318 	192 	| 	 avg: 248.00
165 	|	336 	211 	282 	187 	166 	| 	 avg: 236.40
325 	|	160 	222 	361 	302 	206 	| 	 avg: 250.20
185 	|	240 	314 	243 	296 	326 	| 	 avg: 283.80
174 	|	288 	382 	273 	330 	227 	| 	 avg: 300.00
264 	|	247 	310 	209 	224 	447 	| 	 avg: 287.40
172 	|	207 	332 	300 	209 	355 	| 	 avg: 280.60
206 	|	295 	260 	302 	207 	253 	| 	 avg: 263.40
342 	|	294 	331 	266 	655 	173 	| 	 avg: 343.80
298 	|	340 	186 	189 	281 	339 	| 	 avg: 267.00
383 	|	171 	340 	165 	171 	243 	| 	 avg: 218.00
206 	|	236 	214 	314 	249 	268 	| 	 avg: 256.20
309 	|	196 	354 	174 	181 	242 	| 	 avg: 229.40
165 	|	189 	233 	233 	180 	348 	| 	 avg: 236.60
218 	|	318 	333 	360 	396 	249 	| 	 avg: 331.20
188 	|	333 	419 	204 	366 	175 	| 	 avg: 299.40
175 	|	257 	271 	199 	311 	215 	| 	 avg: 250.60
331 	|	191 	214 	242 	232 	256 	| 	 avg: 227.00
177 	|	206 	241 	429 	172 	248 	| 	 avg: 259.20
average initials   238	 average finals:   265
