pa_sorted_simple 1:
373 	|	310 	302 	271 	583 	316 	| 	 avg: 356.40
362 	|	212 	363 	551 	205 	295 	| 	 avg: 325.20
180 	|	206 	235 	152 	199 	305 	| 	 avg: 219.40
331 	|	333 	220 	254 	290 	284 	| 	 avg: 276.20
237 	|	194 	218 	247 	227 	248 	| 	 avg: 226.80
445 	|	375 	202 	217 	226 	374 	| 	 avg: 278.80
223 	|	375 	254 	223 	288 	296 	| 	 avg: 287.20
330 	|	327 	162 	229 	380 	181 	| 	 avg: 255.80
157 	|	338 	405 	314 	369 	329 	| 	 avg: 351.00
188 	|	179 	210 	328 	232 	187 	| 	 avg: 227.20
291 	|	215 	208 	196 	198 	201 	| 	 avg: 203.60
179 	|	301 	176 	187 	305 	229 	| 	 avg: 239.60
258 	|	181 	285 	173 	271 	179 	| 	 avg: 217.80
351 	|	184 	176 	285 	360 	356 	| 	 avg: 272.20
346 	|	175 	351 	252 	302 	210 	| 	 avg: 258.00
215 	|	223 	198 	221 	313 	185 	| 	 avg: 228.00
257 	|	208 	223 	311 	257 	235 	| 	 avg: 246.80
247 	|	234 	356 	273 	228 	216 	| 	 avg: 261.40
326 	|	271 	350 	184 	292 	225 	| 	 avg: 264.40
271 	|	303 	446 	263 	257 	171 	| 	 avg: 288.00
average initials   278	 average finals:   263
