pa_unsorted_concat 0:
525 	|	752 	702 	668 	565 	730 	| 	 avg: 683.40
497 	|	639 	678 	594 	653 	687 	| 	 avg: 650.20
576 	|	652 	591 	709 	665 	642 	| 	 avg: 651.80
538 	|	654 	875 	601 	640 	697 	| 	 avg: 693.40
634 	|	898 	612 	537 	778 	678 	| 	 avg: 700.60
641 	|	704 	603 	725 	763 	712 	| 	 avg: 701.40
688 	|	672 	646 	657 	777 	604 	| 	 avg: 671.20
761 	|	660 	632 	657 	652 	708 	| 	 avg: 661.80
540 	|	664 	677 	680 	658 	644 	| 	 avg: 664.60
563 	|	545 	543 	630 	824 	618 	| 	 avg: 632.00
510 	|	635 	618 	619 	637 	548 	| 	 avg: 611.40
578 	|	548 	583 	697 	669 	776 	| 	 avg: 654.60
596 	|	694 	714 	681 	725 	587 	| 	 avg: 680.20
728 	|	765 	981 	767 	705 	727 	| 	 avg: 789.00
726 	|	595 	678 	751 	588 	653 	| 	 avg: 653.00
642 	|	757 	626 	610 	702 	742 	| 	 avg: 687.40
581 	|	634 	663 	686 	664 	763 	| 	 avg: 682.00
625 	|	707 	783 	690 	729 	667 	| 	 avg: 715.20
573 	|	721 	706 	643 	652 	673 	| 	 avg: 679.00
601 	|	549 	553 	522 	548 	703 	| 	 avg: 575.00
average initials   606	 average finals:   671
