pa_unsorted_concat 1:
692 	|	602 	506 	598 	620 	645 	| 	 avg: 594.20
592 	|	536 	542 	546 	593 	738 	| 	 avg: 591.00
566 	|	557 	546 	553 	571 	657 	| 	 avg: 576.80
659 	|	690 	649 	545 	668 	547 	| 	 avg: 619.80
686 	|	493 	589 	552 	708 	611 	| 	 avg: 590.60
761 	|	636 	553 	552 	584 	542 	| 	 avg: 573.40
569 	|	617 	545 	632 	705 	555 	| 	 avg: 610.80
607 	|	542 	714 	600 	638 	664 	| 	 avg: 631.60
597 	|	599 	707 	656 	515 	655 	| 	 avg: 626.40
550 	|	530 	662 	673 	510 	627 	| 	 avg: 600.40
506 	|	596 	594 	587 	541 	535 	| 	 avg: 570.60
578 	|	662 	600 	534 	672 	564 	| 	 avg: 606.40
521 	|	627 	521 	633 	640 	496 	| 	 avg: 583.40
649 	|	639 	564 	499 	710 	553 	| 	 avg: 593.00
501 	|	608 	553 	475 	491 	575 	| 	 avg: 540.40
624 	|	625 	657 	538 	547 	625 	| 	 avg: 598.40
561 	|	593 	490 	591 	620 	630 	| 	 avg: 584.80
642 	|	634 	599 	587 	591 	693 	| 	 avg: 620.80
546 	|	667 	570 	571 	609 	659 	| 	 avg: 615.20
724 	|	694 	529 	561 	585 	560 	| 	 avg: 585.80
average initials   606	 average finals:   595
