pa_sorted_simple 1:
615 	|	614 	551 	604 	611 	569 	| 	 avg: 589.80
505 	|	663 	689 	570 	618 	639 	| 	 avg: 635.80
520 	|	623 	576 	619 	583 	771 	| 	 avg: 634.40
551 	|	524 	676 	608 	658 	594 	| 	 avg: 612.00
588 	|	614 	659 	608 	631 	567 	| 	 avg: 615.80
553 	|	525 	614 	614 	649 	588 	| 	 avg: 598.00
548 	|	591 	594 	601 	672 	643 	| 	 avg: 620.20
695 	|	658 	690 	654 	493 	717 	| 	 avg: 642.40
734 	|	744 	663 	620 	585 	582 	| 	 avg: 638.80
552 	|	551 	571 	608 	637 	670 	| 	 avg: 607.40
601 	|	654 	664 	524 	572 	726 	| 	 avg: 628.00
605 	|	658 	612 	573 	569 	604 	| 	 avg: 603.20
636 	|	573 	570 	600 	668 	683 	| 	 avg: 618.80
575 	|	707 	686 	637 	549 	585 	| 	 avg: 632.80
522 	|	592 	644 	604 	699 	638 	| 	 avg: 635.40
612 	|	632 	608 	646 	615 	515 	| 	 avg: 603.20
604 	|	588 	573 	598 	640 	624 	| 	 avg: 604.60
538 	|	543 	702 	592 	687 	588 	| 	 avg: 622.40
559 	|	685 	569 	647 	602 	650 	| 	 avg: 630.60
613 	|	641 	617 	596 	601 	659 	| 	 avg: 622.80
average initials   586	 average finals:   619
