pa_unsorted_concat 0:
207 	|	153 	129 	188 	250 	142 	| 	 avg: 172.40
232 	|	132 	208 	200 	121 	152 	| 	 avg: 162.60
276 	|	221 	246 	156 	117 	132 	| 	 avg: 174.40
386 	|	259 	213 	259 	145 	128 	| 	 avg: 200.80
172 	|	211 	160 	196 	235 	203 	| 	 avg: 201.00
206 	|	190 	135 	268 	235 	152 	| 	 avg: 196.00
191 	|	140 	159 	266 	164 	124 	| 	 avg: 170.60
200 	|	210 	215 	301 	211 	270 	| 	 avg: 241.40
207 	|	221 	130 	179 	118 	193 	| 	 avg: 168.20
128 	|	229 	163 	201 	222 	185 	| 	 avg: 200.00
307 	|	182 	153 	265 	218 	168 	| 	 avg: 197.20
190 	|	294 	135 	148 	141 	151 	| 	 avg: 173.80
202 	|	192 	255 	274 	205 	223 	| 	 avg: 229.80
133 	|	143 	392 	150 	212 	209 	| 	 avg: 221.20
152 	|	83 	119 	139 	171 	137 	| 	 avg: 129.80
140 	|	150 	232 	209 	197 	182 	| 	 avg: 194.00
285 	|	255 	158 	121 	221 	124 	| 	 avg: 175.80
164 	|	268 	185 	214 	190 	219 	| 	 avg: 215.20
211 	|	147 	281 	145 	208 	194 	| 	 avg: 195.00
99 	|	183 	169 	187 	239 	146 	| 	 avg: 184.80
average initials 204.40	 average finals: 189.80
