pa_unsorted_concat 1:
116 	|	167 	273 	239 	255 	268 	| 	 avg: 240.40
274 	|	187 	155 	347 	224 	250 	| 	 avg: 232.60
145 	|	115 	168 	267 	274 	121 	| 	 avg: 189.00
219 	|	207 	128 	189 	153 	149 	| 	 avg: 165.20
106 	|	170 	146 	302 	132 	206 	| 	 avg: 191.20
253 	|	174 	123 	193 	203 	157 	| 	 avg: 170.00
126 	|	255 	227 	161 	207 	168 	| 	 avg: 203.60
146 	|	165 	128 	206 	305 	219 	| 	 avg: 204.60
200 	|	107 	118 	248 	125 	180 	| 	 avg: 155.60
199 	|	201 	183 	171 	214 	130 	| 	 avg: 179.80
170 	|	142 	232 	92 	183 	134 	| 	 avg: 156.60
222 	|	300 	281 	232 	120 	149 	| 	 avg: 216.40
167 	|	179 	226 	177 	207 	125 	| 	 avg: 182.80
214 	|	199 	175 	210 	212 	207 	| 	 avg: 200.60
123 	|	195 	262 	147 	249 	171 	| 	 avg: 204.80
169 	|	123 	148 	191 	132 	131 	| 	 avg: 145.00
202 	|	189 	199 	135 	239 	156 	| 	 avg: 183.60
107 	|	274 	172 	231 	335 	188 	| 	 avg: 240.00
218 	|	267 	137 	204 	121 	172 	| 	 avg: 180.20
130 	|	184 	249 	334 	97 	149 	| 	 avg: 202.60
average initials 175.30	 average finals: 191.80
