po_sorted_simple 1:
456 	|	227 	126 	136 	116 	145 	| 	 avg: 150.00
205 	|	141 	134 	199 	174 	300 	| 	 avg: 189.60
224 	|	130 	294 	143 	208 	163 	| 	 avg: 187.60
338 	|	173 	283 	416 	165 	258 	| 	 avg: 259.00
138 	|	141 	356 	119 	192 	259 	| 	 avg: 213.40
120 	|	369 	212 	302 	148 	115 	| 	 avg: 229.20
184 	|	269 	137 	122 	228 	165 	| 	 avg: 184.20
152 	|	164 	285 	274 	270 	209 	| 	 avg: 240.40
134 	|	156 	273 	163 	269 	174 	| 	 avg: 207.00
162 	|	212 	210 	192 	175 	161 	| 	 avg: 190.00
187 	|	158 	180 	134 	261 	206 	| 	 avg: 187.80
176 	|	209 	140 	200 	201 	167 	| 	 avg: 183.40
396 	|	170 	169 	234 	146 	195 	| 	 avg: 182.80
304 	|	146 	117 	341 	238 	195 	| 	 avg: 207.40
291 	|	156 	157 	194 	176 	227 	| 	 avg: 182.00
121 	|	131 	146 	136 	221 	272 	| 	 avg: 181.20
344 	|	187 	446 	160 	177 	178 	| 	 avg: 229.60
139 	|	144 	169 	142 	92 	377 	| 	 avg: 184.80
180 	|	304 	179 	271 	381 	292 	| 	 avg: 285.40
118 	|	310 	185 	187 	142 	184 	| 	 avg: 201.60
average initials 218.45	 average finals: 203.45
