pa_sorted_simple 1:
132 	|	225 	164 	261 	115 	202 	| 	 avg: 193.40
396 	|	195 	174 	159 	197 	197 	| 	 avg: 184.40
156 	|	323 	259 	191 	207 	145 	| 	 avg: 225.00
249 	|	268 	174 	217 	177 	182 	| 	 avg: 203.60
195 	|	163 	157 	204 	228 	247 	| 	 avg: 199.80
258 	|	136 	242 	170 	298 	208 	| 	 avg: 210.80
133 	|	194 	273 	132 	297 	155 	| 	 avg: 210.20
120 	|	333 	171 	185 	145 	154 	| 	 avg: 197.60
184 	|	394 	218 	178 	177 	285 	| 	 avg: 250.40
142 	|	190 	151 	138 	146 	135 	| 	 avg: 152.00
157 	|	265 	143 	114 	225 	255 	| 	 avg: 200.40
118 	|	190 	212 	137 	200 	118 	| 	 avg: 171.40
171 	|	163 	197 	137 	145 	157 	| 	 avg: 159.80
338 	|	141 	205 	224 	214 	292 	| 	 avg: 215.20
167 	|	107 	224 	145 	172 	223 	| 	 avg: 174.20
172 	|	187 	155 	179 	196 	326 	| 	 avg: 208.60
120 	|	113 	243 	294 	153 	272 	| 	 avg: 215.00
194 	|	178 	142 	221 	187 	244 	| 	 avg: 194.40
164 	|	124 	270 	200 	269 	130 	| 	 avg: 198.60
246 	|	279 	198 	162 	215 	224 	| 	 avg: 215.60
average initials 190.60	 average finals: 198.60
