iter_test_coauthor

coAuthorsCiteseer.mtx

pa-unsorted-mix-alt-row:	 10900 10161  9866  9787 10468 10154  9479  9212  9299  9140 	 (avg 9846.60 time 184.834 s)
pa-unsorted-mix-alt-row:	 10900 10793  9905  9557  9496  9440  9501  9201  9320  9366 	 (avg 9747.90 time 239.443 s)
pa-unsorted-mix-alt-row:	 10900 10619 10102  9969  9886  9938  9776  9429  9175 10300 	 (avg 10009.40 time 175.355 s)
pa-unsorted-mix-alt-row:	 10900 10645 10369 10110  9771  9539  9510  9392  9345  9169 	 (avg 9875.00 time 171.906 s)
pa-unsorted-mix-alt-row:	 10900 10780 10302 10651  9812  9467  9459  9380  9372  9407 	 (avg 9953.00 time 173.372 s)
pa-unsorted-mix-spr-col:	 10900 10652 10393 10067  9699  9465  9440  9415 10307  9276 	 (avg 9961.40 time 181.447 s)
pa-unsorted-mix-spr-col:	 10900 10709  9968  9422  9276  9344 10106  9300  9065  9019 	 (avg 9710.90 time 176.591 s)
pa-unsorted-mix-spr-col:	 10900 10563 10019 10152 10330  9771 10263  9502  9302  9427 	 (avg 10022.90 time 174.191 s)
pa-unsorted-mix-spr-col:	 10900 10660 10219  9533  9582  9268  9489  9389  9244 10173 	 (avg 9845.70 time 177.361 s)
pa-unsorted-mix-spr-col:	 10900 10670 10389  9736  9696  9166  9229  9193  9203  9214 	 (avg 9739.60 time 175.239 s)
pa-unsorted-mix-alt-row:	 10099  9928  9714  9616  9302  9546  9280  9217  9192  9134 	 (avg 9502.80 time 177.987 s)
pa-unsorted-mix-alt-row:	 10099 10075  9811  9840  9506  9119  9186  9144  8990  9275 	 (avg 9504.50 time 178.657 s)
pa-unsorted-mix-alt-row:	 10099 10229  9960  9614  9664  9202 10365  9683  9432  9558 	 (avg 9780.60 time 175.387 s)
pa-unsorted-mix-alt-row:	 10099  9948  9722  9596  9427  9555 10325 10066  9574  9263 	 (avg 9757.50 time 174.165 s)
pa-unsorted-mix-alt-row:	 10099  9991  9763  9732 10586 10105  9646 10400 10147  9662 	 (avg 10013.10 time 175.574 s)
pa-unsorted-mix-spr-col:	 10099 10194  9658  9461  9230  9237 10516  9791  9450  9303 	 (avg 9693.90 time 176.133 s)
pa-unsorted-mix-spr-col:	 10099  9975  9723  9341  9357  9545  9373  9324  9444  9319 	 (avg 9550.00 time 173.128 s)
pa-unsorted-mix-spr-col:	 10099 10045  9730  9538  9741 10454  9442  9142  9413  9494 	 (avg 9709.80 time 175.377 s)
pa-unsorted-mix-spr-col:	 10099 10067  9652  9643 10645 10236 10066  9832  9396  9301 	 (avg 9893.70 time 176.793 s)
pa-unsorted-mix-spr-col:	 10099 10816 10392  9860 10196  9871  9548  9344  9174 10520 	 (avg 9982.00 time 175.167 s)
pa-unsorted-mix-alt-row:	 9834 10934 10296  9667 10407  9759  9330  9331  9169  9204 	 (avg 9793.10 time 178.295 s)
pa-unsorted-mix-alt-row:	 9834 10171  9895  9755  9325 10294 10062  9586  9457  9580 	 (avg 9795.90 time 175.53 s)
pa-unsorted-mix-alt-row:	 9834  9787  9748  9423  9265  9130  9517  9161  9191  9013 	 (avg 9406.90 time 174.623 s)
pa-unsorted-mix-alt-row:	 9834  9922  9458  9591  9453  9458  9328  9279  9327  9511 	 (avg 9516.10 time 177.188 s)
pa-unsorted-mix-alt-row:	 9834 11027 10460 10266  9870 10393  9326  8964  9220  9013 	 (avg 9837.30 time 173.959 s)
pa-unsorted-mix-spr-col:	 9834 10024  9798  9481 10833  9610  9315 10284 10083  9680 	 (avg 9894.20 time 176 s)
pa-unsorted-mix-spr-col:	 9834  9739  9473  9346  9489  9321  9068  9390  9332  9183 	 (avg 9417.50 time 175.308 s)
pa-unsorted-mix-spr-col:	 9834  9901  9645  9603 10611  9592  9285  9271  9274  9262 	 (avg 9627.80 time 176.038 s)
pa-unsorted-mix-spr-col:	 9834 10006  9460  9491  9504  9422  9246  9289  9098  9321 	 (avg 9467.10 time 179.203 s)
pa-unsorted-mix-spr-col:	 9834 10198  9600  9519  9514  9201  9599  9447  9435  9286 	 (avg 9563.30 time 176.709 s)
pa-unsorted-mix-alt-row:	 10084 10088  9696  9482  9374  9684 10467  9886  9315  9219 	 (avg 9729.50 time 176.907 s)
pa-unsorted-mix-alt-row:	 10084 10212 10424  9921  9578  9384  9128  9463  9169 10227 	 (avg 9759.00 time 173.099 s)
pa-unsorted-mix-alt-row:	 10084 10193  9775  9356  9307  9515  9363  9335 10377  9523 	 (avg 9682.80 time 176.16 s)
pa-unsorted-mix-alt-row:	 10084 10063  9950  9655  9367  9337  9319  9314  9341  9247 	 (avg 9567.70 time 176.29 s)
pa-unsorted-mix-alt-row:	 10084 10284  9623  9594  9515  9529  9143  9287  9248  9214 	 (avg 9552.10 time 177.266 s)
pa-unsorted-mix-spr-col:	 10084  9875 10551 10202 10045  9787  9713  9408  9417 10383 	 (avg 9946.50 time 186.666 s)
pa-unsorted-mix-spr-col:	 10084 10194  9686  9741  9496  9495  9447  9287  9231  9122 	 (avg 9578.30 time 211.914 s)
pa-unsorted-mix-spr-col:	 10084 10224  9690  9508  9446  9484  9276  9369  9330  9203 	 (avg 9561.40 time 197.101 s)
pa-unsorted-mix-spr-col:	 10084  9944  9542  9469  9496  9223  9393  9288  9332  9366 	 (avg 9513.70 time 187.534 s)
pa-unsorted-mix-spr-col:	 10084 10051  9906  9481  9368  9345  9420  9369  9351  9295 	 (avg 9567.00 time 181.424 s)
pa-unsorted-mix-alt-row:	 9869  9754  9845  9572  9403  9412  9523  9337  9398  9274 	 (avg 9538.70 time 183.95 s)
pa-unsorted-mix-alt-row:	 9869 10786 10047  9658  9414  9494  9432  9350  9355  9426 	 (avg 9683.10 time 178.428 s)
pa-unsorted-mix-alt-row:	 9869 10892  9703 10502  9989  9562  9399  9395  9102  9514 	 (avg 9792.70 time 178.392 s)
pa-unsorted-mix-alt-row:	 9869  9854  9675  9785  9591  9630  9592  9529  9424  9264 	 (avg 9621.30 time 186.708 s)
pa-unsorted-mix-alt-row:	 9869 10062  9606  9537  9421  9348 10377  9931  9286  9336 	 (avg 9677.30 time 184.456 s)
pa-unsorted-mix-spr-col:	 9869 10252  9778  9556  9398  9545  9266  9300  9126  9234 	 (avg 9532.40 time 290.293 s)
pa-unsorted-mix-spr-col:	 9869  9802  9611 10488  9832  9370  9393  9254  9441  9235 	 (avg 9629.50 time 178.416 s)
pa-unsorted-mix-spr-col:	 9869  9945  9595  9391  9473  9392  9381  9565  9162  9113 	 (avg 9488.60 time 181.921 s)
pa-unsorted-mix-spr-col:	 9869  9962  9639  9558  9723  9553 10327  9286  9157  9329 	 (avg 9640.30 time 181.169 s)
pa-unsorted-mix-spr-col:	 9869 10239  9869  9588  9358  9536  9337  9397  9305  9321 	 (avg 9581.90 time 183.317 s)