[?1h=
                                                                                     < M A T L A B (R) >
                                                                           Copyright 1984-2010 The MathWorks, Inc.
                                                                        Version 7.12.0.635 (R2011a) 64-bit (glnxa64)
                                                                                       March 18, 2011

 
  To get started, type one of these: helpwin, helpdesk, or demo.
  For product information, visit www.mathworks.com.
 
{Warning: Name is nonexistent or not a directory: /home/davide/projects/mthesis/Mondriaan3.11/tools.} 
> In path at 110
  In addpath at 87
  In startup at 2
  In matlabrc at 222

tbdlinux.mtx

pa-sorted-nw-simple:		 8352  8224  8129  8151  8125  8054  8106  8106  8085  8095 	 (avg 8142.70 time 694.843 s)
pa-sorted-nw-simple:		 8352  8168  8173  8115  8156  8105  8078  8056  8051  8064 	 (avg 8131.80 time 738.571 s)
pa-sorted-nw-simple:		 8352  8122  8157  8108  8120  8054  8084  8081  8076  8053 	 (avg 8120.70 time 722.622 s)
pa-sorted-nw-simple:		 8352  8142  8126  8129  8114  8142  8119  8150  8089  8048 	 (avg 8141.10 time 719.806 s)
pa-sorted-nw-simple:		 8352  8189  8136  8124  8152  8116  8102  8139  8135  8048 	 (avg 8149.30 time 691.036 s)
pa-sorted-nw-simple:		 8352  8178  8126  8116  8097  8027  8087  8040  8023  8019 	 (avg 8106.50 time 698.298 s)
pa-sorted-nw-simple:		 8352  8116  8186  8106  8188  8124  8134  8025  8100  8081 	 (avg 8141.20 time 692.251 s)
pa-sorted-nw-simple:		 8352  8173  8144  8100  8108  8116  8129  8064  8124  8012 	 (avg 8132.20 time 693.781 s)
pa-sorted-nw-simple:		 8352  8194  8153  8128  8110  8110  8108  8099  8094  8107 	 (avg 8145.50 time 727.106 s)
pa-sorted-nw-simple:		 8352  8194  8118  8215  8106  8092  8069  8093  8079  8100 	 (avg 8141.80 time 720.277 s)
average value over 10 iterations is 8135.28


pa-sorted-nw-random:		 8352 15335 15081 15094 14979 15146 15063 15187 15094 15119 	 (avg 14445.00 time 478.299 s)
pa-sorted-nw-random:		 8352 15076 14982 15100 15007 15065 15196 15085 15005 15154 	 (avg 14402.20 time 478.388 s)
pa-sorted-nw-random:		 8352 15017 14977 15052 15083 15084 15097 15040 15029 15051 	 (avg 14378.20 time 475.932 s)
pa-sorted-nw-random:		 8352 15135 15138 15042 15056 15241 15096 15310 15128 15003 	 (avg 14450.10 time 500.374 s)
pa-sorted-nw-random:		 8352 15143 15132 15033 15078 15068 15050 15105 15003 15067 	 (avg 14403.10 time 500.801 s)
pa-sorted-nw-random:		 8352 15128 14992 15027 15089 15113 14947 15095 14983 15017 	 (avg 14374.30 time 478.95 s)
pa-sorted-nw-random:		 8352 15150 15131 15090 15130 15092 15049 15030 15071 15095 	 (avg 14419.00 time 474.753 s)
pa-sorted-nw-random:		 8352 15139 15074 15136 15112 14990 15100 15351 15130 15003 	 (avg 14438.70 time 501.312 s)
pa-sorted-nw-random:		 8352 15063 15033 15036 15034 15041 15093 15176 15872 15098 	 (avg 14479.80 time 503.51 s)
pa-sorted-nw-random:		 8352 15068 15048 15027 14992 15057 15084 15030 15075 15001 	 (avg 14373.40 time 489.203 s)
average value over 10 iterations is 14416.38


pa-sorted-nw-mix-alt-row:	 8352  8190  8157  8115  8077  8096  8152  8109  8049  8073 	 (avg 8137.00 time 710.61 s)
pa-sorted-nw-mix-alt-row:	 8352  8167  8116  8127  8165  8166  8142  8173  8138  8075 	 (avg 8162.10 time 698.192 s)
pa-sorted-nw-mix-alt-row:	 8352  8466  8207  8135  8140  8072  8097  8113  8054  8067 	 (avg 8170.30 time 697.094 s)
pa-sorted-nw-mix-alt-row:	 8352  8365  8183  8181  8085  8068  8457  8189  8167  8168 	 (avg 8221.50 time 705.311 s)
pa-sorted-nw-mix-alt-row:	 8352  8192  8149  8150  8135  8099  8124  8111  8105  8122 	 (avg 8153.90 time 698.099 s)
pa-sorted-nw-mix-alt-row:	 8352  8219  8148  8107  8040  8082  8052  8083  8050  8067 	 (avg 8120.00 time 699.431 s)
pa-sorted-nw-mix-alt-row:	 8352  8254  8160  8125  8110  8049  8051  8039  8080  8123 	 (avg 8134.30 time 700.34 s)
pa-sorted-nw-mix-alt-row:	 8352  8140  8115  8132  8161  8086  8115  8076  8111  8128 	 (avg 8141.60 time 700.466 s)
pa-sorted-nw-mix-alt-row:	 8352  8174  8122  8087  8094  8113  8080  8060  8038  8067 	 (avg 8118.70 time 701.412 s)
pa-sorted-nw-mix-alt-row:	 8352  8149  8214  8080  8109  8133  8104  8052  8099  8183 	 (avg 8147.50 time 698.143 s)
average value over 10 iterations is 8150.69


pa-sorted-nw-mix-alt-col:	 8352  8135  8116  8089  8162  8095  8107  8056  8088  8086 	 (avg 8128.60 time 703.371 s)
pa-sorted-nw-mix-alt-col:	 8352  8135  8084  8153  8139  8163  8120  8061  8075  8051 	 (avg 8133.30 time 704.411 s)
pa-sorted-nw-mix-alt-col:	 8352  8251  8144  8185  8090  8095  8068  8090  8068  8032 	 (avg 8137.50 time 705.541 s)
pa-sorted-nw-mix-alt-col:	 8352  8205  8156  8115  8167  8077  8067  8062  8032  8088 	 (avg 8132.10 time 713.567 s)
pa-sorted-nw-mix-alt-col:	 8352  8215  8119  8099  8094  8097  8163  8089  8117  8129 	 (avg 8147.40 time 702.429 s)
pa-sorted-nw-mix-alt-col:	 8352  8190  8158  8170  8073  8068  8050  8073  8055  8044 	 (avg 8123.30 time 711.76 s)
pa-sorted-nw-mix-alt-col:	 8352  8174  8085  8142  8111  8084  8019  8012  8073  8051 	 (avg 8110.30 time 702.474 s)
pa-sorted-nw-mix-alt-col:	 8352  8255  8216  8094  8101  8122  8074  8104  8070  8049 	 (avg 8143.70 time 705.478 s)
pa-sorted-nw-mix-alt-col:	 8352  8212  8161  8147  8149  8143  8090  8097  8118  8063 	 (avg 8153.20 time 704.433 s)
pa-sorted-nw-mix-alt-col:	 8352  8225  8107  8079  8139  8075  8059  8091  8019  8004 	 (avg 8115.00 time 705.655 s)
average value over 10 iterations is 8132.44


pa-sorted-nw-mix-spr-row:	 8352  8232  8160  8115  8127  8090  8116  8166  8179  8069 	 (avg 8160.60 time 700.09 s)
pa-sorted-nw-mix-spr-row:	 8352  8108  8105  8102  8081  8147  8057  8078  8062  8031 	 (avg 8112.30 time 701.763 s)
pa-sorted-nw-mix-spr-row:	 8352  8156  8203  8056  8101  8063  8057  8058  8058  8101 	 (avg 8120.50 time 703.027 s)
pa-sorted-nw-mix-spr-row:	 8352  8157  8207  8133  8075  8090  8143  8103  8073  8023 	 (avg 8135.60 time 723.366 s)
pa-sorted-nw-mix-spr-row:	 8352  8143  8162  8163  8069  8088  8094  8081  8088  8083 	 (avg 8132.30 time 700.062 s)
pa-sorted-nw-mix-spr-row:	 8352  8127  8128  8051  8079  8122  8118  8144  8103  8101 	 (avg 8132.50 time 732.21 s)
pa-sorted-nw-mix-spr-row:	 8352  8173  8130  8123  8088  8059  8081  8092  8002  8030 	 (avg 8113.00 time 745.527 s)
pa-sorted-nw-mix-spr-row:	 8352  8126  8129  8056  8120  8065  8012  8052  8093  7998 	 (avg 8100.30 time 828.152 s)
pa-sorted-nw-mix-spr-row:	 8352  8156  8150  8132  8051  8098  8039  8066  8046  8057 	 (avg 8114.70 time 712.138 s)
pa-sorted-nw-mix-spr-row:	 8352  8163  8131  8143  8134  8137  8174  8090  8092  8074 	 (avg 8149.00 time 705.799 s)
average value over 10 iterations is 8127.08


pa-sorted-nw-mix-spr-col:	 8352  8185  8100  8129  8049  8112  8041  8035  8084  8099 	 (avg 8118.60 time 704.499 s)
pa-sorted-nw-mix-spr-col:	 8352  8135  8139  8135  8173  8122  8041  8131  8110  8084 	 (avg 8142.20 time 703.397 s)
pa-sorted-nw-mix-spr-col:	 8352  8193  8160  8205  8050  8110  8072  8117  8152  8142 	 (avg 8155.30 time 702.55 s)
pa-sorted-nw-mix-spr-col:	 8352  8212  8188  8118  8082  8106  8120  8053  8085  8076 	 (avg 8139.20 time 733.656 s)
pa-sorted-nw-mix-spr-col:	 8352  8202  8187  8190  8113  8139  8134  8069  8127  8153 	 (avg 8166.60 time 732.304 s)
pa-sorted-nw-mix-spr-col:	 8352  8180  8120  8166  8148  8119  8101  8088  8054  8026 	 (avg 8135.40 time 734.239 s)
pa-sorted-nw-mix-spr-col:	 8352  8168  8180  8254  8167  8123  8049  8064  8060  8035 	 (avg 8145.20 time 709.681 s)
pa-sorted-nw-mix-spr-col:	 8352  8226  8207  8173  8087  8130  8136  8099  8239  8042 	 (avg 8169.10 time 703.268 s)
pa-sorted-nw-mix-spr-col:	 8352  8203  8114  8164  8159  8096  8103  8052  8104  8011 	 (avg 8135.80 time 701.288 s)
pa-sorted-nw-mix-spr-col:	 8352  8242  8129  8087  8195  8140  8119  8123  8086  8046 	 (avg 8151.90 time 711.574 s)
average value over 10 iterations is 8145.93



pa-sorted-w-simple:		 8352  8184  8161  8107  8072  8078  8168  8073  8123  8128 	 (avg 8144.60 time 709.237 s)
pa-sorted-w-simple:		 8352  8217  8132  8099  8122  8122  8066  8062  8025  8076 	 (avg 8127.30 time 750.963 s)
pa-sorted-w-simple:		 8352  8171  8209  8125  8058  8093  8006  8044  8060  8058 	 (avg 8117.60 time 744.759 s)
pa-sorted-w-simple:		 8352  8102  8107  8084  8063  8116  8075  8055  8058  8039 	 (avg 8105.10 time 738.025 s)
pa-sorted-w-simple:		 8352  8135  8105  8152  8123  8097  8100  8074  8014  8068 	 (avg 8122.00 time 737.881 s)
pa-sorted-w-simple:		 8352  8193  8173  8103  8040  8039  8032  8063  8055  8062 	 (avg 8111.20 time 738.051 s)
pa-sorted-w-simple:		 8352  8145  8146  8126  8123  8065  8047  8107  8094  8059 	 (avg 8126.40 time 738.63 s)
pa-sorted-w-simple:		 8352  8181  8149  8145  8101  8151  8101  8113  8113  8089 	 (avg 8149.50 time 701.967 s)
pa-sorted-w-simple:		 8352  8169  8185  8132  8095  8097  8075  8102  8198  8117 	 (avg 8152.20 time 697.615 s)
pa-sorted-w-simple:		 8352  8173  8183  8135  8099  8027  8041  8118  8088  8067 	 (avg 8128.30 time 698.406 s)
average value over 10 iterations is 8128.42


pa-sorted-w-random:		 8352 15040 15014 15019 15118 15043 14990 15090 14993 15037 	 (avg 14369.60 time 480.336 s)
pa-sorted-w-random:		 8352 15043 15116 15047 14988 15130 15075 15115 15054 14991 	 (avg 14391.10 time 481.622 s)
pa-sorted-w-random:		 8352 15148 15287 15108 15086 15028 14977 15013 15099 15139 	 (avg 14423.70 time 477.216 s)
pa-sorted-w-random:		 8352 15059 15063 15033 14996 15150 14997 15123 15006 15157 	 (avg 14393.60 time 491.694 s)
pa-sorted-w-random:		 8352 15021 14990 15029 15001 15046 15090 15308 15126 15071 	 (avg 14403.40 time 509.481 s)
pa-sorted-w-random:		 8352 15043 15135 15073 15124 15112 14991 15084 15914 15128 	 (avg 14495.60 time 479.574 s)
pa-sorted-w-random:		 8352 15046 15065 15008 15073 15008 15089 15104 15097 15014 	 (avg 14385.60 time 508.919 s)
pa-sorted-w-random:		 8352 15019 15073 15148 15069 15037 15105 15054 15028 15079 	 (avg 14396.40 time 524.392 s)
pa-sorted-w-random:		 8352 15013 15103 15117 14984 15225 15110 15124 15163 15077 	 (avg 14426.80 time 520.647 s)
pa-sorted-w-random:		 8352 15106 15079 15122 14988 15246 15104 15039 14979 15148 	 (avg 14416.30 time 479.221 s)
average value over 10 iterations is 14410.21


pa-sorted-w-mix-alt-row:	 8352  8116  8203  8064  8078  8033  8011  8074  8051  8087 	 (avg 8106.90 time 709.8 s)
pa-sorted-w-mix-alt-row:	 8352  8185  8128  8119  8103  8060  8080  8060  8147  8031 	 (avg 8126.50 time 714.745 s)
pa-sorted-w-mix-alt-row:	 8352  8213  8113  8076  8069  8130  8088  8089  8043  8096 	 (avg 8126.90 time 706.986 s)
pa-sorted-w-mix-alt-row:	 8352  8184  8245  8177  8123  8138  8082  8157  8066  8008 	 (avg 8153.20 time 705.619 s)
pa-sorted-w-mix-alt-row:	 8352  8197  8140  8043  8080  8104  8085  8146  8063  8082 	 (avg 8129.20 time 706.003 s)
pa-sorted-w-mix-alt-row:	 8352  8169  8110  8044  8081  8089  8134  8075  8135  8057 	 (avg 8124.60 time 954.258 s)
pa-sorted-w-mix-alt-row:	 8352  8205  8192  8156  8053  8076  8081  8045  7952  8057 	 (avg 8116.90 time 964.21 s)
pa-sorted-w-mix-alt-row:	 8352  8192  8162  8072  8164  8059  8096  8074  8162  8139 	 (avg 8147.20 time 1089.71 s)
pa-sorted-w-mix-alt-row:	 8352  8162  8168  8131  8076  8097  8066  8186  8117  8085 	 (avg 8144.00 time 1218.02 s)
pa-sorted-w-mix-alt-row:	 8352  8210  8153  8095  8148  8124  8162  8139  8085  8033 	 (avg 8150.10 time 1203.72 s)
average value over 10 iterations is 8132.55


pa-sorted-w-mix-alt-col:	 8352  8153  8189  8071  8083  8034  8096  8130  8134  8129 	 (avg 8137.10 time 1145.56 s)
pa-sorted-w-mix-alt-col:	 8352  8151  8178  8068  8056  8122  8159  8030  8073  8115 	 (avg 8130.40 time 1049.06 s)
pa-sorted-w-mix-alt-col:	 8352  8203  8223  8106  8189  8088  8216  8070  8123  8096 	 (avg 8166.60 time 1035.27 s)
pa-sorted-w-mix-alt-col:	 8352  8179  8118  8073  8100  8097  8031  8067  8066  8093 	 (avg 8117.60 time 1083.66 s)
pa-sorted-w-mix-alt-col:	 8352  8211  8181  8137  8129  8105  8029  8056  8070  8123 	 (avg 8139.30 time 1175.34 s)
pa-sorted-w-mix-alt-col:	 8352  8162  8203  8112  8100  8048  8090  8012  8027  8008 	 (avg 8111.40 time 1439.69 s)
pa-sorted-w-mix-alt-col:	 8352  8162  8147  8079  8103  8063  8109  8115  8023  8060 	 (avg 8121.30 time 1367.78 s)
pa-sorted-w-mix-alt-col:	 8352  8182  8264  8200  8137  8111  8069  8074  8083  8100 	 (avg 8157.20 time 1488.33 s)
pa-sorted-w-mix-alt-col:	 8352  8164  8188  8177  8135  8046  8091  8069  8102  8028 	 (avg 8135.20 time 1345.51 s)
pa-sorted-w-mix-alt-col:	 8352  8170  8142  8109  8144 
>> 
>> 
>> exit
[?1l>