pa_unsorted_concat 0:
224 	|	213 	229 	202 	120 	132 	| 	 avg: 179.20
141 	|	160 	184 	116 	166 	295 	| 	 avg: 184.20
213 	|	210 	183 	103 	179 	158 	| 	 avg: 166.60
160 	|	225 	164 	237 	208 	204 	| 	 avg: 207.60
266 	|	179 	185 	177 	148 	143 	| 	 avg: 166.40
139 	|	403 	143 	146 	158 	198 	| 	 avg: 209.60
122 	|	188 	149 	172 	153 	173 	| 	 avg: 167.00
213 	|	253 	190 	157 	216 	177 	| 	 avg: 198.60
206 	|	144 	156 	168 	137 	163 	| 	 avg: 153.60
208 	|	342 	174 	144 	191 	167 	| 	 avg: 203.60
305 	|	119 	199 	132 	234 	152 	| 	 avg: 167.20
231 	|	220 	178 	115 	178 	335 	| 	 avg: 205.20
184 	|	287 	297 	174 	199 	243 	| 	 avg: 240.00
104 	|	137 	274 	265 	136 	261 	| 	 avg: 214.60
234 	|	154 	141 	154 	210 	195 	| 	 avg: 170.80
147 	|	218 	179 	156 	178 	172 	| 	 avg: 180.60
194 	|	198 	169 	226 	337 	264 	| 	 avg: 238.80
235 	|	150 	176 	215 	252 	119 	| 	 avg: 182.40
171 	|	252 	139 	143 	137 	340 	| 	 avg: 202.20
168 	|	185 	222 	278 	221 	210 	| 	 avg: 223.20
average initials   193	 average finals:   192
