pa_unsorted_concat 1:
180 	|	197 	248 	234 	203 	105 	| 	 avg: 197.40
192 	|	189 	215 	128 	168 	217 	| 	 avg: 183.40
218 	|	130 	257 	244 	141 	106 	| 	 avg: 175.60
237 	|	121 	220 	341 	383 	104 	| 	 avg: 233.80
395 	|	119 	233 	122 	161 	150 	| 	 avg: 157.00
158 	|	332 	202 	94 	278 	269 	| 	 avg: 235.00
142 	|	171 	229 	130 	172 	226 	| 	 avg: 185.60
176 	|	181 	132 	155 	148 	228 	| 	 avg: 168.80
104 	|	127 	109 	268 	200 	143 	| 	 avg: 169.40
174 	|	220 	240 	115 	197 	356 	| 	 avg: 225.60
174 	|	157 	188 	296 	169 	184 	| 	 avg: 198.80
164 	|	178 	182 	197 	107 	170 	| 	 avg: 166.80
194 	|	199 	116 	181 	378 	223 	| 	 avg: 219.40
193 	|	115 	140 	126 	189 	210 	| 	 avg: 156.00
350 	|	322 	138 	184 	150 	283 	| 	 avg: 215.40
228 	|	168 	208 	140 	175 	170 	| 	 avg: 172.20
131 	|	288 	135 	158 	161 	132 	| 	 avg: 174.80
121 	|	186 	174 	220 	181 	108 	| 	 avg: 173.80
235 	|	207 	233 	161 	233 	183 	| 	 avg: 203.40
160 	|	157 	152 	125 	104 	190 	| 	 avg: 145.60
average initials   196	 average finals:   187
