pa_sorted_simple 1:
125 	|	172 	144 	276 	151 	149 	| 	 avg: 178.40
187 	|	146 	170 	140 	231 	138 	| 	 avg: 165.00
203 	|	195 	180 	118 	156 	188 	| 	 avg: 167.40
225 	|	118 	216 	201 	230 	129 	| 	 avg: 178.80
296 	|	207 	155 	302 	210 	126 	| 	 avg: 200.00
129 	|	183 	194 	206 	245 	166 	| 	 avg: 198.80
112 	|	231 	224 	142 	202 	153 	| 	 avg: 190.40
216 	|	162 	141 	200 	137 	243 	| 	 avg: 176.60
177 	|	176 	126 	141 	345 	92 	| 	 avg: 176.00
229 	|	202 	155 	156 	170 	435 	| 	 avg: 223.60
104 	|	300 	320 	223 	119 	296 	| 	 avg: 251.60
271 	|	169 	132 	157 	197 	253 	| 	 avg: 181.60
175 	|	185 	235 	136 	213 	251 	| 	 avg: 204.00
247 	|	122 	124 	139 	131 	200 	| 	 avg: 143.20
382 	|	307 	290 	191 	214 	192 	| 	 avg: 238.80
242 	|	292 	137 	250 	200 	137 	| 	 avg: 203.20
272 	|	157 	118 	270 	134 	224 	| 	 avg: 180.60
155 	|	282 	205 	228 	152 	119 	| 	 avg: 197.20
234 	|	197 	239 	151 	171 	298 	| 	 avg: 211.20
152 	|	210 	290 	189 	213 	204 	| 	 avg: 221.20
average initials   206	 average finals:   194
