po_unsorted_concat 0:
219 	|	374 	377 	373 	381 	373 	| 	 avg: 375.60
217 	|	468 	388 	400 	377 	473 	| 	 avg: 421.20
219 	|	399 	364 	493 	380 	392 	| 	 avg: 405.60
215 	|	373 	379 	479 	378 	372 	| 	 avg: 396.20
239 	|	375 	383 	388 	377 	385 	| 	 avg: 381.60
238 	|	371 	397 	405 	381 	378 	| 	 avg: 386.40
240 	|	376 	402 	522 	408 	378 	| 	 avg: 417.20
226 	|	377 	375 	371 	380 	377 	| 	 avg: 376.00
240 	|	375 	386 	382 	413 	389 	| 	 avg: 389.00
229 	|	387 	377 	473 	377 	377 	| 	 avg: 398.20
241 	|	381 	382 	376 	383 	383 	| 	 avg: 381.00
237 	|	403 	369 	445 	380 	376 	| 	 avg: 394.60
222 	|	508 	376 	373 	378 	384 	| 	 avg: 403.80
248 	|	376 	379 	381 	384 	370 	| 	 avg: 378.00
226 	|	364 	383 	374 	357 	385 	| 	 avg: 372.60
230 	|	386 	374 	371 	382 	376 	| 	 avg: 377.80
227 	|	372 	387 	384 	366 	383 	| 	 avg: 378.40
220 	|	382 	384 	370 	370 	505 	| 	 avg: 402.20
237 	|	389 	386 	371 	371 	372 	| 	 avg: 377.80
235 	|	382 	386 	396 	513 	390 	| 	 avg: 413.40
average initials 230.25	 average finals: 390.95
