po_unsorted_concat 0:
211 	|	472 	383 	378 	369 	374 	| 	 avg: 395.20
235 	|	387 	376 	388 	381 	370 	| 	 avg: 380.40
242 	|	378 	376 	376 	386 	379 	| 	 avg: 379.00
225 	|	500 	429 	378 	377 	371 	| 	 avg: 411.00
232 	|	400 	378 	381 	392 	379 	| 	 avg: 386.00
226 	|	392 	385 	375 	371 	369 	| 	 avg: 378.40
237 	|	385 	369 	377 	386 	372 	| 	 avg: 377.80
234 	|	379 	368 	375 	370 	398 	| 	 avg: 378.00
232 	|	394 	516 	383 	378 	379 	| 	 avg: 410.00
256 	|	371 	386 	379 	371 	389 	| 	 avg: 379.20
229 	|	513 	377 	469 	382 	371 	| 	 avg: 422.40
229 	|	388 	399 	381 	395 	382 	| 	 avg: 389.00
235 	|	395 	385 	384 	377 	383 	| 	 avg: 384.80
228 	|	361 	395 	371 	389 	383 	| 	 avg: 379.80
231 	|	379 	381 	380 	381 	360 	| 	 avg: 376.20
229 	|	399 	372 	387 	370 	401 	| 	 avg: 385.80
242 	|	355 	381 	390 	382 	431 	| 	 avg: 387.80
228 	|	403 	377 	430 	381 	379 	| 	 avg: 394.00
238 	|	396 	371 	378 	374 	382 	| 	 avg: 380.20
234 	|	370 	397 	375 	395 	383 	| 	 avg: 384.00
average initials 232.65	 average finals: 387.65
