pa_unsorted_concat 1:
232 	|	238 	248 	234 	230 	232 	| 	 avg: 236.40
223 	|	243 	240 	248 	246 	232 	| 	 avg: 241.80
232 	|	235 	242 	242 	244 	240 	| 	 avg: 240.60
229 	|	254 	240 	244 	234 	238 	| 	 avg: 242.00
241 	|	240 	231 	241 	230 	246 	| 	 avg: 237.60
234 	|	258 	240 	222 	248 	238 	| 	 avg: 241.20
219 	|	245 	245 	232 	233 	238 	| 	 avg: 238.60
224 	|	260 	260 	258 	246 	248 	| 	 avg: 254.40
234 	|	250 	248 	248 	246 	246 	| 	 avg: 247.60
226 	|	224 	236 	264 	256 	236 	| 	 avg: 243.20
232 	|	245 	244 	240 	238 	226 	| 	 avg: 238.60
233 	|	260 	252 	216 	246 	256 	| 	 avg: 246.00
223 	|	260 	244 	246 	250 	252 	| 	 avg: 250.40
239 	|	229 	243 	234 	243 	239 	| 	 avg: 237.60
231 	|	232 	256 	248 	240 	250 	| 	 avg: 245.20
234 	|	236 	257 	256 	250 	257 	| 	 avg: 251.20
255 	|	240 	247 	246 	242 	252 	| 	 avg: 245.40
226 	|	250 	238 	256 	246 	256 	| 	 avg: 249.20
233 	|	254 	246 	254 	246 	248 	| 	 avg: 249.60
231 	|	232 	223 	233 	254 	256 	| 	 avg: 239.60
average initials 231.55	 average finals: 243.40
