pa_unsorted_concat 0:
225 	|	217 	228 	222 	236 	229 	| 	 avg: 226.40
222 	|	221 	221 	229 	218 	222 	| 	 avg: 222.20
240 	|	233 	239 	238 	235 	242 	| 	 avg: 237.40
237 	|	227 	239 	229 	230 	230 	| 	 avg: 231.00
233 	|	220 	231 	229 	230 	215 	| 	 avg: 225.00
237 	|	239 	229 	240 	242 	245 	| 	 avg: 239.00
233 	|	230 	228 	213 	238 	221 	| 	 avg: 226.00
251 	|	239 	226 	243 	226 	241 	| 	 avg: 235.00
237 	|	231 	220 	223 	229 	222 	| 	 avg: 225.00
222 	|	235 	233 	234 	227 	229 	| 	 avg: 231.60
224 	|	222 	224 	220 	218 	217 	| 	 avg: 220.20
227 	|	231 	227 	226 	227 	243 	| 	 avg: 230.80
235 	|	227 	235 	237 	226 	234 	| 	 avg: 231.80
221 	|	213 	220 	216 	214 	214 	| 	 avg: 215.40
229 	|	226 	234 	227 	215 	213 	| 	 avg: 223.00
230 	|	227 	217 	239 	236 	223 	| 	 avg: 228.40
242 	|	231 	234 	230 	228 	232 	| 	 avg: 231.00
235 	|	229 	218 	239 	219 	220 	| 	 avg: 225.00
249 	|	228 	237 	223 	233 	229 	| 	 avg: 230.00
220 	|	227 	214 	204 	214 	212 	| 	 avg: 214.20
average initials 232.45	 average finals: 227.20
