po_sorted_mix 1 0:
230 	|	399 	395 	414 	420 	408 	| 	 avg: 407.20
238 	|	402 	397 	466 	408 	421 	| 	 avg: 418.80
224 	|	415 	524 	497 	406 	402 	| 	 avg: 448.80
238 	|	415 	427 	490 	413 	502 	| 	 avg: 449.40
252 	|	407 	406 	408 	408 	398 	| 	 avg: 405.40
220 	|	425 	416 	404 	407 	423 	| 	 avg: 415.00
239 	|	404 	395 	414 	409 	412 	| 	 avg: 406.80
232 	|	406 	408 	412 	417 	405 	| 	 avg: 409.60
223 	|	416 	407 	419 	415 	404 	| 	 avg: 412.20
249 	|	410 	409 	411 	404 	422 	| 	 avg: 411.20
217 	|	412 	394 	406 	413 	402 	| 	 avg: 405.40
240 	|	418 	399 	421 	411 	403 	| 	 avg: 410.40
246 	|	409 	432 	399 	409 	384 	| 	 avg: 406.60
227 	|	398 	409 	421 	421 	403 	| 	 avg: 410.40
247 	|	423 	419 	402 	416 	413 	| 	 avg: 414.60
252 	|	411 	426 	408 	420 	456 	| 	 avg: 424.20
239 	|	400 	414 	528 	420 	405 	| 	 avg: 433.40
252 	|	407 	412 	402 	405 	399 	| 	 avg: 405.00
248 	|	419 	417 	416 	409 	412 	| 	 avg: 414.60
240 	|	493 	407 	406 	414 	415 	| 	 avg: 427.00
average initials 237.65	 average finals: 416.40
