pa_sorted_mix 1 1:
238 	|	268 	243 	272 	256 	259 	| 	 avg: 259.60
227 	|	258 	235 	252 	237 	269 	| 	 avg: 250.20
241 	|	253 	246 	266 	248 	266 	| 	 avg: 255.80
238 	|	238 	246 	251 	246 	245 	| 	 avg: 245.20
246 	|	261 	253 	242 	255 	253 	| 	 avg: 252.80
244 	|	237 	241 	252 	247 	253 	| 	 avg: 246.00
225 	|	259 	246 	257 	257 	261 	| 	 avg: 256.00
238 	|	258 	250 	272 	225 	227 	| 	 avg: 246.40
226 	|	232 	224 	258 	240 	248 	| 	 avg: 240.40
241 	|	258 	247 	238 	255 	265 	| 	 avg: 252.60
217 	|	248 	266 	244 	260 	267 	| 	 avg: 257.00
233 	|	247 	236 	261 	224 	255 	| 	 avg: 244.60
216 	|	236 	250 	242 	272 	268 	| 	 avg: 253.60
231 	|	241 	257 	249 	246 	245 	| 	 avg: 247.60
226 	|	258 	259 	262 	258 	233 	| 	 avg: 254.00
250 	|	245 	264 	259 	253 	250 	| 	 avg: 254.20
241 	|	259 	251 	255 	239 	254 	| 	 avg: 251.60
232 	|	254 	262 	269 	267 	264 	| 	 avg: 263.20
230 	|	266 	243 	250 	248 	250 	| 	 avg: 251.40
232 	|	250 	240 	249 	245 	267 	| 	 avg: 250.20
average initials 233.60	 average finals: 251.25
