pa_unsorted_concat 0:
237 	|	236 	224 	240 	229 	233 	| 	 avg: 232.40
225 	|	214 	219 	212 	235 	214 	| 	 avg: 218.80
227 	|	215 	224 	215 	220 	223 	| 	 avg: 219.40
228 	|	221 	221 	219 	237 	224 	| 	 avg: 224.40
239 	|	228 	233 	229 	223 	232 	| 	 avg: 229.00
217 	|	222 	220 	225 	227 	218 	| 	 avg: 222.40
219 	|	230 	239 	236 	236 	230 	| 	 avg: 234.20
233 	|	223 	233 	223 	219 	221 	| 	 avg: 223.80
225 	|	222 	220 	238 	222 	227 	| 	 avg: 225.80
237 	|	221 	232 	234 	232 	234 	| 	 avg: 230.60
259 	|	244 	228 	229 	226 	232 	| 	 avg: 231.80
218 	|	211 	216 	210 	224 	226 	| 	 avg: 217.40
235 	|	247 	235 	232 	234 	237 	| 	 avg: 237.00
229 	|	225 	236 	231 	217 	226 	| 	 avg: 227.00
227 	|	236 	228 	230 	225 	226 	| 	 avg: 229.00
229 	|	232 	216 	235 	231 	232 	| 	 avg: 229.20
255 	|	239 	250 	224 	235 	238 	| 	 avg: 237.20
245 	|	225 	224 	237 	218 	224 	| 	 avg: 225.60
223 	|	219 	216 	219 	230 	222 	| 	 avg: 221.20
228 	|	231 	230 	236 	224 	222 	| 	 avg: 228.60
average initials 231.75	 average finals: 226.85
