pa_sorted_mix 0 0:
220 	|	206 	210 	207 	191 	180 	| 	 avg: 198.80
231 	|	201 	201 	204 	212 	195 	| 	 avg: 202.60
243 	|	197 	191 	211 	201 	196 	| 	 avg: 199.20
222 	|	203 	204 	204 	209 	198 	| 	 avg: 203.60
239 	|	208 	201 	199 	193 	195 	| 	 avg: 199.20
222 	|	192 	204 	220 	203 	204 	| 	 avg: 204.60
228 	|	210 	202 	215 	191 	211 	| 	 avg: 205.80
238 	|	199 	183 	195 	199 	217 	| 	 avg: 198.60
232 	|	208 	214 	192 	203 	197 	| 	 avg: 202.80
225 	|	210 	196 	198 	183 	191 	| 	 avg: 195.60
220 	|	207 	200 	213 	222 	202 	| 	 avg: 208.80
228 	|	206 	203 	196 	207 	215 	| 	 avg: 205.40
229 	|	196 	199 	208 	186 	206 	| 	 avg: 199.00
238 	|	204 	202 	212 	221 	192 	| 	 avg: 206.20
229 	|	213 	206 	207 	207 	207 	| 	 avg: 208.00
221 	|	220 	207 	185 	205 	214 	| 	 avg: 206.20
255 	|	199 	193 	210 	173 	212 	| 	 avg: 197.40
220 	|	183 	205 	199 	197 	181 	| 	 avg: 193.00
233 	|	183 	209 	204 	200 	202 	| 	 avg: 199.60
231 	|	198 	189 	208 	205 	218 	| 	 avg: 203.60
average initials 230.20	 average finals: 201.45
