pa_unsorted_concat 1:
222 	|	248 	254 	263 	266 	252 	| 	 avg: 256.60
243 	|	245 	244 	232 	232 	240 	| 	 avg: 238.60
249 	|	243 	242 	230 	238 	230 	| 	 avg: 236.60
226 	|	224 	264 	242 	232 	246 	| 	 avg: 241.60
231 	|	248 	224 	234 	232 	252 	| 	 avg: 238.00
236 	|	237 	251 	254 	225 	226 	| 	 avg: 238.60
242 	|	252 	238 	254 	240 	235 	| 	 avg: 243.80
224 	|	256 	268 	260 	262 	254 	| 	 avg: 260.00
228 	|	224 	235 	240 	246 	248 	| 	 avg: 238.60
250 	|	252 	246 	254 	264 	264 	| 	 avg: 256.00
228 	|	264 	241 	247 	274 	254 	| 	 avg: 256.00
219 	|	257 	261 	256 	238 	260 	| 	 avg: 254.40
236 	|	228 	230 	237 	230 	244 	| 	 avg: 233.80
240 	|	258 	246 	228 	248 	248 	| 	 avg: 245.60
229 	|	218 	238 	233 	262 	254 	| 	 avg: 241.00
235 	|	256 	262 	258 	260 	252 	| 	 avg: 257.60
233 	|	241 	242 	248 	244 	246 	| 	 avg: 244.20
234 	|	267 	253 	252 	246 	248 	| 	 avg: 253.20
201 	|	236 	236 	234 	238 	234 	| 	 avg: 235.60
233 	|	234 	242 	214 	252 	253 	| 	 avg: 239.00
average initials 231.95	 average finals: 245.05
