pa_sorted_mix 0 1:
230 	|	252 	216 	216 	208 	236 	| 	 avg: 225.60
243 	|	224 	232 	242 	228 	236 	| 	 avg: 232.40
235 	|	241 	208 	250 	238 	247 	| 	 avg: 236.80
234 	|	217 	248 	253 	228 	240 	| 	 avg: 237.20
221 	|	226 	242 	240 	216 	238 	| 	 avg: 232.40
229 	|	230 	244 	222 	200 	238 	| 	 avg: 226.80
236 	|	212 	218 	230 	234 	237 	| 	 avg: 226.20
216 	|	250 	233 	236 	248 	240 	| 	 avg: 241.40
229 	|	232 	244 	224 	248 	250 	| 	 avg: 239.60
234 	|	208 	228 	241 	252 	230 	| 	 avg: 231.80
231 	|	230 	247 	254 	233 	240 	| 	 avg: 240.80
229 	|	240 	224 	218 	241 	220 	| 	 avg: 228.60
241 	|	258 	207 	242 	219 	247 	| 	 avg: 234.60
239 	|	254 	244 	224 	218 	242 	| 	 avg: 236.40
221 	|	240 	228 	234 	226 	231 	| 	 avg: 231.80
239 	|	216 	248 	236 	225 	250 	| 	 avg: 235.00
234 	|	230 	241 	235 	202 	223 	| 	 avg: 226.20
214 	|	235 	224 	232 	245 	229 	| 	 avg: 233.00
235 	|	242 	254 	234 	256 	236 	| 	 avg: 244.40
232 	|	200 	208 	244 	212 	248 	| 	 avg: 222.40
average initials 231.10	 average finals: 232.70
