pa_sorted_mix 1 0:
233 	|	190 	191 	183 	181 	169 	| 	 avg: 182.80
237 	|	176 	152 	170 	187 	169 	| 	 avg: 170.80
220 	|	178 	190 	178 	179 	169 	| 	 avg: 178.80
229 	|	170 	180 	174 	187 	179 	| 	 avg: 178.00
234 	|	185 	175 	193 	191 	160 	| 	 avg: 180.80
234 	|	170 	168 	178 	162 	173 	| 	 avg: 170.20
228 	|	193 	191 	165 	183 	182 	| 	 avg: 182.80
243 	|	175 	178 	148 	161 	147 	| 	 avg: 161.80
246 	|	155 	170 	174 	168 	170 	| 	 avg: 167.40
227 	|	165 	180 	165 	170 	151 	| 	 avg: 166.20
218 	|	174 	181 	172 	196 	183 	| 	 avg: 181.20
223 	|	186 	174 	194 	199 	187 	| 	 avg: 188.00
226 	|	182 	166 	177 	203 	163 	| 	 avg: 178.20
224 	|	153 	177 	190 	177 	180 	| 	 avg: 175.40
236 	|	186 	136 	138 	187 	174 	| 	 avg: 164.20
241 	|	175 	183 	170 	185 	187 	| 	 avg: 180.00
209 	|	169 	180 	189 	187 	179 	| 	 avg: 180.80
231 	|	165 	156 	192 	166 	168 	| 	 avg: 169.40
210 	|	164 	170 	187 	171 	183 	| 	 avg: 175.00
242 	|	178 	171 	156 	149 	169 	| 	 avg: 164.60
average initials 229.55	 average finals: 174.40
