po_sorted_mix 0 0:
233 	|	421 	411 	405 	413 	410 	| 	 avg: 412.00
239 	|	407 	417 	417 	410 	416 	| 	 avg: 413.40
238 	|	409 	407 	419 	419 	430 	| 	 avg: 416.80
217 	|	415 	403 	406 	427 	394 	| 	 avg: 409.00
230 	|	414 	413 	417 	525 	416 	| 	 avg: 437.00
232 	|	408 	400 	413 	412 	418 	| 	 avg: 410.20
227 	|	409 	401 	408 	409 	422 	| 	 avg: 409.80
224 	|	402 	407 	410 	398 	409 	| 	 avg: 405.20
243 	|	415 	407 	408 	411 	411 	| 	 avg: 410.40
225 	|	401 	423 	405 	412 	414 	| 	 avg: 411.00
235 	|	414 	516 	428 	402 	403 	| 	 avg: 432.60
233 	|	420 	415 	414 	413 	403 	| 	 avg: 413.00
249 	|	417 	409 	429 	401 	420 	| 	 avg: 415.20
236 	|	416 	411 	421 	419 	417 	| 	 avg: 416.80
251 	|	408 	403 	418 	414 	400 	| 	 avg: 408.60
221 	|	394 	414 	418 	402 	419 	| 	 avg: 409.40
225 	|	394 	412 	402 	412 	416 	| 	 avg: 407.20
225 	|	420 	406 	402 	404 	411 	| 	 avg: 408.60
227 	|	410 	418 	493 	414 	422 	| 	 avg: 431.40
239 	|	411 	415 	418 	426 	405 	| 	 avg: 415.00
average initials 232.45	 average finals: 414.30
