po_unsorted_random:
236 	|	808 	779 	621 	706 	572 	| 	 avg: 697.20
239 	|	603 	775 	694 	747 	797 	| 	 avg: 723.20
223 	|	990 	518 	724 	818 	637 	| 	 avg: 737.40
235 	|	576 	731 	789 	828 	612 	| 	 avg: 707.20
218 	|	820 	844 	861 	735 	539 	| 	 avg: 759.80
227 	|	482 	823 	564 	878 	1047 	| 	 avg: 758.80
206 	|	799 	1010 	584 	791 	774 	| 	 avg: 791.60
232 	|	619 	732 	788 	837 	639 	| 	 avg: 723.00
259 	|	614 	680 	940 	555 	735 	| 	 avg: 704.80
232 	|	818 	671 	569 	648 	591 	| 	 avg: 659.40
232 	|	599 	618 	490 	789 	802 	| 	 avg: 659.60
229 	|	813 	657 	887 	651 	611 	| 	 avg: 723.80
225 	|	728 	730 	587 	748 	911 	| 	 avg: 740.80
239 	|	635 	751 	471 	682 	693 	| 	 avg: 646.40
243 	|	652 	721 	759 	709 	653 	| 	 avg: 698.80
218 	|	537 	507 	784 	565 	767 	| 	 avg: 632.00
224 	|	819 	694 	522 	604 	519 	| 	 avg: 631.60
241 	|	810 	504 	824 	716 	748 	| 	 avg: 720.40
234 	|	715 	645 	836 	681 	698 	| 	 avg: 715.00
239 	|	578 	636 	716 	631 	639 	| 	 avg: 640.00
average initials 231.55	 average finals: 703.10
