po_unsorted_random:
222 	|	864 	642 	777 	656 	926 	| 	 avg: 773.00
227 	|	906 	700 	873 	765 	605 	| 	 avg: 769.80
246 	|	799 	669 	683 	546 	626 	| 	 avg: 664.60
215 	|	866 	743 	798 	1051 	671 	| 	 avg: 825.80
226 	|	562 	625 	769 	642 	735 	| 	 avg: 666.60
233 	|	762 	826 	777 	538 	562 	| 	 avg: 693.00
232 	|	533 	718 	606 	548 	571 	| 	 avg: 595.20
228 	|	714 	810 	583 	766 	851 	| 	 avg: 744.80
228 	|	646 	735 	528 	796 	786 	| 	 avg: 698.20
232 	|	708 	644 	797 	623 	513 	| 	 avg: 657.00
245 	|	1059 	695 	740 	520 	661 	| 	 avg: 735.00
242 	|	522 	688 	613 	591 	606 	| 	 avg: 604.00
236 	|	748 	653 	779 	719 	795 	| 	 avg: 738.80
226 	|	821 	712 	792 	903 	705 	| 	 avg: 786.60
237 	|	827 	622 	787 	826 	840 	| 	 avg: 780.40
216 	|	642 	595 	668 	759 	771 	| 	 avg: 687.00
229 	|	610 	780 	612 	976 	676 	| 	 avg: 730.80
247 	|	867 	772 	1001 	724 	926 	| 	 avg: 858.00
236 	|	781 	743 	601 	658 	1018 	| 	 avg: 760.20
227 	|	610 	691 	675 	658 	742 	| 	 avg: 675.20
average initials 231.50	 average finals: 721.85
