po_unsorted_random:
230 	|	906 	778 	568 	524 	678 	| 	 avg: 690.80
216 	|	908 	557 	529 	759 	859 	| 	 avg: 722.40
239 	|	576 	712 	681 	753 	693 	| 	 avg: 683.00
217 	|	554 	1033 	709 	736 	603 	| 	 avg: 727.00
231 	|	831 	724 	601 	821 	533 	| 	 avg: 702.00
239 	|	878 	618 	948 	572 	856 	| 	 avg: 774.40
238 	|	774 	775 	570 	498 	737 	| 	 avg: 670.80
235 	|	995 	647 	813 	639 	668 	| 	 avg: 752.40
246 	|	674 	652 	524 	704 	561 	| 	 avg: 623.00
229 	|	752 	870 	859 	605 	634 	| 	 avg: 744.00
227 	|	565 	699 	610 	550 	627 	| 	 avg: 610.20
232 	|	672 	589 	733 	849 	731 	| 	 avg: 714.80
230 	|	944 	779 	900 	681 	834 	| 	 avg: 827.60
227 	|	645 	620 	785 	654 	718 	| 	 avg: 684.40
231 	|	625 	690 	815 	508 	738 	| 	 avg: 675.20
239 	|	685 	605 	634 	758 	647 	| 	 avg: 665.80
219 	|	648 	655 	654 	617 	642 	| 	 avg: 643.20
241 	|	835 	978 	857 	662 	586 	| 	 avg: 783.60
242 	|	872 	790 	678 	678 	658 	| 	 avg: 735.20
231 	|	792 	815 	608 	823 	522 	| 	 avg: 712.00
average initials 231.95	 average finals: 706.75
