po_unsorted_random:
225 	|	596 	791 	1016 	825 	843 	| 	 avg: 814.20
227 	|	802 	814 	680 	848 	696 	| 	 avg: 768.00
237 	|	559 	545 	786 	767 	526 	| 	 avg: 636.60
221 	|	857 	789 	614 	839 	647 	| 	 avg: 749.20
232 	|	717 	635 	740 	647 	643 	| 	 avg: 676.40
240 	|	830 	790 	842 	704 	758 	| 	 avg: 784.80
227 	|	646 	696 	628 	613 	640 	| 	 avg: 644.60
217 	|	831 	625 	772 	877 	696 	| 	 avg: 760.20
227 	|	577 	958 	574 	832 	699 	| 	 avg: 728.00
226 	|	732 	809 	904 	726 	872 	| 	 avg: 808.60
232 	|	689 	538 	603 	652 	638 	| 	 avg: 624.00
230 	|	655 	780 	778 	883 	801 	| 	 avg: 779.40
246 	|	595 	618 	784 	794 	800 	| 	 avg: 718.20
229 	|	843 	524 	672 	704 	792 	| 	 avg: 707.00
234 	|	652 	813 	565 	835 	707 	| 	 avg: 714.40
248 	|	641 	674 	851 	807 	834 	| 	 avg: 761.40
240 	|	759 	709 	488 	776 	799 	| 	 avg: 706.20
234 	|	560 	688 	450 	1075 	671 	| 	 avg: 688.80
235 	|	574 	762 	947 	499 	857 	| 	 avg: 727.80
212 	|	689 	605 	882 	658 	669 	| 	 avg: 700.60
average initials 230.95	 average finals: 724.55
