pa_unsorted_random:
244 	|	234 	240 	237 	238 	236 	| 	 avg: 237.00
236 	|	224 	236 	233 	236 	244 	| 	 avg: 234.60
254 	|	249 	242 	249 	243 	246 	| 	 avg: 245.80
239 	|	242 	240 	245 	234 	247 	| 	 avg: 241.60
231 	|	238 	241 	233 	234 	241 	| 	 avg: 237.40
233 	|	262 	246 	245 	248 	239 	| 	 avg: 248.00
224 	|	237 	237 	229 	230 	226 	| 	 avg: 231.80
226 	|	238 	243 	242 	233 	228 	| 	 avg: 236.80
241 	|	259 	243 	239 	248 	239 	| 	 avg: 245.60
237 	|	242 	248 	238 	237 	237 	| 	 avg: 240.40
234 	|	225 	230 	240 	223 	230 	| 	 avg: 229.60
243 	|	251 	245 	230 	227 	249 	| 	 avg: 240.40
240 	|	235 	228 	224 	231 	235 	| 	 avg: 230.60
246 	|	230 	234 	245 	237 	238 	| 	 avg: 236.80
222 	|	222 	231 	218 	226 	229 	| 	 avg: 225.20
244 	|	243 	246 	243 	254 	235 	| 	 avg: 244.20
229 	|	246 	225 	237 	234 	230 	| 	 avg: 234.40
227 	|	232 	234 	253 	245 	240 	| 	 avg: 240.80
225 	|	236 	243 	243 	241 	227 	| 	 avg: 238.00
239 	|	233 	246 	247 	250 	247 	| 	 avg: 244.60
average initials 235.70	 average finals: 237.70
