pa_unsorted_random:
212 	|	206 	222 	230 	222 	245 	| 	 avg: 225.00
209 	|	222 	217 	223 	217 	232 	| 	 avg: 222.20
243 	|	220 	238 	234 	234 	235 	| 	 avg: 232.20
230 	|	240 	232 	236 	227 	240 	| 	 avg: 235.00
235 	|	242 	240 	241 	251 	241 	| 	 avg: 243.00
224 	|	219 	226 	220 	242 	231 	| 	 avg: 227.60
235 	|	240 	245 	233 	227 	228 	| 	 avg: 234.60
229 	|	239 	247 	232 	239 	232 	| 	 avg: 237.80
239 	|	247 	231 	237 	244 	232 	| 	 avg: 238.20
223 	|	220 	239 	231 	238 	233 	| 	 avg: 232.20
256 	|	234 	240 	233 	231 	235 	| 	 avg: 234.60
235 	|	236 	239 	246 	233 	253 	| 	 avg: 241.40
238 	|	234 	235 	239 	243 	219 	| 	 avg: 234.00
246 	|	229 	230 	249 	233 	251 	| 	 avg: 238.40
233 	|	239 	248 	235 	233 	234 	| 	 avg: 237.80
248 	|	238 	242 	246 	240 	237 	| 	 avg: 240.60
237 	|	248 	240 	244 	232 	233 	| 	 avg: 239.40
236 	|	231 	235 	240 	236 	241 	| 	 avg: 236.60
225 	|	228 	248 	248 	224 	226 	| 	 avg: 234.80
246 	|	238 	244 	250 	245 	245 	| 	 avg: 244.40
average initials 233.95	 average finals: 235.10
