pa_unsorted_random:
227 	|	245 	245 	227 	236 	247 	| 	 avg: 240.00
233 	|	253 	235 	245 	241 	242 	| 	 avg: 243.20
244 	|	250 	248 	238 	252 	237 	| 	 avg: 245.00
233 	|	253 	231 	239 	239 	234 	| 	 avg: 239.20
240 	|	236 	244 	235 	238 	234 	| 	 avg: 237.40
242 	|	228 	229 	240 	232 	245 	| 	 avg: 234.80
224 	|	227 	254 	245 	227 	244 	| 	 avg: 239.40
225 	|	231 	235 	243 	230 	229 	| 	 avg: 233.60
250 	|	230 	235 	260 	242 	238 	| 	 avg: 241.00
238 	|	231 	249 	239 	249 	239 	| 	 avg: 241.40
230 	|	244 	224 	244 	239 	253 	| 	 avg: 240.80
234 	|	242 	242 	220 	237 	243 	| 	 avg: 236.80
236 	|	231 	244 	230 	225 	250 	| 	 avg: 236.00
226 	|	246 	247 	243 	233 	244 	| 	 avg: 242.60
226 	|	246 	228 	237 	238 	250 	| 	 avg: 239.80
250 	|	242 	238 	233 	231 	241 	| 	 avg: 237.00
229 	|	233 	226 	231 	235 	240 	| 	 avg: 233.00
252 	|	246 	238 	250 	240 	247 	| 	 avg: 244.20
231 	|	247 	251 	257 	238 	251 	| 	 avg: 248.80
228 	|	235 	232 	229 	236 	239 	| 	 avg: 234.20
average initials 234.90	 average finals: 239.05
