pa_unsorted_random:
226 	|	232 	234 	228 	240 	238 	| 	 avg: 234.40
229 	|	237 	242 	239 	239 	226 	| 	 avg: 236.60
230 	|	243 	226 	247 	232 	242 	| 	 avg: 238.00
241 	|	246 	237 	242 	244 	243 	| 	 avg: 242.40
236 	|	235 	229 	235 	228 	229 	| 	 avg: 231.20
239 	|	229 	227 	222 	235 	229 	| 	 avg: 228.40
236 	|	241 	236 	235 	239 	227 	| 	 avg: 235.60
242 	|	231 	252 	244 	261 	242 	| 	 avg: 246.00
228 	|	237 	243 	221 	236 	242 	| 	 avg: 235.80
247 	|	236 	242 	233 	241 	252 	| 	 avg: 240.80
230 	|	227 	220 	232 	230 	235 	| 	 avg: 228.80
239 	|	236 	231 	232 	237 	233 	| 	 avg: 233.80
250 	|	239 	228 	233 	229 	246 	| 	 avg: 235.00
230 	|	247 	253 	232 	237 	240 	| 	 avg: 241.80
231 	|	240 	245 	233 	236 	238 	| 	 avg: 238.40
246 	|	234 	238 	237 	235 	253 	| 	 avg: 239.40
245 	|	243 	237 	253 	241 	225 	| 	 avg: 239.80
219 	|	232 	242 	234 	254 	237 	| 	 avg: 239.80
226 	|	232 	232 	229 	225 	233 	| 	 avg: 230.20
220 	|	253 	242 	237 	225 	237 	| 	 avg: 238.80
average initials 234.50	 average finals: 236.25
