po_unsorted_mix 1:
242 	|	364 	404 	372 	377 	385 	| 	 avg: 380.40
229 	|	377 	361 	357 	393 	384 	| 	 avg: 374.40
225 	|	373 	381 	376 	400 	367 	| 	 avg: 379.40
231 	|	389 	379 	388 	385 	373 	| 	 avg: 382.80
236 	|	374 	415 	369 	473 	401 	| 	 avg: 406.40
232 	|	380 	388 	371 	382 	385 	| 	 avg: 381.20
225 	|	390 	386 	381 	369 	370 	| 	 avg: 379.20
246 	|	370 	363 	383 	382 	383 	| 	 avg: 376.20
235 	|	383 	397 	374 	377 	358 	| 	 avg: 377.80
230 	|	374 	382 	355 	369 	378 	| 	 avg: 371.60
234 	|	381 	381 	379 	376 	377 	| 	 avg: 378.80
235 	|	374 	374 	407 	392 	360 	| 	 avg: 381.40
241 	|	382 	383 	373 	390 	380 	| 	 avg: 381.60
237 	|	383 	372 	372 	369 	383 	| 	 avg: 375.80
245 	|	377 	383 	385 	378 	422 	| 	 avg: 389.00
214 	|	383 	442 	353 	386 	384 	| 	 avg: 389.60
223 	|	441 	365 	436 	372 	380 	| 	 avg: 398.80
228 	|	381 	384 	385 	388 	378 	| 	 avg: 383.20
267 	|	381 	377 	358 	375 	380 	| 	 avg: 374.20
225 	|	389 	378 	372 	384 	380 	| 	 avg: 380.60
average initials 234.00	 average finals: 381.65
