po_unsorted_mix 0:
233 	|	529 	370 	383 	384 	514 	| 	 avg: 436.00
222 	|	384 	375 	385 	382 	380 	| 	 avg: 381.20
223 	|	371 	385 	374 	379 	354 	| 	 avg: 372.60
233 	|	358 	377 	390 	384 	384 	| 	 avg: 378.60
230 	|	376 	393 	387 	355 	407 	| 	 avg: 383.60
238 	|	423 	376 	444 	370 	381 	| 	 avg: 398.80
247 	|	374 	382 	371 	396 	392 	| 	 avg: 383.00
231 	|	366 	388 	376 	374 	377 	| 	 avg: 376.20
237 	|	381 	374 	393 	384 	376 	| 	 avg: 381.60
237 	|	380 	375 	380 	374 	362 	| 	 avg: 374.20
228 	|	380 	374 	388 	387 	384 	| 	 avg: 382.60
221 	|	381 	395 	378 	384 	387 	| 	 avg: 385.00
229 	|	393 	374 	377 	383 	368 	| 	 avg: 379.00
235 	|	378 	357 	381 	355 	377 	| 	 avg: 369.60
230 	|	377 	376 	494 	377 	378 	| 	 avg: 400.40
228 	|	404 	393 	386 	380 	382 	| 	 avg: 389.00
224 	|	383 	382 	380 	385 	367 	| 	 avg: 379.40
233 	|	398 	488 	377 	416 	374 	| 	 avg: 410.60
242 	|	368 	360 	370 	439 	383 	| 	 avg: 384.00
225 	|	386 	381 	410 	424 	361 	| 	 avg: 392.40
average initials 231.30	 average finals: 386.55
