po_unsorted_mix 0:
238 	|	383 	399 	371 	384 	381 	| 	 avg: 383.60
217 	|	396 	374 	382 	386 	380 	| 	 avg: 383.60
233 	|	378 	380 	382 	377 	357 	| 	 avg: 374.80
225 	|	364 	386 	376 	378 	391 	| 	 avg: 379.00
241 	|	381 	359 	382 	521 	396 	| 	 avg: 407.80
230 	|	407 	372 	363 	379 	354 	| 	 avg: 375.00
235 	|	378 	390 	419 	386 	473 	| 	 avg: 409.20
231 	|	387 	384 	375 	374 	379 	| 	 avg: 379.80
228 	|	384 	379 	391 	374 	357 	| 	 avg: 377.00
223 	|	387 	383 	380 	430 	382 	| 	 avg: 392.40
228 	|	369 	375 	419 	374 	383 	| 	 avg: 384.00
224 	|	382 	356 	380 	376 	369 	| 	 avg: 372.60
234 	|	398 	375 	355 	383 	456 	| 	 avg: 393.40
241 	|	390 	384 	378 	383 	378 	| 	 avg: 382.60
227 	|	376 	372 	379 	384 	376 	| 	 avg: 377.40
240 	|	379 	377 	383 	395 	383 	| 	 avg: 383.40
220 	|	379 	394 	378 	383 	379 	| 	 avg: 382.60
238 	|	364 	383 	385 	384 	392 	| 	 avg: 381.60
243 	|	386 	364 	383 	381 	382 	| 	 avg: 379.20
242 	|	386 	382 	376 	381 	395 	| 	 avg: 384.00
average initials 231.90	 average finals: 383.75
