pa_unsorted_mix 0:
228 	|	219 	238 	219 	219 	218 	| 	 avg: 222.60
242 	|	223 	219 	212 	214 	222 	| 	 avg: 218.00
242 	|	221 	230 	227 	235 	230 	| 	 avg: 228.60
230 	|	225 	223 	224 	231 	221 	| 	 avg: 224.80
232 	|	228 	223 	230 	227 	220 	| 	 avg: 225.60
232 	|	216 	230 	233 	240 	227 	| 	 avg: 229.20
227 	|	231 	228 	213 	215 	215 	| 	 avg: 220.40
236 	|	233 	242 	236 	230 	238 	| 	 avg: 235.80
232 	|	240 	232 	239 	228 	219 	| 	 avg: 231.60
230 	|	229 	225 	230 	235 	233 	| 	 avg: 230.40
235 	|	233 	235 	243 	217 	218 	| 	 avg: 229.20
230 	|	230 	223 	216 	210 	246 	| 	 avg: 225.00
221 	|	213 	215 	220 	222 	220 	| 	 avg: 218.00
233 	|	245 	213 	211 	214 	224 	| 	 avg: 221.40
244 	|	239 	240 	219 	226 	225 	| 	 avg: 229.80
240 	|	224 	231 	231 	226 	224 	| 	 avg: 227.20
232 	|	225 	219 	235 	223 	226 	| 	 avg: 225.60
236 	|	234 	220 	232 	226 	229 	| 	 avg: 228.20
250 	|	242 	221 	221 	234 	222 	| 	 avg: 228.00
242 	|	227 	226 	221 	228 	235 	| 	 avg: 227.40
average initials 234.70	 average finals: 225.95
