pa_unsorted_mix 1:
219 	|	219 	219 	238 	212 	229 	| 	 avg: 223.40
238 	|	219 	224 	239 	233 	222 	| 	 avg: 227.40
219 	|	223 	219 	225 	218 	221 	| 	 avg: 221.20
228 	|	222 	218 	221 	218 	228 	| 	 avg: 221.40
226 	|	223 	217 	225 	211 	214 	| 	 avg: 218.00
228 	|	220 	209 	235 	215 	224 	| 	 avg: 220.60
223 	|	228 	228 	227 	221 	219 	| 	 avg: 224.60
239 	|	225 	223 	227 	222 	219 	| 	 avg: 223.20
245 	|	221 	236 	228 	230 	218 	| 	 avg: 226.60
230 	|	237 	232 	226 	227 	230 	| 	 avg: 230.40
224 	|	225 	222 	220 	214 	210 	| 	 avg: 218.20
235 	|	232 	230 	226 	228 	225 	| 	 avg: 228.20
254 	|	216 	227 	232 	236 	237 	| 	 avg: 229.60
229 	|	225 	245 	231 	217 	234 	| 	 avg: 230.40
217 	|	215 	225 	214 	223 	214 	| 	 avg: 218.20
248 	|	221 	235 	231 	238 	233 	| 	 avg: 231.60
229 	|	215 	209 	213 	226 	229 	| 	 avg: 218.40
224 	|	227 	222 	216 	217 	242 	| 	 avg: 224.80
229 	|	218 	225 	221 	225 	220 	| 	 avg: 221.80
239 	|	217 	222 	216 	224 	225 	| 	 avg: 220.80
average initials 231.15	 average finals: 223.50
