pa_unsorted_mix 0:
228 	|	227 	241 	222 	224 	219 	| 	 avg: 226.60
231 	|	237 	213 	237 	219 	223 	| 	 avg: 225.80
257 	|	226 	244 	230 	224 	219 	| 	 avg: 228.60
242 	|	225 	233 	224 	226 	224 	| 	 avg: 226.40
236 	|	230 	232 	219 	219 	222 	| 	 avg: 224.40
230 	|	226 	222 	234 	219 	222 	| 	 avg: 224.60
235 	|	223 	248 	221 	232 	225 	| 	 avg: 229.80
225 	|	229 	230 	223 	232 	239 	| 	 avg: 230.60
238 	|	221 	243 	227 	226 	223 	| 	 avg: 228.00
232 	|	217 	243 	225 	221 	241 	| 	 avg: 229.40
241 	|	230 	217 	226 	234 	224 	| 	 avg: 226.20
238 	|	223 	230 	237 	233 	240 	| 	 avg: 232.60
226 	|	228 	229 	223 	257 	218 	| 	 avg: 231.00
226 	|	232 	232 	212 	217 	230 	| 	 avg: 224.60
233 	|	229 	220 	227 	220 	221 	| 	 avg: 223.40
220 	|	235 	229 	224 	231 	227 	| 	 avg: 229.20
233 	|	237 	214 	214 	235 	239 	| 	 avg: 227.80
232 	|	220 	216 	228 	211 	229 	| 	 avg: 220.80
229 	|	227 	220 	217 	232 	231 	| 	 avg: 225.40
224 	|	218 	236 	231 	215 	209 	| 	 avg: 221.80
average initials 232.80	 average finals: 226.35
