pa_unsorted_mix 1:
237 	|	234 	230 	237 	225 	235 	| 	 avg: 232.20
232 	|	225 	224 	228 	228 	232 	| 	 avg: 227.40
236 	|	215 	213 	224 	233 	219 	| 	 avg: 220.80
205 	|	211 	218 	209 	202 	206 	| 	 avg: 209.20
256 	|	232 	226 	224 	221 	226 	| 	 avg: 225.80
220 	|	218 	239 	236 	221 	216 	| 	 avg: 226.00
230 	|	218 	227 	243 	228 	220 	| 	 avg: 227.20
231 	|	219 	218 	227 	218 	220 	| 	 avg: 220.40
244 	|	215 	225 	211 	222 	225 	| 	 avg: 219.60
236 	|	236 	236 	236 	246 	237 	| 	 avg: 238.20
237 	|	222 	218 	218 	221 	216 	| 	 avg: 219.00
238 	|	226 	224 	233 	228 	227 	| 	 avg: 227.60
241 	|	221 	226 	223 	229 	239 	| 	 avg: 227.60
236 	|	230 	222 	225 	219 	226 	| 	 avg: 224.40
220 	|	226 	219 	232 	226 	230 	| 	 avg: 226.60
228 	|	225 	224 	238 	230 	232 	| 	 avg: 229.80
221 	|	220 	228 	216 	210 	218 	| 	 avg: 218.40
231 	|	213 	221 	224 	240 	216 	| 	 avg: 222.80
226 	|	219 	229 	233 	226 	229 	| 	 avg: 227.20
220 	|	221 	242 	229 	231 	220 	| 	 avg: 228.60
average initials 231.25	 average finals: 224.50
