po_sorted_simple 0:
236 	|	252 	265 	275 	237 	254 	| 	 avg: 256.60
225 	|	264 	221 	251 	237 	221 	| 	 avg: 238.80
229 	|	227 	238 	216 	226 	220 	| 	 avg: 225.40
239 	|	233 	232 	233 	205 	250 	| 	 avg: 230.60
225 	|	267 	232 	229 	239 	213 	| 	 avg: 236.00
234 	|	250 	218 	220 	223 	203 	| 	 avg: 222.80
225 	|	224 	259 	264 	242 	266 	| 	 avg: 251.00
233 	|	222 	246 	220 	261 	257 	| 	 avg: 241.20
220 	|	235 	230 	247 	247 	256 	| 	 avg: 243.00
219 	|	267 	223 	205 	278 	260 	| 	 avg: 246.60
235 	|	266 	247 	217 	236 	265 	| 	 avg: 246.20
236 	|	259 	201 	245 	238 	206 	| 	 avg: 229.80
238 	|	226 	226 	239 	235 	233 	| 	 avg: 231.80
229 	|	238 	252 	257 	233 	264 	| 	 avg: 248.80
225 	|	219 	223 	267 	231 	211 	| 	 avg: 230.20
229 	|	253 	227 	214 	210 	251 	| 	 avg: 231.00
229 	|	264 	234 	255 	215 	243 	| 	 avg: 242.20
236 	|	224 	240 	262 	256 	258 	| 	 avg: 248.00
238 	|	214 	244 	220 	239 	254 	| 	 avg: 234.20
234 	|	224 	265 	219 	202 	203 	| 	 avg: 222.60
average initials 230.70	 average finals: 237.45
