po_sorted_simple 0:
236 	|	213 	221 	203 	259 	249 	| 	 avg: 229.00
233 	|	208 	243 	266 	249 	197 	| 	 avg: 232.60
230 	|	234 	253 	258 	224 	257 	| 	 avg: 245.20
232 	|	230 	269 	216 	250 	211 	| 	 avg: 235.20
239 	|	241 	233 	238 	233 	252 	| 	 avg: 239.40
233 	|	225 	213 	255 	257 	240 	| 	 avg: 238.00
242 	|	234 	266 	240 	237 	225 	| 	 avg: 240.40
246 	|	240 	239 	236 	231 	212 	| 	 avg: 231.60
250 	|	255 	268 	241 	232 	256 	| 	 avg: 250.40
226 	|	204 	268 	241 	265 	236 	| 	 avg: 242.80
216 	|	215 	263 	221 	260 	235 	| 	 avg: 238.80
224 	|	250 	248 	256 	261 	223 	| 	 avg: 247.60
226 	|	268 	224 	228 	260 	231 	| 	 avg: 242.20
240 	|	263 	262 	204 	231 	259 	| 	 avg: 243.80
242 	|	247 	245 	209 	244 	212 	| 	 avg: 231.40
237 	|	242 	239 	236 	255 	232 	| 	 avg: 240.80
238 	|	267 	220 	226 	249 	236 	| 	 avg: 239.60
220 	|	254 	224 	212 	245 	261 	| 	 avg: 239.20
239 	|	226 	217 	215 	266 	261 	| 	 avg: 237.00
234 	|	256 	226 	245 	260 	234 	| 	 avg: 244.20
average initials 234.15	 average finals: 239.05
