po_sorted_simple 1:
258 	|	239 	230 	218 	226 	234 	| 	 avg: 229.40
239 	|	237 	237 	245 	212 	229 	| 	 avg: 232.00
235 	|	228 	209 	235 	207 	240 	| 	 avg: 223.80
218 	|	239 	235 	236 	242 	239 	| 	 avg: 238.20
225 	|	237 	231 	234 	228 	245 	| 	 avg: 235.00
231 	|	224 	218 	225 	219 	235 	| 	 avg: 224.20
227 	|	247 	216 	236 	209 	216 	| 	 avg: 224.80
236 	|	232 	238 	220 	246 	244 	| 	 avg: 236.00
240 	|	232 	244 	226 	232 	228 	| 	 avg: 232.40
221 	|	222 	247 	232 	229 	234 	| 	 avg: 232.80
245 	|	204 	231 	232 	232 	231 	| 	 avg: 226.00
233 	|	257 	227 	240 	242 	243 	| 	 avg: 241.80
227 	|	248 	220 	216 	226 	217 	| 	 avg: 225.40
243 	|	230 	224 	220 	251 	247 	| 	 avg: 234.40
225 	|	238 	231 	240 	217 	238 	| 	 avg: 232.80
233 	|	242 	234 	236 	219 	206 	| 	 avg: 227.40
227 	|	226 	215 	205 	226 	231 	| 	 avg: 220.60
242 	|	247 	221 	236 	218 	224 	| 	 avg: 229.20
248 	|	212 	224 	227 	224 	233 	| 	 avg: 224.00
241 	|	239 	248 	229 	231 	211 	| 	 avg: 231.60
average initials 234.70	 average finals: 229.70
