po_sorted_simple 1:
234 	|	243 	240 	235 	245 	219 	| 	 avg: 236.40
237 	|	219 	228 	226 	238 	231 	| 	 avg: 228.40
239 	|	242 	229 	226 	215 	212 	| 	 avg: 224.80
234 	|	235 	236 	245 	242 	241 	| 	 avg: 239.80
234 	|	224 	232 	230 	221 	237 	| 	 avg: 228.80
232 	|	229 	224 	212 	234 	252 	| 	 avg: 230.20
240 	|	247 	220 	247 	224 	217 	| 	 avg: 231.00
245 	|	232 	248 	249 	241 	234 	| 	 avg: 240.80
231 	|	223 	237 	239 	243 	244 	| 	 avg: 237.20
241 	|	229 	215 	237 	209 	241 	| 	 avg: 226.20
242 	|	243 	233 	234 	210 	214 	| 	 avg: 226.80
225 	|	226 	238 	184 	227 	238 	| 	 avg: 222.60
221 	|	226 	221 	227 	238 	234 	| 	 avg: 229.20
248 	|	231 	236 	230 	223 	228 	| 	 avg: 229.60
228 	|	231 	238 	216 	217 	225 	| 	 avg: 225.40
239 	|	221 	233 	232 	199 	229 	| 	 avg: 222.80
236 	|	232 	228 	227 	236 	214 	| 	 avg: 227.40
227 	|	222 	228 	250 	215 	238 	| 	 avg: 230.60
223 	|	227 	219 	217 	241 	211 	| 	 avg: 223.00
243 	|	240 	235 	224 	226 	221 	| 	 avg: 229.20
average initials 234.95	 average finals: 229.05
