pa_sorted_simple 0:
226 	|	219 	236 	235 	237 	235 	| 	 avg: 232.40
234 	|	240 	235 	240 	210 	230 	| 	 avg: 231.00
231 	|	229 	234 	234 	238 	233 	| 	 avg: 233.60
238 	|	226 	250 	235 	233 	231 	| 	 avg: 235.00
244 	|	229 	236 	234 	235 	229 	| 	 avg: 232.60
245 	|	217 	226 	220 	232 	232 	| 	 avg: 225.40
227 	|	230 	231 	232 	232 	236 	| 	 avg: 232.20
225 	|	243 	241 	243 	228 	224 	| 	 avg: 235.80
243 	|	230 	228 	235 	235 	239 	| 	 avg: 233.40
235 	|	225 	228 	240 	240 	236 	| 	 avg: 233.80
226 	|	224 	224 	239 	245 	238 	| 	 avg: 234.00
229 	|	238 	220 	245 	237 	239 	| 	 avg: 235.80
218 	|	231 	243 	240 	230 	235 	| 	 avg: 235.80
239 	|	224 	239 	225 	239 	232 	| 	 avg: 231.80
229 	|	233 	232 	239 	234 	223 	| 	 avg: 232.20
230 	|	235 	227 	248 	233 	236 	| 	 avg: 235.80
230 	|	233 	237 	229 	228 	244 	| 	 avg: 234.20
238 	|	224 	247 	236 	234 	224 	| 	 avg: 233.00
235 	|	226 	233 	243 	229 	223 	| 	 avg: 230.80
228 	|	214 	241 	228 	240 	236 	| 	 avg: 231.80
average initials 232.50	 average finals: 232.55
