pa_sorted_simple 1:
223 	|	222 	224 	224 	234 	227 	| 	 avg: 226.20
236 	|	225 	219 	222 	216 	234 	| 	 avg: 223.20
224 	|	225 	230 	227 	232 	230 	| 	 avg: 228.80
244 	|	236 	235 	234 	219 	221 	| 	 avg: 229.00
235 	|	229 	235 	228 	236 	231 	| 	 avg: 231.80
231 	|	233 	227 	238 	223 	230 	| 	 avg: 230.20
233 	|	222 	229 	221 	229 	219 	| 	 avg: 224.00
233 	|	224 	238 	227 	224 	231 	| 	 avg: 228.80
236 	|	217 	230 	230 	230 	229 	| 	 avg: 227.20
234 	|	225 	229 	223 	237 	222 	| 	 avg: 227.20
229 	|	228 	229 	217 	232 	227 	| 	 avg: 226.60
217 	|	218 	230 	221 	222 	227 	| 	 avg: 223.60
235 	|	242 	232 	237 	225 	229 	| 	 avg: 233.00
253 	|	232 	232 	224 	235 	235 	| 	 avg: 231.60
224 	|	218 	216 	215 	228 	230 	| 	 avg: 221.40
247 	|	230 	229 	232 	236 	235 	| 	 avg: 232.40
253 	|	240 	235 	251 	235 	235 	| 	 avg: 239.20
223 	|	226 	222 	226 	228 	221 	| 	 avg: 224.60
226 	|	229 	224 	233 	234 	229 	| 	 avg: 229.80
242 	|	220 	236 	226 	228 	226 	| 	 avg: 227.20
average initials 233.90	 average finals: 227.90
