pa_sorted_simple 1:
226 	|	214 	224 	218 	234 	217 	| 	 avg: 221.40
225 	|	218 	232 	231 	222 	229 	| 	 avg: 226.40
226 	|	227 	219 	229 	220 	218 	| 	 avg: 222.60
227 	|	225 	230 	228 	240 	220 	| 	 avg: 228.60
231 	|	224 	229 	226 	236 	229 	| 	 avg: 228.80
233 	|	222 	215 	227 	221 	224 	| 	 avg: 221.80
242 	|	223 	231 	222 	220 	227 	| 	 avg: 224.60
247 	|	230 	217 	233 	228 	227 	| 	 avg: 227.00
237 	|	228 	228 	226 	218 	225 	| 	 avg: 225.00
240 	|	230 	228 	222 	222 	219 	| 	 avg: 224.20
216 	|	218 	226 	228 	222 	235 	| 	 avg: 225.80
235 	|	232 	229 	227 	225 	216 	| 	 avg: 225.80
234 	|	225 	226 	234 	235 	224 	| 	 avg: 228.80
227 	|	226 	215 	215 	241 	234 	| 	 avg: 226.20
216 	|	226 	231 	236 	237 	232 	| 	 avg: 232.40
235 	|	236 	229 	223 	218 	220 	| 	 avg: 225.20
245 	|	228 	228 	227 	226 	224 	| 	 avg: 226.60
237 	|	220 	223 	219 	219 	227 	| 	 avg: 221.60
224 	|	222 	222 	229 	231 	219 	| 	 avg: 224.60
232 	|	225 	219 	218 	220 	216 	| 	 avg: 219.60
average initials 231.75	 average finals: 224.85
