pa_sorted_simple 0:
230 	|	233 	241 	233 	225 	232 	| 	 avg: 232.80
239 	|	243 	234 	227 	247 	238 	| 	 avg: 237.80
229 	|	241 	224 	231 	243 	234 	| 	 avg: 234.60
215 	|	249 	248 	237 	240 	215 	| 	 avg: 237.80
240 	|	224 	227 	234 	234 	241 	| 	 avg: 232.00
250 	|	244 	244 	228 	234 	236 	| 	 avg: 237.20
224 	|	215 	237 	242 	220 	244 	| 	 avg: 231.60
234 	|	232 	221 	239 	249 	238 	| 	 avg: 235.80
227 	|	235 	232 	239 	232 	247 	| 	 avg: 237.00
242 	|	237 	229 	240 	238 	230 	| 	 avg: 234.80
240 	|	244 	237 	229 	227 	248 	| 	 avg: 237.00
254 	|	254 	236 	240 	236 	241 	| 	 avg: 241.40
228 	|	221 	233 	236 	238 	242 	| 	 avg: 234.00
219 	|	230 	235 	229 	230 	235 	| 	 avg: 231.80
235 	|	234 	234 	231 	234 	231 	| 	 avg: 232.80
232 	|	234 	222 	224 	231 	235 	| 	 avg: 229.20
243 	|	237 	235 	234 	228 	238 	| 	 avg: 234.40
242 	|	231 	239 	227 	222 	240 	| 	 avg: 231.80
229 	|	226 	221 	236 	225 	239 	| 	 avg: 229.40
233 	|	241 	243 	239 	239 	221 	| 	 avg: 236.60
average initials 234.25	 average finals: 234.00
