po_sorted_concat 1 0:
220 	|	376 	390 	372 	513 	473 	| 	 avg: 424.80
224 	|	377 	420 	385 	517 	378 	| 	 avg: 415.40
238 	|	403 	372 	429 	379 	393 	| 	 avg: 395.20
234 	|	538 	389 	403 	370 	376 	| 	 avg: 415.20
237 	|	514 	519 	385 	384 	377 	| 	 avg: 435.80
228 	|	382 	394 	387 	407 	395 	| 	 avg: 393.00
239 	|	381 	371 	388 	383 	383 	| 	 avg: 381.20
216 	|	385 	389 	387 	370 	373 	| 	 avg: 380.80
219 	|	401 	377 	473 	383 	376 	| 	 avg: 402.00
231 	|	376 	370 	379 	385 	375 	| 	 avg: 377.00
241 	|	396 	382 	379 	379 	385 	| 	 avg: 384.20
225 	|	382 	522 	376 	523 	388 	| 	 avg: 438.20
224 	|	390 	387 	376 	390 	381 	| 	 avg: 384.80
220 	|	387 	375 	375 	377 	383 	| 	 avg: 379.40
244 	|	374 	389 	375 	378 	386 	| 	 avg: 380.40
244 	|	375 	380 	372 	380 	372 	| 	 avg: 375.80
229 	|	371 	396 	379 	378 	383 	| 	 avg: 381.40
237 	|	377 	377 	389 	375 	480 	| 	 avg: 399.60
253 	|	384 	370 	381 	382 	377 	| 	 avg: 378.80
228 	|	381 	373 	369 	382 	414 	| 	 avg: 383.80
average initials 231.55	 average finals: 394.90
