po_sorted_concat 0 0:
220 	|	388 	433 	383 	386 	375 	| 	 avg: 393.00
231 	|	398 	381 	371 	420 	443 	| 	 avg: 402.60
231 	|	377 	385 	372 	372 	375 	| 	 avg: 376.20
237 	|	395 	370 	375 	381 	382 	| 	 avg: 380.60
217 	|	378 	383 	374 	373 	387 	| 	 avg: 379.00
243 	|	384 	374 	376 	372 	413 	| 	 avg: 383.80
236 	|	395 	389 	382 	371 	390 	| 	 avg: 385.40
226 	|	368 	383 	370 	378 	379 	| 	 avg: 375.60
237 	|	385 	394 	381 	386 	381 	| 	 avg: 385.40
230 	|	430 	379 	432 	374 	386 	| 	 avg: 400.20
222 	|	403 	381 	439 	395 	387 	| 	 avg: 401.00
243 	|	381 	397 	387 	372 	376 	| 	 avg: 382.60
220 	|	387 	391 	388 	376 	421 	| 	 avg: 392.60
238 	|	379 	405 	371 	370 	390 	| 	 avg: 383.00
240 	|	375 	385 	372 	382 	386 	| 	 avg: 380.00
233 	|	385 	424 	477 	388 	378 	| 	 avg: 410.40
240 	|	373 	386 	423 	385 	384 	| 	 avg: 390.20
233 	|	382 	382 	395 	374 	373 	| 	 avg: 381.20
235 	|	381 	382 	382 	383 	386 	| 	 avg: 382.80
223 	|	381 	379 	380 	388 	387 	| 	 avg: 383.00
average initials 231.75	 average finals: 387.10
