pa_sorted_concat 0 0:
237 	|	849 	846 	870 	886 	870 	| 	 avg: 864.20
236 	|	858 	866 	870 	892 	879 	| 	 avg: 873.00
241 	|	893 	886 	915 	878 	851 	| 	 avg: 884.60
233 	|	865 	869 	872 	867 	867 	| 	 avg: 868.00
221 	|	852 	855 	850 	878 	896 	| 	 avg: 866.20
241 	|	916 	865 	867 	936 	865 	| 	 avg: 889.80
224 	|	868 	862 	872 	863 	878 	| 	 avg: 868.60
229 	|	839 	840 	840 	868 	839 	| 	 avg: 845.20
243 	|	854 	858 	859 	883 	861 	| 	 avg: 863.00
237 	|	884 	890 	874 	876 	855 	| 	 avg: 875.80
231 	|	960 	848 	852 	843 	961 	| 	 avg: 892.80
218 	|	846 	846 	841 	847 	840 	| 	 avg: 844.00
221 	|	889 	854 	852 	877 	854 	| 	 avg: 865.20
239 	|	907 	870 	921 	889 	859 	| 	 avg: 889.20
230 	|	874 	870 	852 	858 	852 	| 	 avg: 861.20
235 	|	856 	874 	852 	887 	877 	| 	 avg: 869.20
226 	|	894 	848 	846 	848 	853 	| 	 avg: 857.80
238 	|	859 	850 	850 	852 	859 	| 	 avg: 854.00
225 	|	858 	895 	850 	933 	860 	| 	 avg: 879.20
217 	|	859 	858 	859 	855 	894 	| 	 avg: 865.00
average initials 231.10	 average finals: 868.50
