pa_sorted_concat 1 0:
226 	|	904 	885 	887 	885 	885 	| 	 avg: 889.20
242 	|	860 	882 	883 	859 	857 	| 	 avg: 868.20
225 	|	847 	871 	840 	825 	832 	| 	 avg: 843.00
237 	|	959 	948 	863 	882 	894 	| 	 avg: 909.20
240 	|	877 	880 	874 	858 	860 	| 	 avg: 869.80
231 	|	840 	841 	841 	846 	842 	| 	 avg: 842.00
224 	|	853 	888 	853 	856 	852 	| 	 avg: 860.40
253 	|	856 	884 	852 	850 	853 	| 	 avg: 859.00
233 	|	857 	879 	851 	879 	873 	| 	 avg: 867.80
237 	|	889 	868 	886 	897 	877 	| 	 avg: 883.40
236 	|	870 	882 	849 	847 	846 	| 	 avg: 858.80
214 	|	899 	851 	905 	876 	854 	| 	 avg: 877.00
227 	|	850 	853 	853 	844 	860 	| 	 avg: 852.00
224 	|	893 	903 	886 	880 	883 	| 	 avg: 889.00
225 	|	964 	963 	921 	971 	913 	| 	 avg: 946.40
223 	|	907 	850 	880 	890 	903 	| 	 avg: 886.00
224 	|	892 	888 	875 	884 	890 	| 	 avg: 885.80
242 	|	891 	855 	903 	860 	859 	| 	 avg: 873.60
228 	|	883 	847 	846 	877 	842 	| 	 avg: 859.00
238 	|	848 	850 	847 	857 	894 	| 	 avg: 859.20
average initials 231.45	 average finals: 873.65
