pa_unsorted_concat 1:
530 	|	529 	566 	580 	561 	564 	| 	 avg: 560.00
546 	|	549 	535 	535 	530 	539 	| 	 avg: 537.60
516 	|	535 	647 	509 	522 	813 	| 	 avg: 605.20
513 	|	518 	631 	559 	584 	602 	| 	 avg: 578.80
546 	|	490 	881 	522 	517 	515 	| 	 avg: 585.00
526 	|	559 	499 	506 	528 	548 	| 	 avg: 528.00
559 	|	541 	553 	866 	532 	574 	| 	 avg: 613.20
542 	|	546 	528 	559 	533 	539 	| 	 avg: 541.00
751 	|	602 	549 	556 	772 	669 	| 	 avg: 629.60
526 	|	563 	526 	495 	518 	546 	| 	 avg: 529.60
537 	|	518 	544 	534 	511 	539 	| 	 avg: 529.20
548 	|	553 	821 	540 	500 	527 	| 	 avg: 588.20
535 	|	541 	522 	502 	528 	502 	| 	 avg: 519.00
576 	|	576 	555 	538 	545 	621 	| 	 avg: 567.00
583 	|	500 	515 	569 	533 	506 	| 	 avg: 524.60
551 	|	561 	563 	1077 	563 	553 	| 	 avg: 663.40
590 	|	850 	530 	557 	549 	548 	| 	 avg: 606.80
582 	|	584 	529 	912 	909 	603 	| 	 avg: 707.40
537 	|	598 	531 	548 	541 	541 	| 	 avg: 551.80
528 	|	613 	621 	665 	527 	562 	| 	 avg: 597.60
average initials   556	 average finals:   577
