pa_unsorted_concat 0:
523 	|	815 	527 	506 	578 	527 	| 	 avg: 590.60
528 	|	556 	541 	659 	627 	536 	| 	 avg: 583.80
498 	|	576 	521 	590 	565 	588 	| 	 avg: 568.00
535 	|	536 	513 	531 	535 	510 	| 	 avg: 525.00
594 	|	594 	981 	599 	594 	539 	| 	 avg: 661.40
564 	|	516 	529 	794 	530 	552 	| 	 avg: 584.20
604 	|	560 	558 	607 	534 	544 	| 	 avg: 560.60
549 	|	544 	582 	824 	516 	570 	| 	 avg: 607.20
518 	|	545 	618 	526 	546 	1201 	| 	 avg: 687.20
557 	|	553 	527 	537 	536 	526 	| 	 avg: 535.80
511 	|	513 	541 	1324 	561 	542 	| 	 avg: 696.20
536 	|	569 	683 	588 	618 	534 	| 	 avg: 598.40
505 	|	532 	520 	531 	522 	532 	| 	 avg: 527.40
520 	|	527 	523 	542 	527 	533 	| 	 avg: 530.40
523 	|	500 	859 	514 	1368 	532 	| 	 avg: 754.60
1059 	|	521 	583 	625 	584 	606 	| 	 avg: 583.80
584 	|	563 	564 	623 	513 	562 	| 	 avg: 565.00
542 	|	559 	554 	541 	558 	582 	| 	 avg: 558.80
535 	|	606 	548 	604 	580 	545 	| 	 avg: 576.60
542 	|	516 	527 	544 	536 	569 	| 	 avg: 538.40
average initials   566	 average finals:   591
