pa_sorted_simple 1:
546 	|	543 	553 	515 	538 	528 	| 	 avg: 535.40
538 	|	554 	579 	518 	590 	631 	| 	 avg: 574.40
533 	|	550 	535 	535 	535 	550 	| 	 avg: 541.00
567 	|	538 	537 	539 	532 	538 	| 	 avg: 536.80
513 	|	509 	514 	481 	493 	509 	| 	 avg: 501.20
572 	|	584 	556 	512 	571 	562 	| 	 avg: 557.00
536 	|	538 	548 	538 	550 	553 	| 	 avg: 545.40
528 	|	544 	520 	562 	528 	518 	| 	 avg: 534.40
531 	|	526 	481 	481 	635 	499 	| 	 avg: 524.40
532 	|	548 	532 	532 	532 	561 	| 	 avg: 541.00
543 	|	520 	543 	543 	591 	535 	| 	 avg: 546.40
521 	|	516 	506 	521 	524 	522 	| 	 avg: 517.80
542 	|	506 	506 	541 	506 	506 	| 	 avg: 513.00
517 	|	529 	524 	524 	494 	524 	| 	 avg: 519.00
534 	|	550 	534 	529 	534 	534 	| 	 avg: 536.20
628 	|	692 	644 	606 	622 	626 	| 	 avg: 638.00
550 	|	580 	566 	550 	1066 	550 	| 	 avg: 662.40
570 	|	548 	555 	621 	649 	565 	| 	 avg: 587.60
530 	|	531 	527 	550 	557 	609 	| 	 avg: 554.80
542 	|	491 	502 	500 	1046 	511 	| 	 avg: 610.00
average initials   543	 average finals:   553
