[?1h=
                                                                                     < M A T L A B (R) >
                                                                           Copyright 1984-2010 The MathWorks, Inc.
                                                                        Version 7.12.0.635 (R2011a) 64-bit (glnxa64)
                                                                                       March 18, 2011

 
  To get started, type one of these: helpwin, helpdesk, or demo.
  For product information, visit www.mathworks.com.
 
{Warning: Name is nonexistent or not a directory: /home/davide/projects/mthesis/Mondriaan4RC/tools.} 
> In path at 110
  In addpath at 87
  In startup at 2
  In matlabrc at 222

bcsstk30.mtx - 0

is_0:	   542 | [?1h=  611 [?1h=  556 [?1h=  606 [?1h=  610 [?1h=  960  avg: 	 668.6
is_0:	   524 | [?1h=  585 [?1h=  556 [?1h=  636 [?1h=  852 [?1h=  560  avg: 	 637.8
is_0:	   516 | [?1h=  606 [?1h=  560 [?1h=  657 [?1h=  678 [?1h=  556  avg: 	 611.4
is_0:	   554 | [?1h=  585 [?1h=  605 [?1h=  560 [?1h=  856 [?1h=  586  avg: 	 638.4
is_0:	   547 | [?1h=  560 [?1h=  560 [?1h=  637 [?1h=  580 [?1h=  637  avg: 	 594.8
is_0:	   606 | [?1h=  600 [?1h=  604 [?1h=  535 [?1h=  610 [?1h=  561  avg: 	   582
is_0:	   578 | [?1h=  535 [?1h=  610 [?1h=  581 [?1h=  611 [?1h=  560  avg: 	 579.4
is_0:	   555 | [?1h=  655 [?1h=  535 [?1h=  704 [?1h=  581 [?1h=  580  avg: 	   611
is_0:	   565 | [?1h= 1040 [?1h=  581 [?1h=  585 [?1h=  612 [?1h=  610  avg: 	 685.6
is_0:	   536 | [?1h=  535 [?1h=  561 [?1h=  623 [?1h=  560 [?1h=  635  avg: 	 582.8
is_0:	   551 | [?1h=  588 [?1h=  535 [?1h=  662 [?1h=  606 [?1h=  631  avg: 	 604.4
is_0:	   574 | [?1h=  560 [?1h=  655 [?1h=  585 [?1h=  560 [?1h=  611  avg: 	 594.2
is_0:	   549 | [?1h=  604 [?1h=  535 [?1h=  635 [?1h=  604 [?1h=  636  avg: 	 602.8
is_0:	   529 | [?1h=  580 [?1h=  631 [?1h=  560 [?1h=  873 [?1h=  606  avg: 	   650
is_0:	   586 | [?1h=  604 [?1h=  601 [?1h=  646 [?1h=  836 [?1h=  733  avg: 	   684
is_0:	   590 | [?1h=  629 [?1h=  611 [?1h=  600 [?1h=  638 [?1h=  585  avg: 	 612.6
is_0:	   521 | [?1h=  581 [?1h=  611 [?1h=  597 [?1h=  630 [?1h=  601  avg: 	   604
is_0:	   522 | [?1h=  560 [?1h=  605 [?1h=  585 [?1h=  631 [?1h=  560  avg: 	 588.2
is_0:	   535 | [?1h=  556 [?1h=  576 [?1h=  611 [?1h=  630 [?1h=  560  avg: 	 586.6
is_0:	   534 | [?1h=  535 [?1h=  660 [?1h=  581 [?1h=  556 [?1h=  614  avg: 	 589.2
--------------------
avg initials: 550.7 		 avg finals: 615.39



bcsstk30.mtx - 1

is_1:	   516 | [?1h=  559 [?1h=  567 [?1h= 1085 [?1h=  568 [?1h= 1052  avg: 	 766.2
is_1:	   566 | [?1h=  550 [?1h=  550 [?1h=  553 [?1h=  587 [?1h=  561  avg: 	 560.2
is_1:	   529 | [?1h=  636 [?1h=  537 [?1h=  611 [?1h=  559 [?1h=  583  avg: 	 585.2
is_1:	   528 | [?1h=  519 [?1h= 1018 [?1h=  578 [?1h=  541 [?1h=  519  avg: 	   635
is_1:	   594 | [?1h=  810 [?1h=  811 [?1h=  554 [?1h=  839 [?1h=  639  avg: 	 730.6
is_1:	   518 | [?1h=  637 [?1h=  551 [?1h=  571 [?1h=  536 [?1h=  547  avg: 	 568.4
is_1:	   518 | [?1h=  549 [?1h=  765 [?1h=  589 [?1h=  799 [?1h= 1059  avg: 	 752.2
is_1:	   531 | [?1h=  523 [?1h=  528 [?1h=  641 [?1h=  930 [?1h=  553  avg: 	   635
is_1:	   542 | [?1h=  549 [?1h=  697 [?1h=  614 [?1h=  554 [?1h=  559  avg: 	 594.6
is_1:	   527 | [?1h=  580 [?1h=  585 [?1h=  557 [?1h=  539 [?1h=  539  avg: 	   560
is_1:	   570 | [?1h=  907 [?1h=  603 [?1h=  565 [?1h=  598 [?1h=  828  avg: 	 700.2
is_1:	   501 | [?1h=  561 [?1h=  558 [?1h=  543 [?1h=  530 [?1h=  519  avg: 	 542.2
is_1:	   535 | [?1h=  526 [?1h=  552 [?1h=  603 [?1h=  634 [?1h=  537  avg: 	 570.4
is_1:	   514 | [?1h=  562 [?1h=  582 [?1h=  568 [?1h=  546 [?1h=  563  avg: 	 564.2
is_1:	   542 | [?1h=  564 [?1h=  587 [?1h=  540 [?1h=  577 [?1h=  589  avg: 	 571.4
is_1:	   506 | [?1h=  619 [?1h=  634 [?1h=  530 [?1h=  589 [?1h=  554  avg: 	 585.2
is_1:	   576 | [?1h=  563 [?1h=  585 [?1h=  628 [?1h=  637 [?1h=  612  avg: 	   605
is_1:	   546 | [?1h=  594 [?1h=  574 [?1h=  553 [?1h=  548 [?1h=  569  avg: 	 567.6
is_1:	   506 | [?1h=  563 [?1h=  555 [?1h=  557 [?1h=  573 [?1h=  605  avg: 	 570.6
is_1:	   525 | [?1h=  498 [?1h=  845 [?1h=  558 [?1h=  550 [?1h=  612  avg: 	 612.6
--------------------
avg initials: 534.5 		 avg finals: 613.84



bcsstk30.mtx - 2

is_2:	   546 | [?1h=[?1h=  538 [?1h=[?1h=  573 [?1h=[?1h=  615 [?1h=[?1h=  593 [?1h=[?1h=  578  avg: 	 579.4
is_2:	   522 | [?1h=[?1h=  559 [?1h=[?1h=  606 [?1h=[?1h=  544 [?1h=[?1h=  570 [?1h=[?1h=  572  avg: 	 570.2
is_2:	   557 | [?1h=[?1h=  535 [?1h=[?1h=  912 [?1h=[?1h=  608 [?1h=[?1h=  540 [?1h=[?1h=  584  avg: 	 635.8
is_2:	   537 | [?1h=[?1h= 1052 [?1h=[?1h=  570 [?1h=[?1h=  613 [?1h=[?1h=  532 [?1h=[?1h= 1068  avg: 	   767
is_2:	   541 | [?1h=[?1h= 1685 [?1h=[?1h=  612 [?1h=[?1h=  791 [?1h=[?1h=  541 [?1h=[?1h=  591  avg: 	   844
is_2:	   536 | [?1h=[?1h= 1210 [?1h=[?1h=  544 [?1h=[?1h=  583 [?1h=[?1h=  533 [?1h=[?1h=  578  avg: 	 689.6
is_2:	   712 | [?1h=[?1h=  598 [?1h=[?1h=  660 [?1h=[?1h=  583 [?1h=[?1h=  564 [?1h=[?1h=  715  avg: 	   624
is_2:	   543 | [?1h=[?1h=  629 [?1h=[?1h=  573 [?1h=[?1h=  551 [?1h=[?1h=  585 [?1h=[?1h=  570  avg: 	 581.6
is_2:	   555 | [?1h=[?1h=  580 [?1h=[?1h=  609 [?1h=[?1h=  889 [?1h=[?1h=  528 [?1h=[?1h=  553  avg: 	 631.8
is_2:	   531 | [?1h=[?1h=  586 [?1h=[?1h=  588 [?1h=[?1h=  542 [?1h=[?1h=  515 [?1h=[?1h=  597  avg: 	 565.6
is_2:	   511 | [?1h=[?1h=  548 [?1h=[?1h=  604 [?1h=[?1h=  558 [?1h=[?1h=  543 [?1h=[?1h=  587  avg: 	   568
is_2:	   518 | [?1h=[?1h=  586 [?1h=[?1h=  606 [?1h=[?1h=  649 [?1h=[?1h=  517 [?1h=[?1h=  506  avg: 	 572.8
is_2:	   493 | [?1h=[?1h=  544 [?1h=[?1h=  518 [?1h=[?1h=  518 [?1h=[?1h=  569 [?1h=[?1h=  518  avg: 	 533.4
is_2:	   516 | [?1h=[?1h=  621 [?1h=[?1h=  565 [?1h=[?1h= 1171 [?1h=[?1h=  524 [?1h=[?1h=  626  avg: 	 701.4
is_2:	   491 | [?1h=[?1h=  633 [?1h=[?1h=  614 [?1h=[?1h= 1029 [?1h=[?1h=  635 [?1h=[?1h=  529  avg: 	   688
is_2:	   549 | [?1h=[?1h=  576 [?1h=[?1h= 1147 [?1h=[?1h=  553 [?1h=[?1h=  563 [?1h=[?1h=  556  avg: 	   679
is_2:	   537 | [?1h=[?1h=  648 [?1h=[?1h=  619 [?1h=[?1h=  603 [?1h=[?1h=  567 [?1h=[?1h=  570  avg: 	 601.4
is_2:	   536 | [?1h=[?1h=  587 [?1h=[?1h=  596 [?1h=[?1h=  627 [?1h=[?1h=  536 [?1h=[?1h=  561  avg: 	 581.4
is_2:	   533 | [?1h=[?1h=  691 [?1h=[?1h=  687 [?1h=[?1h=  611 [?1h=[?1h=  553 [?1h=[?1h=  856  avg: 	 679.6
is_2:	   516 | [?1h=[?1h=  556 [?1h=[?1h=  503 [?1h=[?1h=  523 [?1h=[?1h=  550 [?1h=[?1h=  559  avg: 	 538.2
--------------------
avg initials:   539 		 avg finals: 631.61



bcsstk30.mtx - 3

is_3:	   563 | [?1h=[?1h=  911 [?1h=[?1h=  636 [?1h=[?1h=  640 [?1h=[?1h=  671 [?1h=[?1h=  589  avg: 	 689.4
is_3:	   546 | [?1h=[?1h=  584 [?1h=[?1h=  590 [?1h=[?1h=  602 [?1h=[?1h=  627 [?1h=[?1h=  600  avg: 	 600.6
is_3:	   530 | [?1h=[?1h=  545 [?1h=[?1h=  566 [?1h=[?1h=  533 [?1h=[?1h=  608 [?1h=[?1h=  595  avg: 	 569.4
is_3:	   544 | [?1h=[?1h=  598 [?1h=[?1h=  518 [?1h=[?1h=  565 [?1h=[?1h=  612 [?1h=[?1h=  618  avg: 	 582.2
is_3:	   584 | [?1h=[?1h=  602 [?1h=[?1h=  928 [?1h=[?1h=  570 [?1h=[?1h=  627 [?1h=[?1h=  571  avg: 	 659.6
is_3:	   580 | [?1h=[?1h=  569 [?1h=[?1h=  622 [?1h=[?1h=  605 [?1h=[?1h=  613 [?1h=[?1h=  560  avg: 	 593.8
is_3:	   566 | [?1h=[?1h=  604 [?1h=[?1h=  543 [?1h=[?1h=  623 [?1h=[?1h=  642 [?1h=[?1h= 1233  avg: 	   729
is_3:	   519 | [?1h=[?1h=  536 [?1h=[?1h=  564 [?1h=[?1h=  588 [?1h=[?1h=  588 [?1h=[?1h=  588  avg: 	 572.8
is_3:	   531 | [?1h=[?1h=  625 [?1h=[?1h=  724 [?1h=[?1h=  600 [?1h=[?1h=  623 [?1h=[?1h=  574  avg: 	 629.2
is_3:	   528 | [?1h=[?1h=  553 [?1h=[?1h=  608 [?1h=[?1h=  592 [?1h=[?1h=  641 [?1h=[?1h=  598  avg: 	 598.4
is_3:	   536 | [?1h=[?1h=  857 [?1h=[?1h=  594 [?1h=[?1h=  576 [?1h=[?1h=  607 [?1h=[?1h=  603  avg: 	 647.4
is_3:	   566 | [?1h=[?1h=  602 [?1h=[?1h= 1148 [?1h=[?1h=  603 [?1h=[?1h=  553 [?1h=[?1h=  636  avg: 	 708.4
is_3:	   536 | [?1h=[?1h=  520 [?1h=[?1h=  591 [?1h=[?1h=  544 [?1h=[?1h=  570 [?1h=[?1h=  553  avg: 	 555.6
is_3:	   463 | [?1h=[?1h=  575 [?1h=[?1h=  508 [?1h=[?1h=  568 [?1h=[?1h=  659 [?1h=[?1h=  590  avg: 	   580
is_3:	   558 | [?1h=[?1h=  643 [?1h=[?1h=  626 [?1h=[?1h=  630 [?1h=[?1h=  843 [?1h=[?1h=  645  avg: 	 677.4
is_3:	   530 | [?1h=[?1h= 1124 [?1h=[?1h=  643 [?1h=[?1h=  605 [?1h=[?1h=  908 [?1h=[?1h=  827  avg: 	 821.4
is_3:	   547 | [?1h=[?1h=  650 [?1h=[?1h=  630 [?1h=[?1h=  787 [?1h=[?1h=  537 [?1h=[?1h=  699  avg: 	 660.6
is_3:	   543 | [?1h=[?1h=  518 [?1h=[?1h=  588 [?1h=[?1h=  611 [?1h=[?1h=  582 [?1h=[?1h=  632  avg: 	 586.2
is_3:	   530 | [?1h=[?1h=  589 [?1h=[?1h=  580 [?1h=[?1h=  625 [?1h=[?1h=  610 [?1h=[?1h=  564  avg: 	 593.6
is_3:	   501 | [?1h=[?1h=  650 [?1h=[?1h=  830 [?1h=[?1h=  586 [?1h=[?1h=  598 [?1h=[?1h=  623  avg: 	 657.4
--------------------
avg initials: 540.05 		 avg finals: 635.62



dfl001.mtx - 0

is_0:	   596 | [?1h=  605 [?1h=  605 [?1h=  608 [?1h=  587 [?1h=  604  avg: 	 601.8
is_0:	   580 | [?1h=  585 [?1h=  577 [?1h=  636 [?1h=  614 [?1h=  581  avg: 	 598.6
is_0:	   585 | [?1h=  573 [?1h=  590 [?1h=  622 [?1h=  574 [?1h=  620  avg: 	 595.8
is_0:	   585 | [?1h=  585 [?1h=  593 [?1h=  586 [?1h=  604 [?1h=  591  avg: 	 591.8
is_0:	   620 | [?1h=  589 [?1h=  605 [?1h=  615 [?1h=  580 [?1h=  575  avg: 	 592.8
is_0:	   611 | [?1h=  596 [?1h=  587 [?1h=  588 [?1h=  585 [?1h=  579  avg: 	   587
is_0:	   583 | [?1h=  600 [?1h=  605 [?1h=  594 [?1h=  584 [?1h=  615  avg: 	 599.6
is_0:	   583 | [?1h=  600 [?1h=  606 [?1h=  577 [?1h=  615 [?1h=  605  avg: 	 600.6
is_0:	   568 | [?1h=  605 [?1h=  627 [?1h=  584 [?1h=  577 [?1h=  584  avg: 	 595.4
is_0:	   544 | [?1h=  599 [?1h=  587 [?1h=  579 [?1h=  579 [?1h=  593  avg: 	 587.4
is_0:	   604 | [?1h=  597 [?1h=  601 [?1h=  606 [?1h=  602 [?1h=  543  avg: 	 589.8
is_0:	   544 | [?1h=  620 [?1h=  549 [?1h=  613 [?1h=  604 [?1h=  544  avg: 	   586
is_0:	   619 | [?1h=  579 [?1h=  597 [?1h=  542 [?1h=  594 [?1h=  614  avg: 	 585.2
is_0:	   618 | [?1h=  624 [?1h=  579 [?1h=  602 [?1h=  604 [?1h=  633  avg: 	 608.4
is_0:	   568 | [?1h=  629 [?1h=  578 [?1h=  587 [?1h=  596 [?1h=  580  avg: 	   594
is_0:	   591 | [?1h=  578 [?1h=  598 [?1h=  577 [?1h=  592 [?1h=  608  avg: 	 590.6
is_0:	   574 | [?1h=  583 [?1h=  615 [?1h=  582 [?1h=  603 [?1h=  585  avg: 	 593.6
is_0:	   586 | [?1h=  579 [?1h=  615 [?1h=  632 [?1h=  586 [?1h=  585  avg: 	 599.4
is_0:	   628 | [?1h=  589 [?1h=  628 [?1h=  602 [?1h=  591 [?1h=  614  avg: 	 604.8
is_0:	   572 | [?1h=  583 [?1h=  592 [?1h=  588 [?1h=  579 [?1h=  588  avg: 	   586
--------------------
avg initials: 587.95 		 avg finals: 594.43



dfl001.mtx - 1

is_1:	   610 | [?1h=  618 [?1h=  585 [?1h=  594 [?1h=  602 [?1h=  590  avg: 	 597.8
is_1:	   599 | [?1h=  601 [?1h=  576 [?1h=  579 [?1h=  624 [?1h=  579  avg: 	 591.8
is_1:	   587 | [?1h=  578 [?1h=  575 [?1h=  579 [?1h=  580 [?1h=  585  avg: 	 579.4
is_1:	   620 | [?1h=  574 [?1h=  597 [?1h=  574 [?1h=  578 [?1h=  613  avg: 	 587.2
is_1:	   578 | [?1h=  607 [?1h=  570 [?1h=  574 [?1h=  569 [?1h=  574  avg: 	 578.8
is_1:	   572 | [?1h=  569 [?1h=  589 [?1h=  579 [?1h=  617 [?1h=  616  avg: 	   594
is_1:	   605 | [?1h=  593 [?1h=  575 [?1h=  593 [?1h=  609 [?1h=  623  avg: 	 598.6
is_1:	   571 | [?1h=  571 [?1h=  569 [?1h=  570 [?1h=  551 [?1h=  572  avg: 	 566.6
is_1:	   573 | [?1h=  583 [?1h=  553 [?1h=  573 [?1h=  572 [?1h=  619  avg: 	   580
is_1:	   614 | [?1h=  608 [?1h=  610 [?1h=  587 [?1h=  574 [?1h=  596  avg: 	   595
is_1:	   581 | [?1h=  573 [?1h=  582 [?1h=  564 [?1h=  583 [?1h=  586  avg: 	 577.6
is_1:	   562 | [?1h=  617 [?1h=  576 [?1h=  577 [?1h=  578 [?1h=  599  avg: 	 589.4
is_1:	   602 | [?1h=  602 [?1h=  571 [?1h=  603 [?1h=  574 [?1h=  595  avg: 	   589
is_1:	   642 | [?1h=  587 [?1h=  615 [?1h=  619 [?1h=  548 [?1h=  592  avg: 	 592.2
is_1:	   586 | [?1h=  578 [?1h=  572 [?1h=  578 [?1h=  611 [?1h=  578  avg: 	 583.4
is_1:	   620 | [?1h=  630 [?1h=  595 [?1h=  610 [?1h=  577 [?1h=  583  avg: 	   599
is_1:	   598 | [?1h=  576 [?1h=  571 [?1h=  620 [?1h=  579 [?1h=  586  avg: 	 586.4
is_1:	   597 | [?1h=  587 [?1h=  587 [?1h=  618 [?1h=  576 [?1h=  581  avg: 	 589.8
is_1:	   584 | [?1h=  592 [?1h=  592 [?1h=  593 [?1h=  589 [?1h=  614  avg: 	   596
is_1:	   553 | [?1h=  614 [?1h=  584 [?1h=  636 [?1h=  593 [?1h=  573  avg: 	   600
--------------------
avg initials: 592.7 		 avg finals: 588.6



dfl001.mtx - 2

is_2:	   620 | [?1h=[?1h=  572 [?1h=[?1h=  572 [?1h=[?1h=  576 [?1h=[?1h=  585 [?1h=[?1h=  606  avg: 	 582.2
is_2:	   616 | [?1h=[?1h=  630 [?1h=[?1h=  547 [?1h=[?1h=  601 [?1h=[?1h=  628 [?1h=[?1h=  610  avg: 	 603.2
is_2:	   586 | [?1h=[?1h=  567 [?1h=[?1h=  623 [?1h=[?1h=  585 [?1h=[?1h=  577 [?1h=[?1h=  609  avg: 	 592.2
is_2:	   602 | [?1h=[?1h=  594 [?1h=[?1h=  597 [?1h=[?1h=  605 [?1h=[?1h=  600 [?1h=[?1h=  619  avg: 	   603
is_2:	   576 | [?1h=[?1h=  575 [?1h=[?1h=  565 [?1h=[?1h=  568 [?1h=[?1h=  542 [?1h=[?1h=  544  avg: 	 558.8
is_2:	   595 | [?1h=[?1h=  622 [?1h=[?1h=  605 [?1h=[?1h=  600 [?1h=[?1h=  595 [?1h=[?1h=  574  avg: 	 599.2
is_2:	   641 | [?1h=[?1h=  607 [?1h=[?1h=  615 [?1h=[?1h=  607 [?1h=[?1h=  614 [?1h=[?1h=  588  avg: 	 606.2
is_2:	   602 | [?1h=[?1h=  608 [?1h=[?1h=  592 [?1h=[?1h=  606 [?1h=[?1h=  601 [?1h=[?1h=  610  avg: 	 603.4
is_2:	   544 | [?1h=[?1h=  581 [?1h=[?1h=  571 [?1h=[?1h=  577 [?1h=[?1h=  607 [?1h=[?1h=  576  avg: 	 582.4
is_2:	   577 | [?1h=[?1h=  618 [?1h=[?1h=  574 [?1h=[?1h=  613 [?1h=[?1h=  616 [?1h=[?1h=  583  avg: 	 600.8
is_2:	   571 | [?1h=[?1h=  606 [?1h=[?1h=  580 [?1h=[?1h=  573 [?1h=[?1h=  583 [?1h=[?1h=  574  avg: 	 583.2
is_2:	   619 | [?1h=[?1h=  619 [?1h=[?1h=  580 [?1h=[?1h=  583 [?1h=[?1h=  600 [?1h=[?1h=  579  avg: 	 592.2
is_2:	   620 | [?1h=[?1h=  581 [?1h=[?1h=  545 [?1h=[?1h=  573 [?1h=[?1h=  603 [?1h=[?1h=  584  avg: 	 577.2
is_2:	   589 | [?1h=[?1h=  584 [?1h=[?1h=  571 [?1h=[?1h=  592 [?1h=[?1h=  576 [?1h=[?1h=  583  avg: 	 581.2
is_2:	   604 | [?1h=[?1h=  579 [?1h=[?1h=  612 [?1h=[?1h=  600 [?1h=[?1h=  621 [?1h=[?1h=  596  avg: 	 601.6
is_2:	   587 | [?1h=[?1h=  603 [?1h=[?1h=  608 [?1h=[?1h=  580 [?1h=[?1h=  600 [?1h=[?1h=  573  avg: 	 592.8
is_2:	   633 | [?1h=[?1h=  591 [?1h=[?1h=  603 [?1h=[?1h=  574 [?1h=[?1h=  588 [?1h=[?1h=  618  avg: 	 594.8
is_2:	   623 | [?1h=[?1h=  612 [?1h=[?1h=  627 [?1h=[?1h=  614 [?1h=[?1h=  604 [?1h=[?1h=  602  avg: 	 611.8
is_2:	   542 | [?1h=[?1h=  576 [?1h=[?1h=  579 [?1h=[?1h=  582 [?1h=[?1h=  612 [?1h=[?1h=  585  avg: 	 586.8
is_2:	   586 | [?1h=[?1h=  600 [?1h=[?1h=  639 [?1h=[?1h=  598 [?1h=[?1h=  596 [?1h=[?1h=  595  avg: 	 605.6
--------------------
avg initials: 596.65 		 avg finals: 592.93



dfl001.mtx - 3

is_3:	   586 | [?1h=[?1h=  620 [?1h=[?1h=  582 [?1h=[?1h=  615 [?1h=[?1h=  575 [?1h=[?1h=  624  avg: 	 603.2
is_3:	   596 | [?1h=[?1h=  583 [?1h=[?1h=  593 [?1h=[?1h=  573 [?1h=[?1h=  579 [?1h=[?1h=  541  avg: 	 573.8
is_3:	   612 | [?1h=[?1h=  616 [?1h=[?1h=  580 [?1h=[?1h=  585 [?1h=[?1h=  601 [?1h=[?1h=  621  avg: 	 600.6
is_3:	   567 | [?1h=[?1h=  572 [?1h=[?1h=  578 [?1h=[?1h=  611 [?1h=[?1h=  566 [?1h=[?1h=  576  avg: 	 580.6
is_3:	   612 | [?1h=[?1h=  601 [?1h=[?1h=  584 [?1h=[?1h=  550 [?1h=[?1h=  615 [?1h=[?1h=  575  avg: 	   585
is_3:	   601 | [?1h=[?1h=  597 [?1h=[?1h=  627 [?1h=[?1h=  635 [?1h=[?1h=  607 [?1h=[?1h=  601  avg: 	 613.4
is_3:	   576 | [?1h=[?1h=  590 [?1h=[?1h=  578 [?1h=[?1h=  569 [?1h=[?1h=  588 [?1h=[?1h=  599  avg: 	 584.8
is_3:	   638 | [?1h=[?1h=  593 [?1h=[?1h=  614 [?1h=[?1h=  580 [?1h=[?1h=  552 [?1h=[?1h=  630  avg: 	 593.8
is_3:	   575 | [?1h=[?1h=  584 [?1h=[?1h=  589 [?1h=[?1h=  576 [?1h=[?1h=  597 [?1h=[?1h=  596  avg: 	 588.4
is_3:	   567 | [?1h=[?1h=  547 [?1h=[?1h=  615 [?1h=[?1h=  612 [?1h=[?1h=  579 [?1h=[?1h=  570  avg: 	 584.6
is_3:	   566 | [?1h=[?1h=  543 [?1h=[?1h=  567 [?1h=[?1h=  575 [?1h=[?1h=  607 [?1h=[?1h=  568  avg: 	   572
is_3:	   631 | [?1h=[?1h=  602 [?1h=[?1h=  588 [?1h=[?1h=  576 [?1h=[?1h=  585 [?1h=[?1h=  602  avg: 	 590.6
is_3:	   591 | [?1h=[?1h=  571 [?1h=[?1h=  604 [?1h=[?1h=  582 [?1h=[?1h=  581 [?1h=[?1h=  620  avg: 	 591.6
is_3:	   576 | [?1h=[?1h=  573 [?1h=[?1h=  572 [?1h=[?1h=  586 [?1h=[?1h=  541 [?1h=[?1h=  575  avg: 	 569.4
is_3:	   617 | [?1h=[?1h=  624 [?1h=[?1h=  618 [?1h=[?1h=  599 [?1h=[?1h=  625 [?1h=[?1h=  594  avg: 	   612
is_3:	   577 | [?1h=[?1h=  571 [?1h=[?1h=  599 [?1h=[?1h=  610 [?1h=[?1h=  600 [?1h=[?1h=  598  avg: 	 595.6
is_3:	   573 | [?1h=[?1h=  568 [?1h=[?1h=  568 [?1h=[?1h=  571 [?1h=[?1h=  571 [?1h=[?1h=  609  avg: 	 577.4
is_3:	   615 | [?1h=[?1h=  583 [?1h=[?1h=  600 [?1h=[?1h=  601 [?1h=[?1h=  600 [?1h=[?1h=  573  avg: 	 591.4
is_3:	   587 | [?1h=[?1h=  601 [?1h=[?1h=  568 [?1h=[?1h=  628 [?1h=[?1h=  612 [?1h=[?1h=  585  avg: 	 598.8
is_3:	   539 | [?1h=[?1h=  588 [?1h=[?1h=  578 [?1h=[?1h=  540 [?1h=[?1h=  578 [?1h=[?1h=  608  avg: 	 578.4
--------------------
avg initials: 590.1 		 avg finals: 589.27



nug30.mtx - 0

is_0:	 35070 | [?1h=33056 [?1h=29499 [?1h=30980 [?1h=29672 [?1h=30117  avg: 	 30664.8
is_0:	 36903 | [?1h=28835 [?1h=32972 [?1h=30360 [?1h=30795 [?1h=30517  avg: 	 30695.8
is_0:	 35943 | [?1h=29979 [?1h=31814 [?1h=28883 [?1h=32002 [?1h=29000  avg: 	 30335.6
is_0:	 34592 | [?1h=29547 [?1h=31254 [?1h=30169 [?1h=30442 [?1h=29025  avg: 	 30087.4
is_0:	 35117 | [?1h=30148 [?1h=29041 [?1h=30554 [?1h=30039 [?1h=29339  avg: 	 29824.2
is_0:	 37166 | [?1h=28357 [?1h=29471 [?1h=31749 [?1h=31515 [?1h=31531  avg: 	 30524.6
is_0:	 36991 | [?1h=33404 [?1h=32349 [?1h=32101 [?1h=31201 [?1h=29145  avg: 	 31640
is_0:	 36830 | [?1h=32027 [?1h=31676 [?1h=31421 [?1h=30889 [?1h=29111  avg: 	 31024.8
is_0:	 36211 | [?1h=31772 [?1h=31599 [?1h=29595 [?1h=31966 [?1h=28970  avg: 	 30780.4
is_0:	 37685 | [?1h=32262 [?1h=30248 [?1h=31174 [?1h=29888 [?1h=29884  avg: 	 30691.2
is_0:	 36045 | [?1h=32222 [?1h=31558 [?1h=30084 [?1h=28932 [?1h=29966  avg: 	 30552.4
is_0:	 36265 | [?1h=32325 [?1h=32979 [?1h=32924 [?1h=31047 [?1h=30746  avg: 	 32004.2
is_0:	 36366 | [?1h=31830 [?1h=29681 [?1h=30277 [?1h=30003 [?1h=30682  avg: 	 30494.6
is_0:	 35584 | [?1h=29704 [?1h=30672 [?1h=30010 [?1h=28903 [?1h=30809  avg: 	 30019.6
is_0:	 37055 | [?1h=30100 [?1h=29449 [?1h=30043 [?1h=28650 [?1h=32345  avg: 	 30117.4
is_0:	 36344 | [?1h=28747 [?1h=30387 [?1h=31688 [?1h=32321 [?1h=30799  avg: 	 30788.4
is_0:	 37244 | [?1h=31595 [?1h=29415 [?1h=33850 [?1h=32245 [?1h=29365  avg: 	 31294
is_0:	 35153 | [?1h=31033 [?1h=30303 [?1h=29806 [?1h=30149 [?1h=32132  avg: 	 30684.6
is_0:	 34202 | [?1h=30619 [?1h=29488 [?1h=30882 [?1h=31646 [?1h=30961  avg: 	 30719.2
is_0:	 36227 | [?1h=30424 [?1h=29746 [?1h=30730 [?1h=29222 [?1h=30685  avg: 	 30161.4
--------------------
avg initials: 36149.7 		 avg finals: 30655.2



nug30.mtx - 1

is_1:	 36945 | [?1h=38060 [?1h=37813 [?1h=37772 [?1h=37891 [?1h=38451  avg: 	 37997.4
is_1:	 35778 | [?1h=36283 [?1h=35426 [?1h=34783 [?1h=34970 [?1h=35856  avg: 	 35463.6
is_1:	 37180 | [?1h=36891 [?1h=37105 [?1h=35633 [?1h=37251 [?1h=37223  avg: 	 36820.6
is_1:	 37156 | [?1h=34411 [?1h=33462 [?1h=34256 [?1h=34061 [?1h=31358  avg: 	 33509.6
is_1:	 37816 | [?1h=36149 [?1h=36281 [?1h=35833 [?1h=35986 [?1h=35951  avg: 	 36040
is_1:	 36924 | [?1h=36802 [?1h=36936 [?1h=37109 [?1h=36996 [?1h=37168  avg: 	 37002.2
is_1:	 38147 | [?1h=37753 [?1h=37497 [?1h=37472 [?1h=37333 [?1h=37783  avg: 	 37567.6
is_1:	 35678 | [?1h=36712 [?1h=33163 [?1h=35835 [?1h=36229 [?1h=33581  avg: 	 35104
is_1:	 37068 | [?1h=37167 [?1h=37012 [?1h=36805 [?1h=36867 [?1h=36758  avg: 	 36921.8
is_1:	 35936 | [?1h=36713 [?1h=36167 [?1h=36378 [?1h=36691 [?1h=35763  avg: 	 36342.4
is_1:	 35790 | [?1h=36541 [?1h=36655 [?1h=36571 [?1h=36114 [?1h=35868  avg: 	 36349.8
is_1:	 37823 | [?1h=37817 [?1h=37691 [?1h=37277 [?1h=37587 [?1h=37381  avg: 	 37550.6
is_1:	 36589 | [?1h=35705 [?1h=36238 [?1h=35003 [?1h=32539 [?1h=36111  avg: 	 35119.2
is_1:	 36579 | [?1h=35249 [?1h=35816 [?1h=35571 [?1h=36004 [?1h=35473  avg: 	 35622.6
is_1:	 37112 | [?1h=37211 [?1h=37153 [?1h=37509 [?1h=36970 [?1h=36992  avg: 	 37167
is_1:	 36952 | [?1h=36623 [?1h=32720 [?1h=36043 [?1h=35576 [?1h=36082  avg: 	 35408.8
is_1:	 36330 | [?1h=37531 [?1h=37686 [?1h=37902 [?1h=37179 [?1h=37307  avg: 	 37521
is_1:	 37118 | [?1h=36932 [?1h=37004 [?1h=35782 [?1h=35503 [?1h=36942  avg: 	 36432.6
is_1:	 35884 | [?1h=35162 [?1h=31595 [?1h=35347 [?1h=34145 [?1h=34746  avg: 	 34199
is_1:	 35518 | [?1h=34284 [?1h=35065 [?1h=33679 [?1h=34090 [?1h=34036  avg: 	 34230.8
--------------------
avg initials: 36716.2 		 avg finals: 36118.5



nug30.mtx - 2

is_2:	 36260 | [?1h=[?1h=37160 [?1h=[?1h=37128 [?1h=[?1h=37192 [?1h=[?1h=35508 [?1h=[?1h=37153  avg: 	 36828.2
is_2:	 34475 | [?1h=[?1h=35795 [?1h=[?1h=35269 [?1h=[?1h=35852 [?1h=[?1h=36072 [?1h=[?1h=36046  avg: 	 35806.8
is_2:	 33305 | [?1h=[?1h=37157 [?1h=[?1h=36823 [?1h=[?1h=37052 [?1h=[?1h=36911 [?1h=[?1h=36680  avg: 	 36924.6
is_2:	 36121 | [?1h=[?1h=36283 [?1h=[?1h=36039 [?1h=[?1h=34321 [?1h=[?1h=34900 [?1h=[?1h=35715  avg: 	 35451.6
is_2:	 35768 | [?1h=[?1h=35620 [?1h=[?1h=35807 [?1h=[?1h=36776 [?1h=[?1h=37094 [?1h=[?1h=36118  avg: 	 36283
is_2:	 36604 | [?1h=[?1h=37540 [?1h=[?1h=38073 [?1h=[?1h=37987 [?1h=[?1h=35783 [?1h=[?1h=38017  avg: 	 37480
is_2:	 37653 | [?1h=[?1h=36031 [?1h=[?1h=37581 [?1h=[?1h=36163 [?1h=[?1h=36376 [?1h=[?1h=36389  avg: 	 36508
is_2:	 34255 | [?1h=[?1h=35832 [?1h=[?1h=34573 [?1h=[?1h=36251 [?1h=[?1h=35797 [?1h=[?1h=35671  avg: 	 35624.8
is_2:	 35021 | [?1h=[?1h=36064 [?1h=[?1h=35313 [?1h=[?1h=34640 [?1h=[?1h=36917 [?1h=[?1h=35705  avg: 	 35727.8
is_2:	 34857 | [?1h=[?1h=34522 [?1h=[?1h=35668 [?1h=[?1h=34262 [?1h=[?1h=36094 [?1h=[?1h=34384  avg: 	 34986
is_2:	 36620 | [?1h=[?1h=35344 [?1h=[?1h=36131 [?1h=[?1h=36086 [?1h=[?1h=36171 [?1h=[?1h=34833  avg: 	 35713
is_2:	 36102 | [?1h=[?1h=37396 [?1h=[?1h=33483 [?1h=[?1h=34775 [?1h=[?1h=38479 [?1h=[?1h=37616  avg: 	 36349.8
is_2:	 36579 | [?1h=[?1h=36892 [?1h=[?1h=37187 [?1h=[?1h=37061 [?1h=[?1h=37211 [?1h=[?1h=37522  avg: 	 37174.6
is_2:	 37146 | [?1h=[?1h=37912 [?1h=[?1h=36898 [?1h=[?1h=38050 [?1h=[?1h=37196 [?1h=[?1h=37588  avg: 	 37528.8
is_2:	 34862 | [?1h=[?1h=35129 [?1h=[?1h=32667 [?1h=[?1h=34930 [?1h=[?1h=35731 [?1h=[?1h=34515  avg: 	 34594.4
is_2:	 37435 | [?1h=[?1h=35287 [?1h=[?1h=37314 [?1h=[?1h=36636 [?1h=[?1h=35050 [?1h=[?1h=37470  avg: 	 36351.4
is_2:	 36761 | [?1h=[?1h=35942 [?1h=[?1h=35319 [?1h=[?1h=35827 [?1h=[?1h=33941 [?1h=[?1h=35122  avg: 	 35230.2
is_2:	 35179 | [?1h=[?1h=39357 [?1h=[?1h=38132 [?1h=[?1h=38762 [?1h=[?1h=38611 [?1h=[?1h=37934  avg: 	 38559.2
is_2:	 36538 | [?1h=[?1h=36939 [?1h=[?1h=36962 [?1h=[?1h=36723 [?1h=[?1h=36871 [?1h=[?1h=36477  avg: 	 36794.4
is_2:	 37904 | [?1h=[?1h=38083 [?1h=[?1h=36877 [?1h=[?1h=37665 [?1h=[?1h=38158 [?1h=[?1h=37146  avg: 	 37585.8
--------------------
avg initials: 35972.2 		 avg finals: 36375.1



nug30.mtx - 3

is_3:	 36782 | [?1h=[?1h=37495 [?1h=[?1h=37697 [?1h=[?1h=36982 [?1h=[?1h=38181 [?1h=[?1h=37170  avg: 	 37505
is_3:	 36539 | [?1h=[?1h=35971 [?1h=[?1h=34064 [?1h=[?1h=34092 [?1h=[?1h=37323 [?1h=[?1h=33083  avg: 	 34906.6
is_3:	 37125 | [?1h=[?1h=35177 [?1h=[?1h=34004 [?1h=[?1h=34942 [?1h=[?1h=34615 [?1h=[?1h=34753  avg: 	 34698.2
is_3:	 37057 | [?1h=[?1h=37529 [?1h=[?1h=37788 [?1h=[?1h=37068 [?1h=[?1h=37230 [?1h=[?1h=37603  avg: 	 37443.6
is_3:	 33660 | [?1h=[?1h=37268 [?1h=[?1h=37322 [?1h=[?1h=37146 [?1h=[?1h=36876 [?1h=[?1h=37389  avg: 	 37200.2
is_3:	 37464 | [?1h=[?1h=36049 [?1h=[?1h=35746 [?1h=[?1h=35877 [?1h=[?1h=35554 [?1h=[?1h=35468  avg: 	 35738.8
is_3:	 34910 | [?1h=[?1h=35479 [?1h=[?1h=36328 [?1h=[?1h=35286 [?1h=[?1h=35399 [?1h=[?1h=35660  avg: 	 35630.4
is_3:	 35787 | [?1h=[?1h=36944 [?1h=[?1h=36905 [?1h=[?1h=37374 [?1h=[?1h=38453 [?1h=[?1h=36843  avg: 	 37303.8
is_3:	 36433 | [?1h=[?1h=35013 [?1h=[?1h=34824 [?1h=[?1h=35816 [?1h=[?1h=36006 [?1h=[?1h=35505  avg: 	 35432.8
is_3:	 36315 | [?1h=[?1h=35293 [?1h=[?1h=36134 [?1h=[?1h=35146 [?1h=[?1h=35220 [?1h=[?1h=35383  avg: 	 35435.2
is_3:	 36199 | [?1h=[?1h=35710 [?1h=[?1h=37237 [?1h=[?1h=37931 [?1h=[?1h=37123 [?1h=[?1h=37617  avg: 	 37123.6
is_3:	 36329 | [?1h=[?1h=35039 [?1h=[?1h=36689 [?1h=[?1h=35581 [?1h=[?1h=35341 [?1h=[?1h=35323  avg: 	 35594.6
is_3:	 35477 | [?1h=[?1h=34005 [?1h=[?1h=35588 [?1h=[?1h=32947 [?1h=[?1h=32428 [?1h=[?1h=33950  avg: 	 33783.6
is_3:	 37116 | [?1h=[?1h=37556 [?1h=[?1h=37035 [?1h=[?1h=37226 [?1h=[?1h=37518 [?1h=[?1h=37827  avg: 	 37432.4
is_3:	 35343 | [?1h=[?1h=36002 [?1h=[?1h=36245 [?1h=[?1h=35392 [?1h=[?1h=36319 [?1h=[?1h=35525  avg: 	 35896.6
is_3:	 36416 | [?1h=[?1h=37566 [?1h=[?1h=38119 [?1h=[?1h=37750 [?1h=[?1h=37986 [?1h=[?1h=37435  avg: 	 37771.2
is_3:	 36333 | [?1h=[?1h=36009 [?1h=[?1h=38406 [?1h=[?1h=36875 [?1h=[?1h=38177 [?1h=[?1h=37416  avg: 	 37376.6
is_3:	 36688 | [?1h=[?1h=36775 [?1h=[?1h=35717 [?1h=[?1h=36035 [?1h=[?1h=36305 [?1h=[?1h=35611  avg: 	 36088.6
is_3:	 36989 | [?1h=[?1h=36423 [?1h=[?1h=35584 [?1h=[?1h=36134 [?1h=[?1h=36099 [?1h=[?1h=34966  avg: 	 35841.2
is_3:	 39682 | [?1h=[?1h=38222 [?1h=[?1h=38805 [?1h=[?1h=38270 [?1h=[?1h=38093 [?1h=[?1h=38003  avg: 	 38278.6
--------------------
avg initials: 36432.2 		 avg finals: 36324.1



rgg_n_2_18_s0.mtx - 0

