[?1h=
                                                                                     < M A T L A B (R) >
                                                                           Copyright 1984-2010 The MathWorks, Inc.
                                                                         Version 7.12.0.635 (R2011a) 64-bit (glnxa64)
                                                                                        March 18, 2011

 
  To get started, type one of these: helpwin, helpdesk, or demo.
  For product information, visit www.mathworks.com.
 
{Warning: Name is nonexistent or not a directory: /home/davide/projects/mthesis/Mondriaan4RC/tools.} 
> In path at 110
  In addpath at 87
  In startup at 2
  In matlabrc at 222

bcsstk30.mtx - 1

localview:	 507 |   507   507   527   532   572 	 avg: 529	 6.18196 s
localview:	 501 |   526   541   501   516   501 	 avg: 517	 6.16543 s
localview:	 541 |   541   537   566   574   603 	 avg: 564.2	 6.56052 s
localview:	 593 |   605   638  1137   603   610 	 avg: 718.6	 6.4546 s
localview:	 529 |   531   531   531   529   529 	 avg: 530.2	 6.4307 s
localview:	 551 |   620   579   584   566   557 	 avg: 581.2	 6.42213 s
localview:	 559 |   576   559   548   553   579 	 avg: 563	 6.36972 s
localview:	 469 |   468   507   469   510   489 	 avg: 488.6	 6.31773 s
localview:	 588 |   566   585   581   623   654 	 avg: 601.8	 6.2455 s
localview:	 527 |   529   542   529   542   537 	 avg: 535.8	 6.29409 s
localview:	 535 |   550   545   574   540   555 	 avg: 552.8	 6.23852 s
localview:	 512 |   522   532   728   536   553 	 avg: 574.2	 6.44705 s
localview:	 530 |   530   540   550   601   595 	 avg: 563.2	 6.157 s
localview:	 512 |   512   512   512   512   512 	 avg: 512	 6.33437 s
localview:	 574 |  1440   598   613   589   607 	 avg: 769.4	 6.26372 s
localview:	 542 |   579   532   561   532   566 	 avg: 554	 6.25484 s
localview:	 538 |   538   538  1197   538   558 	 avg: 673.8	 6.22799 s
localview:	 557 |   582   623   608   608   587 	 avg: 601.6	 6.16015 s
localview:	 530 |   553   550   555   570   553 	 avg: 556.2	 6.30884 s
localview:	 538 |   569   538   538   583   576 	 avg: 560.8	 6.23905 s
------
mean initials 536.65, mean final 577.37, time 751.479 s (mean 6.30369 s)

dfl001.mtx - 1

localview:	 609 |   586   580   580   580   580 	 avg: 581.2	 0.22384 s
localview:	 584 |   578   578   578   578   580 	 avg: 578.4	 0.236496 s
localview:	 585 |   539   539   585   585   585 	 avg: 566.6	 0.214569 s
localview:	 539 |   578   574   574   574   574 	 avg: 574.8	 0.223202 s
localview:	 596 |   579   579   579   579   580 	 avg: 579.2	 0.216734 s
localview:	 573 |   576   576   571   571   571 	 avg: 573	 0.215779 s
localview:	 588 |   573   568   568   568   568 	 avg: 569	 0.225249 s
localview:	 575 |   581   581   581   581   564 	 avg: 577.6	 0.217526 s
localview:	 586 |   575   575   588   588   588 	 avg: 582.8	 0.219249 s
localview:	 570 |   579   579   579   579   579 	 avg: 579	 0.213821 s
localview:	 574 |   558   558   558   558   574 	 avg: 561.2	 0.224331 s
localview:	 582 |   587   587   576   576   576 	 avg: 580.4	 0.219469 s
localview:	 589 |   566   566   566   566   585 	 avg: 569.8	 0.254069 s
localview:	 542 |   560   560   560   578   578 	 avg: 567.2	 0.212169 s
localview:	 581 |   584   576   576   576   576 	 avg: 577.6	 0.21501 s
localview:	 545 |   581   581   581   581   563 	 avg: 577.4	 0.219102 s
localview:	 574 |   585   585   585   577   577 	 avg: 581.8	 0.21665 s
localview:	 617 |   576   576   578   578   578 	 avg: 577.2	 0.228859 s
localview:	 615 |   565   565   565   565   578 	 avg: 567.6	 0.228359 s
localview:	 616 |   577   577   577   580   580 	 avg: 578.2	 0.226111 s
------
mean initials 582, mean final 575, time 27.0671 s (mean 0.22253 s)

nug30.mtx - 1

localview:	 36694 | 36762 36494 36075 36599 36306 	 avg: 36447.2	 16.0792 s
localview:	 38289 | 39102 38401 37689 38787 38611 	 avg: 38518	 17.3612 s
localview:	 38195 | 37870 37460 37826 37694 37884 	 avg: 37746.8	 17.4391 s
localview:	 36600 | 35840 36173 36312 36513 35978 	 avg: 36163.2	 16.7128 s
localview:	 35787 | 37226 35693 37036 37226 37359 	 avg: 36908	 17.3888 s
localview:	 37447 | 37060 37905 37366 37692 37769 	 avg: 37558.4	 16.9722 s
localview:	 36195 | 37049 36802 36087 36999 37158 	 avg: 36819	 16.3137 s
localview:	 36126 | 37278 37436 37835 37813 37394 	 avg: 37551.2	 16.3626 s
localview:	 34789 | 35746 35597 32115 36097 36052 	 avg: 35121.4	 16.902 s
localview:	 35731 | 37166 37941 37404 37358 37429 	 avg: 37459.6	 16.5886 s
localview:	 37448 | 36449 37500 37873 37369 37848 	 avg: 37407.8	 17.5911 s
localview:	 35800 | 34913 36648 35671 35171 36187 	 avg: 35718	 18.6689 s
localview:	 36207 | 37050 38546 37459 37326 37749 	 avg: 37626	 17.666 s
localview:	 34870 | 33422 35701 33780 35401 35563 	 avg: 34773.4	 17.7376 s
localview:	 36264 | 36271 36844 36694 35534 36697 	 avg: 36408	 17.2958 s
localview:	 36132 | 37216 36731 37135 37179 36811 	 avg: 37014.4	 18.1005 s
localview:	 35862 | 37627 37415 37772 37766 37562 	 avg: 37628.4	 16.6373 s
localview:	 36925 | 36840 36247 36570 36836 36375 	 avg: 36573.6	 16.7651 s
localview:	 35387 | 37239 37453 37411 37950 37314 	 avg: 37473.4	 17.7785 s
localview:	 33736 | 36322 37386 36908 37364 37034 	 avg: 37002.8	 16.515 s
------
mean initials 36224.2, mean final 36895.9, time 2167.86 s (mean 17.1438 s)

rgg_n_2_18_s0.mtx - 1

localview:	 973 |  1202  1022  1179  1173  1124 	 avg: 1140	 17.6034 s
localview:	 966 |  1184  1138  1046  1049  1213 	 avg: 1126	 17.6943 s
localview:	 866 |  1198  1056  1187  1157  1132 	 avg: 1146	 17.5114 s
localview:	 826 |  1203  1166  1109  1116  1227 	 avg: 1164.2	 16.9937 s
localview:	 1019 |  1092  1144  1071  1195  1130 	 avg: 1126.4	 17.3441 s
localview:	 891 |  1155  1171  1062  1135  1275 	 avg: 1159.6	 17.6311 s
localview:	 890 |  1131  1171  1062  1116  1297 	 avg: 1155.4	 17.4865 s
localview:	 995 |  1282  1096  1105  1142  1277 	 avg: 1180.4	 17.5498 s
localview:	 871 |  1235  1064  1096  1102  1058 	 avg: 1111	 17.7457 s
localview:	 954 |  1293  1088  1272  1102  1019 	 avg: 1154.8	 17.8053 s
localview:	 911 |  1298  1266  1095  1105  1188 	 avg: 1190.4	 18.2126 s
localview:	 1120 |  1113  1169  1097  1088  1096 	 avg: 1112.6	 18.7787 s
localview:	 894 |  1827  1027  1203  1113  1087 	 avg: 1251.4	 18.2849 s
localview:	 806 |  1131  1139  1050  1183  1073 	 avg: 1115.2	 18.5578 s
localview:	 915 |  1092  1108  1178  1240  1089 	 avg: 1141.4	 18.7791 s
localview:	 838 |  1009   989  1134  1193  1289 	 avg: 1122.8	 18.1196 s
localview:	 963 |  1100  1132  1199  1117  1195 	 avg: 1148.6	 18.3136 s
localview:	 881 |  1104  1131  1241  1230  1112 	 avg: 1163.6	 18.6562 s
localview:	 884 |  1176  1156  1212  1105  1268 	 avg: 1183.4	 18.1472 s
localview:	 815 |  1104  1126  1057  1233  1139 	 avg: 1131.8	 18.0227 s
------
mean initials 913.9, mean final 1151.25, time 2189.46 s (mean 17.9619 s)

tbdlinux.mtx - 1

localview:	 8035 |  8023  8057  8069  7952  7989 	 avg: 8018	 79.7356 s
localview:	 8070 |  8043  8049  8006  8046  8027 	 avg: 8034.2	 82.4438 s
localview:	 8142 |  8072  8165  8034  8032  8088 	 avg: 8078.2	 80.6369 s
localview:	 8010 |  8036  7999  8008  8015  8013 	 avg: 8014.2	 95.9424 s
localview:	 7987 |  8018  7957  7969  8000  7933 	 avg: 7975.4	 92.0453 s
localview:	 8021 |  8001  8021  7989  7984  8027 	 avg: 8004.4	 91.7633 s
localview:	 7939 |  8007  7991  7960  7910  7964 	 avg: 7966.4	 92.2427 s
localview:	 7970 |  7957  7912  7982  7988  8005 	 avg: 7968.8	 92.485 s
localview:	 7992 |  8001  8023  7999  8023  8133 	 avg: 8035.8	 91.2599 s
localview:	 8029 |  8006  8004  8073  8063  8022 	 avg: 8033.6	 87.6385 s
localview:	 7988 |  8072  8066  8038  8035  8001 	 avg: 8042.4	 78.729 s
localview:	 8023 |  8035  8075  8017  7960  7960 	 avg: 8009.4	 73.0059 s
localview:	 8020 |  7982  8068  8061  7982  7958 	 avg: 8010.2	 73.103 s
localview:	 8050 |  7948  7967  7985  8017  7948 	 avg: 7973	 72.7261 s
localview:	 7918 |  7946  7950  7947  8032  7898 	 avg: 7954.6	 74.1828 s
localview:	 8061 |  7985  7974  7955  7887  8019 	 avg: 7964	 73.227 s
localview:	 8669 |  8512  8461  8503  8443  8553 	 avg: 8494.4	 76.2071 s
localview:	 8080 |  8017  7970  7969  8023  8045 	 avg: 8004.8	 78.6599 s
localview:	 7981 |  7957  7968  7933  7962  7904 	 avg: 7944.8	 77.6299 s
localview:	 8027 |  8020  8029  7988  8036  8015 	 avg: 8017.6	 79.8849 s
------
mean initials 8050.6, mean final 8027.21, time 9933.76 s (mean 82.1775 s)
>> exit
[?1l>