[?1h=
                                                                                     < M A T L A B (R) >
                                                                           Copyright 1984-2010 The MathWorks, Inc.
                                                                        Version 7.12.0.635 (R2011a) 64-bit (glnxa64)
                                                                                       March 18, 2011

 
  To get started, type one of these: helpwin, helpdesk, or demo.
  For product information, visit www.mathworks.com.
 
{Warning: Name is nonexistent or not a directory: /home/davide/projects/mthesis/Mondriaan4RC/tools.} 
> In path at 110
  In addpath at 87
  In startup at 2
  In matlabrc at 222

bcsstk30.mtx - 1

sbdview:	 550 |   635   601   668   845   611 	 avg: 672.00	  9.79 s
sbdview:	 528 |   658   588  1112   642   704 	 avg: 740.80	  9.84 s
sbdview:	 533 |   736   786   735   664   886 	 avg: 761.40	  9.78 s
sbdview:	 532 |   576   881   611   616   637 	 avg: 664.20	 10.15 s
sbdview:	 535 |   738   745   651   854   743 	 avg: 746.20	 10.05 s
sbdview:	 552 |   696   725   696   818   695 	 avg: 726.00	  9.72 s
sbdview:	 528 |   691   688   691   738   676 	 avg: 696.80	  9.59 s
sbdview:	 542 |   693   741   725   722   725 	 avg: 721.20	 10.56 s
sbdview:	 546 |   566   656   641   602   601 	 avg: 613.20	 10.41 s
sbdview:	 554 |   602   602   950   656   627 	 avg: 687.40	 10.68 s
sbdview:	 557 |   663   735   657   748   658 	 avg: 692.20	 10.55 s
sbdview:	 560 |   649   679   649   668   688 	 avg: 666.60	 10.18 s
sbdview:	 533 |   720   610   585  1038   637 	 avg: 718.00	  9.65 s
sbdview:	 528 |   645   585   680   594   645 	 avg: 629.80	 10.14 s
sbdview:	 561 |   770   661   674   668   730 	 avg: 700.60	 10.62 s
sbdview:	 566 |   895   776   726   665   645 	 avg: 741.40	 10.17 s
sbdview:	 575 |   667   616   656   680   635 	 avg: 650.80	  9.89 s
sbdview:	 559 |   631   749   862   843   610 	 avg: 739.00	  9.75 s
sbdview:	 503 |   598   625   656   562   880 	 avg: 664.20	  9.88 s
sbdview:	 578 |   784   724   750   724   710 	 avg: 738.40	 10.73 s
------
mean initials 546.00, mean final 698.51, time 1128.03 s (mean 10.1062 s)

dfl001.mtx - 1

sbdview:	 546 |  1514  1514  1496  1496  1496 	 avg: 1503.20	  0.41 s
sbdview:	 580 |  1467  1455  1455  1455  1496 	 avg: 1465.60	  0.36 s
sbdview:	 568 |  1509  1467  1467  1467  1495 	 avg: 1481.00	  0.35 s
sbdview:	 540 |  1488  1491  1491  1491  1495 	 avg: 1491.20	  0.36 s
sbdview:	 598 |  1500  1495  1495  1495  1502 	 avg: 1497.40	  0.36 s
sbdview:	 602 |  1500  1489  1489  1489  1495 	 avg: 1492.40	  0.36 s
sbdview:	 642 |  1524  1475  1475  1475  1457 	 avg: 1481.20	  0.36 s
sbdview:	 585 |  1491  1469  1469  1469  1508 	 avg: 1481.20	  0.35 s
sbdview:	 616 |  1504  1504  1504  1504  1505 	 avg: 1504.20	  0.37 s
sbdview:	 589 |  1462  1482  1482  1474  1474 	 avg: 1474.80	  0.36 s
sbdview:	 633 |  1519  1473  1473  1493  1493 	 avg: 1490.20	  0.37 s
sbdview:	 584 |  1508  1508  1508  1505  1505 	 avg: 1506.80	  0.36 s
sbdview:	 615 |  1484  1484  1484  1514  1514 	 avg: 1496.00	  0.37 s
sbdview:	 582 |  1491  1491  1491  1517  1517 	 avg: 1501.40	  0.37 s
sbdview:	 577 |  1471  1471  1477  1477  1477 	 avg: 1474.60	  0.36 s
sbdview:	 622 |  1481  1481  1479  1479  1479 	 avg: 1479.80	  0.37 s
sbdview:	 570 |  1485  1485  1517  1517  1517 	 avg: 1504.20	  0.37 s
sbdview:	 603 |  1504  1504  1495  1495  1476 	 avg: 1494.80	  0.37 s
sbdview:	 580 |  1503  1496  1496  1496  1502 	 avg: 1498.60	  0.35 s
sbdview:	 573 |  1512  1563  1563  1563  1522 	 avg: 1544.60	  0.36 s
------
mean initials 590.25, mean final 1493.16, time 41.3699 s (mean 0.3644 s)

nug30.mtx - 1

sbdview:	 36568 | 177554 181681 183931 179040 183204 	 avg: 181082.00	 38.44 s
sbdview:	 37117 | 191093 192210 192548 190769 191943 	 avg: 191712.60	 31.69 s
sbdview:	 34517 | 190703 190976 191412 191235 191072 	 avg: 191079.60	 31.15 s
sbdview:	 36107 | 186315 183885 185268 175275 186869 	 avg: 183522.40	 37.84 s
sbdview:	 37185 | 187187 177315 182413 182149 172438 	 avg: 180300.40	 39.62 s
sbdview:	 37012 | 191907 192154 189324 191506 191795 	 avg: 191337.20	 30.15 s
sbdview:	 34216 | 190268 189819 189993 190098 190265 	 avg: 190088.60	 27.96 s
sbdview:	 35606 | 186188 191265 184945 189536 189570 	 avg: 188300.80	 31.78 s
sbdview:	 34850 | 187241 187888 185511 186607 189217 	 avg: 187292.80	 34.51 s
sbdview:	 37193 | 187847 188231 187400 188426 186919 	 avg: 187764.60	 35.58 s
sbdview:	 36515 | 190066 190026 190505 190186 190241 	 avg: 190204.80	 31.17 s
sbdview:	 34824 | 189325 189565 192159 192749 190526 	 avg: 190864.80	 31.58 s
sbdview:	 35522 | 181498 185600 185723 171127 176132 	 avg: 180016.00	 40.75 s
sbdview:	 36200 | 189106 188008 188793 187970 193002 	 avg: 189375.80	 30.78 s
sbdview:	 38193 | 183407 180627 185653 185904 190683 	 avg: 185254.80	 41.36 s
sbdview:	 34584 | 185227 183205 177940 179721 187389 	 avg: 182696.40	 36.34 s
sbdview:	 36708 | 174274 188177 185875 187952 186135 	 avg: 184482.60	 36.70 s
sbdview:	 35544 | 190273 189983 190272 190212 189983 	 avg: 190144.60	 30.28 s
sbdview:	 35739 | 189042 189536 188986 187830 188596 	 avg: 188798.00	 31.75 s
sbdview:	 36943 | 190599 190514 190569 190553 190279 	 avg: 190502.80	 30.42 s
------
mean initials 36057.15, mean final 187241.08, time 3861.26 s (mean 33.993 s)

rgg_n_2_18_s0.mtx - 1

sbdview:	 870 |  1044   993  1082  1187  1126 	 avg: 1086.40	 20.46 s
sbdview:	 804 |  1075  1064  1014  1136  1104 	 avg: 1078.60	 20.28 s
sbdview:	 932 |  1026  1020  1228  1082  1056 	 avg: 1082.40	 19.51 s
sbdview:	 878 |  1061  1074  1092  1051  1108 	 avg: 1077.20	 19.07 s
sbdview:	 975 |  1052  1022  1190  1106  1046 	 avg: 1083.20	 18.49 s
sbdview:	 935 |  1053  1042  1076  1081  1049 	 avg: 1060.20	 18.56 s
sbdview:	 825 |  1167  1078  1097  1052  1101 	 avg: 1099.00	 18.41 s
sbdview:	 882 |  1037   981  1081  1030  1076 	 avg: 1041.00	 21.53 s
sbdview:	 1007 |  1112  1057  1046   969  1110 	 avg: 1058.80	 19.98 s
sbdview:	 924 |  1051  1131  1054  1079  1075 	 avg: 1078.00	 21.95 s
sbdview:	 817 |  1043  1060  1088  1097  1075 	 avg: 1072.60	 21.52 s
sbdview:	 944 |  1055  1093   997  1124  1116 	 avg: 1077.00	 22.29 s
sbdview:	 911 |  1104   985  1141  1285  1030 	 avg: 1109.00	 19.74 s
sbdview:	 973 |  1036   980  1073  1104  1134 	 avg: 1065.40	 19.85 s
sbdview:	 948 |  1052  1078  1120   927  1035 	 avg: 1042.40	 20.99 s
sbdview:	 883 |  1051  1145  1045  1007  1031 	 avg: 1055.80	 19.91 s
sbdview:	 843 |  1143  1016  1023  1068  1023 	 avg: 1054.60	 21.95 s
sbdview:	 851 |  1069  1243   972   955  1124 	 avg: 1072.60	 21.59 s
sbdview:	 915 |  1128  1171  1052  1014   992 	 avg: 1071.40	 21.75 s
sbdview:	 853 |   994  1247  1028  1092  1192 	 avg: 1110.60	 22.18 s
------
mean initials 898.50, mean final 1073.81, time 2480.73 s (mean 20.5008 s)

tbdlinux.mtx - 1

sbdview:	 8044 | 18642 19312 19076 19097 19102 	 avg: 19045.80	 30.36 s
sbdview:	 7952 | 24115 19143 19152 18976 19083 	 avg: 20093.80	 29.74 s
sbdview:	 8012 | 18679 19119 18912 18649 19160 	 avg: 18903.80	 31.77 s
sbdview:	 8080 | 18657 19160 18820 18658 24096 	 avg: 19878.20	 30.75 s
sbdview:	 7870 | 19122 18623 18587 19079 18644 	 avg: 18811.00	 29.01 s
sbdview:	 8044 | 18625 18652 18654 24051 18742 	 avg: 19744.80	 29.69 s
sbdview:	 8037 | 18675 18666 23954 23987 19162 	 avg: 20888.80	 28.30 s
sbdview:	 8081 | 18643 18587 23941 19090 19019 	 avg: 19856.00	 28.18 s
sbdview:	 7999 | 19060 18648 19113 18639 18995 	 avg: 18891.00	 27.19 s
sbdview:	 9781 | 24021 24041 18590 19163 24226 	 avg: 22008.20	 26.40 s
sbdview:	 8044 | 18667 19174 18705 19038 18666 	 avg: 18850.00	 29.25 s
sbdview:	 8097 | 19187 19030 19129 23943 19134 	 avg: 20084.60	 28.37 s
sbdview:	 8018 | 23921 19120 19109 24984 18683 	 avg: 21163.40	 27.98 s
sbdview:	 8038 | 18632 19107 18612 23943 18603 	 avg: 19779.40	 27.81 s
sbdview:	 7999 | 19129 18603 19907 18620 23866 	 avg: 20025.00	 25.87 s
sbdview:	 7969 | 19112 23897 18635 23853 18634 	 avg: 20826.20	 24.13 s
sbdview:	 8082 | 18661 19127 19146 18629 19177 	 avg: 18948.00	 25.44 s
sbdview:	 7978 | 19119 18654 19131 19166 19109 	 avg: 19035.80	 26.08 s
sbdview:	 8067 | 24042 19115 18910 19112 23970 	 avg: 21029.80	 24.90 s
sbdview:	 8055 | 19022 18648 19401 18670 20165 	 avg: 19181.20	 25.72 s
------
mean initials 8112.35, mean final 19852.24, time 4346.57 s (mean 27.8467 s)
>> exit
[?1l>