bcsstk30.mtx - 0

localview:	 581 |   571   593   616   580   589 	 avg: 589.8	 5.73433 s
localview:	 492 |   492   492   492   492   517 	 avg: 497	 5.80434 s
localview:	 559 |   574   574   559   584   559 	 avg: 570	 5.74009 s
localview:	 536 |   592   536   538   538   536 	 avg: 548	 5.79173 s
localview:	 534 |   539   698   559   539   709 	 avg: 608.8	 5.87257 s
localview:	 575 |   585   679   575   575   575 	 avg: 597.8	 5.78835 s
localview:	 547 |   544   588   537   549   554 	 avg: 554.4	 5.72518 s
localview:	 541 |   572   552   537   562   537 	 avg: 552	 5.77187 s
localview:	 536 |   561   536   670   595   546 	 avg: 581.6	 5.82958 s
localview:	 542 |   542   557   542   588   566 	 avg: 559	 5.77859 s
localview:	 541 |   565   567   551   592   602 	 avg: 575.4	 5.74752 s
localview:	 825 |   811   868   709   794   759 	 avg: 788.2	 5.83626 s
localview:	 575 |   631   595   624   589   666 	 avg: 621	 5.87723 s
localview:	 563 |   565   674   563   565   563 	 avg: 586	 5.87922 s
localview:	 550 |   602   570   550   550   550 	 avg: 564.4	 5.87552 s
localview:	 551 |   551   576   591   586   570 	 avg: 574.8	 5.87077 s
localview:	 800 |   789   838   768   753   814 	 avg: 792.4	 5.97851 s
localview:	 531 |  1159   561   531   547   545 	 avg: 668.6	 5.86345 s
localview:	 531 |   531   551   551   561   531 	 avg: 545	 5.85502 s
localview:	 541 |   597   566   562   572   592 	 avg: 577.8	 5.96555 s
------
mean initials 572.55, mean final 597.6, time 694.472 s (mean 5.82928 s)

rgg_n_2_18_s0.mtx - 0

localview:	 1119 |  1194  1197  1159  1153  1192 	 avg: 1179.0	 16.1247 s
localview:	 907 |  1151  1160  1293  1103  1203 	 avg: 1182.0	 16.0956 s
localview:	 931 |  1159  1163  1113  1147  1221 	 avg: 1160.6	 16.5914 s
localview:	 935 |  1257  1187  1117  1081  1172 	 avg: 1162.8	 16.9068 s
localview:	 951 |  1153  1149  1295  1128  1155 	 avg: 1176.0	 17.2143 s
localview:	 867 |  1053  1124  1209   955  1058 	 avg: 1079.8	 17.5387 s
localview:	 879 |  1445  1134  1055  1224  1201 	 avg: 1211.8	 17.3023 s
localview:	 908 |  1148  1047  1077  1160   955 	 avg: 1077.4	 17.6281 s
localview:	 900 |  1161  1082  1080  1197  1061 	 avg: 1116.2	 16.8963 s
localview:	 924 |  1227  1196  1153  1238  1191 	 avg: 1201.0	 17.0169 s
localview:	 852 |  1142  1187  1121  1194  1173 	 avg: 1163.4	 17.1609 s
localview:	 864 |  1240  1040  1133  1142  1143 	 avg: 1139.6	 16.9182 s
localview:	 895 |  1097  1196  1280  1195  1181 	 avg: 1189.8	 16.1902 s
localview:	 809 |  1189  1134  1108  1296  1225 	 avg: 1190.4	 18.0029 s
localview:	 858 |  1176  1032  1147   960  1339 	 avg: 1130.8	 16.5476 s
localview:	 1046 |  1123  1279  1079  1254  1228 	 avg: 1192.6	 16.846 s
localview:	 861 |  1142  1215  1022  1175  1195 	 avg: 1149.8	 16.4415 s
localview:	 884 |  1263  1119  1204  1374  1092 	 avg: 1210.4	 16.6289 s
localview:	 895 |  1130  1088  1031  1149  1108 	 avg: 1101.2	 16.5906 s
localview:	 915 |  1218  1169  1189  1138  1225 	 avg: 1187.8	 16.1508 s
------
mean initials 910, mean final 1160

dfl001

localview:	 590 |   559   578   578   578   578 
localview:	 640 |   583   583   583   574   574 
localview:	 583 |   579   554   554   554   554 
localview:	 570 |   579   579   579   583   583 
localview:	 568 |   582   558   558   558   558 
localview:	 582 |   568   568   568   574   574 
localview:	 611 |   578   582   582   582   582 
localview:	 543 |   579   579   579   586   586 
localview:	 604 |   577   575   575   575   575 
localview:	 603 |   593   593   593   581   581 
localview:	 571 |   572   572   572   572   574 
localview:	 582 |   585   585   578   578   578 
localview:	 615 |   583   583   583   583   575 
localview:	 589 |   573   573   558   558   558 
localview:	 611 |   577   577   577   577   570 
localview:	 580 |   580   588   588   588   588 
localview:	 573 |   573   573   573   560   560 
localview:	 622 |   555   555   555   555   577 
localview:	 574 |   578   567   567   567   567 
localview:	 591 |   574   574   574   567   567 
------
mean initials 590.1, mean final 570.96, time 31.3241 s (mean 0.257898 s)

nug30.mtx - 0

localview:       35400 | 36582 37282 36846 36261 36932   avg: 36780.6    14.4645 s
localview:       36768 | 37155 37337 37576 37616 37314   avg: 37399.6    16.1726 s
localview:       35445 | 37677 37568 37776 37905 37636   avg: 37712.4    15.6137 s
localview:       37611 | 36444 37224 36999 37188 37453   avg: 37061.6    14.7305 s
localview:       34875 | 36400 36458 36516 36704 36406   avg: 36496.8    14.9084 s
localview:       37110 | 37273 37038 37108 36995 37281   avg: 37139      15.1623 s
localview:       36412 | 37533 37934 37810 37659 37795   avg: 37746.2    15.416 s
localview:       35200 | 34247 36033 35937 35465 34622   avg: 35260.8    16.3144 s
localview:       36764 | 34923 35181 35412 35946 33215   avg: 34935.4    17.2828 s
localview:       35189 | 37067 36761 36760 37214 36796   avg: 36919.6    15.9099 s
localview:       38494 | 36709 37626 36126 37261 37475   avg: 37039.4    17.3352 s
localview:       36030 | 35117 36195 35531 35908 35698   avg: 35689.8    17.0571 s
localview:       36427 | 37015 37310 37298 37714 37552   avg: 37377.8    15.4862 s
localview:       33969 | 37337 37443 38154 34254 37793   avg: 36996.2    16.9956 s
localview:       35802 | 36123 36372 34017 36712 35813   avg: 35807.4    15.974 s
localview:       35206 | 36174 35885 36136 35446 33784   avg: 35485      16.4872 s
localview:       37212 | 37850 37567 37859 37526 38059   avg: 37772.2    16.3275 s
localview:       37250 | 35884 35787 35291 35521 36070   avg: 35710.6    16.498 s
localview:       37277 | 36203 36415 36585 36867 37182   avg: 36650.4    16.3922 s
localview:       37056 | 37358 37188 37332 37236 37496   avg: 37322      15.5496 s
------
mean initials 36274.8, mean final 36665.1, time 2027.26 s (mean 16.0039 s)

tbdlinux.mtx - 0

localview:	 7950 |  8401  8361  8359  8230  8222 	 avg: 8314.6	 78.7438 s
localview:	 8096 |  8298  8315  8325  8264  8313 	 avg: 8303	 80.1078 s
localview:	 8081 |  8209  8347  8337  8417  8216 	 avg: 8305.2	 83.8988 s
localview:	 7986 |  8193  8336  8269  8361  8344 	 avg: 8300.6	 84.8621 s
localview:	 8105 |  8326  8281  8292  8312  8289 	 avg: 8300	 81.9727 s
localview:	 8116 |  8396  8388  8173  8351  8317 	 avg: 8325	 83.1917 s
localview:	 8082 |  8283  8333  8368  8197  8404 	 avg: 8317	 84.4488 s
localview:	 7940 |  8369  8287  8279  8361  8471 	 avg: 8353.4	 83.4793 s
localview:	 8011 |  8349  8260  8356  8329  8238 	 avg: 8306.4	 82.2905 s
localview:	 8103 |  8285  8224  8316  8328  8357 	 avg: 8302	 82.7754 s
localview:	 8115 |  8281  8405  8266  8286  8347 	 avg: 8317	 82.4851 s
localview:	 8098 |  8350  8332  8341  8476  8258 	 avg: 8351.4	 82.7977 s
localview:	 7955 |  8610  8285  8372  8350  8459 	 avg: 8415.2	 81.9031 s
localview:	 8005 |  8341  8353  8384  8294  8419 	 avg: 8358.2	 87.1367 s
localview:	 7886 |  8236  8612  8243  8551  8363 	 avg: 8401	 93.0006 s
localview:	 8037 |  8459  8243  8303  8340  8412 	 avg: 8351.4	 95.3896 s
localview:	 8092 |  8275  8473  8242  8313  8313 	 avg: 8323.2	 96.2458 s
localview:	 8021 |  8341  8218  8290  8262  8298 	 avg: 8281.8	 94.7857 s
localview:	 9869 |  8404  8328  8337  8295  8293 	 avg: 8331.4	 95.4107 s
localview:	 8154 |  8243  8381  8330  8335  8216 	 avg: 8301	 96.5139 s
------
mean initials 8135.1, mean final 8327.94, time 10424.4 s (mean 86.572 s)
