pa_sorted_mix 0 1:
450 	|	576 	539 	524 	655 	528 	| 	 avg: 564.40
725 	|	606 	488 	528 	496 	463 	| 	 avg: 516.20
759 	|	571 	610 	518 	507 	572 	| 	 avg: 555.60
838 	|	614 	400 	457 	557 	465 	| 	 avg: 498.60
441 	|	647 	524 	619 	447 	428 	| 	 avg: 533.00
488 	|	490 	538 	571 	446 	513 	| 	 avg: 511.60
698 	|	491 	507 	441 	505 	496 	| 	 avg: 488.00
591 	|	473 	521 	471 	495 	634 	| 	 avg: 518.80
466 	|	409 	392 	403 	509 	420 	| 	 avg: 426.60
554 	|	682 	458 	478 	526 	489 	| 	 avg: 526.60
419 	|	669 	599 	842 	460 	632 	| 	 avg: 640.40
562 	|	487 	473 	609 	605 	653 	| 	 avg: 565.40
503 	|	475 	622 	466 	522 	770 	| 	 avg: 571.00
523 	|	512 	474 	500 	534 	627 	| 	 avg: 529.40
664 	|	471 	607 	461 	578 	486 	| 	 avg: 520.60
632 	|	540 	517 	578 	638 	501 	| 	 avg: 554.80
667 	|	485 	555 	694 	428 	562 	| 	 avg: 544.80
493 	|	530 	607 	748 	578 	802 	| 	 avg: 653.00
669 	|	612 	563 	455 	583 	450 	| 	 avg: 532.60
466 	|	451 	507 	679 	700 	494 	| 	 avg: 566.20
average initials 580.40	 average finals: 540.45
