pa_unsorted_concat 0:
479 	|	753 	672 	807 	599 	814 	| 	 avg: 729.00
662 	|	1025 	417 	608 	673 	577 	| 	 avg: 660.00
543 	|	567 	592 	452 	643 	726 	| 	 avg: 596.00
525 	|	411 	569 	450 	566 	444 	| 	 avg: 488.00
415 	|	666 	363 	374 	719 	777 	| 	 avg: 579.80
547 	|	516 	686 	423 	803 	587 	| 	 avg: 603.00
576 	|	422 	835 	470 	523 	486 	| 	 avg: 547.20
473 	|	611 	446 	966 	428 	763 	| 	 avg: 642.80
446 	|	432 	554 	451 	405 	534 	| 	 avg: 475.20
431 	|	589 	624 	618 	621 	774 	| 	 avg: 645.20
478 	|	520 	467 	660 	734 	419 	| 	 avg: 560.00
642 	|	664 	747 	609 	753 	439 	| 	 avg: 642.40
503 	|	603 	659 	718 	421 	564 	| 	 avg: 593.00
492 	|	493 	706 	520 	522 	718 	| 	 avg: 591.80
464 	|	597 	576 	561 	595 	603 	| 	 avg: 586.40
508 	|	398 	410 	607 	550 	746 	| 	 avg: 542.20
527 	|	438 	628 	699 	756 	519 	| 	 avg: 608.00
734 	|	441 	553 	384 	709 	602 	| 	 avg: 537.80
647 	|	451 	683 	922 	502 	556 	| 	 avg: 622.80
730 	|	613 	543 	454 	629 	519 	| 	 avg: 551.60
average initials 541.10	 average finals: 589.80
