po_sorted_mix 1 0:
525 	|	472 	735 	506 	484 	763 	| 	 avg: 592.00
806 	|	464 	575 	571 	446 	449 	| 	 avg: 501.00
570 	|	484 	532 	526 	473 	439 	| 	 avg: 490.80
490 	|	494 	629 	457 	588 	553 	| 	 avg: 544.20
573 	|	709 	752 	528 	561 	396 	| 	 avg: 589.20
431 	|	492 	496 	524 	667 	591 	| 	 avg: 554.00
519 	|	455 	589 	519 	467 	597 	| 	 avg: 525.40
463 	|	480 	517 	520 	510 	479 	| 	 avg: 501.20
639 	|	619 	445 	536 	562 	613 	| 	 avg: 555.00
481 	|	649 	533 	421 	460 	416 	| 	 avg: 495.80
525 	|	430 	477 	533 	566 	561 	| 	 avg: 513.40
489 	|	656 	484 	551 	462 	432 	| 	 avg: 517.00
492 	|	430 	452 	611 	498 	497 	| 	 avg: 497.60
513 	|	471 	536 	527 	451 	662 	| 	 avg: 529.40
717 	|	507 	504 	475 	480 	794 	| 	 avg: 552.00
455 	|	720 	655 	714 	670 	502 	| 	 avg: 652.20
461 	|	494 	445 	607 	550 	460 	| 	 avg: 511.20
473 	|	480 	780 	718 	445 	579 	| 	 avg: 600.40
686 	|	604 	569 	470 	702 	520 	| 	 avg: 573.00
440 	|	495 	768 	500 	480 	520 	| 	 avg: 552.60
average initials 537.40	 average finals: 542.10
