pa_sorted_mix 1 0:
476 	|	575 	437 	398 	637 	497 	| 	 avg: 508.80
471 	|	484 	425 	645 	645 	409 	| 	 avg: 521.60
504 	|	419 	454 	578 	464 	400 	| 	 avg: 463.00
418 	|	710 	611 	684 	453 	477 	| 	 avg: 587.00
516 	|	482 	392 	575 	574 	505 	| 	 avg: 505.60
463 	|	602 	722 	551 	679 	404 	| 	 avg: 591.60
655 	|	709 	474 	496 	544 	513 	| 	 avg: 547.20
714 	|	678 	619 	490 	480 	556 	| 	 avg: 564.60
483 	|	690 	496 	619 	708 	596 	| 	 avg: 621.80
519 	|	897 	553 	588 	672 	574 	| 	 avg: 656.80
681 	|	551 	511 	496 	669 	458 	| 	 avg: 537.00
511 	|	547 	476 	504 	473 	587 	| 	 avg: 517.40
519 	|	472 	511 	592 	405 	624 	| 	 avg: 520.80
480 	|	719 	466 	485 	483 	455 	| 	 avg: 521.60
521 	|	494 	791 	480 	477 	566 	| 	 avg: 561.60
538 	|	520 	647 	431 	686 	573 	| 	 avg: 571.40
516 	|	561 	515 	575 	700 	496 	| 	 avg: 569.40
473 	|	438 	625 	420 	468 	483 	| 	 avg: 486.80
621 	|	483 	693 	547 	502 	533 	| 	 avg: 551.60
605 	|	436 	419 	441 	685 	401 	| 	 avg: 476.40
average initials 534.20	 average finals: 543.60
