pa_unsorted_concat 0:
771 	|	512 	574 	405 	566 	437 	| 	 avg: 498.80
487 	|	411 	485 	576 	661 	424 	| 	 avg: 511.40
621 	|	422 	687 	656 	476 	415 	| 	 avg: 531.20
499 	|	602 	699 	490 	559 	532 	| 	 avg: 576.40
733 	|	723 	762 	480 	789 	399 	| 	 avg: 630.60
524 	|	547 	505 	435 	733 	433 	| 	 avg: 530.60
526 	|	397 	402 	424 	623 	736 	| 	 avg: 516.40
587 	|	613 	424 	770 	452 	620 	| 	 avg: 575.80
616 	|	442 	482 	436 	783 	435 	| 	 avg: 515.60
582 	|	419 	449 	638 	488 	572 	| 	 avg: 513.20
654 	|	384 	549 	713 	575 	556 	| 	 avg: 555.40
506 	|	481 	623 	497 	462 	440 	| 	 avg: 500.60
505 	|	576 	410 	543 	633 	611 	| 	 avg: 554.60
622 	|	615 	467 	588 	792 	635 	| 	 avg: 619.40
611 	|	703 	569 	573 	739 	617 	| 	 avg: 640.20
572 	|	748 	702 	713 	635 	565 	| 	 avg: 672.60
579 	|	650 	767 	751 	400 	431 	| 	 avg: 599.80
521 	|	576 	606 	446 	476 	674 	| 	 avg: 555.60
676 	|	571 	624 	496 	393 	414 	| 	 avg: 499.60
461 	|	679 	656 	451 	602 	712 	| 	 avg: 620.00
average initials 582.65	 average finals: 560.40
