pa_sorted_mix 1 1:
679 	|	680 	529 	497 	468 	522 	| 	 avg: 539.20
552 	|	494 	550 	640 	488 	441 	| 	 avg: 522.60
455 	|	577 	689 	598 	708 	559 	| 	 avg: 626.20
507 	|	688 	844 	542 	534 	637 	| 	 avg: 649.00
504 	|	477 	477 	435 	471 	455 	| 	 avg: 463.00
481 	|	414 	425 	966 	555 	439 	| 	 avg: 559.80
665 	|	541 	502 	433 	676 	551 	| 	 avg: 540.60
449 	|	604 	447 	492 	497 	496 	| 	 avg: 507.20
625 	|	442 	635 	548 	501 	428 	| 	 avg: 510.80
569 	|	485 	505 	526 	560 	505 	| 	 avg: 516.20
648 	|	532 	476 	484 	504 	459 	| 	 avg: 491.00
453 	|	668 	481 	494 	474 	478 	| 	 avg: 519.00
474 	|	689 	612 	621 	616 	488 	| 	 avg: 605.20
668 	|	638 	486 	487 	729 	435 	| 	 avg: 555.00
491 	|	446 	514 	822 	659 	920 	| 	 avg: 672.20
492 	|	642 	615 	627 	512 	570 	| 	 avg: 593.20
479 	|	446 	659 	772 	734 	576 	| 	 avg: 637.40
685 	|	633 	585 	487 	709 	708 	| 	 avg: 624.40
501 	|	473 	446 	501 	502 	481 	| 	 avg: 480.60
425 	|	738 	570 	704 	504 	572 	| 	 avg: 617.60
average initials 540.10	 average finals: 561.20
