po_sorted_mix 1 1:
536 	|	634 	463 	628 	628 	584 	| 	 avg: 587.40
451 	|	690 	517 	573 	484 	473 	| 	 avg: 547.40
707 	|	528 	610 	644 	691 	444 	| 	 avg: 583.40
568 	|	582 	581 	513 	592 	635 	| 	 avg: 580.60
567 	|	617 	490 	702 	526 	475 	| 	 avg: 562.00
641 	|	475 	1018 	751 	566 	662 	| 	 avg: 694.40
528 	|	502 	833 	652 	829 	497 	| 	 avg: 662.60
454 	|	735 	610 	475 	496 	728 	| 	 avg: 608.80
616 	|	487 	503 	479 	517 	529 	| 	 avg: 503.00
435 	|	540 	455 	460 	611 	691 	| 	 avg: 551.40
526 	|	519 	625 	637 	456 	455 	| 	 avg: 538.40
552 	|	491 	489 	619 	496 	563 	| 	 avg: 531.60
433 	|	982 	587 	556 	641 	463 	| 	 avg: 645.80
531 	|	538 	531 	472 	622 	532 	| 	 avg: 539.00
514 	|	495 	476 	682 	489 	660 	| 	 avg: 560.40
832 	|	647 	462 	503 	610 	696 	| 	 avg: 583.60
488 	|	557 	586 	489 	761 	464 	| 	 avg: 571.40
589 	|	449 	443 	498 	502 	525 	| 	 avg: 483.40
567 	|	465 	498 	469 	519 	732 	| 	 avg: 536.60
554 	|	656 	707 	473 	571 	512 	| 	 avg: 583.80
average initials 554.45	 average finals: 572.30
