po_sorted_mix 0 1:
529 	|	615 	674 	474 	633 	717 	| 	 avg: 622.60
547 	|	523 	446 	466 	681 	606 	| 	 avg: 544.40
583 	|	720 	510 	527 	503 	497 	| 	 avg: 551.40
486 	|	619 	949 	494 	704 	520 	| 	 avg: 657.20
602 	|	756 	520 	663 	477 	769 	| 	 avg: 637.00
500 	|	403 	415 	567 	550 	489 	| 	 avg: 484.80
544 	|	551 	543 	728 	639 	565 	| 	 avg: 605.20
592 	|	573 	457 	647 	525 	475 	| 	 avg: 535.40
603 	|	715 	498 	669 	680 	511 	| 	 avg: 614.60
591 	|	582 	540 	565 	500 	594 	| 	 avg: 556.20
724 	|	608 	460 	477 	694 	535 	| 	 avg: 554.80
471 	|	521 	513 	482 	540 	583 	| 	 avg: 527.80
440 	|	626 	493 	473 	491 	576 	| 	 avg: 531.80
482 	|	526 	609 	671 	498 	447 	| 	 avg: 550.20
875 	|	610 	457 	752 	589 	737 	| 	 avg: 629.00
545 	|	510 	517 	609 	608 	722 	| 	 avg: 593.20
540 	|	565 	518 	657 	498 	438 	| 	 avg: 535.20
528 	|	484 	450 	480 	506 	523 	| 	 avg: 488.60
433 	|	552 	637 	707 	457 	740 	| 	 avg: 618.60
806 	|	476 	428 	508 	642 	665 	| 	 avg: 543.80
average initials 571.05	 average finals: 568.65
