pa_unsorted_concat 1:
485 	|	574 	540 	519 	399 	471 	| 	 avg: 500.60
593 	|	545 	644 	511 	540 	415 	| 	 avg: 531.00
537 	|	384 	586 	649 	493 	757 	| 	 avg: 573.80
646 	|	419 	472 	543 	674 	646 	| 	 avg: 550.80
519 	|	599 	455 	646 	647 	582 	| 	 avg: 585.80
569 	|	474 	541 	515 	663 	725 	| 	 avg: 583.60
638 	|	517 	544 	482 	625 	585 	| 	 avg: 550.60
477 	|	577 	577 	592 	513 	546 	| 	 avg: 561.00
497 	|	467 	674 	592 	586 	715 	| 	 avg: 606.80
418 	|	528 	514 	524 	506 	722 	| 	 avg: 558.80
571 	|	550 	557 	437 	580 	473 	| 	 avg: 519.40
531 	|	486 	436 	447 	521 	522 	| 	 avg: 482.40
469 	|	444 	513 	592 	623 	581 	| 	 avg: 550.60
659 	|	510 	658 	440 	876 	476 	| 	 avg: 592.00
574 	|	450 	578 	513 	458 	586 	| 	 avg: 517.00
498 	|	432 	448 	399 	515 	600 	| 	 avg: 478.80
467 	|	457 	418 	539 	488 	627 	| 	 avg: 505.80
524 	|	562 	530 	430 	501 	532 	| 	 avg: 511.00
474 	|	572 	663 	724 	562 	461 	| 	 avg: 596.40
549 	|	583 	643 	584 	456 	634 	| 	 avg: 580.00
average initials 534.75	 average finals: 546.35
