po_sorted_mix 0 0:
644 	|	613 	533 	495 	548 	605 	| 	 avg: 558.80
478 	|	636 	507 	562 	545 	478 	| 	 avg: 545.60
554 	|	501 	559 	472 	460 	432 	| 	 avg: 484.80
615 	|	467 	483 	522 	488 	470 	| 	 avg: 486.00
489 	|	560 	564 	511 	684 	447 	| 	 avg: 553.20
444 	|	524 	512 	472 	569 	676 	| 	 avg: 550.60
493 	|	500 	532 	638 	575 	707 	| 	 avg: 590.40
444 	|	475 	450 	467 	465 	577 	| 	 avg: 486.80
494 	|	667 	456 	703 	502 	642 	| 	 avg: 594.00
426 	|	460 	512 	484 	462 	493 	| 	 avg: 482.20
554 	|	560 	546 	467 	725 	459 	| 	 avg: 551.40
654 	|	469 	513 	446 	543 	413 	| 	 avg: 476.80
485 	|	607 	497 	691 	461 	511 	| 	 avg: 553.40
633 	|	476 	459 	475 	519 	451 	| 	 avg: 476.00
489 	|	505 	461 	773 	637 	620 	| 	 avg: 599.20
543 	|	457 	495 	699 	475 	611 	| 	 avg: 547.40
449 	|	481 	491 	644 	577 	552 	| 	 avg: 549.00
597 	|	453 	570 	469 	474 	527 	| 	 avg: 498.60
432 	|	586 	542 	772 	676 	683 	| 	 avg: 651.80
466 	|	470 	506 	445 	456 	458 	| 	 avg: 467.00
average initials 519.15	 average finals: 534.75
