pa_unsorted_concat 1:
604 	|	684 	630 	479 	709 	477 	| 	 avg: 595.80
953 	|	653 	433 	485 	450 	832 	| 	 avg: 570.60
493 	|	697 	435 	647 	502 	663 	| 	 avg: 588.80
693 	|	630 	478 	643 	545 	523 	| 	 avg: 563.80
574 	|	536 	721 	736 	581 	566 	| 	 avg: 628.00
505 	|	417 	619 	483 	378 	469 	| 	 avg: 473.20
541 	|	612 	485 	451 	455 	422 	| 	 avg: 485.00
658 	|	494 	546 	628 	481 	447 	| 	 avg: 519.20
591 	|	552 	485 	733 	703 	480 	| 	 avg: 590.60
515 	|	501 	749 	509 	651 	404 	| 	 avg: 562.80
569 	|	527 	581 	591 	524 	421 	| 	 avg: 528.80
477 	|	563 	587 	643 	504 	747 	| 	 avg: 608.80
441 	|	433 	468 	599 	446 	536 	| 	 avg: 496.40
603 	|	672 	524 	715 	505 	489 	| 	 avg: 581.00
442 	|	431 	677 	584 	597 	655 	| 	 avg: 588.80
645 	|	649 	447 	431 	582 	418 	| 	 avg: 505.40
539 	|	614 	434 	715 	596 	696 	| 	 avg: 611.00
487 	|	427 	592 	406 	522 	615 	| 	 avg: 512.40
448 	|	578 	561 	421 	521 	504 	| 	 avg: 517.00
420 	|	514 	505 	540 	614 	420 	| 	 avg: 518.60
average initials 559.90	 average finals: 551.85
