pa_sorted_mix 0 0:
701 	|	431 	624 	479 	477 	559 	| 	 avg: 514.00
667 	|	653 	509 	678 	488 	479 	| 	 avg: 561.40
445 	|	546 	601 	444 	534 	573 	| 	 avg: 539.60
517 	|	455 	602 	536 	731 	451 	| 	 avg: 555.00
448 	|	460 	563 	552 	761 	544 	| 	 avg: 576.00
562 	|	649 	621 	601 	645 	526 	| 	 avg: 608.40
614 	|	604 	635 	430 	426 	525 	| 	 avg: 524.00
507 	|	472 	477 	563 	496 	446 	| 	 avg: 490.80
983 	|	475 	639 	407 	565 	774 	| 	 avg: 572.00
604 	|	484 	610 	641 	785 	743 	| 	 avg: 652.60
536 	|	619 	631 	681 	497 	823 	| 	 avg: 650.20
486 	|	653 	476 	520 	501 	546 	| 	 avg: 539.20
461 	|	457 	472 	605 	453 	694 	| 	 avg: 536.20
451 	|	588 	581 	647 	447 	633 	| 	 avg: 579.20
396 	|	510 	463 	424 	501 	460 	| 	 avg: 471.60
471 	|	464 	516 	716 	468 	538 	| 	 avg: 540.40
482 	|	461 	597 	534 	444 	465 	| 	 avg: 500.20
489 	|	665 	718 	691 	675 	625 	| 	 avg: 674.80
482 	|	687 	703 	578 	424 	646 	| 	 avg: 607.60
704 	|	559 	421 	493 	653 	599 	| 	 avg: 545.00
average initials 550.30	 average finals: 561.60
