po_unsorted_random:
584 	|	829 	1007 	1013 	698 	715 	| 	 avg: 852.40
746 	|	679 	702 	1342 	1274 	899 	| 	 avg: 979.20
557 	|	905 	732 	1230 	691 	687 	| 	 avg: 849.00
513 	|	855 	995 	845 	879 	1345 	| 	 avg: 983.80
672 	|	833 	1001 	842 	747 	743 	| 	 avg: 833.20
593 	|	990 	1172 	718 	1021 	1050 	| 	 avg: 990.20
559 	|	941 	691 	1087 	1007 	987 	| 	 avg: 942.60
556 	|	826 	822 	999 	1338 	934 	| 	 avg: 983.80
840 	|	979 	948 	1130 	950 	895 	| 	 avg: 980.40
615 	|	712 	890 	1053 	1043 	882 	| 	 avg: 916.00
503 	|	682 	1017 	750 	856 	982 	| 	 avg: 857.40
489 	|	998 	897 	1122 	882 	857 	| 	 avg: 951.20
573 	|	1009 	933 	710 	802 	865 	| 	 avg: 863.80
526 	|	770 	1047 	1376 	1214 	1102 	| 	 avg: 1101.80
477 	|	1222 	727 	964 	1333 	938 	| 	 avg: 1036.80
439 	|	945 	744 	1145 	701 	965 	| 	 avg: 900.00
531 	|	1075 	735 	750 	915 	1191 	| 	 avg: 933.20
541 	|	1140 	702 	1101 	1585 	1089 	| 	 avg: 1123.40
569 	|	924 	1096 	984 	1421 	824 	| 	 avg: 1049.80
607 	|	1056 	698 	930 	754 	758 	| 	 avg: 839.20
average initials 574.50	 average finals: 947.95
