po_unsorted_random:
447 	|	784 	892 	863 	727 	851 	| 	 avg: 823.40
557 	|	924 	916 	879 	1224 	1374 	| 	 avg: 1063.40
475 	|	744 	694 	1043 	724 	823 	| 	 avg: 805.60
529 	|	734 	714 	758 	844 	745 	| 	 avg: 759.00
579 	|	991 	1567 	889 	702 	1069 	| 	 avg: 1043.60
746 	|	747 	1054 	869 	1117 	687 	| 	 avg: 894.80
458 	|	1074 	727 	1045 	988 	709 	| 	 avg: 908.60
491 	|	1091 	884 	951 	911 	936 	| 	 avg: 954.60
497 	|	697 	918 	1061 	703 	763 	| 	 avg: 828.40
687 	|	1139 	1023 	743 	989 	990 	| 	 avg: 976.80
525 	|	707 	705 	1003 	1237 	1153 	| 	 avg: 961.00
486 	|	793 	797 	775 	771 	885 	| 	 avg: 804.20
497 	|	1017 	1031 	930 	910 	985 	| 	 avg: 974.60
556 	|	1000 	1122 	1370 	1226 	1327 	| 	 avg: 1209.00
549 	|	716 	908 	974 	938 	692 	| 	 avg: 845.60
590 	|	1040 	1106 	1105 	1015 	710 	| 	 avg: 995.20
616 	|	963 	820 	685 	743 	1182 	| 	 avg: 878.60
504 	|	768 	1003 	709 	767 	987 	| 	 avg: 846.80
497 	|	710 	1003 	1186 	701 	862 	| 	 avg: 892.40
714 	|	697 	708 	899 	1213 	1119 	| 	 avg: 927.20
average initials 550.00	 average finals: 919.20
