po_unsorted_random:
480 	|	732 	1103 	1010 	1072 	738 	| 	 avg: 931.00
712 	|	914 	1138 	703 	898 	754 	| 	 avg: 881.40
532 	|	923 	1050 	1114 	752 	944 	| 	 avg: 956.60
529 	|	944 	701 	922 	723 	1052 	| 	 avg: 868.40
631 	|	817 	965 	754 	744 	1020 	| 	 avg: 860.00
540 	|	907 	1218 	941 	751 	921 	| 	 avg: 947.60
602 	|	841 	963 	1127 	751 	1168 	| 	 avg: 970.00
585 	|	888 	1056 	1129 	948 	686 	| 	 avg: 941.40
523 	|	926 	1169 	1001 	841 	772 	| 	 avg: 941.80
532 	|	826 	739 	703 	883 	788 	| 	 avg: 787.80
771 	|	700 	1119 	1208 	1069 	698 	| 	 avg: 958.80
664 	|	1022 	766 	870 	1193 	1322 	| 	 avg: 1034.60
590 	|	716 	1027 	1003 	1136 	739 	| 	 avg: 924.20
523 	|	705 	693 	776 	702 	966 	| 	 avg: 768.40
554 	|	676 	802 	990 	698 	812 	| 	 avg: 795.60
487 	|	990 	742 	692 	768 	710 	| 	 avg: 780.40
512 	|	971 	1004 	934 	700 	761 	| 	 avg: 874.00
488 	|	844 	1373 	1068 	1032 	1143 	| 	 avg: 1092.00
470 	|	1225 	873 	1188 	957 	739 	| 	 avg: 996.40
570 	|	1021 	998 	923 	851 	830 	| 	 avg: 924.60
average initials 564.75	 average finals: 911.35
