po_unsorted_random:
643 	|	836 	1174 	1183 	1075 	670 	| 	 avg: 987.60
529 	|	946 	1212 	1391 	706 	969 	| 	 avg: 1044.80
476 	|	787 	982 	752 	884 	1014 	| 	 avg: 883.80
482 	|	685 	710 	759 	1272 	849 	| 	 avg: 855.00
572 	|	726 	959 	1148 	1090 	1081 	| 	 avg: 1000.80
454 	|	977 	713 	1016 	745 	701 	| 	 avg: 830.40
723 	|	700 	884 	906 	706 	679 	| 	 avg: 775.00
512 	|	709 	768 	817 	921 	946 	| 	 avg: 832.20
728 	|	704 	1084 	898 	949 	1075 	| 	 avg: 942.00
481 	|	1476 	1013 	1006 	1099 	1074 	| 	 avg: 1133.60
455 	|	818 	716 	760 	730 	1004 	| 	 avg: 805.60
463 	|	707 	868 	1221 	1072 	857 	| 	 avg: 945.00
691 	|	1206 	836 	710 	1009 	699 	| 	 avg: 892.00
498 	|	731 	665 	940 	718 	716 	| 	 avg: 754.00
572 	|	1137 	1014 	727 	828 	1424 	| 	 avg: 1026.00
670 	|	939 	1266 	912 	706 	1081 	| 	 avg: 980.80
498 	|	1117 	811 	700 	1043 	958 	| 	 avg: 925.80
463 	|	1041 	982 	1370 	968 	1139 	| 	 avg: 1100.00
596 	|	1184 	959 	714 	1163 	1014 	| 	 avg: 1006.80
500 	|	1218 	745 	1099 	660 	1022 	| 	 avg: 948.80
average initials 550.30	 average finals: 933.10
