pa_unsorted_random:
514 	|	702 	516 	885 	689 	607 	| 	 avg: 679.80
778 	|	1017 	749 	717 	791 	663 	| 	 avg: 787.40
532 	|	536 	499 	524 	527 	610 	| 	 avg: 539.20
575 	|	628 	841 	937 	600 	1185 	| 	 avg: 838.20
458 	|	439 	1179 	386 	433 	983 	| 	 avg: 684.00
503 	|	1225 	617 	534 	930 	695 	| 	 avg: 800.20
470 	|	491 	1137 	525 	775 	454 	| 	 avg: 676.40
620 	|	731 	627 	687 	702 	832 	| 	 avg: 715.80
632 	|	643 	1000 	931 	714 	915 	| 	 avg: 840.60
644 	|	731 	709 	717 	872 	746 	| 	 avg: 755.00
642 	|	576 	607 	680 	612 	1293 	| 	 avg: 753.60
865 	|	502 	470 	863 	429 	409 	| 	 avg: 534.60
462 	|	402 	755 	874 	397 	770 	| 	 avg: 639.60
652 	|	797 	682 	686 	716 	786 	| 	 avg: 733.40
524 	|	694 	524 	666 	1036 	706 	| 	 avg: 725.20
722 	|	939 	627 	912 	781 	995 	| 	 avg: 850.80
709 	|	540 	882 	559 	584 	1064 	| 	 avg: 725.80
502 	|	863 	511 	495 	889 	464 	| 	 avg: 644.40
488 	|	1012 	783 	869 	446 	432 	| 	 avg: 708.40
524 	|	492 	485 	901 	474 	1228 	| 	 avg: 716.00
average initials 590.80	 average finals: 717.00
