pa_unsorted_random:
552 	|	905 	526 	942 	1163 	942 	| 	 avg: 895.60
462 	|	416 	407 	395 	445 	420 	| 	 avg: 416.60
549 	|	538 	511 	541 	941 	509 	| 	 avg: 608.00
434 	|	400 	776 	837 	458 	989 	| 	 avg: 692.00
476 	|	850 	779 	447 	448 	447 	| 	 avg: 594.20
621 	|	656 	860 	654 	654 	567 	| 	 avg: 678.20
616 	|	754 	647 	848 	1083 	604 	| 	 avg: 787.20
521 	|	769 	766 	1026 	616 	781 	| 	 avg: 791.60
591 	|	950 	623 	749 	618 	634 	| 	 avg: 714.80
509 	|	825 	520 	1118 	848 	785 	| 	 avg: 819.20
517 	|	535 	688 	645 	502 	452 	| 	 avg: 564.40
574 	|	819 	762 	555 	715 	807 	| 	 avg: 731.60
488 	|	951 	1123 	1053 	459 	998 	| 	 avg: 916.80
446 	|	831 	429 	827 	418 	407 	| 	 avg: 582.40
473 	|	797 	483 	878 	1157 	383 	| 	 avg: 739.60
723 	|	922 	996 	631 	539 	1094 	| 	 avg: 836.40
587 	|	700 	1179 	631 	691 	724 	| 	 avg: 785.00
511 	|	911 	475 	838 	891 	707 	| 	 avg: 764.40
537 	|	491 	925 	832 	679 	944 	| 	 avg: 774.20
651 	|	864 	601 	632 	628 	647 	| 	 avg: 674.40
average initials 541.90	 average finals: 717.95
