pa_unsorted_random:
656 	|	708 	736 	819 	864 	845 	| 	 avg: 794.40
550 	|	535 	590 	928 	1018 	1072 	| 	 avg: 828.60
520 	|	661 	988 	601 	836 	618 	| 	 avg: 740.80
518 	|	755 	541 	523 	584 	880 	| 	 avg: 656.60
465 	|	1000 	1508 	921 	550 	607 	| 	 avg: 917.20
693 	|	599 	973 	1002 	624 	607 	| 	 avg: 761.00
641 	|	639 	712 	670 	890 	741 	| 	 avg: 730.40
509 	|	1026 	495 	480 	444 	473 	| 	 avg: 583.60
579 	|	1053 	1131 	757 	777 	1229 	| 	 avg: 989.40
466 	|	1082 	1015 	428 	484 	442 	| 	 avg: 690.20
545 	|	681 	658 	504 	492 	1110 	| 	 avg: 689.00
494 	|	655 	843 	884 	664 	695 	| 	 avg: 748.20
463 	|	509 	453 	1095 	480 	827 	| 	 avg: 672.80
821 	|	696 	1022 	974 	913 	1026 	| 	 avg: 926.20
814 	|	690 	1037 	599 	594 	1011 	| 	 avg: 786.20
591 	|	880 	611 	1494 	624 	883 	| 	 avg: 898.40
503 	|	930 	649 	484 	1006 	644 	| 	 avg: 742.60
476 	|	422 	818 	422 	1141 	422 	| 	 avg: 645.00
485 	|	507 	507 	874 	553 	922 	| 	 avg: 672.60
500 	|	451 	1189 	443 	904 	821 	| 	 avg: 761.60
average initials 564.45	 average finals: 761.35
