pa_unsorted_random:
573 	|	784 	1278 	926 	1239 	582 	| 	 avg: 961.80
596 	|	579 	918 	786 	623 	573 	| 	 avg: 695.80
609 	|	684 	599 	555 	705 	894 	| 	 avg: 687.40
654 	|	645 	736 	735 	788 	1216 	| 	 avg: 824.00
494 	|	870 	439 	1045 	1289 	471 	| 	 avg: 822.80
414 	|	797 	476 	470 	478 	1044 	| 	 avg: 653.00
698 	|	831 	638 	1068 	1312 	577 	| 	 avg: 885.20
437 	|	1052 	557 	515 	885 	605 	| 	 avg: 722.80
581 	|	824 	883 	687 	718 	689 	| 	 avg: 760.20
452 	|	811 	1066 	984 	421 	826 	| 	 avg: 821.60
482 	|	862 	823 	1060 	457 	866 	| 	 avg: 813.60
457 	|	442 	412 	396 	825 	585 	| 	 avg: 532.00
613 	|	935 	1011 	1055 	571 	606 	| 	 avg: 835.60
737 	|	649 	701 	911 	646 	1107 	| 	 avg: 802.80
601 	|	1042 	616 	600 	674 	607 	| 	 avg: 707.80
504 	|	478 	826 	1150 	939 	596 	| 	 avg: 797.80
648 	|	616 	1102 	688 	618 	948 	| 	 avg: 794.40
622 	|	800 	1023 	983 	944 	972 	| 	 avg: 944.40
479 	|	982 	1113 	1335 	783 	704 	| 	 avg: 983.40
614 	|	1005 	796 	727 	535 	826 	| 	 avg: 777.80
average initials 563.25	 average finals: 790.70
