po_unsorted_mix 0:
472 	|	432 	453 	618 	549 	727 	| 	 avg: 555.80
494 	|	423 	594 	611 	633 	622 	| 	 avg: 576.60
551 	|	633 	518 	680 	545 	536 	| 	 avg: 582.40
543 	|	603 	414 	459 	709 	468 	| 	 avg: 530.60
552 	|	761 	661 	442 	534 	438 	| 	 avg: 567.20
552 	|	528 	430 	679 	449 	425 	| 	 avg: 502.20
559 	|	525 	531 	660 	657 	440 	| 	 avg: 562.60
471 	|	458 	561 	513 	633 	607 	| 	 avg: 554.40
535 	|	516 	603 	845 	449 	477 	| 	 avg: 578.00
474 	|	437 	563 	479 	877 	451 	| 	 avg: 561.40
704 	|	437 	765 	643 	538 	539 	| 	 avg: 584.40
606 	|	599 	543 	500 	495 	686 	| 	 avg: 564.60
548 	|	738 	512 	442 	481 	958 	| 	 avg: 626.20
678 	|	428 	543 	658 	677 	688 	| 	 avg: 598.80
440 	|	437 	609 	558 	457 	495 	| 	 avg: 511.20
691 	|	467 	471 	622 	603 	664 	| 	 avg: 565.40
594 	|	751 	614 	495 	761 	687 	| 	 avg: 661.60
669 	|	519 	468 	467 	635 	501 	| 	 avg: 518.00
540 	|	578 	571 	744 	768 	451 	| 	 avg: 622.40
532 	|	559 	527 	511 	605 	429 	| 	 avg: 526.20
average initials 560.25	 average finals: 567.10
