po_unsorted_mix 1:
508 	|	734 	496 	555 	674 	524 	| 	 avg: 596.60
719 	|	443 	417 	651 	805 	662 	| 	 avg: 595.60
634 	|	426 	494 	449 	500 	638 	| 	 avg: 501.40
600 	|	429 	444 	486 	428 	525 	| 	 avg: 462.40
590 	|	601 	782 	701 	465 	481 	| 	 avg: 606.00
509 	|	609 	598 	605 	640 	545 	| 	 avg: 599.40
492 	|	602 	706 	511 	606 	595 	| 	 avg: 604.00
608 	|	661 	423 	461 	651 	442 	| 	 avg: 527.60
624 	|	550 	590 	483 	502 	541 	| 	 avg: 533.20
651 	|	525 	475 	486 	556 	504 	| 	 avg: 509.20
456 	|	770 	453 	622 	565 	541 	| 	 avg: 590.20
704 	|	660 	555 	502 	424 	614 	| 	 avg: 551.00
536 	|	775 	650 	660 	680 	539 	| 	 avg: 660.80
548 	|	660 	708 	424 	728 	826 	| 	 avg: 669.20
543 	|	534 	820 	618 	674 	531 	| 	 avg: 635.40
457 	|	587 	442 	408 	528 	626 	| 	 avg: 518.20
502 	|	870 	421 	529 	462 	505 	| 	 avg: 557.40
614 	|	441 	493 	490 	481 	637 	| 	 avg: 508.40
714 	|	606 	530 	519 	552 	553 	| 	 avg: 552.00
616 	|	627 	606 	498 	420 	451 	| 	 avg: 520.40
average initials 581.25	 average finals: 564.60
