po_unsorted_mix 0:
582 	|	597 	529 	591 	634 	548 	| 	 avg: 579.80
703 	|	676 	458 	635 	762 	571 	| 	 avg: 620.40
471 	|	520 	518 	539 	868 	856 	| 	 avg: 660.20
809 	|	664 	428 	419 	594 	431 	| 	 avg: 507.20
656 	|	633 	459 	456 	490 	638 	| 	 avg: 535.20
527 	|	567 	627 	547 	655 	842 	| 	 avg: 647.60
538 	|	598 	431 	637 	508 	586 	| 	 avg: 552.00
485 	|	634 	437 	539 	601 	481 	| 	 avg: 538.40
475 	|	674 	622 	442 	655 	548 	| 	 avg: 588.20
502 	|	456 	476 	469 	746 	639 	| 	 avg: 557.20
614 	|	434 	477 	500 	449 	517 	| 	 avg: 475.40
729 	|	652 	443 	609 	899 	613 	| 	 avg: 643.20
417 	|	637 	428 	439 	680 	607 	| 	 avg: 558.20
417 	|	636 	589 	454 	585 	456 	| 	 avg: 544.00
526 	|	509 	549 	501 	548 	717 	| 	 avg: 564.80
434 	|	472 	498 	525 	445 	598 	| 	 avg: 507.60
490 	|	532 	659 	500 	522 	660 	| 	 avg: 574.60
442 	|	709 	508 	637 	725 	470 	| 	 avg: 609.80
509 	|	453 	634 	557 	430 	776 	| 	 avg: 570.00
667 	|	690 	520 	445 	626 	527 	| 	 avg: 561.60
average initials 549.65	 average finals: 569.40
