po_unsorted_mix 1:
557 	|	435 	698 	442 	434 	451 	| 	 avg: 492.00
476 	|	510 	505 	458 	488 	494 	| 	 avg: 491.00
504 	|	528 	629 	681 	452 	650 	| 	 avg: 588.00
465 	|	693 	834 	519 	469 	424 	| 	 avg: 587.80
750 	|	641 	439 	563 	603 	419 	| 	 avg: 533.00
691 	|	437 	522 	430 	426 	578 	| 	 avg: 478.60
475 	|	537 	555 	561 	737 	432 	| 	 avg: 564.40
678 	|	456 	790 	566 	808 	430 	| 	 avg: 610.00
653 	|	764 	455 	597 	513 	413 	| 	 avg: 548.40
638 	|	572 	424 	553 	495 	561 	| 	 avg: 521.00
527 	|	581 	456 	520 	629 	647 	| 	 avg: 566.60
672 	|	522 	602 	509 	580 	608 	| 	 avg: 564.20
689 	|	562 	415 	529 	745 	525 	| 	 avg: 555.20
478 	|	724 	699 	572 	449 	520 	| 	 avg: 592.80
593 	|	593 	616 	519 	582 	832 	| 	 avg: 628.40
613 	|	583 	762 	547 	466 	706 	| 	 avg: 612.80
516 	|	618 	607 	436 	520 	454 	| 	 avg: 527.00
529 	|	442 	461 	532 	475 	527 	| 	 avg: 487.40
415 	|	528 	426 	724 	414 	415 	| 	 avg: 501.40
494 	|	550 	495 	455 	572 	473 	| 	 avg: 509.00
average initials 570.65	 average finals: 547.65
