pa_unsorted_mix 1:
543 	|	513 	654 	440 	403 	595 	| 	 avg: 521.00
504 	|	436 	776 	628 	683 	608 	| 	 avg: 626.20
634 	|	481 	655 	486 	582 	426 	| 	 avg: 526.00
456 	|	670 	476 	588 	556 	444 	| 	 avg: 546.80
508 	|	568 	596 	452 	578 	654 	| 	 avg: 569.60
505 	|	727 	565 	529 	751 	565 	| 	 avg: 627.40
592 	|	567 	419 	415 	523 	484 	| 	 avg: 481.60
446 	|	450 	769 	392 	619 	496 	| 	 avg: 545.20
525 	|	509 	576 	619 	439 	441 	| 	 avg: 516.80
661 	|	516 	508 	434 	489 	410 	| 	 avg: 471.40
483 	|	497 	496 	471 	484 	502 	| 	 avg: 490.00
499 	|	488 	431 	458 	531 	495 	| 	 avg: 480.60
504 	|	663 	470 	702 	439 	459 	| 	 avg: 546.60
574 	|	509 	768 	704 	501 	489 	| 	 avg: 594.20
587 	|	743 	384 	453 	658 	431 	| 	 avg: 533.80
520 	|	486 	653 	476 	420 	499 	| 	 avg: 506.80
525 	|	438 	591 	464 	419 	497 	| 	 avg: 481.80
403 	|	522 	419 	720 	482 	510 	| 	 avg: 530.60
590 	|	705 	434 	561 	481 	547 	| 	 avg: 545.60
463 	|	610 	530 	564 	436 	658 	| 	 avg: 559.60
average initials 526.10	 average finals: 534.60
