pa_unsorted_mix 0:
713 	|	621 	573 	470 	690 	667 	| 	 avg: 604.20
450 	|	582 	618 	479 	364 	478 	| 	 avg: 504.20
608 	|	575 	762 	444 	588 	852 	| 	 avg: 644.20
495 	|	709 	479 	522 	712 	435 	| 	 avg: 571.40
540 	|	476 	605 	479 	405 	444 	| 	 avg: 481.80
471 	|	617 	571 	658 	496 	419 	| 	 avg: 552.20
502 	|	639 	583 	682 	932 	623 	| 	 avg: 691.80
457 	|	413 	431 	611 	449 	489 	| 	 avg: 478.60
682 	|	511 	441 	562 	495 	618 	| 	 avg: 525.40
730 	|	587 	667 	764 	514 	475 	| 	 avg: 601.40
530 	|	401 	522 	527 	411 	510 	| 	 avg: 474.20
725 	|	419 	459 	792 	618 	536 	| 	 avg: 564.80
534 	|	487 	505 	479 	436 	453 	| 	 avg: 472.00
618 	|	537 	508 	525 	522 	612 	| 	 avg: 540.80
573 	|	579 	433 	435 	487 	445 	| 	 avg: 475.80
720 	|	402 	464 	402 	1013 	576 	| 	 avg: 571.40
483 	|	649 	775 	516 	491 	792 	| 	 avg: 644.60
589 	|	441 	389 	660 	439 	639 	| 	 avg: 513.60
582 	|	424 	443 	826 	648 	468 	| 	 avg: 561.80
535 	|	598 	468 	569 	405 	711 	| 	 avg: 550.20
average initials 576.85	 average finals: 550.75
