pa_unsorted_mix 1:
685 	|	474 	707 	544 	507 	651 	| 	 avg: 576.60
405 	|	709 	472 	459 	753 	482 	| 	 avg: 575.00
454 	|	538 	492 	515 	500 	503 	| 	 avg: 509.60
473 	|	446 	607 	895 	406 	739 	| 	 avg: 618.60
566 	|	483 	522 	585 	600 	602 	| 	 avg: 558.40
747 	|	558 	569 	579 	445 	714 	| 	 avg: 573.00
468 	|	768 	575 	514 	476 	424 	| 	 avg: 551.40
688 	|	457 	663 	541 	427 	517 	| 	 avg: 521.00
460 	|	526 	446 	468 	424 	560 	| 	 avg: 484.80
471 	|	424 	578 	484 	450 	502 	| 	 avg: 487.60
587 	|	449 	605 	502 	520 	540 	| 	 avg: 523.20
452 	|	1008 	408 	455 	510 	618 	| 	 avg: 599.80
593 	|	413 	483 	494 	675 	531 	| 	 avg: 519.20
630 	|	569 	407 	547 	635 	609 	| 	 avg: 553.40
582 	|	825 	492 	661 	567 	520 	| 	 avg: 613.00
476 	|	572 	465 	504 	466 	595 	| 	 avg: 520.40
684 	|	520 	528 	720 	516 	586 	| 	 avg: 574.00
504 	|	408 	678 	537 	477 	906 	| 	 avg: 601.20
438 	|	425 	754 	511 	492 	685 	| 	 avg: 573.40
506 	|	420 	422 	604 	481 	421 	| 	 avg: 469.60
average initials 543.45	 average finals: 549.80
