pa_unsorted_mix 0:
526 	|	635 	417 	492 	666 	433 	| 	 avg: 528.60
469 	|	765 	422 	427 	410 	742 	| 	 avg: 553.20
689 	|	453 	465 	492 	503 	434 	| 	 avg: 469.40
468 	|	488 	527 	889 	586 	547 	| 	 avg: 607.40
455 	|	431 	449 	454 	505 	479 	| 	 avg: 463.60
468 	|	511 	658 	510 	564 	459 	| 	 avg: 540.40
462 	|	671 	397 	527 	810 	679 	| 	 avg: 616.80
569 	|	539 	481 	655 	561 	474 	| 	 avg: 542.00
552 	|	518 	434 	492 	473 	412 	| 	 avg: 465.80
576 	|	575 	508 	862 	440 	604 	| 	 avg: 597.80
488 	|	407 	456 	476 	487 	643 	| 	 avg: 493.80
513 	|	407 	416 	858 	581 	475 	| 	 avg: 547.40
654 	|	432 	517 	424 	604 	655 	| 	 avg: 526.40
520 	|	634 	500 	487 	431 	479 	| 	 avg: 506.20
464 	|	595 	562 	432 	766 	482 	| 	 avg: 567.40
531 	|	473 	494 	548 	612 	524 	| 	 avg: 530.20
530 	|	878 	426 	473 	700 	463 	| 	 avg: 588.00
530 	|	476 	544 	580 	583 	522 	| 	 avg: 541.00
799 	|	508 	553 	568 	661 	475 	| 	 avg: 553.00
510 	|	536 	585 	443 	619 	457 	| 	 avg: 528.00
average initials 538.65	 average finals: 537.95
