po_sorted_simple 1:
447 	|	462 	522 	484 	553 	458 	| 	 avg: 495.80
495 	|	534 	726 	491 	403 	462 	| 	 avg: 523.20
482 	|	484 	601 	508 	565 	532 	| 	 avg: 538.00
465 	|	515 	480 	448 	567 	651 	| 	 avg: 532.20
489 	|	574 	499 	477 	965 	605 	| 	 avg: 624.00
645 	|	714 	581 	754 	506 	835 	| 	 avg: 678.00
642 	|	651 	575 	720 	493 	640 	| 	 avg: 615.80
494 	|	667 	570 	551 	560 	494 	| 	 avg: 568.40
789 	|	501 	663 	484 	484 	641 	| 	 avg: 554.60
680 	|	411 	465 	527 	533 	606 	| 	 avg: 508.40
568 	|	618 	629 	695 	682 	510 	| 	 avg: 626.80
713 	|	862 	458 	506 	494 	475 	| 	 avg: 559.00
553 	|	559 	676 	552 	597 	615 	| 	 avg: 599.80
554 	|	452 	537 	865 	978 	525 	| 	 avg: 671.40
575 	|	657 	480 	535 	601 	698 	| 	 avg: 594.20
668 	|	521 	573 	449 	574 	450 	| 	 avg: 513.40
489 	|	540 	609 	570 	560 	475 	| 	 avg: 550.80
438 	|	490 	542 	622 	547 	707 	| 	 avg: 581.60
742 	|	486 	661 	704 	553 	564 	| 	 avg: 593.60
622 	|	599 	625 	476 	502 	689 	| 	 avg: 578.20
average initials 577.50	 average finals: 574.95
