po_sorted_simple 0:
507 	|	724 	435 	790 	622 	572 	| 	 avg: 628.60
432 	|	584 	782 	477 	463 	764 	| 	 avg: 614.00
448 	|	494 	854 	455 	518 	620 	| 	 avg: 588.20
496 	|	768 	590 	612 	425 	479 	| 	 avg: 574.80
592 	|	487 	670 	707 	508 	714 	| 	 avg: 617.20
695 	|	493 	585 	575 	557 	543 	| 	 avg: 550.60
479 	|	564 	637 	495 	502 	473 	| 	 avg: 534.20
676 	|	556 	467 	475 	786 	733 	| 	 avg: 603.40
780 	|	732 	477 	567 	647 	597 	| 	 avg: 604.00
465 	|	677 	741 	520 	466 	627 	| 	 avg: 606.20
514 	|	584 	529 	500 	709 	502 	| 	 avg: 564.80
700 	|	477 	668 	557 	693 	452 	| 	 avg: 569.40
477 	|	505 	492 	805 	552 	579 	| 	 avg: 586.60
516 	|	551 	761 	764 	492 	501 	| 	 avg: 613.80
522 	|	621 	460 	612 	585 	581 	| 	 avg: 571.80
782 	|	704 	643 	519 	537 	671 	| 	 avg: 614.80
446 	|	506 	529 	720 	472 	486 	| 	 avg: 542.60
418 	|	567 	449 	686 	619 	668 	| 	 avg: 597.80
726 	|	627 	494 	837 	529 	521 	| 	 avg: 601.60
734 	|	433 	508 	482 	652 	504 	| 	 avg: 515.80
average initials 570.25	 average finals: 584.50
