po_sorted_simple 0:
643 	|	559 	478 	543 	542 	529 	| 	 avg: 530.20
729 	|	618 	673 	451 	542 	444 	| 	 avg: 545.60
491 	|	436 	506 	501 	459 	540 	| 	 avg: 488.40
488 	|	749 	449 	479 	821 	455 	| 	 avg: 590.60
544 	|	711 	434 	670 	719 	504 	| 	 avg: 607.60
602 	|	520 	495 	472 	573 	744 	| 	 avg: 560.80
670 	|	597 	553 	474 	424 	616 	| 	 avg: 532.80
502 	|	511 	439 	617 	668 	549 	| 	 avg: 556.80
489 	|	652 	677 	544 	510 	703 	| 	 avg: 617.20
479 	|	680 	588 	759 	520 	549 	| 	 avg: 619.20
476 	|	604 	596 	502 	551 	475 	| 	 avg: 545.60
493 	|	472 	530 	750 	565 	757 	| 	 avg: 614.80
588 	|	594 	503 	549 	483 	631 	| 	 avg: 552.00
519 	|	582 	493 	712 	628 	587 	| 	 avg: 600.40
630 	|	653 	705 	500 	462 	500 	| 	 avg: 564.00
508 	|	700 	661 	568 	588 	545 	| 	 avg: 612.40
489 	|	625 	581 	637 	914 	621 	| 	 avg: 675.60
730 	|	468 	569 	557 	772 	544 	| 	 avg: 582.00
590 	|	686 	570 	922 	553 	602 	| 	 avg: 666.60
611 	|	472 	502 	514 	477 	494 	| 	 avg: 491.80
average initials 563.55	 average finals: 577.25
