po_sorted_simple 1:
540 	|	530 	677 	522 	465 	670 	| 	 avg: 572.80
480 	|	548 	694 	678 	560 	619 	| 	 avg: 619.80
517 	|	462 	520 	547 	728 	496 	| 	 avg: 550.60
473 	|	408 	508 	738 	592 	558 	| 	 avg: 560.80
632 	|	527 	641 	705 	673 	605 	| 	 avg: 630.20
587 	|	658 	563 	706 	663 	651 	| 	 avg: 648.20
431 	|	630 	504 	695 	634 	745 	| 	 avg: 641.60
703 	|	773 	584 	640 	505 	567 	| 	 avg: 613.80
462 	|	497 	823 	439 	449 	479 	| 	 avg: 537.40
518 	|	459 	411 	594 	561 	442 	| 	 avg: 493.40
553 	|	634 	526 	432 	475 	567 	| 	 avg: 526.80
523 	|	534 	509 	503 	680 	567 	| 	 avg: 558.60
514 	|	393 	577 	449 	500 	463 	| 	 avg: 476.40
414 	|	503 	603 	488 	668 	665 	| 	 avg: 585.40
506 	|	592 	501 	602 	585 	486 	| 	 avg: 553.20
575 	|	484 	512 	684 	467 	471 	| 	 avg: 523.60
681 	|	574 	509 	533 	536 	514 	| 	 avg: 533.20
470 	|	647 	615 	562 	654 	476 	| 	 avg: 590.80
692 	|	540 	495 	572 	546 	512 	| 	 avg: 533.00
515 	|	593 	698 	460 	483 	514 	| 	 avg: 549.60
average initials 539.30	 average finals: 564.45
