pa_sorted_simple 1:
714 	|	557 	583 	487 	549 	652 	| 	 avg: 565.60
519 	|	575 	680 	448 	699 	708 	| 	 avg: 622.00
464 	|	589 	651 	732 	488 	657 	| 	 avg: 623.40
532 	|	456 	578 	500 	611 	587 	| 	 avg: 546.40
619 	|	491 	642 	464 	585 	402 	| 	 avg: 516.80
460 	|	466 	394 	494 	408 	622 	| 	 avg: 476.80
618 	|	472 	544 	494 	667 	490 	| 	 avg: 533.40
502 	|	597 	480 	463 	547 	474 	| 	 avg: 512.20
440 	|	479 	435 	520 	778 	420 	| 	 avg: 526.40
635 	|	476 	553 	619 	511 	564 	| 	 avg: 544.60
807 	|	562 	463 	622 	462 	389 	| 	 avg: 499.60
471 	|	577 	633 	530 	442 	405 	| 	 avg: 517.40
662 	|	636 	624 	400 	844 	548 	| 	 avg: 610.40
561 	|	883 	461 	557 	448 	617 	| 	 avg: 593.20
558 	|	650 	788 	656 	484 	477 	| 	 avg: 611.00
710 	|	546 	476 	579 	764 	545 	| 	 avg: 582.00
497 	|	453 	461 	535 	530 	661 	| 	 avg: 528.00
470 	|	1017 	552 	731 	485 	529 	| 	 avg: 662.80
499 	|	443 	693 	622 	420 	435 	| 	 avg: 522.60
492 	|	480 	560 	406 	416 	740 	| 	 avg: 520.40
average initials 561.50	 average finals: 555.35
