pa_sorted_simple 0:
674 	|	502 	494 	666 	605 	589 	| 	 avg: 571.20
737 	|	542 	549 	438 	549 	471 	| 	 avg: 509.80
711 	|	511 	427 	446 	492 	483 	| 	 avg: 471.80
527 	|	632 	758 	524 	464 	473 	| 	 avg: 570.20
462 	|	480 	530 	509 	483 	445 	| 	 avg: 489.40
526 	|	496 	504 	438 	636 	518 	| 	 avg: 518.40
469 	|	763 	454 	484 	485 	601 	| 	 avg: 557.40
487 	|	700 	453 	483 	606 	720 	| 	 avg: 592.40
537 	|	617 	491 	649 	704 	471 	| 	 avg: 586.40
601 	|	512 	572 	622 	608 	454 	| 	 avg: 553.60
513 	|	714 	593 	596 	603 	622 	| 	 avg: 625.60
747 	|	989 	477 	571 	445 	438 	| 	 avg: 584.00
520 	|	476 	703 	674 	480 	593 	| 	 avg: 585.20
517 	|	666 	702 	662 	525 	396 	| 	 avg: 590.20
734 	|	472 	557 	460 	442 	726 	| 	 avg: 531.40
551 	|	503 	657 	499 	664 	583 	| 	 avg: 581.20
426 	|	530 	415 	446 	600 	509 	| 	 avg: 500.00
573 	|	504 	634 	503 	439 	761 	| 	 avg: 568.20
573 	|	535 	764 	542 	488 	446 	| 	 avg: 555.00
486 	|	548 	575 	479 	492 	394 	| 	 avg: 497.60
average initials 568.55	 average finals: 551.60
