pa_sorted_simple 0:
551 	|	491 	472 	472 	510 	468 	| 	 avg: 482.60
501 	|	823 	607 	580 	501 	558 	| 	 avg: 613.80
443 	|	504 	489 	467 	438 	628 	| 	 avg: 505.20
453 	|	623 	665 	408 	437 	492 	| 	 avg: 525.00
570 	|	491 	616 	553 	448 	602 	| 	 avg: 542.00
556 	|	619 	748 	525 	471 	492 	| 	 avg: 571.00
459 	|	391 	647 	639 	647 	584 	| 	 avg: 581.60
605 	|	546 	553 	611 	554 	642 	| 	 avg: 581.20
854 	|	654 	748 	582 	659 	555 	| 	 avg: 639.60
435 	|	481 	794 	728 	494 	631 	| 	 avg: 625.60
648 	|	683 	572 	542 	507 	486 	| 	 avg: 558.00
532 	|	470 	441 	613 	459 	608 	| 	 avg: 518.20
660 	|	447 	734 	516 	654 	785 	| 	 avg: 627.20
567 	|	527 	593 	818 	756 	479 	| 	 avg: 634.60
445 	|	447 	398 	550 	593 	507 	| 	 avg: 499.00
503 	|	733 	497 	686 	554 	502 	| 	 avg: 594.40
471 	|	676 	513 	622 	512 	479 	| 	 avg: 560.40
554 	|	499 	521 	549 	544 	678 	| 	 avg: 558.20
667 	|	472 	617 	559 	824 	745 	| 	 avg: 643.40
516 	|	645 	486 	626 	525 	704 	| 	 avg: 597.20
average initials 549.50	 average finals: 572.60
