pa_sorted_simple 1:
555 	|	501 	669 	578 	463 	527 	| 	 avg: 547.60
612 	|	781 	469 	496 	490 	472 	| 	 avg: 541.60
510 	|	540 	479 	700 	516 	536 	| 	 avg: 554.20
644 	|	606 	1051 	510 	482 	620 	| 	 avg: 653.80
587 	|	609 	473 	554 	571 	579 	| 	 avg: 557.20
785 	|	666 	533 	498 	720 	480 	| 	 avg: 579.40
498 	|	503 	597 	628 	589 	583 	| 	 avg: 580.00
515 	|	563 	766 	529 	684 	632 	| 	 avg: 634.80
547 	|	568 	631 	461 	887 	490 	| 	 avg: 607.40
514 	|	544 	597 	695 	647 	473 	| 	 avg: 591.20
496 	|	405 	388 	465 	427 	540 	| 	 avg: 445.00
463 	|	660 	415 	496 	446 	526 	| 	 avg: 508.60
633 	|	493 	442 	439 	690 	492 	| 	 avg: 511.20
503 	|	443 	402 	757 	460 	538 	| 	 avg: 520.00
495 	|	759 	622 	622 	478 	584 	| 	 avg: 613.00
461 	|	456 	433 	589 	647 	735 	| 	 avg: 572.00
487 	|	609 	460 	463 	426 	404 	| 	 avg: 472.40
637 	|	561 	461 	463 	511 	652 	| 	 avg: 529.60
606 	|	465 	654 	499 	551 	571 	| 	 avg: 548.00
738 	|	614 	559 	421 	413 	421 	| 	 avg: 485.60
average initials 564.30	 average finals: 552.30
