po_sorted_concat 1 1:
537 	|	599 	421 	438 	628 	654 	| 	 avg: 548.00
513 	|	622 	815 	671 	508 	509 	| 	 avg: 625.00
700 	|	686 	523 	509 	729 	548 	| 	 avg: 599.00
559 	|	438 	800 	445 	432 	425 	| 	 avg: 508.00
793 	|	454 	543 	873 	530 	443 	| 	 avg: 568.60
459 	|	426 	858 	681 	603 	534 	| 	 avg: 620.40
575 	|	513 	710 	444 	603 	439 	| 	 avg: 541.80
597 	|	716 	601 	675 	666 	513 	| 	 avg: 634.20
608 	|	796 	437 	469 	696 	756 	| 	 avg: 630.80
464 	|	464 	524 	509 	607 	835 	| 	 avg: 587.80
623 	|	864 	445 	548 	808 	600 	| 	 avg: 653.00
453 	|	524 	518 	507 	615 	524 	| 	 avg: 537.60
448 	|	472 	618 	585 	539 	619 	| 	 avg: 566.60
769 	|	451 	625 	511 	619 	633 	| 	 avg: 567.80
468 	|	680 	426 	453 	499 	516 	| 	 avg: 514.80
477 	|	439 	636 	569 	567 	513 	| 	 avg: 544.80
439 	|	434 	579 	421 	482 	450 	| 	 avg: 473.20
579 	|	447 	498 	670 	893 	715 	| 	 avg: 644.60
699 	|	514 	467 	471 	735 	544 	| 	 avg: 546.20
696 	|	646 	726 	609 	707 	649 	| 	 avg: 667.40
average initials 572.80	 average finals: 578.55
