po_sorted_concat 0 1:
476 	|	646 	606 	552 	524 	440 	| 	 avg: 553.60
697 	|	708 	471 	599 	427 	626 	| 	 avg: 566.20
390 	|	614 	667 	460 	444 	600 	| 	 avg: 557.00
548 	|	481 	776 	471 	440 	770 	| 	 avg: 587.60
445 	|	518 	750 	565 	488 	548 	| 	 avg: 573.80
457 	|	476 	595 	420 	523 	430 	| 	 avg: 488.80
514 	|	445 	725 	634 	522 	633 	| 	 avg: 591.80
639 	|	418 	544 	544 	658 	634 	| 	 avg: 559.60
783 	|	712 	600 	520 	518 	442 	| 	 avg: 558.40
477 	|	452 	683 	601 	488 	658 	| 	 avg: 576.40
581 	|	480 	542 	779 	653 	441 	| 	 avg: 579.00
464 	|	431 	780 	671 	847 	447 	| 	 avg: 635.20
443 	|	614 	432 	521 	549 	592 	| 	 avg: 541.60
418 	|	453 	429 	573 	498 	440 	| 	 avg: 478.60
515 	|	427 	514 	739 	514 	613 	| 	 avg: 561.40
868 	|	433 	442 	424 	746 	445 	| 	 avg: 498.00
692 	|	525 	449 	626 	651 	597 	| 	 avg: 569.60
778 	|	800 	558 	437 	459 	599 	| 	 avg: 570.60
662 	|	507 	440 	436 	538 	830 	| 	 avg: 550.20
582 	|	437 	538 	537 	450 	504 	| 	 avg: 493.20
average initials 571.45	 average finals: 554.10
