po_sorted_concat 0 0:
440 	|	453 	662 	491 	612 	465 	| 	 avg: 536.60
483 	|	615 	713 	690 	433 	542 	| 	 avg: 598.60
474 	|	452 	577 	456 	689 	435 	| 	 avg: 521.80
396 	|	645 	647 	598 	458 	433 	| 	 avg: 556.20
492 	|	635 	554 	493 	698 	433 	| 	 avg: 562.60
958 	|	622 	610 	466 	684 	905 	| 	 avg: 657.40
637 	|	454 	707 	442 	589 	449 	| 	 avg: 528.20
578 	|	662 	696 	658 	592 	655 	| 	 avg: 652.60
570 	|	726 	683 	576 	700 	611 	| 	 avg: 659.20
406 	|	424 	585 	483 	579 	719 	| 	 avg: 558.00
564 	|	644 	436 	559 	698 	409 	| 	 avg: 549.20
538 	|	465 	574 	623 	647 	594 	| 	 avg: 580.60
490 	|	596 	480 	735 	755 	704 	| 	 avg: 654.00
627 	|	584 	428 	447 	656 	644 	| 	 avg: 551.80
685 	|	874 	523 	683 	568 	549 	| 	 avg: 639.40
532 	|	715 	531 	584 	660 	668 	| 	 avg: 631.60
454 	|	636 	671 	653 	612 	627 	| 	 avg: 639.80
545 	|	727 	435 	419 	551 	488 	| 	 avg: 524.00
505 	|	449 	791 	651 	583 	608 	| 	 avg: 616.40
533 	|	551 	611 	433 	645 	570 	| 	 avg: 562.00
average initials 545.35	 average finals: 588.60
