po_sorted_concat 1 0:
623 	|	554 	643 	803 	568 	612 	| 	 avg: 636.00
546 	|	724 	471 	686 	713 	791 	| 	 avg: 677.00
539 	|	472 	759 	676 	754 	623 	| 	 avg: 656.80
491 	|	632 	450 	740 	561 	418 	| 	 avg: 560.20
488 	|	642 	674 	419 	433 	572 	| 	 avg: 548.00
626 	|	527 	424 	727 	733 	553 	| 	 avg: 592.80
569 	|	628 	558 	458 	573 	665 	| 	 avg: 576.40
565 	|	633 	742 	676 	482 	616 	| 	 avg: 629.80
476 	|	558 	620 	528 	435 	586 	| 	 avg: 545.40
511 	|	604 	433 	438 	709 	743 	| 	 avg: 585.40
472 	|	635 	645 	687 	829 	478 	| 	 avg: 654.80
503 	|	659 	585 	489 	448 	467 	| 	 avg: 529.60
529 	|	647 	622 	475 	696 	464 	| 	 avg: 580.80
460 	|	576 	948 	632 	454 	519 	| 	 avg: 625.80
550 	|	415 	659 	445 	644 	564 	| 	 avg: 545.40
678 	|	494 	449 	549 	687 	592 	| 	 avg: 554.20
740 	|	592 	640 	426 	656 	418 	| 	 avg: 546.40
510 	|	645 	746 	746 	666 	665 	| 	 avg: 693.60
541 	|	641 	666 	813 	700 	478 	| 	 avg: 659.60
490 	|	421 	435 	638 	706 	482 	| 	 avg: 536.40
average initials 545.35	 average finals: 596.25
