pa_sorted_concat 1 0:
482 	|	552 	699 	530 	868 	527 	| 	 avg: 635.20
483 	|	715 	600 	477 	752 	485 	| 	 avg: 605.80
585 	|	508 	479 	702 	788 	602 	| 	 avg: 615.80
475 	|	510 	627 	665 	520 	707 	| 	 avg: 605.80
500 	|	783 	623 	725 	652 	491 	| 	 avg: 654.80
435 	|	453 	666 	701 	793 	499 	| 	 avg: 622.40
564 	|	720 	487 	438 	496 	440 	| 	 avg: 516.20
518 	|	470 	629 	613 	816 	449 	| 	 avg: 595.40
651 	|	470 	801 	778 	474 	639 	| 	 avg: 632.40
486 	|	894 	591 	461 	672 	467 	| 	 avg: 617.00
557 	|	478 	437 	983 	474 	706 	| 	 avg: 615.60
579 	|	554 	493 	584 	464 	739 	| 	 avg: 566.80
542 	|	669 	579 	604 	651 	562 	| 	 avg: 613.00
464 	|	514 	676 	696 	617 	511 	| 	 avg: 602.80
606 	|	523 	800 	745 	621 	673 	| 	 avg: 672.40
591 	|	564 	545 	730 	668 	721 	| 	 avg: 645.60
474 	|	507 	711 	711 	705 	744 	| 	 avg: 675.60
491 	|	683 	801 	578 	712 	611 	| 	 avg: 677.00
653 	|	437 	676 	732 	716 	478 	| 	 avg: 607.80
692 	|	491 	750 	605 	446 	625 	| 	 avg: 583.40
average initials 541.40	 average finals: 617.55
