pa_sorted_concat 0 0:
484 	|	671 	609 	750 	557 	821 	| 	 avg: 681.60
496 	|	773 	678 	628 	682 	545 	| 	 avg: 661.20
459 	|	801 	699 	606 	526 	747 	| 	 avg: 675.80
472 	|	540 	508 	700 	521 	627 	| 	 avg: 579.20
468 	|	661 	499 	679 	508 	495 	| 	 avg: 568.40
708 	|	737 	504 	632 	450 	732 	| 	 avg: 611.00
453 	|	671 	608 	462 	588 	654 	| 	 avg: 596.60
472 	|	484 	583 	524 	628 	541 	| 	 avg: 552.00
526 	|	724 	701 	462 	462 	710 	| 	 avg: 611.80
504 	|	465 	844 	446 	904 	816 	| 	 avg: 695.00
649 	|	504 	718 	626 	730 	787 	| 	 avg: 673.00
503 	|	493 	582 	561 	603 	541 	| 	 avg: 556.00
627 	|	863 	755 	424 	832 	496 	| 	 avg: 674.00
604 	|	586 	791 	647 	671 	470 	| 	 avg: 633.00
461 	|	467 	516 	672 	501 	706 	| 	 avg: 572.40
521 	|	589 	442 	650 	773 	635 	| 	 avg: 617.80
556 	|	506 	724 	525 	597 	717 	| 	 avg: 613.80
513 	|	643 	498 	463 	623 	693 	| 	 avg: 584.00
616 	|	600 	502 	445 	686 	644 	| 	 avg: 575.40
524 	|	520 	466 	853 	461 	871 	| 	 avg: 634.20
average initials 530.80	 average finals: 618.00
