pa_sorted_concat 1 1:
667 	|	574 	571 	472 	531 	815 	| 	 avg: 592.60
809 	|	570 	764 	512 	602 	585 	| 	 avg: 606.60
478 	|	683 	606 	464 	732 	446 	| 	 avg: 586.20
434 	|	508 	640 	470 	448 	552 	| 	 avg: 523.60
491 	|	823 	520 	469 	499 	544 	| 	 avg: 571.00
690 	|	510 	707 	523 	612 	633 	| 	 avg: 597.00
495 	|	536 	566 	532 	497 	539 	| 	 avg: 534.00
426 	|	547 	515 	572 	587 	545 	| 	 avg: 553.20
568 	|	513 	597 	439 	747 	855 	| 	 avg: 630.20
442 	|	1178 	496 	602 	511 	850 	| 	 avg: 727.40
640 	|	834 	446 	536 	708 	527 	| 	 avg: 610.20
523 	|	602 	437 	505 	471 	661 	| 	 avg: 535.20
573 	|	748 	593 	494 	814 	508 	| 	 avg: 631.40
542 	|	654 	433 	758 	659 	438 	| 	 avg: 588.40
472 	|	533 	566 	653 	612 	526 	| 	 avg: 578.00
834 	|	603 	535 	512 	581 	552 	| 	 avg: 556.60
509 	|	539 	530 	659 	559 	554 	| 	 avg: 568.20
563 	|	455 	454 	538 	580 	539 	| 	 avg: 513.20
441 	|	545 	672 	778 	508 	556 	| 	 avg: 611.80
648 	|	483 	610 	447 	619 	501 	| 	 avg: 532.00
average initials 562.25	 average finals: 582.05
