pa_sorted_concat 0 1:
491 	|	567 	562 	557 	590 	524 	| 	 avg: 560.00
435 	|	530 	531 	501 	647 	631 	| 	 avg: 568.00
539 	|	620 	602 	423 	455 	534 	| 	 avg: 526.80
472 	|	543 	511 	529 	724 	701 	| 	 avg: 601.60
463 	|	1020 	594 	532 	608 	506 	| 	 avg: 652.00
708 	|	618 	989 	579 	522 	457 	| 	 avg: 633.00
530 	|	620 	454 	495 	558 	505 	| 	 avg: 526.40
464 	|	612 	637 	628 	509 	554 	| 	 avg: 588.00
457 	|	605 	717 	468 	495 	479 	| 	 avg: 552.80
767 	|	545 	614 	491 	528 	610 	| 	 avg: 557.60
861 	|	485 	712 	516 	709 	474 	| 	 avg: 579.20
512 	|	700 	630 	962 	503 	722 	| 	 avg: 703.40
453 	|	584 	615 	468 	630 	586 	| 	 avg: 576.60
650 	|	717 	757 	594 	532 	491 	| 	 avg: 618.20
470 	|	542 	492 	637 	675 	439 	| 	 avg: 557.00
625 	|	634 	450 	422 	438 	534 	| 	 avg: 495.60
524 	|	472 	698 	852 	619 	665 	| 	 avg: 661.20
446 	|	653 	667 	531 	581 	647 	| 	 avg: 615.80
620 	|	672 	614 	529 	599 	641 	| 	 avg: 611.00
664 	|	455 	635 	630 	620 	439 	| 	 avg: 555.80
average initials 557.55	 average finals: 586.65
