pa_sorted_mix 1 1:
617 	|	666 	666 	627 	627 	627 	| 	 avg: 642.60
617 	|	631 	646 	646 	646 	646 	| 	 avg: 643.00
586 	|	640 	640 	640 	640 	612 	| 	 avg: 634.40
573 	|	651 	651 	651 	638 	638 	| 	 avg: 645.80
581 	|	640 	640 	619 	619 	619 	| 	 avg: 627.40
605 	|	638 	638 	638 	638 	638 	| 	 avg: 638.00
589 	|	634 	634 	634 	608 	608 	| 	 avg: 623.60
587 	|	597 	597 	624 	624 	624 	| 	 avg: 613.20
548 	|	639 	624 	624 	624 	624 	| 	 avg: 627.00
612 	|	619 	619 	619 	619 	613 	| 	 avg: 617.80
621 	|	582 	582 	582 	609 	609 	| 	 avg: 592.80
572 	|	594 	594 	585 	585 	585 	| 	 avg: 588.60
576 	|	580 	580 	580 	580 	580 	| 	 avg: 580.00
575 	|	591 	591 	591 	636 	636 	| 	 avg: 609.00
616 	|	644 	644 	619 	619 	619 	| 	 avg: 629.00
620 	|	604 	616 	616 	616 	616 	| 	 avg: 613.60
571 	|	626 	626 	626 	626 	654 	| 	 avg: 631.60
539 	|	638 	638 	582 	582 	582 	| 	 avg: 604.40
597 	|	633 	594 	594 	594 	594 	| 	 avg: 601.80
657 	|	615 	615 	615 	615 	636 	| 	 avg: 619.20
average initials 592.95	 average finals: 618.75
