pa_unsorted_concat 0:
539 	|	679 	619 	619 	619 	619 	| 	 avg: 631.00
622 	|	649 	649 	649 	649 	658 	| 	 avg: 650.80
585 	|	619 	619 	636 	636 	636 	| 	 avg: 629.20
625 	|	644 	647 	647 	647 	647 	| 	 avg: 646.40
550 	|	629 	629 	629 	629 	629 	| 	 avg: 629.00
615 	|	635 	635 	635 	635 	652 	| 	 avg: 638.40
548 	|	629 	629 	612 	612 	612 	| 	 avg: 618.80
580 	|	606 	601 	601 	601 	601 	| 	 avg: 602.00
577 	|	615 	615 	615 	615 	597 	| 	 avg: 611.40
572 	|	606 	606 	606 	620 	620 	| 	 avg: 611.60
572 	|	604 	588 	588 	588 	588 	| 	 avg: 591.20
539 	|	646 	646 	646 	646 	646 	| 	 avg: 646.00
581 	|	589 	589 	589 	600 	600 	| 	 avg: 593.40
598 	|	624 	624 	633 	633 	633 	| 	 avg: 629.40
602 	|	669 	669 	669 	669 	609 	| 	 avg: 657.00
608 	|	652 	652 	648 	648 	648 	| 	 avg: 649.60
575 	|	594 	685 	685 	685 	685 	| 	 avg: 666.80
588 	|	641 	641 	641 	641 	641 	| 	 avg: 641.00
620 	|	638 	638 	638 	623 	623 	| 	 avg: 632.00
574 	|	605 	605 	597 	597 	597 	| 	 avg: 600.20
average initials 583.50	 average finals: 628.45
