pa_sorted_mix 1 0:
571 	|	613 	613 	613 	661 	661 	| 	 avg: 632.20
617 	|	641 	641 	661 	661 	661 	| 	 avg: 653.00
545 	|	648 	648 	648 	648 	648 	| 	 avg: 648.00
574 	|	654 	654 	654 	661 	661 	| 	 avg: 656.80
586 	|	618 	618 	624 	624 	624 	| 	 avg: 621.60
539 	|	865 	865 	865 	865 	661 	| 	 avg: 824.20
599 	|	657 	657 	657 	657 	657 	| 	 avg: 657.00
619 	|	644 	663 	663 	663 	663 	| 	 avg: 659.20
627 	|	660 	660 	660 	660 	644 	| 	 avg: 656.80
616 	|	678 	678 	678 	657 	657 	| 	 avg: 669.60
567 	|	609 	602 	602 	602 	602 	| 	 avg: 603.40
620 	|	635 	635 	635 	627 	627 	| 	 avg: 631.80
572 	|	621 	621 	628 	628 	628 	| 	 avg: 625.20
621 	|	629 	629 	629 	629 	633 	| 	 avg: 629.80
553 	|	639 	639 	864 	864 	864 	| 	 avg: 774.00
626 	|	667 	610 	610 	610 	610 	| 	 avg: 621.40
578 	|	606 	606 	606 	606 	609 	| 	 avg: 606.60
546 	|	660 	660 	664 	664 	664 	| 	 avg: 662.40
615 	|	593 	680 	680 	680 	680 	| 	 avg: 662.60
585 	|	619 	619 	619 	611 	611 	| 	 avg: 615.80
average initials 588.80	 average finals: 655.15
