pa_unsorted_concat 1:
585 	|	602 	546 	546 	546 	546 	| 	 avg: 557.20
635 	|	575 	575 	575 	575 	575 	| 	 avg: 575.00
539 	|	572 	572 	572 	572 	572 	| 	 avg: 572.00
577 	|	620 	620 	620 	620 	620 	| 	 avg: 620.00
626 	|	586 	586 	586 	586 	582 	| 	 avg: 585.20
617 	|	600 	600 	600 	600 	582 	| 	 avg: 596.40
590 	|	624 	624 	624 	624 	574 	| 	 avg: 614.00
624 	|	571 	571 	571 	592 	592 	| 	 avg: 579.40
599 	|	576 	576 	576 	604 	604 	| 	 avg: 587.20
585 	|	570 	570 	570 	571 	571 	| 	 avg: 570.40
539 	|	592 	592 	575 	575 	575 	| 	 avg: 581.80
565 	|	576 	576 	600 	600 	600 	| 	 avg: 590.40
654 	|	605 	606 	606 	606 	606 	| 	 avg: 605.80
539 	|	604 	575 	575 	575 	575 	| 	 avg: 580.80
586 	|	604 	604 	604 	604 	604 	| 	 avg: 604.00
539 	|	573 	573 	573 	573 	573 	| 	 avg: 573.00
570 	|	575 	575 	575 	575 	578 	| 	 avg: 575.60
609 	|	641 	641 	641 	641 	603 	| 	 avg: 633.40
618 	|	573 	573 	573 	599 	599 	| 	 avg: 583.40
579 	|	613 	613 	613 	572 	572 	| 	 avg: 596.60
average initials 588.75	 average finals: 588.75
