pa_sorted_mix 0 0:
606 	|	618 	701 	701 	701 	701 	| 	 avg: 684.40
597 	|	768 	768 	768 	768 	673 	| 	 avg: 749.00
620 	|	664 	664 	651 	651 	651 	| 	 avg: 656.20
539 	|	640 	640 	640 	640 	658 	| 	 avg: 643.60
578 	|	628 	628 	636 	636 	636 	| 	 avg: 632.80
581 	|	773 	773 	773 	773 	629 	| 	 avg: 744.20
619 	|	644 	644 	634 	634 	634 	| 	 avg: 638.00
594 	|	670 	681 	681 	681 	681 	| 	 avg: 678.80
605 	|	651 	651 	651 	814 	814 	| 	 avg: 716.20
572 	|	772 	630 	630 	630 	630 	| 	 avg: 658.40
623 	|	643 	643 	643 	643 	643 	| 	 avg: 643.00
602 	|	763 	763 	763 	680 	680 	| 	 avg: 729.80
607 	|	660 	792 	792 	792 	792 	| 	 avg: 765.60
615 	|	766 	766 	766 	704 	704 	| 	 avg: 741.20
570 	|	595 	595 	601 	601 	601 	| 	 avg: 598.60
539 	|	783 	783 	783 	783 	668 	| 	 avg: 760.00
570 	|	787 	787 	787 	644 	644 	| 	 avg: 729.80
552 	|	643 	638 	638 	638 	638 	| 	 avg: 639.00
586 	|	695 	695 	695 	695 	658 	| 	 avg: 687.60
583 	|	651 	651 	656 	656 	656 	| 	 avg: 654.00
average initials 587.90	 average finals: 687.15
