pa_sorted_mix 0 1:
584 	|	662 	662 	662 	775 	775 	| 	 avg: 707.20
578 	|	669 	650 	650 	650 	650 	| 	 avg: 653.80
571 	|	613 	613 	613 	604 	604 	| 	 avg: 609.40
607 	|	641 	641 	650 	650 	650 	| 	 avg: 646.40
552 	|	671 	655 	655 	655 	655 	| 	 avg: 658.20
577 	|	777 	777 	777 	777 	777 	| 	 avg: 777.00
545 	|	649 	649 	775 	775 	775 	| 	 avg: 724.60
617 	|	634 	634 	634 	634 	634 	| 	 avg: 634.00
571 	|	777 	777 	777 	621 	621 	| 	 avg: 714.60
632 	|	1280 	1280 	985 	985 	985 	| 	 avg: 1103.00
591 	|	665 	665 	665 	665 	668 	| 	 avg: 665.60
576 	|	639 	639 	621 	621 	621 	| 	 avg: 628.20
614 	|	682 	626 	626 	626 	626 	| 	 avg: 637.20
588 	|	747 	747 	747 	766 	766 	| 	 avg: 754.60
603 	|	688 	678 	678 	678 	678 	| 	 avg: 680.00
598 	|	660 	660 	660 	660 	658 	| 	 avg: 659.60
539 	|	663 	663 	649 	649 	649 	| 	 avg: 654.60
599 	|	643 	643 	643 	643 	643 	| 	 avg: 643.00
544 	|	646 	646 	646 	584 	584 	| 	 avg: 621.20
637 	|	706 	666 	666 	666 	666 	| 	 avg: 674.00
average initials 586.15	 average finals: 692.00
