pa_unsorted_random:
587 	|	612 	607 	596 	657 	601 	| 	 avg: 614.60
624 	|	643 	633 	630 	621 	633 	| 	 avg: 632.00
621 	|	663 	624 	659 	655 	628 	| 	 avg: 645.80
584 	|	655 	646 	633 	703 	650 	| 	 avg: 657.40
594 	|	626 	643 	615 	630 	625 	| 	 avg: 627.80
572 	|	600 	592 	583 	586 	700 	| 	 avg: 612.20
571 	|	591 	595 	608 	591 	598 	| 	 avg: 596.60
585 	|	622 	665 	642 	602 	628 	| 	 avg: 631.80
615 	|	623 	622 	636 	609 	634 	| 	 avg: 624.80
584 	|	598 	605 	592 	598 	604 	| 	 avg: 599.40
620 	|	618 	647 	668 	632 	623 	| 	 avg: 637.60
578 	|	595 	654 	643 	593 	606 	| 	 avg: 618.20
573 	|	615 	611 	618 	594 	605 	| 	 avg: 608.60
612 	|	628 	598 	639 	626 	634 	| 	 avg: 625.00
573 	|	591 	613 	594 	604 	595 	| 	 avg: 599.40
573 	|	594 	598 	593 	610 	614 	| 	 avg: 601.80
602 	|	636 	616 	686 	623 	627 	| 	 avg: 637.60
548 	|	626 	664 	641 	678 	683 	| 	 avg: 658.40
573 	|	578 	603 	612 	582 	587 	| 	 avg: 592.40
621 	|	621 	611 	649 	646 	648 	| 	 avg: 635.00
average initials 590.50	 average finals: 622.35
