pa_unsorted_mix 0:
625 	|	620 	631 	631 	631 	631 	| 	 avg: 628.80
587 	|	667 	667 	667 	667 	674 	| 	 avg: 668.40
595 	|	648 	648 	620 	620 	620 	| 	 avg: 631.20
553 	|	671 	594 	594 	594 	594 	| 	 avg: 609.40
601 	|	617 	617 	617 	644 	644 	| 	 avg: 627.80
570 	|	582 	582 	609 	609 	609 	| 	 avg: 598.20
541 	|	640 	640 	640 	640 	640 	| 	 avg: 640.00
588 	|	608 	608 	608 	620 	620 	| 	 avg: 612.80
539 	|	655 	655 	638 	638 	638 	| 	 avg: 644.80
587 	|	611 	611 	611 	611 	611 	| 	 avg: 611.00
617 	|	614 	614 	614 	651 	651 	| 	 avg: 628.80
619 	|	639 	640 	640 	640 	640 	| 	 avg: 639.80
628 	|	667 	667 	667 	667 	667 	| 	 avg: 667.00
603 	|	584 	584 	584 	599 	599 	| 	 avg: 590.00
598 	|	673 	673 	668 	668 	668 	| 	 avg: 670.00
571 	|	623 	623 	623 	623 	623 	| 	 avg: 623.00
639 	|	665 	665 	665 	626 	626 	| 	 avg: 649.40
580 	|	605 	605 	612 	612 	612 	| 	 avg: 609.20
588 	|	658 	658 	658 	658 	658 	| 	 avg: 658.00
601 	|	627 	627 	627 	686 	686 	| 	 avg: 650.60
average initials 591.50	 average finals: 632.55
