pa_unsorted_mix 1:
631 	|	657 	639 	639 	639 	639 	| 	 avg: 642.60
539 	|	645 	645 	645 	645 	676 	| 	 avg: 651.20
586 	|	641 	641 	641 	628 	628 	| 	 avg: 635.80
620 	|	629 	640 	640 	640 	640 	| 	 avg: 637.80
624 	|	643 	643 	643 	643 	636 	| 	 avg: 641.60
613 	|	641 	641 	624 	624 	624 	| 	 avg: 630.80
580 	|	607 	617 	617 	617 	617 	| 	 avg: 615.00
572 	|	618 	618 	618 	618 	626 	| 	 avg: 619.60
571 	|	614 	614 	616 	616 	616 	| 	 avg: 615.20
589 	|	712 	712 	712 	712 	712 	| 	 avg: 712.00
580 	|	600 	600 	600 	600 	607 	| 	 avg: 601.40
624 	|	638 	638 	640 	640 	640 	| 	 avg: 639.20
583 	|	615 	648 	648 	648 	648 	| 	 avg: 641.40
599 	|	666 	666 	666 	665 	665 	| 	 avg: 665.60
539 	|	667 	667 	667 	667 	667 	| 	 avg: 667.00
550 	|	665 	665 	665 	665 	665 	| 	 avg: 665.00
576 	|	651 	651 	651 	615 	615 	| 	 avg: 636.60
607 	|	612 	685 	685 	685 	685 	| 	 avg: 670.40
619 	|	642 	642 	642 	642 	642 	| 	 avg: 642.00
575 	|	621 	621 	621 	622 	622 	| 	 avg: 621.40
average initials 588.85	 average finals: 642.20
