pa_sorted_simple 0:
580 	|	603 	603 	601 	601 	601 	| 	 avg: 601.80
605 	|	611 	610 	610 	610 	610 	| 	 avg: 610.20
617 	|	596 	596 	596 	596 	596 	| 	 avg: 596.00
568 	|	597 	597 	597 	597 	583 	| 	 avg: 594.20
620 	|	619 	619 	619 	614 	614 	| 	 avg: 617.00
621 	|	604 	604 	553 	553 	553 	| 	 avg: 573.40
574 	|	590 	596 	596 	596 	596 	| 	 avg: 594.80
574 	|	572 	572 	572 	572 	572 	| 	 avg: 572.00
596 	|	616 	616 	616 	606 	606 	| 	 avg: 612.00
629 	|	607 	607 	605 	605 	605 	| 	 avg: 605.80
605 	|	610 	592 	592 	592 	592 	| 	 avg: 595.60
552 	|	585 	585 	585 	585 	614 	| 	 avg: 590.80
625 	|	613 	613 	613 	597 	597 	| 	 avg: 606.60
599 	|	609 	609 	594 	594 	594 	| 	 avg: 600.00
609 	|	610 	610 	610 	611 	611 	| 	 avg: 610.40
540 	|	618 	581 	581 	581 	581 	| 	 avg: 588.40
578 	|	548 	548 	548 	548 	563 	| 	 avg: 551.00
589 	|	612 	612 	612 	541 	541 	| 	 avg: 583.60
636 	|	591 	591 	600 	600 	600 	| 	 avg: 596.40
637 	|	577 	577 	577 	577 	577 	| 	 avg: 577.00
average initials 597.70	 average finals: 593.50
