pa_sorted_simple 1:
618 	|	611 	624 	624 	624 	624 	| 	 avg: 621.40
603 	|	606 	606 	606 	606 	606 	| 	 avg: 606.00
544 	|	598 	598 	598 	598 	577 	| 	 avg: 593.80
590 	|	618 	618 	618 	606 	606 	| 	 avg: 613.20
601 	|	613 	613 	610 	610 	610 	| 	 avg: 611.20
613 	|	602 	588 	588 	588 	588 	| 	 avg: 590.80
575 	|	600 	600 	600 	600 	600 	| 	 avg: 600.00
566 	|	601 	601 	601 	601 	585 	| 	 avg: 597.80
613 	|	608 	608 	608 	601 	601 	| 	 avg: 605.20
597 	|	604 	604 	605 	605 	605 	| 	 avg: 604.60
597 	|	603 	603 	603 	603 	603 	| 	 avg: 603.00
615 	|	600 	600 	600 	600 	600 	| 	 avg: 600.00
616 	|	592 	592 	592 	602 	602 	| 	 avg: 596.00
598 	|	575 	575 	574 	574 	574 	| 	 avg: 574.40
607 	|	613 	606 	606 	606 	606 	| 	 avg: 607.40
617 	|	600 	600 	600 	600 	600 	| 	 avg: 600.00
539 	|	584 	584 	584 	584 	600 	| 	 avg: 587.20
624 	|	603 	603 	603 	575 	575 	| 	 avg: 591.80
570 	|	615 	615 	572 	572 	572 	| 	 avg: 589.20
577 	|	616 	599 	599 	599 	599 	| 	 avg: 602.40
average initials 594.00	 average finals: 599.45
