pa_sorted_concat 0 0:
617 	|	649 	649 	649 	649 	639 	| 	 avg: 647.00
568 	|	601 	601 	601 	591 	591 	| 	 avg: 597.00
613 	|	617 	617 	622 	622 	622 	| 	 avg: 620.00
606 	|	629 	613 	613 	613 	613 	| 	 avg: 616.20
570 	|	610 	610 	610 	610 	607 	| 	 avg: 609.40
620 	|	655 	655 	655 	677 	677 	| 	 avg: 663.80
610 	|	625 	625 	636 	636 	636 	| 	 avg: 631.60
588 	|	636 	636 	636 	636 	636 	| 	 avg: 636.00
572 	|	592 	592 	592 	592 	602 	| 	 avg: 594.00
604 	|	627 	627 	627 	647 	647 	| 	 avg: 635.00
568 	|	587 	587 	585 	585 	585 	| 	 avg: 585.80
602 	|	623 	623 	623 	623 	623 	| 	 avg: 623.00
603 	|	630 	630 	630 	639 	639 	| 	 avg: 633.60
623 	|	651 	651 	656 	656 	656 	| 	 avg: 654.00
581 	|	600 	594 	594 	594 	594 	| 	 avg: 595.20
617 	|	639 	639 	639 	639 	639 	| 	 avg: 639.00
572 	|	617 	617 	617 	602 	602 	| 	 avg: 611.00
579 	|	839 	839 	596 	596 	596 	| 	 avg: 693.20
598 	|	605 	831 	831 	831 	831 	| 	 avg: 785.80
643 	|	720 	720 	720 	720 	601 	| 	 avg: 696.20
average initials 597.70	 average finals: 638.10
