pa_sorted_concat 0 1:
577 	|	614 	614 	581 	581 	581 	| 	 avg: 594.20
580 	|	602 	602 	588 	588 	588 	| 	 avg: 593.60
539 	|	619 	554 	554 	554 	554 	| 	 avg: 567.00
574 	|	611 	611 	611 	611 	611 	| 	 avg: 611.00
539 	|	623 	623 	623 	623 	623 	| 	 avg: 623.00
631 	|	584 	584 	584 	584 	629 	| 	 avg: 593.00
539 	|	628 	628 	628 	590 	590 	| 	 avg: 612.80
571 	|	575 	575 	575 	575 	575 	| 	 avg: 575.00
631 	|	580 	580 	581 	581 	581 	| 	 avg: 580.60
658 	|	598 	613 	613 	613 	613 	| 	 avg: 610.00
597 	|	610 	588 	588 	588 	588 	| 	 avg: 592.40
589 	|	582 	582 	582 	582 	582 	| 	 avg: 582.00
576 	|	609 	609 	609 	609 	609 	| 	 avg: 609.00
543 	|	542 	542 	542 	542 	542 	| 	 avg: 542.00
588 	|	602 	602 	602 	602 	602 	| 	 avg: 602.00
575 	|	575 	575 	575 	575 	620 	| 	 avg: 584.00
585 	|	590 	590 	590 	590 	600 	| 	 avg: 592.00
572 	|	646 	646 	646 	603 	603 	| 	 avg: 628.80
543 	|	578 	578 	578 	587 	587 	| 	 avg: 581.60
589 	|	645 	645 	645 	610 	610 	| 	 avg: 631.00
average initials 579.80	 average finals: 595.05
