pa_sorted_concat 1 1:
570 	|	927 	927 	927 	965 	965 	| 	 avg: 942.20
581 	|	947 	921 	921 	921 	921 	| 	 avg: 926.20
547 	|	899 	899 	899 	899 	885 	| 	 avg: 896.20
600 	|	949 	949 	949 	944 	944 	| 	 avg: 947.00
630 	|	1116 	1104 	1104 	1104 	1104 	| 	 avg: 1106.40
584 	|	937 	937 	937 	937 	942 	| 	 avg: 938.00
619 	|	968 	968 	968 	942 	942 	| 	 avg: 957.60
596 	|	999 	963 	963 	963 	963 	| 	 avg: 970.20
593 	|	940 	940 	940 	940 	936 	| 	 avg: 939.20
569 	|	934 	934 	934 	940 	940 	| 	 avg: 936.40
568 	|	942 	942 	942 	942 	942 	| 	 avg: 942.00
612 	|	936 	936 	936 	936 	936 	| 	 avg: 936.00
578 	|	912 	912 	912 	943 	943 	| 	 avg: 924.40
571 	|	933 	974 	974 	974 	974 	| 	 avg: 965.80
574 	|	930 	930 	930 	930 	930 	| 	 avg: 930.00
617 	|	936 	936 	936 	936 	990 	| 	 avg: 946.80
587 	|	1016 	1016 	1016 	950 	950 	| 	 avg: 989.60
626 	|	947 	956 	956 	956 	956 	| 	 avg: 954.20
572 	|	948 	948 	948 	948 	939 	| 	 avg: 946.20
604 	|	997 	997 	997 	1004 	1004 	| 	 avg: 999.80
average initials 589.90	 average finals: 954.40
