pa_unsorted_concat 0:
218 	|	216 	314 	272 	204 	348 	| 	 avg: 270.80
331 	|	241 	359 	195 	122 	239 	| 	 avg: 231.20
242 	|	333 	403 	243 	337 	116 	| 	 avg: 286.40
346 	|	570 	392 	209 	203 	398 	| 	 avg: 354.40
203 	|	298 	478 	427 	288 	373 	| 	 avg: 372.80
239 	|	192 	405 	547 	309 	297 	| 	 avg: 350.00
405 	|	314 	402 	236 	221 	206 	| 	 avg: 275.80
142 	|	88 	272 	241 	187 	109 	| 	 avg: 179.40
433 	|	258 	240 	303 	213 	226 	| 	 avg: 248.00
267 	|	229 	373 	120 	513 	359 	| 	 avg: 318.80
323 	|	246 	469 	300 	246 	262 	| 	 avg: 304.60
260 	|	290 	405 	177 	322 	213 	| 	 avg: 281.40
347 	|	154 	302 	157 	119 	121 	| 	 avg: 170.60
123 	|	279 	243 	371 	139 	241 	| 	 avg: 254.60
242 	|	304 	365 	198 	234 	233 	| 	 avg: 266.80
109 	|	195 	336 	329 	223 	299 	| 	 avg: 276.40
289 	|	399 	282 	178 	173 	269 	| 	 avg: 260.20
377 	|	440 	295 	242 	177 	114 	| 	 avg: 253.60
303 	|	301 	275 	372 	155 	473 	| 	 avg: 315.20
189 	|	380 	529 	326 	223 	298 	| 	 avg: 351.20
average initials   269	 average finals:   280
