pa_unsorted_concat 1:
204 	|	336 	414 	126 	145 	279 	| 	 avg: 260.00
248 	|	150 	252 	192 	390 	231 	| 	 avg: 243.00
188 	|	236 	268 	296 	272 	276 	| 	 avg: 269.60
122 	|	228 	246 	182 	359 	221 	| 	 avg: 247.20
290 	|	249 	219 	355 	274 	204 	| 	 avg: 260.20
234 	|	200 	467 	361 	269 	119 	| 	 avg: 283.20
190 	|	210 	317 	413 	182 	199 	| 	 avg: 264.20
279 	|	290 	175 	236 	248 	303 	| 	 avg: 250.40
245 	|	334 	178 	230 	349 	238 	| 	 avg: 265.80
135 	|	102 	294 	290 	229 	374 	| 	 avg: 257.80
352 	|	381 	219 	327 	237 	367 	| 	 avg: 306.20
139 	|	181 	383 	272 	307 	287 	| 	 avg: 286.00
131 	|	310 	230 	187 	135 	253 	| 	 avg: 223.00
438 	|	240 	475 	211 	441 	191 	| 	 avg: 311.60
217 	|	143 	312 	289 	379 	393 	| 	 avg: 303.20
112 	|	241 	134 	200 	329 	375 	| 	 avg: 255.80
121 	|	141 	208 	314 	255 	279 	| 	 avg: 239.40
343 	|	321 	237 	170 	138 	231 	| 	 avg: 219.40
331 	|	159 	316 	350 	336 	434 	| 	 avg: 319.00
258 	|	295 	142 	238 	295 	276 	| 	 avg: 249.20
average initials   228	 average finals:   265
