pa_sorted_simple 1:
370 	|	209 	131 	269 	175 	118 	| 	 avg: 180.40
248 	|	338 	290 	262 	316 	273 	| 	 avg: 295.80
243 	|	282 	400 	211 	263 	284 	| 	 avg: 288.00
216 	|	225 	153 	225 	254 	497 	| 	 avg: 270.80
271 	|	295 	402 	237 	377 	166 	| 	 avg: 295.40
181 	|	349 	169 	300 	176 	404 	| 	 avg: 279.60
291 	|	258 	307 	311 	135 	255 	| 	 avg: 253.20
275 	|	271 	368 	128 	251 	261 	| 	 avg: 255.80
199 	|	187 	290 	327 	362 	294 	| 	 avg: 292.00
312 	|	131 	183 	145 	326 	273 	| 	 avg: 211.60
180 	|	262 	323 	228 	332 	204 	| 	 avg: 269.80
504 	|	329 	356 	313 	255 	290 	| 	 avg: 308.60
436 	|	341 	99 	319 	413 	385 	| 	 avg: 311.40
368 	|	378 	480 	168 	209 	254 	| 	 avg: 297.80
314 	|	477 	252 	340 	606 	398 	| 	 avg: 414.60
412 	|	388 	242 	188 	296 	170 	| 	 avg: 256.80
193 	|	392 	296 	295 	335 	237 	| 	 avg: 311.00
271 	|	200 	318 	509 	150 	408 	| 	 avg: 317.00
360 	|	131 	348 	379 	456 	151 	| 	 avg: 293.00
271 	|	282 	262 	319 	268 	331 	| 	 avg: 292.40
average initials   295	 average finals:   284
