po_unsorted_concat 0:
304 	|	331 	328 	300 	304 	289 	| 	 avg: 310.40
305 	|	356 	281 	305 	326 	309 	| 	 avg: 315.40
297 	|	350 	345 	317 	305 	279 	| 	 avg: 319.20
315 	|	302 	302 	316 	316 	322 	| 	 avg: 311.60
300 	|	306 	622 	323 	299 	296 	| 	 avg: 369.20
288 	|	351 	314 	304 	279 	293 	| 	 avg: 308.20
290 	|	279 	274 	318 	334 	302 	| 	 avg: 301.40
298 	|	279 	297 	320 	285 	260 	| 	 avg: 288.20
312 	|	507 	296 	309 	325 	508 	| 	 avg: 389.00
308 	|	268 	286 	312 	320 	288 	| 	 avg: 294.80
267 	|	295 	335 	291 	303 	292 	| 	 avg: 303.20
432 	|	290 	316 	321 	306 	308 	| 	 avg: 308.20
330 	|	288 	341 	313 	276 	485 	| 	 avg: 340.60
326 	|	291 	269 	289 	315 	301 	| 	 avg: 293.00
311 	|	285 	288 	433 	279 	297 	| 	 avg: 316.40
289 	|	332 	288 	295 	305 	300 	| 	 avg: 304.00
260 	|	324 	266 	281 	473 	306 	| 	 avg: 330.00
309 	|	286 	289 	276 	324 	272 	| 	 avg: 289.40
381 	|	285 	306 	327 	328 	317 	| 	 avg: 312.60
315 	|	338 	320 	321 	317 	282 	| 	 avg: 315.60
average initials 311.85	 average finals: 315.70
