po_unsorted_concat 1:
317 	|	280 	343 	338 	318 	272 	| 	 avg: 310.20
324 	|	319 	327 	272 	310 	285 	| 	 avg: 302.60
293 	|	291 	292 	307 	285 	310 	| 	 avg: 297.00
282 	|	284 	304 	311 	470 	289 	| 	 avg: 331.60
316 	|	317 	287 	289 	299 	269 	| 	 avg: 292.20
310 	|	299 	302 	298 	290 	305 	| 	 avg: 298.80
281 	|	447 	337 	312 	283 	281 	| 	 avg: 332.00
312 	|	288 	290 	488 	273 	304 	| 	 avg: 328.60
327 	|	305 	314 	303 	341 	305 	| 	 avg: 313.60
316 	|	299 	328 	293 	293 	278 	| 	 avg: 298.20
334 	|	269 	305 	315 	298 	337 	| 	 avg: 304.80
283 	|	534 	326 	335 	291 	320 	| 	 avg: 361.20
295 	|	307 	322 	308 	269 	302 	| 	 avg: 301.60
302 	|	318 	291 	327 	272 	289 	| 	 avg: 299.40
272 	|	274 	307 	318 	338 	315 	| 	 avg: 310.40
324 	|	343 	298 	317 	304 	313 	| 	 avg: 315.00
331 	|	333 	299 	302 	335 	285 	| 	 avg: 310.80
271 	|	358 	305 	298 	308 	296 	| 	 avg: 313.00
297 	|	310 	326 	301 	281 	472 	| 	 avg: 338.00
303 	|	311 	283 	320 	272 	320 	| 	 avg: 301.20
average initials 304.50	 average finals: 312.65
