po_unsorted_concat 1:
311 	|	314 	342 	346 	338 	280 	| 	 avg: 324.00
321 	|	463 	501 	307 	280 	302 	| 	 avg: 370.60
255 	|	328 	288 	341 	284 	285 	| 	 avg: 305.20
313 	|	332 	294 	324 	301 	286 	| 	 avg: 307.40
338 	|	287 	312 	280 	287 	324 	| 	 avg: 298.00
302 	|	448 	304 	304 	292 	368 	| 	 avg: 343.20
306 	|	287 	323 	292 	371 	294 	| 	 avg: 313.40
321 	|	311 	315 	316 	299 	310 	| 	 avg: 310.20
302 	|	289 	274 	320 	309 	272 	| 	 avg: 292.80
321 	|	274 	364 	288 	294 	412 	| 	 avg: 326.40
319 	|	312 	283 	317 	299 	298 	| 	 avg: 301.80
303 	|	298 	340 	299 	285 	296 	| 	 avg: 303.60
285 	|	292 	273 	557 	345 	292 	| 	 avg: 351.80
297 	|	326 	300 	300 	276 	314 	| 	 avg: 303.20
298 	|	288 	321 	310 	308 	309 	| 	 avg: 307.20
318 	|	283 	583 	283 	305 	293 	| 	 avg: 349.40
309 	|	299 	278 	327 	343 	323 	| 	 avg: 314.00
309 	|	301 	275 	292 	296 	270 	| 	 avg: 286.80
317 	|	340 	298 	326 	315 	310 	| 	 avg: 317.80
506 	|	297 	340 	291 	324 	261 	| 	 avg: 302.60
average initials 317.55	 average finals: 316.05
