po_unsorted_concat 0:
279 	|	338 	300 	282 	301 	290 	| 	 avg: 302.20
307 	|	304 	396 	298 	331 	281 	| 	 avg: 322.00
290 	|	276 	303 	288 	279 	287 	| 	 avg: 286.60
330 	|	289 	312 	291 	319 	308 	| 	 avg: 303.80
306 	|	291 	303 	289 	293 	319 	| 	 avg: 299.00
308 	|	318 	299 	327 	300 	319 	| 	 avg: 312.60
300 	|	294 	300 	327 	310 	286 	| 	 avg: 303.40
321 	|	305 	308 	328 	304 	352 	| 	 avg: 319.40
288 	|	301 	311 	295 	296 	279 	| 	 avg: 296.40
340 	|	306 	306 	332 	330 	335 	| 	 avg: 321.80
294 	|	325 	287 	281 	295 	313 	| 	 avg: 300.20
333 	|	292 	294 	302 	315 	321 	| 	 avg: 304.80
450 	|	312 	288 	292 	335 	275 	| 	 avg: 300.40
303 	|	301 	291 	280 	300 	313 	| 	 avg: 297.00
296 	|	454 	314 	318 	345 	333 	| 	 avg: 352.80
302 	|	360 	318 	302 	313 	286 	| 	 avg: 315.80
313 	|	289 	294 	267 	258 	302 	| 	 avg: 282.00
321 	|	274 	324 	309 	300 	295 	| 	 avg: 300.40
287 	|	349 	300 	293 	315 	369 	| 	 avg: 325.20
274 	|	291 	299 	296 	283 	313 	| 	 avg: 296.40
average initials 312.10	 average finals: 306.70
