pa_unsorted_concat 0:
324 	|	294 	306 	290 	263 	307 	| 	 avg: 292.00
337 	|	302 	287 	360 	308 	333 	| 	 avg: 318.00
312 	|	306 	296 	272 	296 	268 	| 	 avg: 287.60
659 	|	320 	338 	300 	300 	307 	| 	 avg: 313.00
282 	|	354 	306 	278 	313 	300 	| 	 avg: 310.20
344 	|	534 	283 	322 	295 	289 	| 	 avg: 344.60
317 	|	290 	275 	305 	578 	283 	| 	 avg: 346.20
309 	|	301 	296 	318 	277 	318 	| 	 avg: 302.00
333 	|	272 	324 	270 	347 	288 	| 	 avg: 300.20
340 	|	315 	297 	292 	327 	306 	| 	 avg: 307.40
288 	|	315 	263 	332 	294 	285 	| 	 avg: 297.80
287 	|	365 	266 	333 	358 	333 	| 	 avg: 331.00
307 	|	302 	292 	298 	316 	299 	| 	 avg: 301.40
301 	|	295 	284 	309 	297 	347 	| 	 avg: 306.40
288 	|	317 	295 	297 	271 	286 	| 	 avg: 293.20
290 	|	323 	290 	375 	267 	340 	| 	 avg: 319.00
499 	|	328 	307 	277 	350 	298 	| 	 avg: 312.00
329 	|	302 	333 	338 	301 	289 	| 	 avg: 312.60
289 	|	281 	300 	286 	434 	332 	| 	 avg: 326.60
308 	|	465 	296 	473 	297 	269 	| 	 avg: 360.00
average initials 337.15	 average finals: 313.80
