po_sorted_mix 1 0:
280 	|	327 	321 	298 	303 	503 	| 	 avg: 350.40
394 	|	371 	340 	356 	296 	274 	| 	 avg: 327.40
295 	|	282 	297 	313 	284 	282 	| 	 avg: 291.60
456 	|	361 	266 	304 	297 	290 	| 	 avg: 303.60
296 	|	311 	303 	300 	355 	293 	| 	 avg: 312.40
330 	|	320 	297 	326 	326 	364 	| 	 avg: 326.60
392 	|	322 	292 	310 	279 	300 	| 	 avg: 300.60
290 	|	314 	284 	309 	303 	359 	| 	 avg: 313.80
273 	|	308 	309 	310 	328 	316 	| 	 avg: 314.20
342 	|	283 	433 	318 	313 	313 	| 	 avg: 332.00
291 	|	303 	290 	300 	312 	264 	| 	 avg: 293.80
300 	|	346 	326 	318 	360 	322 	| 	 avg: 334.40
343 	|	317 	340 	289 	313 	300 	| 	 avg: 311.80
284 	|	302 	291 	300 	338 	342 	| 	 avg: 314.60
275 	|	311 	284 	295 	300 	293 	| 	 avg: 296.60
330 	|	300 	308 	318 	293 	312 	| 	 avg: 306.20
314 	|	305 	313 	301 	288 	308 	| 	 avg: 303.00
361 	|	290 	295 	330 	308 	289 	| 	 avg: 302.40
305 	|	289 	354 	318 	297 	300 	| 	 avg: 311.60
305 	|	315 	286 	268 	302 	294 	| 	 avg: 293.00
average initials 322.80	 average finals: 311.55
