pa_sorted_mix 1 0:
271 	|	293 	325 	324 	334 	315 	| 	 avg: 318.20
297 	|	320 	319 	283 	346 	294 	| 	 avg: 312.40
286 	|	317 	306 	274 	318 	319 	| 	 avg: 306.80
319 	|	291 	523 	299 	320 	338 	| 	 avg: 354.20
308 	|	317 	329 	336 	309 	292 	| 	 avg: 316.60
274 	|	298 	283 	335 	287 	290 	| 	 avg: 298.60
308 	|	338 	291 	289 	264 	289 	| 	 avg: 294.20
280 	|	315 	312 	300 	293 	314 	| 	 avg: 306.80
287 	|	277 	344 	290 	289 	305 	| 	 avg: 301.00
298 	|	291 	309 	296 	294 	313 	| 	 avg: 300.60
302 	|	347 	461 	355 	309 	287 	| 	 avg: 351.80
332 	|	271 	301 	517 	300 	296 	| 	 avg: 337.00
323 	|	287 	453 	313 	290 	264 	| 	 avg: 321.40
295 	|	290 	316 	346 	329 	412 	| 	 avg: 338.60
275 	|	288 	319 	321 	311 	273 	| 	 avg: 302.40
292 	|	502 	319 	319 	299 	319 	| 	 avg: 351.60
277 	|	308 	312 	299 	304 	311 	| 	 avg: 306.80
310 	|	302 	290 	339 	362 	524 	| 	 avg: 363.40
344 	|	286 	321 	477 	310 	369 	| 	 avg: 352.60
329 	|	257 	289 	293 	325 	309 	| 	 avg: 294.60
average initials 300.35	 average finals: 321.00
