pa_unsorted_concat 1:
474 	|	307 	308 	337 	288 	313 	| 	 avg: 310.60
330 	|	319 	288 	335 	307 	316 	| 	 avg: 313.00
310 	|	318 	270 	289 	300 	313 	| 	 avg: 298.00
397 	|	281 	278 	273 	352 	357 	| 	 avg: 308.20
330 	|	321 	278 	288 	338 	289 	| 	 avg: 302.80
293 	|	281 	308 	313 	311 	332 	| 	 avg: 309.00
293 	|	284 	323 	297 	299 	268 	| 	 avg: 294.20
281 	|	345 	366 	316 	562 	277 	| 	 avg: 373.20
321 	|	325 	337 	287 	292 	298 	| 	 avg: 307.80
284 	|	278 	333 	289 	292 	295 	| 	 avg: 297.40
314 	|	303 	264 	304 	304 	295 	| 	 avg: 294.00
305 	|	278 	287 	301 	286 	274 	| 	 avg: 285.20
290 	|	305 	342 	333 	290 	315 	| 	 avg: 317.00
287 	|	286 	270 	321 	315 	324 	| 	 avg: 303.20
319 	|	298 	370 	287 	315 	331 	| 	 avg: 320.20
275 	|	258 	313 	289 	320 	318 	| 	 avg: 299.60
293 	|	296 	314 	287 	303 	333 	| 	 avg: 306.60
318 	|	317 	291 	324 	312 	285 	| 	 avg: 305.80
295 	|	286 	316 	293 	312 	306 	| 	 avg: 302.60
304 	|	306 	334 	350 	324 	305 	| 	 avg: 323.80
average initials 315.65	 average finals: 308.25
