pa_sorted_mix 0 1:
310 	|	324 	322 	279 	314 	299 	| 	 avg: 307.60
305 	|	293 	348 	334 	321 	297 	| 	 avg: 318.60
260 	|	286 	492 	328 	296 	317 	| 	 avg: 343.80
292 	|	265 	290 	309 	323 	322 	| 	 avg: 301.80
354 	|	315 	348 	534 	325 	320 	| 	 avg: 368.40
301 	|	332 	307 	296 	289 	297 	| 	 avg: 304.20
260 	|	319 	316 	306 	273 	293 	| 	 avg: 301.40
290 	|	315 	299 	303 	328 	328 	| 	 avg: 314.60
277 	|	305 	327 	314 	314 	292 	| 	 avg: 310.40
303 	|	317 	269 	292 	458 	350 	| 	 avg: 337.20
295 	|	367 	321 	265 	291 	302 	| 	 avg: 309.20
368 	|	299 	280 	294 	285 	306 	| 	 avg: 292.80
321 	|	304 	310 	301 	282 	329 	| 	 avg: 305.20
313 	|	353 	283 	298 	316 	297 	| 	 avg: 309.40
293 	|	301 	302 	288 	338 	272 	| 	 avg: 300.20
426 	|	290 	299 	295 	296 	299 	| 	 avg: 295.80
310 	|	276 	335 	341 	314 	295 	| 	 avg: 312.20
298 	|	307 	275 	316 	272 	316 	| 	 avg: 297.20
294 	|	303 	299 	319 	403 	290 	| 	 avg: 322.80
290 	|	290 	363 	317 	319 	291 	| 	 avg: 316.00
average initials 308.00	 average finals: 313.00
