po_sorted_mix 0 1:
317 	|	327 	283 	486 	325 	318 	| 	 avg: 347.80
291 	|	273 	316 	318 	336 	305 	| 	 avg: 309.60
294 	|	313 	306 	270 	294 	509 	| 	 avg: 338.40
336 	|	333 	320 	289 	296 	312 	| 	 avg: 310.00
283 	|	319 	472 	264 	276 	288 	| 	 avg: 323.80
292 	|	298 	278 	283 	414 	328 	| 	 avg: 320.20
297 	|	279 	282 	329 	293 	319 	| 	 avg: 300.40
306 	|	314 	271 	306 	305 	286 	| 	 avg: 296.40
297 	|	331 	283 	269 	250 	578 	| 	 avg: 342.20
281 	|	319 	293 	356 	290 	276 	| 	 avg: 306.80
330 	|	306 	300 	309 	294 	290 	| 	 avg: 299.80
281 	|	343 	312 	306 	345 	293 	| 	 avg: 319.80
295 	|	297 	293 	302 	280 	271 	| 	 avg: 288.60
311 	|	277 	376 	301 	311 	324 	| 	 avg: 317.80
306 	|	307 	294 	283 	300 	295 	| 	 avg: 295.80
293 	|	328 	293 	273 	285 	315 	| 	 avg: 298.80
310 	|	296 	444 	301 	291 	307 	| 	 avg: 327.80
314 	|	300 	322 	311 	294 	303 	| 	 avg: 306.00
293 	|	318 	313 	297 	277 	288 	| 	 avg: 298.60
341 	|	335 	386 	325 	281 	505 	| 	 avg: 366.40
average initials 303.40	 average finals: 315.20
