po_sorted_mix 0 0:
328 	|	352 	313 	315 	319 	327 	| 	 avg: 325.20
300 	|	309 	268 	375 	322 	293 	| 	 avg: 313.40
332 	|	360 	315 	320 	296 	319 	| 	 avg: 322.00
311 	|	341 	303 	302 	318 	323 	| 	 avg: 317.40
287 	|	306 	320 	296 	341 	324 	| 	 avg: 317.40
293 	|	291 	307 	279 	299 	297 	| 	 avg: 294.60
316 	|	308 	298 	320 	319 	321 	| 	 avg: 313.20
289 	|	300 	574 	419 	303 	306 	| 	 avg: 380.40
326 	|	312 	324 	318 	274 	307 	| 	 avg: 307.00
337 	|	300 	316 	308 	310 	298 	| 	 avg: 306.40
437 	|	312 	449 	297 	300 	359 	| 	 avg: 343.40
275 	|	296 	317 	322 	269 	299 	| 	 avg: 300.60
284 	|	305 	453 	317 	319 	305 	| 	 avg: 339.80
287 	|	324 	328 	301 	287 	296 	| 	 avg: 307.20
313 	|	305 	274 	273 	310 	303 	| 	 avg: 293.00
332 	|	316 	283 	303 	278 	311 	| 	 avg: 298.20
307 	|	306 	334 	288 	294 	306 	| 	 avg: 305.60
296 	|	311 	290 	301 	283 	316 	| 	 avg: 300.20
295 	|	288 	307 	344 	325 	309 	| 	 avg: 314.60
330 	|	317 	268 	290 	326 	289 	| 	 avg: 298.00
average initials 313.75	 average finals: 314.55
