pa_unsorted_concat 0:
364 	|	313 	299 	389 	300 	281 	| 	 avg: 316.40
294 	|	322 	316 	329 	324 	299 	| 	 avg: 318.00
264 	|	320 	281 	333 	296 	300 	| 	 avg: 306.00
308 	|	312 	333 	302 	305 	302 	| 	 avg: 310.80
318 	|	560 	326 	309 	286 	299 	| 	 avg: 356.00
308 	|	297 	280 	313 	297 	301 	| 	 avg: 297.60
325 	|	300 	336 	298 	344 	294 	| 	 avg: 314.40
289 	|	304 	286 	311 	289 	296 	| 	 avg: 297.20
318 	|	340 	252 	337 	279 	296 	| 	 avg: 300.80
327 	|	300 	301 	283 	551 	308 	| 	 avg: 348.60
337 	|	334 	301 	316 	301 	304 	| 	 avg: 311.20
268 	|	293 	322 	325 	293 	299 	| 	 avg: 306.40
293 	|	299 	308 	323 	298 	302 	| 	 avg: 306.00
315 	|	310 	316 	312 	307 	309 	| 	 avg: 310.80
488 	|	257 	309 	325 	301 	281 	| 	 avg: 294.60
293 	|	307 	283 	285 	322 	296 	| 	 avg: 298.60
290 	|	274 	281 	265 	322 	326 	| 	 avg: 293.60
307 	|	339 	676 	302 	315 	320 	| 	 avg: 390.40
337 	|	323 	280 	316 	289 	293 	| 	 avg: 300.20
295 	|	374 	315 	327 	292 	263 	| 	 avg: 314.20
average initials 316.90	 average finals: 314.20
