pa_sorted_mix 0 0:
330 	|	291 	327 	317 	307 	304 	| 	 avg: 309.20
310 	|	304 	284 	303 	305 	317 	| 	 avg: 302.60
292 	|	343 	489 	361 	284 	317 	| 	 avg: 358.80
316 	|	310 	309 	324 	308 	321 	| 	 avg: 314.40
323 	|	295 	298 	283 	303 	291 	| 	 avg: 294.00
314 	|	314 	296 	303 	287 	311 	| 	 avg: 302.20
304 	|	293 	291 	293 	301 	287 	| 	 avg: 293.00
370 	|	302 	299 	289 	300 	285 	| 	 avg: 295.00
303 	|	279 	354 	308 	514 	293 	| 	 avg: 349.60
295 	|	278 	292 	482 	328 	295 	| 	 avg: 335.00
283 	|	336 	281 	310 	299 	321 	| 	 avg: 309.40
317 	|	296 	342 	317 	304 	342 	| 	 avg: 320.20
288 	|	285 	280 	318 	322 	302 	| 	 avg: 301.40
295 	|	321 	300 	375 	290 	298 	| 	 avg: 316.80
274 	|	311 	294 	345 	319 	292 	| 	 avg: 312.20
322 	|	290 	443 	333 	406 	365 	| 	 avg: 367.40
311 	|	293 	332 	304 	301 	450 	| 	 avg: 336.00
331 	|	294 	337 	295 	288 	282 	| 	 avg: 299.20
310 	|	288 	293 	307 	301 	319 	| 	 avg: 301.60
293 	|	320 	295 	309 	425 	303 	| 	 avg: 330.40
average initials 309.05	 average finals: 317.10
