pa_unsorted_concat 1:
289 	|	304 	326 	458 	301 	322 	| 	 avg: 342.20
317 	|	302 	322 	327 	331 	287 	| 	 avg: 313.80
327 	|	328 	340 	332 	400 	548 	| 	 avg: 389.60
334 	|	567 	328 	314 	327 	275 	| 	 avg: 362.20
302 	|	472 	296 	311 	293 	301 	| 	 avg: 334.60
311 	|	315 	290 	314 	301 	328 	| 	 avg: 309.60
308 	|	268 	284 	300 	306 	310 	| 	 avg: 293.60
321 	|	351 	384 	309 	293 	325 	| 	 avg: 332.40
326 	|	306 	291 	357 	299 	292 	| 	 avg: 309.00
329 	|	307 	305 	321 	267 	291 	| 	 avg: 298.20
306 	|	312 	349 	300 	302 	295 	| 	 avg: 311.60
305 	|	273 	337 	306 	305 	318 	| 	 avg: 307.80
302 	|	288 	322 	290 	269 	306 	| 	 avg: 295.00
419 	|	284 	593 	495 	282 	299 	| 	 avg: 390.60
285 	|	324 	281 	300 	293 	298 	| 	 avg: 299.20
353 	|	309 	323 	318 	331 	274 	| 	 avg: 311.00
378 	|	324 	302 	446 	296 	290 	| 	 avg: 331.60
241 	|	314 	284 	356 	325 	352 	| 	 avg: 326.20
312 	|	311 	301 	584 	307 	309 	| 	 avg: 362.40
299 	|	286 	279 	289 	306 	289 	| 	 avg: 289.80
average initials 318.20	 average finals: 325.10
