pa_sorted_mix 1 1:
307 	|	282 	309 	316 	327 	313 	| 	 avg: 309.40
326 	|	301 	290 	334 	305 	306 	| 	 avg: 307.20
322 	|	292 	350 	289 	304 	326 	| 	 avg: 312.20
294 	|	312 	291 	305 	320 	301 	| 	 avg: 305.80
305 	|	294 	338 	301 	311 	381 	| 	 avg: 325.00
367 	|	290 	295 	336 	320 	565 	| 	 avg: 361.20
304 	|	365 	345 	322 	295 	286 	| 	 avg: 322.60
348 	|	307 	326 	315 	302 	303 	| 	 avg: 310.60
433 	|	379 	303 	320 	295 	327 	| 	 avg: 324.80
369 	|	284 	270 	333 	316 	297 	| 	 avg: 300.00
414 	|	456 	262 	288 	281 	325 	| 	 avg: 322.40
322 	|	281 	302 	320 	326 	307 	| 	 avg: 307.20
279 	|	339 	281 	312 	312 	317 	| 	 avg: 312.20
268 	|	293 	406 	278 	291 	279 	| 	 avg: 309.40
454 	|	278 	288 	360 	306 	320 	| 	 avg: 310.40
301 	|	310 	298 	335 	330 	310 	| 	 avg: 316.60
304 	|	305 	274 	297 	288 	326 	| 	 avg: 298.00
310 	|	412 	315 	302 	325 	314 	| 	 avg: 333.60
337 	|	314 	292 	344 	298 	270 	| 	 avg: 303.60
294 	|	308 	304 	314 	311 	254 	| 	 avg: 298.20
average initials 332.90	 average finals: 314.15
