po_sorted_mix 1 1:
273 	|	315 	324 	462 	292 	576 	| 	 avg: 393.80
270 	|	290 	338 	317 	299 	302 	| 	 avg: 309.20
316 	|	265 	332 	499 	316 	320 	| 	 avg: 346.40
318 	|	292 	306 	283 	292 	306 	| 	 avg: 295.80
298 	|	309 	292 	280 	318 	351 	| 	 avg: 310.00
343 	|	282 	301 	303 	304 	300 	| 	 avg: 298.00
294 	|	305 	310 	594 	285 	284 	| 	 avg: 355.60
296 	|	303 	302 	306 	303 	278 	| 	 avg: 298.40
295 	|	322 	318 	280 	279 	527 	| 	 avg: 345.20
280 	|	298 	278 	313 	279 	302 	| 	 avg: 294.00
310 	|	335 	301 	291 	289 	263 	| 	 avg: 295.80
260 	|	318 	314 	288 	323 	315 	| 	 avg: 311.60
297 	|	278 	296 	303 	298 	292 	| 	 avg: 293.40
299 	|	343 	342 	366 	302 	324 	| 	 avg: 335.40
328 	|	442 	277 	304 	638 	307 	| 	 avg: 393.60
371 	|	305 	296 	311 	275 	292 	| 	 avg: 295.80
328 	|	287 	307 	320 	296 	316 	| 	 avg: 305.20
305 	|	343 	299 	334 	317 	298 	| 	 avg: 318.20
287 	|	303 	311 	296 	273 	327 	| 	 avg: 302.00
323 	|	311 	303 	295 	294 	295 	| 	 avg: 299.60
average initials 304.55	 average finals: 319.45
