po_unsorted_random:
297 	|	312 	277 	339 	325 	288 	| 	 avg: 308.20
340 	|	286 	459 	343 	299 	303 	| 	 avg: 338.00
287 	|	288 	352 	354 	575 	294 	| 	 avg: 372.60
300 	|	305 	283 	333 	285 	305 	| 	 avg: 302.20
286 	|	277 	299 	306 	303 	322 	| 	 avg: 301.40
352 	|	271 	323 	307 	311 	308 	| 	 avg: 304.00
289 	|	286 	296 	312 	330 	271 	| 	 avg: 299.00
303 	|	282 	283 	303 	302 	296 	| 	 avg: 293.20
268 	|	308 	310 	347 	307 	301 	| 	 avg: 314.60
301 	|	331 	287 	286 	322 	373 	| 	 avg: 319.80
298 	|	301 	331 	286 	298 	300 	| 	 avg: 303.20
291 	|	281 	274 	312 	309 	301 	| 	 avg: 295.40
297 	|	289 	311 	300 	346 	331 	| 	 avg: 315.40
271 	|	275 	342 	272 	294 	316 	| 	 avg: 299.80
300 	|	290 	294 	288 	292 	315 	| 	 avg: 295.80
314 	|	313 	310 	326 	340 	286 	| 	 avg: 315.00
323 	|	358 	294 	333 	324 	301 	| 	 avg: 322.00
310 	|	293 	297 	298 	306 	304 	| 	 avg: 299.60
315 	|	313 	313 	298 	308 	311 	| 	 avg: 308.60
315 	|	308 	324 	290 	343 	285 	| 	 avg: 310.00
average initials 302.85	 average finals: 310.55
