po_unsorted_random:
289 	|	319 	322 	311 	317 	363 	| 	 avg: 326.40
336 	|	312 	301 	326 	292 	308 	| 	 avg: 307.80
291 	|	296 	632 	279 	324 	293 	| 	 avg: 364.80
310 	|	352 	302 	317 	313 	327 	| 	 avg: 322.20
291 	|	296 	298 	280 	281 	332 	| 	 avg: 297.40
305 	|	342 	320 	314 	307 	410 	| 	 avg: 338.60
307 	|	345 	333 	270 	266 	309 	| 	 avg: 304.60
456 	|	299 	319 	323 	352 	285 	| 	 avg: 315.60
302 	|	270 	309 	346 	304 	313 	| 	 avg: 308.40
298 	|	284 	279 	282 	283 	347 	| 	 avg: 295.00
270 	|	316 	444 	333 	337 	324 	| 	 avg: 350.80
317 	|	302 	315 	298 	304 	308 	| 	 avg: 305.40
309 	|	456 	258 	327 	297 	302 	| 	 avg: 328.00
319 	|	301 	291 	312 	264 	388 	| 	 avg: 311.20
312 	|	298 	302 	313 	298 	302 	| 	 avg: 302.60
287 	|	316 	357 	275 	287 	291 	| 	 avg: 305.20
302 	|	311 	318 	297 	283 	345 	| 	 avg: 310.80
265 	|	303 	309 	272 	255 	309 	| 	 avg: 289.60
262 	|	308 	494 	275 	314 	310 	| 	 avg: 340.20
308 	|	315 	298 	292 	312 	290 	| 	 avg: 301.40
average initials 306.80	 average finals: 315.85
