po_unsorted_random:
352 	|	276 	321 	314 	367 	306 	| 	 avg: 316.80
282 	|	252 	287 	290 	270 	304 	| 	 avg: 280.60
292 	|	268 	256 	307 	274 	338 	| 	 avg: 288.60
306 	|	350 	322 	317 	295 	349 	| 	 avg: 326.60
320 	|	285 	297 	298 	290 	306 	| 	 avg: 295.20
313 	|	289 	328 	303 	348 	306 	| 	 avg: 314.80
326 	|	303 	309 	281 	280 	323 	| 	 avg: 299.20
344 	|	285 	309 	293 	296 	263 	| 	 avg: 289.20
331 	|	316 	290 	299 	440 	348 	| 	 avg: 338.60
297 	|	296 	287 	293 	355 	316 	| 	 avg: 309.40
311 	|	349 	312 	292 	294 	278 	| 	 avg: 305.00
309 	|	270 	285 	286 	267 	309 	| 	 avg: 283.40
310 	|	338 	312 	354 	282 	325 	| 	 avg: 322.20
316 	|	299 	293 	285 	268 	314 	| 	 avg: 291.80
298 	|	312 	312 	282 	307 	322 	| 	 avg: 307.00
277 	|	271 	279 	316 	293 	314 	| 	 avg: 294.60
330 	|	292 	442 	271 	322 	304 	| 	 avg: 326.20
303 	|	332 	360 	264 	304 	294 	| 	 avg: 310.80
303 	|	326 	287 	305 	344 	302 	| 	 avg: 312.80
324 	|	303 	324 	320 	355 	523 	| 	 avg: 365.00
average initials 312.20	 average finals: 308.45
