po_unsorted_random:
302 	|	507 	341 	299 	282 	318 	| 	 avg: 349.40
327 	|	294 	296 	338 	306 	285 	| 	 avg: 303.80
308 	|	291 	305 	311 	306 	300 	| 	 avg: 302.60
402 	|	291 	305 	313 	306 	315 	| 	 avg: 306.00
329 	|	297 	281 	295 	294 	292 	| 	 avg: 291.80
323 	|	308 	308 	290 	297 	291 	| 	 avg: 298.80
312 	|	284 	314 	289 	329 	329 	| 	 avg: 309.00
284 	|	468 	298 	300 	303 	274 	| 	 avg: 328.60
402 	|	284 	333 	295 	286 	361 	| 	 avg: 311.80
410 	|	308 	301 	278 	310 	287 	| 	 avg: 296.80
276 	|	282 	284 	311 	344 	283 	| 	 avg: 300.80
311 	|	344 	307 	292 	283 	300 	| 	 avg: 305.20
297 	|	297 	369 	302 	325 	320 	| 	 avg: 322.60
318 	|	319 	317 	310 	314 	282 	| 	 avg: 308.40
281 	|	457 	304 	274 	283 	294 	| 	 avg: 322.40
420 	|	464 	312 	292 	379 	299 	| 	 avg: 349.20
256 	|	294 	328 	275 	279 	325 	| 	 avg: 300.20
320 	|	315 	289 	282 	288 	280 	| 	 avg: 290.80
304 	|	309 	274 	308 	294 	317 	| 	 avg: 300.40
264 	|	341 	301 	288 	321 	300 	| 	 avg: 310.20
average initials 322.30	 average finals: 309.95
