pa_unsorted_random:
289 	|	283 	479 	313 	312 	354 	| 	 avg: 348.20
292 	|	313 	294 	319 	435 	293 	| 	 avg: 330.80
372 	|	340 	273 	285 	299 	366 	| 	 avg: 312.60
323 	|	268 	310 	309 	303 	287 	| 	 avg: 295.40
338 	|	321 	288 	266 	276 	299 	| 	 avg: 290.00
329 	|	291 	324 	275 	315 	291 	| 	 avg: 299.20
322 	|	342 	343 	380 	304 	303 	| 	 avg: 334.40
299 	|	290 	293 	304 	329 	309 	| 	 avg: 305.00
288 	|	321 	347 	291 	305 	323 	| 	 avg: 317.40
296 	|	289 	316 	319 	325 	271 	| 	 avg: 304.00
261 	|	305 	281 	331 	312 	470 	| 	 avg: 339.80
295 	|	320 	296 	307 	303 	327 	| 	 avg: 310.60
306 	|	308 	304 	304 	392 	306 	| 	 avg: 322.80
293 	|	317 	380 	282 	273 	496 	| 	 avg: 349.60
251 	|	287 	526 	300 	447 	289 	| 	 avg: 369.80
284 	|	325 	310 	330 	289 	321 	| 	 avg: 315.00
346 	|	309 	306 	347 	348 	309 	| 	 avg: 323.80
329 	|	288 	312 	317 	301 	321 	| 	 avg: 307.80
300 	|	287 	300 	321 	296 	477 	| 	 avg: 336.20
293 	|	319 	296 	377 	296 	321 	| 	 avg: 321.80
average initials 305.30	 average finals: 321.25
