pa_unsorted_random:
296 	|	295 	305 	291 	305 	291 	| 	 avg: 297.40
336 	|	292 	291 	289 	300 	329 	| 	 avg: 300.20
323 	|	312 	302 	301 	294 	303 	| 	 avg: 302.40
296 	|	273 	307 	306 	483 	280 	| 	 avg: 329.80
454 	|	639 	292 	543 	337 	294 	| 	 avg: 421.00
320 	|	295 	308 	307 	361 	299 	| 	 avg: 314.00
310 	|	309 	307 	287 	315 	346 	| 	 avg: 312.80
280 	|	319 	332 	439 	324 	317 	| 	 avg: 346.20
306 	|	313 	294 	310 	315 	294 	| 	 avg: 305.20
297 	|	292 	327 	293 	296 	292 	| 	 avg: 300.00
295 	|	308 	300 	259 	322 	283 	| 	 avg: 294.40
304 	|	274 	293 	326 	346 	289 	| 	 avg: 305.60
321 	|	283 	285 	312 	340 	310 	| 	 avg: 306.00
303 	|	288 	303 	324 	274 	337 	| 	 avg: 305.20
331 	|	360 	340 	298 	308 	319 	| 	 avg: 325.00
290 	|	289 	297 	442 	455 	306 	| 	 avg: 357.80
305 	|	297 	293 	285 	331 	312 	| 	 avg: 303.60
328 	|	304 	316 	311 	343 	303 	| 	 avg: 315.40
271 	|	290 	303 	398 	316 	296 	| 	 avg: 320.60
282 	|	320 	285 	306 	321 	319 	| 	 avg: 310.20
average initials 312.40	 average finals: 318.30
