pa_unsorted_random:
363 	|	321 	298 	322 	289 	307 	| 	 avg: 307.40
305 	|	337 	284 	467 	479 	493 	| 	 avg: 412.00
281 	|	308 	298 	317 	301 	289 	| 	 avg: 302.60
298 	|	466 	300 	294 	321 	313 	| 	 avg: 338.80
303 	|	311 	305 	268 	314 	287 	| 	 avg: 297.00
290 	|	333 	345 	305 	357 	281 	| 	 avg: 324.20
300 	|	287 	276 	297 	302 	318 	| 	 avg: 296.00
303 	|	312 	291 	296 	316 	253 	| 	 avg: 293.60
349 	|	301 	309 	321 	325 	322 	| 	 avg: 315.60
310 	|	332 	325 	286 	518 	321 	| 	 avg: 356.40
327 	|	301 	303 	325 	303 	328 	| 	 avg: 312.00
320 	|	331 	332 	285 	300 	266 	| 	 avg: 302.80
331 	|	328 	314 	262 	312 	368 	| 	 avg: 316.80
305 	|	494 	295 	304 	298 	288 	| 	 avg: 335.80
282 	|	309 	291 	281 	306 	317 	| 	 avg: 300.80
317 	|	317 	293 	324 	327 	315 	| 	 avg: 315.20
296 	|	299 	293 	476 	319 	272 	| 	 avg: 331.80
302 	|	300 	339 	309 	331 	276 	| 	 avg: 311.00
290 	|	333 	320 	286 	312 	293 	| 	 avg: 308.80
267 	|	326 	278 	373 	337 	306 	| 	 avg: 324.00
average initials 306.95	 average finals: 319.70
