pa_unsorted_random:
287 	|	300 	286 	315 	323 	297 	| 	 avg: 304.20
271 	|	485 	282 	329 	340 	279 	| 	 avg: 343.00
423 	|	331 	452 	287 	311 	297 	| 	 avg: 335.60
350 	|	301 	333 	338 	333 	460 	| 	 avg: 353.00
494 	|	310 	301 	306 	301 	309 	| 	 avg: 305.40
293 	|	327 	273 	307 	302 	289 	| 	 avg: 299.60
295 	|	309 	308 	271 	311 	283 	| 	 avg: 296.40
309 	|	310 	308 	528 	296 	305 	| 	 avg: 349.40
252 	|	303 	299 	321 	299 	306 	| 	 avg: 305.60
262 	|	260 	299 	299 	328 	272 	| 	 avg: 291.60
293 	|	312 	294 	288 	462 	325 	| 	 avg: 336.20
336 	|	300 	281 	314 	316 	289 	| 	 avg: 300.00
330 	|	279 	292 	280 	293 	273 	| 	 avg: 283.40
327 	|	306 	304 	311 	581 	291 	| 	 avg: 358.60
303 	|	336 	331 	318 	291 	276 	| 	 avg: 310.40
293 	|	337 	340 	295 	308 	297 	| 	 avg: 315.40
293 	|	269 	328 	326 	295 	511 	| 	 avg: 345.80
289 	|	281 	354 	260 	308 	276 	| 	 avg: 295.80
314 	|	299 	382 	441 	293 	275 	| 	 avg: 338.00
313 	|	336 	310 	295 	581 	294 	| 	 avg: 363.20
average initials 316.35	 average finals: 321.15
