po_unsorted_mix 0:
306 	|	304 	366 	434 	296 	285 	| 	 avg: 337.00
304 	|	315 	304 	307 	301 	290 	| 	 avg: 303.40
476 	|	276 	285 	339 	329 	272 	| 	 avg: 300.20
294 	|	324 	279 	283 	324 	300 	| 	 avg: 302.00
309 	|	515 	331 	265 	309 	316 	| 	 avg: 347.20
327 	|	292 	310 	305 	298 	308 	| 	 avg: 302.60
276 	|	280 	308 	319 	308 	286 	| 	 avg: 300.20
300 	|	313 	270 	266 	317 	291 	| 	 avg: 291.40
289 	|	287 	341 	285 	340 	306 	| 	 avg: 311.80
319 	|	534 	306 	301 	296 	304 	| 	 avg: 348.20
337 	|	305 	300 	257 	281 	299 	| 	 avg: 288.40
324 	|	278 	304 	297 	325 	312 	| 	 avg: 303.20
420 	|	311 	306 	376 	305 	312 	| 	 avg: 322.00
300 	|	289 	320 	289 	447 	301 	| 	 avg: 329.20
299 	|	262 	312 	303 	323 	278 	| 	 avg: 295.60
307 	|	283 	446 	380 	298 	310 	| 	 avg: 343.40
292 	|	308 	290 	283 	337 	290 	| 	 avg: 301.60
375 	|	351 	274 	308 	282 	304 	| 	 avg: 303.80
296 	|	360 	288 	313 	329 	297 	| 	 avg: 317.40
295 	|	328 	319 	473 	299 	287 	| 	 avg: 341.20
average initials 322.25	 average finals: 314.15
