po_unsorted_mix 1:
298 	|	288 	313 	312 	358 	309 	| 	 avg: 316.00
305 	|	295 	312 	454 	315 	476 	| 	 avg: 370.40
308 	|	373 	308 	532 	280 	304 	| 	 avg: 359.40
298 	|	304 	292 	292 	312 	301 	| 	 avg: 300.20
325 	|	295 	290 	295 	304 	330 	| 	 avg: 302.80
303 	|	337 	311 	385 	285 	335 	| 	 avg: 330.60
313 	|	367 	317 	297 	335 	500 	| 	 avg: 363.20
278 	|	320 	296 	338 	300 	303 	| 	 avg: 311.40
272 	|	356 	303 	279 	316 	288 	| 	 avg: 308.40
302 	|	314 	294 	320 	318 	294 	| 	 avg: 308.00
500 	|	292 	312 	310 	285 	284 	| 	 avg: 296.60
507 	|	278 	309 	295 	295 	304 	| 	 avg: 296.20
295 	|	296 	316 	316 	299 	306 	| 	 avg: 306.60
302 	|	328 	286 	285 	291 	283 	| 	 avg: 294.60
410 	|	560 	288 	302 	319 	324 	| 	 avg: 358.60
275 	|	305 	330 	253 	301 	452 	| 	 avg: 328.20
290 	|	313 	312 	299 	457 	356 	| 	 avg: 347.40
309 	|	303 	288 	335 	286 	314 	| 	 avg: 305.20
285 	|	375 	303 	297 	332 	298 	| 	 avg: 321.00
318 	|	289 	292 	280 	302 	310 	| 	 avg: 294.60
average initials 324.65	 average finals: 320.60
