po_unsorted_mix 0:
327 	|	296 	291 	333 	307 	280 	| 	 avg: 301.40
292 	|	309 	288 	302 	292 	302 	| 	 avg: 298.60
286 	|	313 	314 	277 	289 	269 	| 	 avg: 292.40
390 	|	271 	318 	357 	272 	304 	| 	 avg: 304.40
276 	|	301 	357 	300 	299 	325 	| 	 avg: 316.40
345 	|	284 	304 	300 	513 	292 	| 	 avg: 338.60
278 	|	348 	313 	323 	292 	314 	| 	 avg: 318.00
331 	|	324 	338 	281 	312 	318 	| 	 avg: 314.60
326 	|	306 	273 	319 	319 	277 	| 	 avg: 298.80
276 	|	312 	281 	296 	297 	310 	| 	 avg: 299.20
282 	|	326 	323 	300 	292 	324 	| 	 avg: 313.00
272 	|	299 	282 	301 	302 	330 	| 	 avg: 302.80
315 	|	297 	324 	275 	313 	305 	| 	 avg: 302.80
302 	|	325 	330 	294 	644 	305 	| 	 avg: 379.60
315 	|	263 	308 	308 	298 	293 	| 	 avg: 294.00
303 	|	280 	315 	293 	264 	285 	| 	 avg: 287.40
272 	|	305 	303 	333 	297 	455 	| 	 avg: 338.60
275 	|	305 	291 	309 	323 	298 	| 	 avg: 305.20
294 	|	296 	326 	275 	312 	303 	| 	 avg: 302.40
278 	|	320 	293 	328 	305 	280 	| 	 avg: 305.20
average initials 301.75	 average finals: 310.25
