po_unsorted_mix 1:
331 	|	287 	295 	286 	303 	291 	| 	 avg: 292.40
397 	|	302 	451 	296 	275 	270 	| 	 avg: 318.80
278 	|	304 	300 	333 	288 	299 	| 	 avg: 304.80
288 	|	283 	297 	307 	341 	285 	| 	 avg: 302.60
293 	|	330 	308 	286 	326 	288 	| 	 avg: 307.60
302 	|	290 	288 	471 	272 	329 	| 	 avg: 330.00
296 	|	310 	314 	279 	315 	311 	| 	 avg: 305.80
299 	|	291 	290 	320 	301 	313 	| 	 avg: 303.00
319 	|	317 	357 	288 	284 	293 	| 	 avg: 307.80
557 	|	302 	326 	283 	282 	295 	| 	 avg: 297.60
264 	|	304 	293 	280 	300 	313 	| 	 avg: 298.00
318 	|	327 	365 	287 	287 	296 	| 	 avg: 312.40
301 	|	342 	294 	316 	321 	303 	| 	 avg: 315.20
273 	|	560 	313 	328 	256 	325 	| 	 avg: 356.40
338 	|	298 	307 	286 	280 	314 	| 	 avg: 297.00
291 	|	345 	307 	315 	327 	318 	| 	 avg: 322.40
284 	|	322 	321 	299 	310 	311 	| 	 avg: 312.60
300 	|	298 	258 	332 	277 	301 	| 	 avg: 293.20
330 	|	302 	283 	301 	313 	294 	| 	 avg: 298.60
288 	|	287 	290 	309 	259 	327 	| 	 avg: 294.40
average initials 317.35	 average finals: 308.10
