pa_unsorted_mix 1:
281 	|	363 	328 	296 	325 	314 	| 	 avg: 325.20
281 	|	274 	321 	278 	327 	300 	| 	 avg: 300.00
309 	|	330 	336 	297 	331 	321 	| 	 avg: 323.00
320 	|	348 	299 	315 	304 	311 	| 	 avg: 315.40
293 	|	324 	293 	312 	305 	294 	| 	 avg: 305.60
327 	|	317 	307 	314 	300 	286 	| 	 avg: 304.80
340 	|	306 	323 	304 	295 	303 	| 	 avg: 306.20
294 	|	312 	289 	270 	307 	329 	| 	 avg: 301.40
317 	|	279 	294 	310 	297 	358 	| 	 avg: 307.60
307 	|	298 	323 	304 	277 	284 	| 	 avg: 297.20
310 	|	347 	305 	334 	291 	448 	| 	 avg: 345.00
283 	|	321 	351 	299 	289 	311 	| 	 avg: 314.20
296 	|	294 	297 	285 	306 	270 	| 	 avg: 290.40
310 	|	297 	319 	291 	286 	351 	| 	 avg: 308.80
329 	|	274 	277 	313 	275 	338 	| 	 avg: 295.40
268 	|	341 	289 	335 	348 	277 	| 	 avg: 318.00
318 	|	334 	302 	321 	265 	348 	| 	 avg: 314.00
303 	|	285 	266 	310 	322 	562 	| 	 avg: 349.00
294 	|	287 	327 	302 	384 	320 	| 	 avg: 324.00
308 	|	294 	294 	342 	359 	304 	| 	 avg: 318.60
average initials 304.40	 average finals: 312.90
