pa_unsorted_mix 0:
316 	|	280 	278 	303 	281 	441 	| 	 avg: 316.60
295 	|	370 	306 	287 	296 	289 	| 	 avg: 309.60
285 	|	289 	308 	320 	325 	332 	| 	 avg: 314.80
307 	|	306 	287 	295 	316 	317 	| 	 avg: 304.20
276 	|	325 	300 	301 	288 	262 	| 	 avg: 295.20
312 	|	312 	324 	349 	287 	272 	| 	 avg: 308.80
264 	|	295 	314 	469 	323 	281 	| 	 avg: 336.40
298 	|	559 	484 	301 	285 	288 	| 	 avg: 383.40
303 	|	347 	282 	318 	303 	276 	| 	 avg: 305.20
301 	|	284 	325 	310 	298 	284 	| 	 avg: 300.20
311 	|	299 	330 	301 	290 	295 	| 	 avg: 303.00
420 	|	300 	275 	321 	288 	311 	| 	 avg: 299.00
276 	|	284 	338 	309 	388 	343 	| 	 avg: 332.40
331 	|	445 	324 	270 	285 	321 	| 	 avg: 329.00
300 	|	289 	310 	463 	279 	288 	| 	 avg: 325.80
300 	|	307 	280 	303 	321 	273 	| 	 avg: 296.80
276 	|	320 	298 	278 	304 	463 	| 	 avg: 332.60
467 	|	331 	294 	307 	290 	317 	| 	 avg: 307.80
311 	|	426 	308 	301 	292 	304 	| 	 avg: 326.20
318 	|	307 	309 	286 	330 	297 	| 	 avg: 305.80
average initials 313.35	 average finals: 316.20
