pa_unsorted_mix 1:
283 	|	258 	304 	284 	295 	320 	| 	 avg: 292.20
329 	|	270 	319 	480 	303 	319 	| 	 avg: 338.20
309 	|	312 	298 	293 	304 	321 	| 	 avg: 305.60
335 	|	308 	291 	285 	324 	290 	| 	 avg: 299.60
282 	|	314 	299 	303 	280 	299 	| 	 avg: 299.00
285 	|	283 	301 	318 	297 	306 	| 	 avg: 301.00
308 	|	305 	291 	314 	404 	328 	| 	 avg: 328.40
306 	|	327 	268 	334 	307 	329 	| 	 avg: 313.00
297 	|	315 	301 	328 	349 	494 	| 	 avg: 357.40
274 	|	342 	292 	264 	281 	332 	| 	 avg: 302.20
299 	|	309 	296 	294 	349 	293 	| 	 avg: 308.20
291 	|	298 	291 	363 	290 	268 	| 	 avg: 302.00
286 	|	348 	306 	287 	316 	274 	| 	 avg: 306.20
320 	|	297 	299 	293 	304 	295 	| 	 avg: 297.60
311 	|	324 	299 	287 	294 	289 	| 	 avg: 298.60
303 	|	301 	315 	310 	299 	344 	| 	 avg: 313.80
339 	|	292 	309 	318 	292 	305 	| 	 avg: 303.20
307 	|	296 	291 	285 	300 	281 	| 	 avg: 290.60
317 	|	319 	280 	286 	298 	291 	| 	 avg: 294.80
530 	|	324 	336 	360 	318 	324 	| 	 avg: 332.40
average initials 315.55	 average finals: 308.85
