pa_unsorted_mix 0:
307 	|	317 	313 	279 	308 	286 	| 	 avg: 300.60
318 	|	309 	312 	275 	300 	307 	| 	 avg: 300.60
343 	|	311 	285 	297 	299 	482 	| 	 avg: 334.80
294 	|	295 	281 	294 	300 	334 	| 	 avg: 300.80
302 	|	300 	329 	299 	281 	321 	| 	 avg: 306.00
318 	|	317 	273 	273 	306 	253 	| 	 avg: 284.40
343 	|	279 	292 	289 	301 	358 	| 	 avg: 303.80
290 	|	291 	289 	296 	341 	291 	| 	 avg: 301.60
283 	|	309 	305 	297 	310 	453 	| 	 avg: 334.80
326 	|	294 	289 	284 	307 	294 	| 	 avg: 293.60
320 	|	279 	268 	318 	308 	300 	| 	 avg: 294.60
325 	|	341 	294 	303 	285 	307 	| 	 avg: 306.00
348 	|	451 	295 	310 	274 	288 	| 	 avg: 323.60
276 	|	321 	352 	315 	322 	261 	| 	 avg: 314.20
462 	|	334 	433 	346 	277 	283 	| 	 avg: 334.60
301 	|	292 	279 	331 	300 	306 	| 	 avg: 301.60
331 	|	307 	291 	289 	285 	312 	| 	 avg: 296.80
320 	|	287 	323 	284 	327 	290 	| 	 avg: 302.20
308 	|	301 	337 	290 	330 	261 	| 	 avg: 303.80
366 	|	312 	307 	281 	306 	276 	| 	 avg: 296.40
average initials 324.05	 average finals: 306.20
