po_sorted_simple 0:
340 	|	289 	284 	294 	290 	283 	| 	 avg: 288.00
317 	|	282 	340 	364 	335 	295 	| 	 avg: 323.20
309 	|	342 	298 	324 	299 	499 	| 	 avg: 352.40
298 	|	270 	310 	312 	303 	323 	| 	 avg: 303.60
294 	|	294 	304 	299 	283 	300 	| 	 avg: 296.00
345 	|	303 	296 	297 	297 	489 	| 	 avg: 336.40
303 	|	329 	305 	296 	301 	306 	| 	 avg: 307.40
271 	|	255 	328 	274 	318 	323 	| 	 avg: 299.60
258 	|	318 	297 	317 	306 	303 	| 	 avg: 308.20
296 	|	283 	324 	332 	324 	312 	| 	 avg: 315.00
325 	|	318 	294 	297 	380 	268 	| 	 avg: 311.40
294 	|	288 	349 	288 	309 	316 	| 	 avg: 310.00
285 	|	411 	517 	318 	297 	307 	| 	 avg: 370.00
334 	|	285 	276 	458 	304 	314 	| 	 avg: 327.40
307 	|	328 	308 	316 	288 	272 	| 	 avg: 302.40
320 	|	317 	577 	287 	323 	308 	| 	 avg: 362.40
284 	|	307 	279 	317 	308 	324 	| 	 avg: 307.00
310 	|	309 	295 	305 	329 	309 	| 	 avg: 309.40
292 	|	328 	295 	305 	298 	295 	| 	 avg: 304.20
300 	|	288 	310 	289 	292 	289 	| 	 avg: 293.60
average initials 304.10	 average finals: 316.10
