po_sorted_simple 1:
291 	|	335 	296 	443 	306 	369 	| 	 avg: 349.80
290 	|	330 	293 	301 	266 	458 	| 	 avg: 329.60
299 	|	388 	293 	308 	294 	299 	| 	 avg: 316.40
311 	|	329 	314 	297 	327 	309 	| 	 avg: 315.20
499 	|	300 	283 	308 	333 	344 	| 	 avg: 313.60
307 	|	285 	307 	370 	351 	305 	| 	 avg: 323.60
455 	|	301 	267 	298 	307 	351 	| 	 avg: 304.80
354 	|	299 	304 	459 	291 	310 	| 	 avg: 332.60
274 	|	296 	302 	301 	270 	325 	| 	 avg: 298.80
322 	|	326 	308 	282 	300 	304 	| 	 avg: 304.00
317 	|	514 	305 	335 	296 	309 	| 	 avg: 351.80
326 	|	372 	276 	301 	265 	359 	| 	 avg: 314.60
309 	|	317 	330 	322 	338 	337 	| 	 avg: 328.80
281 	|	310 	307 	280 	275 	317 	| 	 avg: 297.80
322 	|	326 	428 	321 	285 	272 	| 	 avg: 326.40
304 	|	317 	466 	269 	299 	409 	| 	 avg: 352.00
322 	|	301 	314 	294 	257 	286 	| 	 avg: 290.40
296 	|	316 	301 	345 	294 	309 	| 	 avg: 313.00
323 	|	303 	303 	326 	314 	316 	| 	 avg: 312.40
298 	|	335 	289 	303 	274 	332 	| 	 avg: 306.60
average initials 325.00	 average finals: 318.60
