po_sorted_simple 1:
279 	|	295 	302 	295 	297 	315 	| 	 avg: 300.80
303 	|	333 	285 	325 	493 	278 	| 	 avg: 342.80
308 	|	285 	323 	492 	280 	271 	| 	 avg: 330.20
359 	|	265 	313 	285 	301 	336 	| 	 avg: 300.00
291 	|	353 	311 	334 	306 	314 	| 	 avg: 323.60
258 	|	283 	281 	351 	282 	313 	| 	 avg: 302.00
294 	|	299 	287 	317 	290 	317 	| 	 avg: 302.00
380 	|	303 	318 	329 	314 	287 	| 	 avg: 310.20
306 	|	313 	265 	288 	301 	310 	| 	 avg: 295.40
278 	|	291 	300 	283 	288 	320 	| 	 avg: 296.40
324 	|	319 	313 	302 	267 	327 	| 	 avg: 305.60
303 	|	321 	315 	288 	313 	301 	| 	 avg: 307.60
285 	|	296 	292 	443 	297 	381 	| 	 avg: 341.80
304 	|	284 	317 	351 	294 	273 	| 	 avg: 303.80
317 	|	372 	456 	306 	297 	306 	| 	 avg: 347.40
312 	|	327 	297 	297 	291 	319 	| 	 avg: 306.20
526 	|	288 	298 	305 	310 	279 	| 	 avg: 296.00
310 	|	298 	278 	309 	489 	311 	| 	 avg: 337.00
298 	|	352 	343 	304 	318 	335 	| 	 avg: 330.40
273 	|	302 	318 	315 	297 	318 	| 	 avg: 310.00
average initials 315.40	 average finals: 314.10
