po_sorted_simple 0:
277 	|	351 	287 	281 	299 	296 	| 	 avg: 302.80
297 	|	290 	282 	281 	344 	500 	| 	 avg: 339.40
294 	|	317 	319 	607 	296 	300 	| 	 avg: 367.80
305 	|	387 	344 	358 	251 	286 	| 	 avg: 325.20
311 	|	298 	276 	343 	278 	298 	| 	 avg: 298.60
292 	|	314 	312 	297 	311 	319 	| 	 avg: 310.60
281 	|	402 	320 	277 	306 	283 	| 	 avg: 317.60
359 	|	316 	284 	298 	262 	286 	| 	 avg: 289.20
315 	|	508 	320 	291 	287 	332 	| 	 avg: 347.60
308 	|	312 	345 	523 	291 	396 	| 	 avg: 373.40
298 	|	254 	303 	293 	307 	294 	| 	 avg: 290.20
293 	|	309 	315 	293 	305 	296 	| 	 avg: 303.60
336 	|	320 	330 	314 	559 	279 	| 	 avg: 360.40
284 	|	346 	322 	310 	257 	352 	| 	 avg: 317.40
299 	|	306 	504 	314 	289 	341 	| 	 avg: 350.80
318 	|	283 	283 	293 	299 	309 	| 	 avg: 293.40
303 	|	304 	297 	564 	326 	271 	| 	 avg: 352.40
286 	|	285 	319 	324 	332 	291 	| 	 avg: 310.20
318 	|	452 	299 	278 	302 	284 	| 	 avg: 323.00
325 	|	297 	286 	258 	306 	311 	| 	 avg: 291.60
average initials 304.95	 average finals: 322.80
