pa_sorted_simple 1:
448 	|	308 	297 	349 	284 	332 	| 	 avg: 314.00
361 	|	307 	315 	317 	345 	332 	| 	 avg: 323.20
330 	|	338 	304 	282 	301 	293 	| 	 avg: 303.60
369 	|	287 	310 	294 	327 	302 	| 	 avg: 304.00
281 	|	331 	263 	299 	296 	287 	| 	 avg: 295.20
309 	|	296 	312 	275 	324 	328 	| 	 avg: 307.00
331 	|	275 	306 	289 	295 	301 	| 	 avg: 293.20
292 	|	298 	310 	317 	280 	300 	| 	 avg: 301.00
305 	|	322 	304 	326 	264 	274 	| 	 avg: 298.00
316 	|	287 	276 	294 	290 	291 	| 	 avg: 287.60
289 	|	447 	290 	301 	315 	278 	| 	 avg: 326.20
286 	|	291 	341 	303 	303 	320 	| 	 avg: 311.60
332 	|	304 	313 	297 	310 	300 	| 	 avg: 304.80
301 	|	323 	306 	310 	280 	325 	| 	 avg: 308.80
284 	|	330 	308 	314 	321 	314 	| 	 avg: 317.40
297 	|	285 	281 	296 	316 	319 	| 	 avg: 299.40
454 	|	293 	292 	323 	317 	304 	| 	 avg: 305.80
327 	|	289 	300 	310 	282 	311 	| 	 avg: 298.40
329 	|	327 	324 	297 	316 	300 	| 	 avg: 312.80
275 	|	270 	293 	302 	303 	273 	| 	 avg: 288.20
average initials 325.80	 average finals: 304.65
