pa_sorted_simple 0:
315 	|	275 	272 	628 	343 	319 	| 	 avg: 367.40
434 	|	284 	298 	318 	307 	301 	| 	 avg: 301.60
474 	|	440 	286 	308 	316 	288 	| 	 avg: 327.60
291 	|	305 	277 	312 	323 	298 	| 	 avg: 303.00
404 	|	295 	299 	284 	283 	380 	| 	 avg: 308.20
299 	|	284 	291 	274 	303 	291 	| 	 avg: 288.60
285 	|	294 	271 	305 	314 	315 	| 	 avg: 299.80
287 	|	301 	288 	315 	269 	302 	| 	 avg: 295.00
321 	|	283 	339 	371 	291 	480 	| 	 avg: 352.80
436 	|	273 	448 	295 	310 	320 	| 	 avg: 329.20
286 	|	245 	326 	290 	349 	285 	| 	 avg: 299.00
283 	|	307 	326 	296 	334 	303 	| 	 avg: 313.20
288 	|	314 	301 	288 	290 	299 	| 	 avg: 298.40
309 	|	296 	301 	304 	322 	292 	| 	 avg: 303.00
338 	|	299 	280 	317 	312 	314 	| 	 avg: 304.40
337 	|	335 	319 	338 	286 	287 	| 	 avg: 313.00
292 	|	307 	308 	310 	289 	267 	| 	 avg: 296.20
318 	|	296 	348 	291 	299 	281 	| 	 avg: 303.00
459 	|	289 	304 	289 	324 	300 	| 	 avg: 301.20
339 	|	293 	296 	270 	328 	290 	| 	 avg: 295.40
average initials 339.75	 average finals: 309.70
