pa_sorted_simple 0:
293 	|	293 	284 	305 	297 	319 	| 	 avg: 299.60
345 	|	293 	298 	294 	301 	312 	| 	 avg: 299.60
277 	|	320 	305 	314 	286 	292 	| 	 avg: 303.40
310 	|	377 	300 	293 	274 	456 	| 	 avg: 340.00
333 	|	311 	289 	302 	467 	295 	| 	 avg: 332.80
523 	|	303 	291 	311 	299 	305 	| 	 avg: 301.80
304 	|	287 	302 	316 	308 	422 	| 	 avg: 327.00
305 	|	280 	281 	533 	308 	315 	| 	 avg: 343.40
293 	|	298 	286 	323 	315 	302 	| 	 avg: 304.80
319 	|	313 	328 	278 	319 	295 	| 	 avg: 306.60
267 	|	328 	288 	268 	327 	299 	| 	 avg: 302.00
304 	|	282 	303 	322 	308 	308 	| 	 avg: 304.60
301 	|	288 	284 	286 	315 	277 	| 	 avg: 290.00
294 	|	319 	305 	357 	299 	277 	| 	 avg: 311.40
407 	|	315 	305 	278 	316 	260 	| 	 avg: 294.80
285 	|	307 	295 	273 	286 	305 	| 	 avg: 293.20
341 	|	298 	300 	309 	325 	334 	| 	 avg: 313.20
280 	|	346 	263 	329 	274 	296 	| 	 avg: 301.60
298 	|	345 	317 	321 	301 	343 	| 	 avg: 325.40
327 	|	299 	308 	270 	325 	281 	| 	 avg: 296.60
average initials 320.30	 average finals: 309.15
