pa_sorted_simple 1:
347 	|	285 	292 	320 	302 	312 	| 	 avg: 302.20
298 	|	305 	286 	297 	307 	692 	| 	 avg: 377.40
310 	|	278 	300 	286 	305 	335 	| 	 avg: 300.80
251 	|	302 	322 	339 	301 	328 	| 	 avg: 318.40
318 	|	317 	451 	302 	292 	275 	| 	 avg: 327.40
292 	|	315 	362 	309 	311 	291 	| 	 avg: 317.60
291 	|	323 	306 	276 	296 	324 	| 	 avg: 305.00
320 	|	300 	299 	317 	302 	313 	| 	 avg: 306.20
297 	|	301 	309 	303 	324 	303 	| 	 avg: 308.00
318 	|	286 	284 	301 	314 	374 	| 	 avg: 311.80
288 	|	257 	298 	314 	287 	315 	| 	 avg: 294.20
326 	|	299 	306 	306 	337 	274 	| 	 avg: 304.40
325 	|	265 	302 	315 	386 	286 	| 	 avg: 310.80
336 	|	531 	341 	298 	273 	299 	| 	 avg: 348.40
297 	|	305 	289 	401 	290 	299 	| 	 avg: 316.80
292 	|	277 	301 	322 	297 	524 	| 	 avg: 344.20
294 	|	284 	311 	318 	296 	323 	| 	 avg: 306.40
292 	|	283 	331 	315 	363 	288 	| 	 avg: 316.00
253 	|	289 	292 	283 	351 	310 	| 	 avg: 305.00
283 	|	277 	290 	297 	477 	482 	| 	 avg: 364.60
average initials 301.40	 average finals: 318.90
