po_sorted_concat 0 1:
320 	|	382 	339 	311 	320 	296 	| 	 avg: 329.60
446 	|	327 	313 	311 	295 	291 	| 	 avg: 307.40
288 	|	345 	310 	315 	319 	285 	| 	 avg: 314.80
291 	|	323 	445 	299 	292 	299 	| 	 avg: 331.60
331 	|	305 	308 	312 	308 	304 	| 	 avg: 307.40
298 	|	309 	274 	562 	272 	272 	| 	 avg: 337.80
323 	|	330 	317 	297 	298 	335 	| 	 avg: 315.40
290 	|	305 	304 	271 	312 	319 	| 	 avg: 302.20
291 	|	297 	282 	325 	300 	313 	| 	 avg: 303.40
437 	|	322 	290 	282 	304 	298 	| 	 avg: 299.20
303 	|	336 	463 	302 	280 	331 	| 	 avg: 342.40
314 	|	306 	317 	305 	331 	288 	| 	 avg: 309.40
300 	|	289 	292 	290 	314 	315 	| 	 avg: 300.00
361 	|	301 	335 	356 	301 	282 	| 	 avg: 315.00
293 	|	316 	322 	332 	300 	367 	| 	 avg: 327.40
440 	|	323 	293 	334 	317 	309 	| 	 avg: 315.20
267 	|	304 	310 	279 	300 	282 	| 	 avg: 295.00
268 	|	316 	292 	307 	319 	303 	| 	 avg: 307.40
295 	|	302 	316 	324 	301 	305 	| 	 avg: 309.60
268 	|	304 	285 	294 	323 	303 	| 	 avg: 301.80
average initials 321.20	 average finals: 313.20
