po_sorted_concat 0 0:
310 	|	305 	312 	320 	300 	295 	| 	 avg: 306.40
274 	|	338 	274 	301 	308 	319 	| 	 avg: 308.00
328 	|	269 	297 	299 	313 	290 	| 	 avg: 293.60
354 	|	298 	313 	299 	309 	300 	| 	 avg: 303.80
285 	|	290 	302 	293 	340 	321 	| 	 avg: 309.20
452 	|	281 	272 	282 	307 	262 	| 	 avg: 280.80
458 	|	307 	285 	305 	306 	321 	| 	 avg: 304.80
277 	|	294 	305 	287 	326 	302 	| 	 avg: 302.80
316 	|	303 	319 	316 	321 	345 	| 	 avg: 320.80
334 	|	293 	296 	314 	295 	312 	| 	 avg: 302.00
301 	|	334 	348 	282 	323 	267 	| 	 avg: 310.80
321 	|	290 	310 	305 	310 	304 	| 	 avg: 303.80
293 	|	280 	280 	333 	326 	308 	| 	 avg: 305.40
281 	|	342 	267 	291 	299 	328 	| 	 avg: 305.40
281 	|	309 	356 	350 	313 	286 	| 	 avg: 322.80
296 	|	314 	300 	267 	285 	294 	| 	 avg: 292.00
319 	|	285 	306 	299 	288 	312 	| 	 avg: 298.00
288 	|	294 	305 	289 	306 	286 	| 	 avg: 296.00
279 	|	309 	437 	497 	290 	314 	| 	 avg: 369.40
321 	|	322 	298 	284 	311 	331 	| 	 avg: 309.20
average initials 318.40	 average finals: 306.80
