po_sorted_concat 1 0:
319 	|	319 	306 	305 	332 	287 	| 	 avg: 309.80
301 	|	292 	277 	300 	323 	312 	| 	 avg: 300.80
301 	|	329 	280 	314 	321 	268 	| 	 avg: 302.40
314 	|	276 	308 	283 	334 	311 	| 	 avg: 302.40
312 	|	305 	303 	301 	326 	293 	| 	 avg: 305.60
311 	|	291 	301 	295 	292 	328 	| 	 avg: 301.40
293 	|	274 	312 	274 	306 	285 	| 	 avg: 290.20
344 	|	337 	278 	308 	317 	343 	| 	 avg: 316.60
492 	|	328 	299 	262 	314 	317 	| 	 avg: 304.00
281 	|	326 	324 	544 	329 	315 	| 	 avg: 367.60
272 	|	295 	325 	287 	351 	290 	| 	 avg: 309.60
304 	|	299 	321 	302 	335 	342 	| 	 avg: 319.80
315 	|	285 	302 	288 	294 	271 	| 	 avg: 288.00
290 	|	272 	324 	338 	288 	316 	| 	 avg: 307.60
319 	|	318 	305 	327 	309 	293 	| 	 avg: 310.40
312 	|	286 	274 	299 	474 	329 	| 	 avg: 332.40
305 	|	293 	312 	295 	303 	310 	| 	 avg: 302.60
274 	|	288 	301 	423 	284 	282 	| 	 avg: 315.60
301 	|	305 	314 	322 	279 	332 	| 	 avg: 310.40
300 	|	315 	311 	507 	269 	340 	| 	 avg: 348.40
average initials 313.00	 average finals: 311.80
