po_sorted_concat 1 1:
260 	|	317 	318 	278 	335 	332 	| 	 avg: 316.00
270 	|	307 	311 	302 	290 	280 	| 	 avg: 298.00
291 	|	296 	289 	335 	306 	304 	| 	 avg: 306.00
291 	|	275 	352 	471 	307 	317 	| 	 avg: 344.40
321 	|	296 	307 	304 	282 	324 	| 	 avg: 302.60
301 	|	300 	285 	325 	315 	293 	| 	 avg: 303.60
303 	|	341 	310 	457 	298 	301 	| 	 avg: 341.40
322 	|	308 	296 	293 	322 	285 	| 	 avg: 300.80
538 	|	308 	300 	296 	300 	316 	| 	 avg: 304.00
461 	|	283 	315 	316 	352 	320 	| 	 avg: 317.20
375 	|	329 	286 	298 	306 	309 	| 	 avg: 305.60
276 	|	327 	331 	271 	284 	299 	| 	 avg: 302.40
305 	|	339 	294 	308 	307 	489 	| 	 avg: 347.40
277 	|	269 	345 	313 	301 	313 	| 	 avg: 308.20
295 	|	314 	320 	271 	277 	316 	| 	 avg: 299.60
275 	|	294 	290 	306 	298 	306 	| 	 avg: 298.80
340 	|	269 	289 	318 	320 	288 	| 	 avg: 296.80
299 	|	308 	284 	296 	591 	286 	| 	 avg: 353.00
314 	|	321 	278 	270 	257 	337 	| 	 avg: 292.60
308 	|	294 	310 	300 	301 	299 	| 	 avg: 300.80
average initials 321.10	 average finals: 311.55
