pa_sorted_concat 1 0:
278 	|	309 	289 	319 	301 	292 	| 	 avg: 302.00
317 	|	308 	293 	320 	307 	321 	| 	 avg: 309.80
310 	|	272 	280 	324 	321 	301 	| 	 avg: 299.60
305 	|	302 	298 	311 	316 	297 	| 	 avg: 304.80
307 	|	322 	299 	322 	316 	336 	| 	 avg: 319.00
275 	|	290 	257 	290 	290 	295 	| 	 avg: 284.40
316 	|	313 	331 	303 	308 	284 	| 	 avg: 307.80
305 	|	321 	436 	325 	303 	264 	| 	 avg: 329.80
275 	|	309 	484 	293 	341 	287 	| 	 avg: 342.80
294 	|	278 	359 	289 	294 	329 	| 	 avg: 309.80
317 	|	301 	427 	303 	310 	287 	| 	 avg: 325.60
342 	|	326 	295 	309 	280 	308 	| 	 avg: 303.60
312 	|	261 	296 	322 	308 	360 	| 	 avg: 309.40
282 	|	302 	293 	313 	389 	289 	| 	 avg: 317.20
322 	|	318 	311 	309 	320 	297 	| 	 avg: 311.00
321 	|	280 	334 	274 	314 	299 	| 	 avg: 300.20
303 	|	272 	445 	324 	300 	281 	| 	 avg: 324.40
303 	|	424 	321 	302 	317 	316 	| 	 avg: 336.00
291 	|	315 	310 	309 	312 	299 	| 	 avg: 309.00
289 	|	307 	348 	290 	259 	325 	| 	 avg: 305.80
average initials 303.20	 average finals: 312.15
