pa_sorted_concat 0 1:
300 	|	295 	315 	322 	309 	282 	| 	 avg: 304.60
299 	|	305 	290 	303 	282 	294 	| 	 avg: 294.80
328 	|	284 	268 	256 	320 	344 	| 	 avg: 294.40
289 	|	283 	320 	299 	325 	282 	| 	 avg: 301.80
310 	|	293 	287 	360 	450 	285 	| 	 avg: 335.00
313 	|	306 	299 	480 	319 	311 	| 	 avg: 343.00
320 	|	316 	328 	297 	307 	297 	| 	 avg: 309.00
300 	|	283 	317 	267 	282 	389 	| 	 avg: 307.60
459 	|	257 	294 	321 	274 	298 	| 	 avg: 288.80
253 	|	327 	331 	291 	273 	296 	| 	 avg: 303.60
318 	|	338 	290 	302 	319 	314 	| 	 avg: 312.60
310 	|	316 	319 	314 	302 	306 	| 	 avg: 311.40
312 	|	308 	300 	325 	480 	654 	| 	 avg: 413.40
320 	|	281 	302 	288 	274 	352 	| 	 avg: 299.40
276 	|	275 	462 	289 	301 	308 	| 	 avg: 327.00
308 	|	364 	297 	303 	292 	296 	| 	 avg: 310.40
320 	|	282 	310 	293 	316 	283 	| 	 avg: 296.80
292 	|	364 	325 	292 	343 	301 	| 	 avg: 325.00
318 	|	312 	278 	308 	283 	309 	| 	 avg: 298.00
327 	|	309 	302 	305 	299 	279 	| 	 avg: 298.80
average initials 313.60	 average finals: 313.35
