pa_sorted_concat 0 0:
313 	|	330 	290 	346 	325 	300 	| 	 avg: 318.20
305 	|	323 	325 	288 	343 	291 	| 	 avg: 314.00
282 	|	322 	285 	294 	314 	311 	| 	 avg: 305.20
297 	|	346 	261 	258 	304 	327 	| 	 avg: 299.20
296 	|	497 	313 	321 	327 	311 	| 	 avg: 353.80
296 	|	294 	322 	295 	316 	335 	| 	 avg: 312.40
329 	|	312 	288 	321 	295 	349 	| 	 avg: 313.00
285 	|	365 	297 	285 	310 	294 	| 	 avg: 310.20
450 	|	339 	308 	308 	337 	323 	| 	 avg: 323.00
304 	|	345 	312 	269 	325 	277 	| 	 avg: 305.60
276 	|	298 	271 	262 	310 	297 	| 	 avg: 287.60
290 	|	281 	306 	333 	293 	271 	| 	 avg: 296.80
278 	|	273 	283 	328 	286 	284 	| 	 avg: 290.80
314 	|	335 	337 	499 	291 	307 	| 	 avg: 353.80
318 	|	318 	309 	333 	302 	336 	| 	 avg: 319.60
356 	|	297 	319 	277 	313 	286 	| 	 avg: 298.40
317 	|	278 	301 	304 	318 	313 	| 	 avg: 302.80
345 	|	289 	274 	309 	313 	349 	| 	 avg: 306.80
281 	|	282 	361 	337 	331 	307 	| 	 avg: 323.60
300 	|	312 	305 	311 	302 	283 	| 	 avg: 302.60
average initials 311.60	 average finals: 311.40
