pa_sorted_concat 1 1:
293 	|	299 	282 	293 	313 	286 	| 	 avg: 294.60
281 	|	337 	300 	333 	299 	284 	| 	 avg: 310.60
328 	|	311 	291 	297 	333 	309 	| 	 avg: 308.20
301 	|	293 	333 	293 	266 	442 	| 	 avg: 325.40
335 	|	303 	302 	274 	336 	312 	| 	 avg: 305.40
252 	|	285 	299 	304 	308 	326 	| 	 avg: 304.40
303 	|	288 	317 	464 	313 	304 	| 	 avg: 337.20
330 	|	272 	354 	310 	281 	325 	| 	 avg: 308.40
315 	|	278 	272 	512 	334 	274 	| 	 avg: 334.00
328 	|	341 	273 	272 	326 	369 	| 	 avg: 316.20
315 	|	313 	306 	314 	291 	313 	| 	 avg: 307.40
314 	|	641 	306 	313 	299 	319 	| 	 avg: 375.60
311 	|	320 	352 	305 	312 	268 	| 	 avg: 311.40
318 	|	320 	287 	316 	276 	296 	| 	 avg: 299.00
261 	|	306 	282 	317 	343 	293 	| 	 avg: 308.20
334 	|	326 	325 	305 	331 	328 	| 	 avg: 323.00
340 	|	529 	340 	314 	355 	291 	| 	 avg: 365.80
301 	|	281 	309 	308 	307 	280 	| 	 avg: 297.00
313 	|	337 	274 	283 	266 	296 	| 	 avg: 291.20
320 	|	374 	303 	288 	341 	301 	| 	 avg: 321.40
average initials 309.65	 average finals: 316.90
