po_unsorted_concat 1:
570 	|	574 	574 	574 	574 	574 	| 	 avg: 574.00
565 	|	579 	579 	579 	579 	579 	| 	 avg: 579.00
619 	|	544 	544 	544 	544 	579 	| 	 avg: 551.00
550 	|	595 	595 	595 	595 	595 	| 	 avg: 595.00
573 	|	615 	615 	615 	615 	611 	| 	 avg: 614.20
553 	|	595 	595 	595 	595 	633 	| 	 avg: 602.60
589 	|	605 	605 	605 	605 	545 	| 	 avg: 593.00
625 	|	591 	591 	591 	591 	625 	| 	 avg: 597.80
574 	|	611 	611 	611 	574 	574 	| 	 avg: 596.20
639 	|	590 	590 	590 	580 	580 	| 	 avg: 586.00
583 	|	582 	582 	582 	603 	603 	| 	 avg: 590.40
586 	|	542 	542 	605 	605 	605 	| 	 avg: 579.80
616 	|	602 	602 	578 	578 	578 	| 	 avg: 587.60
636 	|	650 	650 	601 	601 	601 	| 	 avg: 620.60
578 	|	583 	578 	578 	578 	578 	| 	 avg: 579.00
603 	|	572 	583 	583 	583 	583 	| 	 avg: 580.80
573 	|	609 	609 	609 	609 	609 	| 	 avg: 609.00
620 	|	576 	576 	576 	576 	576 	| 	 avg: 576.00
576 	|	605 	605 	605 	605 	605 	| 	 avg: 605.00
576 	|	574 	574 	574 	574 	574 	| 	 avg: 574.00
average initials 590.20	 average finals: 589.30
