po_sorted_mix 1 1:
624 	|	629 	629 	629 	656 	656 	| 	 avg: 639.80
583 	|	644 	644 	632 	632 	632 	| 	 avg: 636.80
579 	|	604 	604 	604 	604 	604 	| 	 avg: 604.00
539 	|	648 	648 	648 	625 	625 	| 	 avg: 638.80
550 	|	631 	631 	642 	642 	642 	| 	 avg: 637.60
613 	|	673 	639 	639 	639 	639 	| 	 avg: 645.80
576 	|	662 	662 	662 	662 	662 	| 	 avg: 662.00
619 	|	604 	604 	604 	604 	625 	| 	 avg: 608.20
573 	|	644 	644 	644 	609 	609 	| 	 avg: 630.00
575 	|	635 	635 	653 	653 	653 	| 	 avg: 645.80
605 	|	597 	655 	655 	655 	655 	| 	 avg: 643.40
581 	|	643 	643 	643 	643 	643 	| 	 avg: 643.00
579 	|	659 	659 	659 	662 	662 	| 	 avg: 660.20
616 	|	625 	625 	645 	645 	645 	| 	 avg: 637.00
605 	|	661 	661 	661 	661 	661 	| 	 avg: 661.00
585 	|	633 	633 	633 	633 	627 	| 	 avg: 631.80
569 	|	681 	681 	681 	645 	645 	| 	 avg: 666.60
570 	|	633 	656 	656 	656 	656 	| 	 avg: 651.40
601 	|	626 	626 	626 	626 	626 	| 	 avg: 626.00
608 	|	657 	657 	657 	657 	653 	| 	 avg: 656.20
average initials 587.50	 average finals: 640.90
