po_sorted_mix 1 0:
619 	|	690 	690 	690 	690 	690 	| 	 avg: 690.00
641 	|	728 	728 	728 	689 	689 	| 	 avg: 712.40
603 	|	704 	704 	704 	704 	704 	| 	 avg: 704.00
598 	|	738 	738 	738 	738 	738 	| 	 avg: 738.00
570 	|	722 	722 	722 	722 	716 	| 	 avg: 720.80
639 	|	683 	683 	737 	737 	737 	| 	 avg: 715.40
580 	|	686 	687 	687 	687 	687 	| 	 avg: 686.80
588 	|	681 	681 	681 	681 	721 	| 	 avg: 689.00
601 	|	683 	683 	714 	714 	714 	| 	 avg: 701.60
631 	|	732 	715 	715 	715 	715 	| 	 avg: 718.40
539 	|	742 	742 	742 	742 	742 	| 	 avg: 742.00
586 	|	740 	740 	740 	758 	758 	| 	 avg: 747.20
620 	|	731 	731 	725 	725 	725 	| 	 avg: 727.40
624 	|	699 	699 	699 	699 	699 	| 	 avg: 699.00
613 	|	732 	732 	732 	732 	744 	| 	 avg: 734.40
580 	|	726 	726 	717 	717 	717 	| 	 avg: 720.60
579 	|	726 	726 	726 	726 	726 	| 	 avg: 726.00
571 	|	738 	738 	738 	738 	747 	| 	 avg: 739.80
589 	|	730 	730 	730 	736 	736 	| 	 avg: 732.40
633 	|	724 	734 	734 	734 	734 	| 	 avg: 732.00
average initials 600.20	 average finals: 718.55
