po_sorted_simple 0:
620 	|	609 	601 	601 	601 	601 	| 	 avg: 602.60
584 	|	606 	606 	606 	606 	606 	| 	 avg: 606.00
585 	|	613 	613 	613 	614 	614 	| 	 avg: 613.40
575 	|	588 	588 	626 	626 	626 	| 	 avg: 610.80
571 	|	612 	598 	598 	598 	598 	| 	 avg: 600.80
575 	|	625 	625 	625 	625 	625 	| 	 avg: 625.00
607 	|	616 	616 	616 	616 	566 	| 	 avg: 606.00
580 	|	594 	594 	594 	603 	603 	| 	 avg: 597.60
597 	|	609 	609 	604 	604 	604 	| 	 avg: 606.00
602 	|	617 	617 	617 	617 	617 	| 	 avg: 617.00
576 	|	592 	592 	592 	592 	617 	| 	 avg: 597.00
613 	|	584 	584 	584 	605 	605 	| 	 avg: 592.40
623 	|	617 	617 	601 	601 	601 	| 	 avg: 607.40
590 	|	616 	616 	616 	616 	605 	| 	 avg: 613.80
626 	|	592 	592 	592 	619 	619 	| 	 avg: 602.80
584 	|	599 	599 	603 	603 	603 	| 	 avg: 601.40
615 	|	599 	599 	599 	599 	611 	| 	 avg: 601.40
622 	|	607 	607 	597 	597 	597 	| 	 avg: 601.00
543 	|	612 	612 	612 	612 	612 	| 	 avg: 612.00
625 	|	623 	623 	623 	587 	587 	| 	 avg: 608.60
average initials 595.65	 average finals: 605.80
