po_sorted_simple 1:
573 	|	598 	629 	629 	629 	629 	| 	 avg: 622.80
575 	|	600 	600 	600 	600 	600 	| 	 avg: 600.00
607 	|	544 	544 	544 	544 	573 	| 	 avg: 549.80
568 	|	622 	622 	622 	584 	584 	| 	 avg: 606.80
588 	|	606 	606 	612 	612 	612 	| 	 avg: 609.60
576 	|	611 	600 	600 	600 	600 	| 	 avg: 602.20
571 	|	613 	613 	613 	613 	613 	| 	 avg: 613.00
582 	|	604 	604 	604 	604 	619 	| 	 avg: 607.00
572 	|	609 	609 	609 	543 	543 	| 	 avg: 582.60
574 	|	614 	614 	573 	573 	573 	| 	 avg: 589.40
624 	|	550 	587 	587 	587 	587 	| 	 avg: 579.60
595 	|	601 	601 	601 	601 	601 	| 	 avg: 601.00
620 	|	623 	623 	623 	623 	582 	| 	 avg: 614.80
539 	|	569 	569 	569 	613 	613 	| 	 avg: 586.60
591 	|	605 	605 	574 	574 	574 	| 	 avg: 586.40
625 	|	622 	622 	600 	600 	600 	| 	 avg: 608.80
618 	|	631 	622 	622 	622 	622 	| 	 avg: 623.80
622 	|	600 	600 	600 	600 	600 	| 	 avg: 600.00
636 	|	549 	549 	549 	549 	574 	| 	 avg: 554.00
594 	|	615 	615 	615 	603 	603 	| 	 avg: 610.20
average initials 592.50	 average finals: 597.00
