po_sorted_concat 0 1:
618 	|	583 	583 	583 	583 	583 	| 	 avg: 583.00
611 	|	578 	578 	578 	578 	578 	| 	 avg: 578.00
624 	|	577 	577 	577 	577 	577 	| 	 avg: 577.00
597 	|	603 	603 	603 	603 	606 	| 	 avg: 603.60
617 	|	592 	592 	592 	592 	601 	| 	 avg: 593.80
578 	|	608 	608 	608 	608 	575 	| 	 avg: 601.40
592 	|	583 	583 	583 	604 	604 	| 	 avg: 591.40
611 	|	599 	599 	575 	575 	575 	| 	 avg: 584.60
539 	|	599 	599 	606 	606 	606 	| 	 avg: 603.20
570 	|	638 	619 	619 	619 	619 	| 	 avg: 622.80
582 	|	601 	623 	623 	623 	623 	| 	 avg: 618.60
542 	|	619 	582 	582 	582 	582 	| 	 avg: 589.40
587 	|	585 	599 	599 	599 	599 	| 	 avg: 596.20
613 	|	579 	579 	579 	579 	579 	| 	 avg: 579.00
645 	|	583 	583 	583 	583 	583 	| 	 avg: 583.00
588 	|	563 	563 	563 	563 	563 	| 	 avg: 563.00
542 	|	608 	608 	608 	608 	608 	| 	 avg: 608.00
601 	|	578 	578 	578 	578 	578 	| 	 avg: 578.00
581 	|	617 	617 	617 	617 	576 	| 	 avg: 608.80
551 	|	605 	605 	605 	584 	584 	| 	 avg: 596.60
average initials 589.45	 average finals: 592.65
