po_sorted_concat 1 1:
617 	|	622 	609 	609 	609 	609 	| 	 avg: 611.60
620 	|	638 	630 	630 	630 	630 	| 	 avg: 631.60
633 	|	580 	580 	580 	580 	580 	| 	 avg: 580.00
574 	|	612 	612 	612 	612 	612 	| 	 avg: 612.00
571 	|	642 	642 	642 	642 	642 	| 	 avg: 642.00
587 	|	587 	587 	587 	587 	587 	| 	 avg: 587.00
572 	|	640 	640 	640 	640 	640 	| 	 avg: 640.00
540 	|	620 	620 	620 	620 	620 	| 	 avg: 620.00
575 	|	630 	630 	630 	630 	630 	| 	 avg: 630.00
566 	|	613 	613 	613 	613 	613 	| 	 avg: 613.00
564 	|	588 	588 	588 	588 	588 	| 	 avg: 588.00
570 	|	604 	604 	604 	604 	604 	| 	 avg: 604.00
623 	|	601 	601 	601 	601 	630 	| 	 avg: 606.80
579 	|	611 	611 	611 	611 	609 	| 	 avg: 610.60
591 	|	585 	585 	585 	586 	586 	| 	 avg: 585.40
586 	|	607 	607 	607 	549 	549 	| 	 avg: 583.80
584 	|	634 	634 	634 	591 	591 	| 	 avg: 616.80
595 	|	631 	631 	594 	594 	594 	| 	 avg: 608.80
594 	|	592 	592 	607 	607 	607 	| 	 avg: 601.00
579 	|	553 	553 	614 	614 	614 	| 	 avg: 589.60
average initials 586.00	 average finals: 607.80
