pa_unsorted_concat 0:
321 	|	241 	272 	214 	182 	177 	| 	 avg: 217.20
164 	|	280 	178 	293 	323 	303 	| 	 avg: 275.40
358 	|	219 	208 	195 	300 	172 	| 	 avg: 218.80
263 	|	329 	328 	235 	169 	271 	| 	 avg: 266.40
229 	|	243 	184 	285 	239 	210 	| 	 avg: 232.20
269 	|	259 	383 	242 	312 	219 	| 	 avg: 283.00
176 	|	203 	167 	328 	276 	272 	| 	 avg: 249.20
169 	|	233 	209 	282 	182 	324 	| 	 avg: 246.00
159 	|	254 	275 	309 	321 	188 	| 	 avg: 269.40
283 	|	342 	285 	214 	176 	180 	| 	 avg: 239.40
177 	|	292 	155 	211 	291 	233 	| 	 avg: 236.40
251 	|	342 	234 	247 	159 	327 	| 	 avg: 261.80
166 	|	318 	193 	220 	302 	373 	| 	 avg: 281.20
215 	|	219 	237 	384 	220 	414 	| 	 avg: 294.80
171 	|	270 	300 	202 	203 	376 	| 	 avg: 270.20
180 	|	167 	196 	172 	307 	296 	| 	 avg: 227.60
172 	|	206 	287 	338 	289 	250 	| 	 avg: 274.00
279 	|	367 	263 	363 	269 	251 	| 	 avg: 302.60
338 	|	183 	199 	190 	311 	316 	| 	 avg: 239.80
207 	|	209 	329 	350 	189 	317 	| 	 avg: 278.80
average initials 227.35	 average finals: 257.80
