pa_unsorted_concat 1:
342 	|	201 	236 	187 	240 	285 	| 	 avg: 229.80
260 	|	310 	323 	328 	227 	287 	| 	 avg: 295.00
314 	|	309 	318 	309 	198 	206 	| 	 avg: 268.00
215 	|	213 	396 	296 	236 	322 	| 	 avg: 292.60
305 	|	261 	334 	266 	301 	186 	| 	 avg: 269.60
173 	|	181 	325 	332 	312 	162 	| 	 avg: 262.40
220 	|	352 	315 	283 	342 	171 	| 	 avg: 292.60
240 	|	193 	244 	247 	221 	166 	| 	 avg: 214.20
215 	|	213 	208 	177 	211 	195 	| 	 avg: 200.80
207 	|	190 	347 	186 	263 	316 	| 	 avg: 260.40
339 	|	179 	226 	369 	311 	167 	| 	 avg: 250.40
285 	|	215 	351 	239 	198 	316 	| 	 avg: 263.80
177 	|	161 	287 	262 	240 	339 	| 	 avg: 257.80
279 	|	361 	426 	237 	332 	252 	| 	 avg: 321.60
299 	|	267 	220 	217 	208 	166 	| 	 avg: 215.60
233 	|	291 	337 	260 	295 	176 	| 	 avg: 271.80
194 	|	324 	306 	360 	359 	300 	| 	 avg: 329.80
246 	|	229 	403 	276 	285 	212 	| 	 avg: 281.00
285 	|	339 	343 	378 	360 	361 	| 	 avg: 356.20
271 	|	200 	175 	203 	186 	195 	| 	 avg: 191.80
average initials 254.95	 average finals: 265.75
