po_sorted_simple 1:
296 	|	233 	182 	346 	275 	205 	| 	 avg: 248.20
192 	|	209 	172 	343 	292 	341 	| 	 avg: 271.40
302 	|	213 	282 	210 	373 	383 	| 	 avg: 292.20
280 	|	317 	163 	214 	177 	216 	| 	 avg: 217.40
162 	|	218 	179 	267 	171 	165 	| 	 avg: 200.00
183 	|	180 	245 	268 	394 	322 	| 	 avg: 281.80
161 	|	230 	208 	210 	220 	276 	| 	 avg: 228.80
284 	|	191 	195 	316 	181 	166 	| 	 avg: 209.80
206 	|	245 	259 	258 	232 	313 	| 	 avg: 261.40
191 	|	173 	171 	218 	289 	366 	| 	 avg: 243.40
167 	|	183 	277 	235 	316 	252 	| 	 avg: 252.60
187 	|	201 	337 	267 	279 	340 	| 	 avg: 284.80
291 	|	342 	200 	317 	250 	351 	| 	 avg: 292.00
452 	|	309 	168 	282 	190 	321 	| 	 avg: 254.00
293 	|	267 	302 	223 	313 	376 	| 	 avg: 296.20
194 	|	252 	215 	173 	310 	235 	| 	 avg: 237.00
323 	|	243 	179 	468 	217 	368 	| 	 avg: 295.00
344 	|	178 	197 	228 	269 	309 	| 	 avg: 236.20
322 	|	309 	171 	368 	317 	308 	| 	 avg: 294.60
211 	|	166 	205 	204 	195 	309 	| 	 avg: 215.80
average initials 252.05	 average finals: 255.25
