pa_sorted_simple 1:
322 	|	279 	196 	311 	175 	180 	| 	 avg: 228.20
215 	|	350 	311 	261 	308 	162 	| 	 avg: 278.40
307 	|	175 	213 	360 	296 	170 	| 	 avg: 242.80
164 	|	187 	225 	205 	312 	200 	| 	 avg: 225.80
210 	|	394 	166 	180 	304 	297 	| 	 avg: 268.20
238 	|	346 	371 	342 	287 	316 	| 	 avg: 332.40
276 	|	175 	320 	240 	316 	242 	| 	 avg: 258.60
375 	|	309 	183 	204 	192 	318 	| 	 avg: 241.20
210 	|	236 	236 	226 	221 	231 	| 	 avg: 230.00
287 	|	178 	378 	197 	191 	172 	| 	 avg: 223.20
370 	|	214 	235 	275 	204 	276 	| 	 avg: 240.80
238 	|	186 	320 	218 	217 	312 	| 	 avg: 250.60
148 	|	254 	228 	218 	161 	313 	| 	 avg: 234.80
284 	|	207 	336 	181 	187 	222 	| 	 avg: 226.60
274 	|	300 	273 	242 	185 	358 	| 	 avg: 271.60
375 	|	232 	298 	219 	204 	317 	| 	 avg: 254.00
376 	|	248 	218 	166 	164 	285 	| 	 avg: 216.20
408 	|	239 	229 	340 	314 	269 	| 	 avg: 278.20
340 	|	484 	295 	183 	310 	176 	| 	 avg: 289.60
223 	|	208 	204 	213 	234 	305 	| 	 avg: 232.80
average initials 282.00	 average finals: 250.75
