pa_unsorted_concat 1:
126 	|	282 	288 	244 	415 	185 	| 	 avg: 282.80
325 	|	248 	211 	281 	331 	242 	| 	 avg: 262.60
279 	|	125 	169 	123 	386 	300 	| 	 avg: 220.60
372 	|	265 	302 	211 	327 	276 	| 	 avg: 276.20
245 	|	374 	484 	238 	295 	217 	| 	 avg: 321.60
262 	|	295 	286 	322 	285 	234 	| 	 avg: 284.40
320 	|	363 	376 	277 	232 	254 	| 	 avg: 300.40
203 	|	234 	323 	198 	223 	247 	| 	 avg: 245.00
149 	|	189 	244 	241 	276 	299 	| 	 avg: 249.80
263 	|	336 	257 	207 	225 	187 	| 	 avg: 242.40
215 	|	118 	289 	234 	310 	454 	| 	 avg: 281.00
306 	|	252 	361 	303 	498 	299 	| 	 avg: 342.60
258 	|	175 	193 	223 	314 	423 	| 	 avg: 265.60
249 	|	259 	121 	232 	365 	262 	| 	 avg: 247.80
273 	|	360 	448 	323 	309 	159 	| 	 avg: 319.80
340 	|	292 	401 	387 	348 	305 	| 	 avg: 346.60
273 	|	450 	143 	507 	203 	259 	| 	 avg: 312.40
175 	|	332 	285 	370 	244 	196 	| 	 avg: 285.40
400 	|	262 	173 	157 	241 	328 	| 	 avg: 232.20
222 	|	380 	115 	294 	138 	323 	| 	 avg: 250.00
average initials 262.75	 average finals: 278.00
