pa_unsorted_concat 0:
176 	|	266 	227 	197 	304 	166 	| 	 avg: 232.00
187 	|	270 	204 	343 	203 	223 	| 	 avg: 248.60
227 	|	326 	270 	366 	254 	252 	| 	 avg: 293.60
262 	|	518 	249 	220 	398 	243 	| 	 avg: 325.60
301 	|	230 	240 	325 	235 	418 	| 	 avg: 289.60
248 	|	292 	371 	326 	132 	211 	| 	 avg: 266.40
424 	|	384 	416 	179 	245 	205 	| 	 avg: 285.80
295 	|	297 	325 	350 	340 	281 	| 	 avg: 318.60
167 	|	304 	319 	281 	418 	324 	| 	 avg: 329.20
230 	|	337 	309 	269 	354 	241 	| 	 avg: 302.00
164 	|	246 	233 	222 	288 	333 	| 	 avg: 264.40
189 	|	233 	307 	406 	277 	325 	| 	 avg: 309.60
217 	|	218 	344 	274 	340 	237 	| 	 avg: 282.60
448 	|	211 	170 	215 	213 	195 	| 	 avg: 200.80
100 	|	125 	329 	245 	262 	266 	| 	 avg: 245.40
138 	|	504 	362 	321 	293 	238 	| 	 avg: 343.60
312 	|	299 	425 	258 	245 	463 	| 	 avg: 338.00
489 	|	130 	240 	193 	168 	211 	| 	 avg: 188.40
136 	|	253 	316 	208 	305 	172 	| 	 avg: 250.80
379 	|	236 	314 	303 	193 	175 	| 	 avg: 244.20
average initials 254.45	 average finals: 277.50
