po_sorted_simple 1:
217 	|	281 	237 	353 	137 	285 	| 	 avg: 258.60
274 	|	306 	344 	157 	180 	271 	| 	 avg: 251.60
306 	|	406 	324 	262 	281 	303 	| 	 avg: 315.20
274 	|	179 	237 	150 	227 	362 	| 	 avg: 231.00
230 	|	194 	265 	396 	464 	425 	| 	 avg: 348.80
395 	|	164 	372 	192 	247 	327 	| 	 avg: 260.40
202 	|	423 	400 	311 	265 	112 	| 	 avg: 302.20
419 	|	436 	267 	378 	225 	397 	| 	 avg: 340.60
315 	|	320 	352 	236 	356 	365 	| 	 avg: 325.80
203 	|	214 	210 	165 	176 	345 	| 	 avg: 222.00
192 	|	219 	233 	223 	277 	197 	| 	 avg: 229.80
273 	|	248 	280 	130 	287 	227 	| 	 avg: 234.40
319 	|	368 	390 	488 	257 	143 	| 	 avg: 329.20
245 	|	273 	257 	263 	315 	273 	| 	 avg: 276.20
106 	|	207 	265 	247 	289 	404 	| 	 avg: 282.40
217 	|	354 	257 	225 	211 	313 	| 	 avg: 272.00
228 	|	216 	183 	327 	341 	325 	| 	 avg: 278.40
162 	|	426 	377 	234 	212 	203 	| 	 avg: 290.40
358 	|	443 	285 	210 	308 	88 	| 	 avg: 266.80
281 	|	321 	432 	319 	191 	418 	| 	 avg: 336.20
average initials 260.80	 average finals: 282.20
