pa_sorted_simple 1:
347 	|	468 	274 	178 	307 	190 	| 	 avg: 283.40
407 	|	410 	217 	251 	192 	282 	| 	 avg: 270.40
300 	|	394 	374 	281 	216 	201 	| 	 avg: 293.20
250 	|	181 	196 	515 	120 	218 	| 	 avg: 246.00
164 	|	307 	166 	228 	426 	123 	| 	 avg: 250.00
385 	|	258 	364 	132 	272 	405 	| 	 avg: 286.20
433 	|	191 	271 	356 	455 	213 	| 	 avg: 297.20
261 	|	406 	297 	268 	174 	259 	| 	 avg: 280.80
188 	|	473 	369 	338 	297 	392 	| 	 avg: 373.80
336 	|	199 	207 	171 	232 	241 	| 	 avg: 210.00
197 	|	350 	233 	251 	393 	263 	| 	 avg: 298.00
305 	|	282 	185 	215 	186 	205 	| 	 avg: 214.60
284 	|	212 	184 	289 	463 	319 	| 	 avg: 293.40
214 	|	304 	374 	246 	231 	430 	| 	 avg: 317.00
203 	|	410 	319 	226 	433 	297 	| 	 avg: 337.00
248 	|	349 	257 	249 	375 	294 	| 	 avg: 304.80
206 	|	322 	229 	292 	214 	396 	| 	 avg: 290.60
350 	|	394 	197 	248 	186 	332 	| 	 avg: 271.40
380 	|	159 	326 	292 	305 	285 	| 	 avg: 273.40
137 	|	283 	298 	210 	392 	285 	| 	 avg: 293.60
average initials 279.75	 average finals: 283.90
