[?1h=
                                                                                     < M A T L A B (R) >
                                                                           Copyright 1984-2010 The MathWorks, Inc.
                                                                         Version 7.12.0.635 (R2011a) 64-bit (glnxa64)
                                                                                        March 18, 2011

 
  To get started, type one of these: helpwin, helpdesk, or demo.
  For product information, visit www.mathworks.com.
 
{Warning: Name is nonexistent or not a directory: /home/davide/projects/mthesis/Mondriaan4RC/tools.} 
> In path at 110
  In addpath at 87
  In startup at 2
  In matlabrc at 222

cage13.mtx - 0

is_0:	 43465 | [?1h=50623 [?1h=50240 [?1h=49481 [?1h=50040 [?1h=52061  avg: 	 50489
is_0:	 46272 | [?1h=51536 [?1h=52774 [?1h=50113 [?1h=51454 [?1h=51419  avg: 	 51459.2
is_0:	 46684 | [?1h=51576 [?1h=50148 [?1h=51761 [?1h=51320 [?1h=50672  avg: 	 51095.4
is_0:	 43233 | [?1h=50753 [?1h=50420 [?1h=51898 [?1h=50145 [?1h=51284  avg: 	 50900
is_0:	 43673 | [?1h=51388 [?1h=49831 [?1h=53900 [?1h=50652 [?1h=50180  avg: 	 51190.2
is_0:	 47600 | [?1h=50402 [?1h=50843 [?1h=51183 [?1h=51521 [?1h=51917  avg: 	 51173.2
is_0:	 43864 | [?1h=51390 [?1h=49878 [?1h=51519 [?1h=50430 [?1h=50001  avg: 	 50643.6
is_0:	 45303 | [?1h=49627 [?1h=50949 [?1h=50847 [?1h=50805 [?1h=50319  avg: 	 50509.4
is_0:	 43185 | [?1h=50191 [?1h=51480 [?1h=50804 [?1h=51864 [?1h=50769  avg: 	 51021.6
is_0:	 43316 | [?1h=50822 [?1h=51484 [?1h=50361 [?1h=50446 [?1h=50313  avg: 	 50685.2
is_0:	 46062 | [?1h=51722 [?1h=50024 [?1h=50507 [?1h=50494 [?1h=51942  avg: 	 50937.8
is_0:	 43552 | [?1h=50869 [?1h=50790 [?1h=51358 [?1h=51641 [?1h=50065  avg: 	 50944.6
is_0:	 46284 | [?1h=50708 [?1h=50234 [?1h=50772 [?1h=50923 [?1h=50535  avg: 	 50634.4
is_0:	 46240 | [?1h=50863 [?1h=50225 [?1h=49919 [?1h=50094 [?1h=51010  avg: 	 50422.2
is_0:	 46428 | [?1h=49116 [?1h=51531 [?1h=50556 [?1h=50461 [?1h=50495  avg: 	 50431.8
is_0:	 43855 | [?1h=51136 [?1h=49378 [?1h=51087 [?1h=50093 [?1h=50607  avg: 	 50460.2
is_0:	 46568 | [?1h=50540 [?1h=51910 [?1h=50997 [?1h=50119 [?1h=50281  avg: 	 50769.4
is_0:	 43583 | [?1h=52012 [?1h=51048 [?1h=51445 [?1h=49913 [?1h=52356  avg: 	 51354.8
is_0:	 47362 | [?1h=50306 [?1h=52466 [?1h=50426 [?1h=49966 [?1h=50301  avg: 	 50693
is_0:	 47019 | [?1h=50439 [?1h=51942 [?1h=51159 [?1h=50269 [?1h=50228  avg: 	 50807.4
--------------------
avg initials: 45177.4 		 avg finals: 50831.1



cage13.mtx - 1

is_1:	 46936 | [?1h=51417 [?1h=50110 [?1h=51089 [?1h=47226 [?1h=48099  avg: 	 49588.2
is_1:	 44184 | [?1h=53403 [?1h=45507 [?1h=45313 [?1h=50079 [?1h=50761  avg: 	 49012.6
is_1:	 43548 | [?1h=52832 [?1h=51443 [?1h=52004 [?1h=51470 [?1h=52733  avg: 	 52096.4
is_1:	 46375 | [?1h=51175 [?1h=53884 [?1h=48557 [?1h=46570 [?1h=52154  avg: 	 50468
is_1:	 43240 | [?1h=44265 [?1h=51987 [?1h=54359 [?1h=48991 [?1h=44067  avg: 	 48733.8
is_1:	 44415 | [?1h=51639 [?1h=50237 [?1h=45442 [?1h=45744 [?1h=53599  avg: 	 49332.2
is_1:	 43787 | [?1h=44771 [?1h=44664 [?1h=50439 [?1h=44715 [?1h=44949  avg: 	 45907.6
is_1:	 42996 | [?1h=43443 [?1h=51609 [?1h=51630 [?1h=50478 [?1h=54315  avg: 	 50295
is_1:	 43963 | [?1h=52109 [?1h=45205 [?1h=44779 [?1h=44816 [?1h=45063  avg: 	 46394.4
is_1:	 46049 | [?1h=54337 [?1h=47109 [?1h=53629 [?1h=46846 [?1h=46864  avg: 	 49757
is_1:	 46379 | [?1h=48469 [?1h=53707 [?1h=47214 [?1h=55061 [?1h=48373  avg: 	 50564.8
is_1:	 45342 | [?1h=54759 [?1h=50626 [?1h=51307 [?1h=54827 [?1h=54394  avg: 	 53182.6
is_1:	 46897 | [?1h=48934 [?1h=48440 [?1h=47887 [?1h=52591 [?1h=50111  avg: 	 49592.6
is_1:	 47158 | [?1h=51992 [?1h=53332 [?1h=49831 [?1h=54337 [?1h=52665  avg: 	 52431.4
is_1:	 46978 | [?1h=53911 [?1h=47601 [?1h=51290 [?1h=53804 [?1h=48066  avg: 	 50934.4
is_1:	 46642 | [?1h=50021 [?1h=47295 [?1h=54862 [?1h=47110 [?1h=50369  avg: 	 49931.4
is_1:	 46291 | [?1h=45859 [?1h=54548 [?1h=46042 [?1h=49246 [?1h=51112  avg: 	 49361.4
is_1:	 46752 | [?1h=54568 [?1h=53323 [?1h=53336 [?1h=53542 [?1h=52468  avg: 	 53447.4
is_1:	 43583 | [?1h=53670 [?1h=51801 [?1h=44446 [?1h=44454 [?1h=53561  avg: 	 49586.4
is_1:	 46262 | [?1h=54261 [?1h=54182 [?1h=46688 [?1h=52302 [?1h=54165  avg: 	 52319.6
--------------------
avg initials: 45388.8 		 avg finals: 50146.9



cage13.mtx - 3

is_3:	 46765 | [?1h=[?1h=48403 [?1h=[?1h=53567 [?1h=[?1h=50392 [?1h=[?1h=54351 [?1h=[?1h=50678  avg: 	 51478.2
is_3:	 47404 | [?1h=[?1h=51708 [?1h=[?1h=54164 [?1h=[?1h=47151 [?1h=[?1h=53897 [?1h=[?1h=50120  avg: 	 51408
is_3:	 44869 | [?1h=[?1h=52111 [?1h=[?1h=45877 [?1h=[?1h=45879 [?1h=[?1h=45774 [?1h=[?1h=51651  avg: 	 48258.4
is_3:	 43485 | [?1h=[?1h=51705 [?1h=[?1h=53902 [?1h=[?1h=49840 [?1h=[?1h=48998 [?1h=[?1h=44466  avg: 	 49782.2
is_3:	 46527 | [?1h=[?1h=50976 [?1h=[?1h=52460 [?1h=[?1h=55020 [?1h=[?1h=52769 [?1h=[?1h=51666  avg: 	 52578.2
is_3:	 46197 | [?1h=[?1h=49142 [?1h=[?1h=46808 [?1h=[?1h=52108 [?1h=[?1h=49897 [?1h=[?1h=55249  avg: 	 50640.8
is_3:	 45971 | [?1h=[?1h=53555 [?1h=[?1h=46405 [?1h=[?1h=46728 [?1h=[?1h=49786 [?1h=[?1h=46396  avg: 	 48574
is_3:	 43476 | [?1h=[?1h=53565 [?1h=[?1h=44515 [?1h=[?1h=49435 [?1h=[?1h=44378 [?1h=[?1h=49613  avg: 	 48301.2
is_3:	 42515 | [?1h=[?1h=43408 [?1h=[?1h=43325 [?1h=[?1h=50666 [?1h=[?1h=43066 [?1h=[?1h=53693  avg: 	 46831.6
is_3:	 48632 | [?1h=[?1h=47874 [?1h=[?1h=51907 [?1h=[?1h=50715 [?1h=[?1h=55105 [?1h=[?1h=51766  avg: 	 51473.4
is_3:	 46855 | [?1h=[?1h=46950 [?1h=[?1h=46751 [?1h=[?1h=53711 [?1h=[?1h=50267 [?1h=[?1h=53053  avg: 	 50146.4
is_3:	 43918 | [?1h=[?1h=51239 [?1h=[?1h=44791 [?1h=[?1h=52448 [?1h=[?1h=48761 [?1h=[?1h=49509  avg: 	 49349.6
is_3:	 45606 | [?1h=[?1h=51190 [?1h=[?1h=45996 [?1h=[?1h=55390 [?1h=[?1h=45969 [?1h=[?1h=50472  avg: 	 49803.4
is_3:	 45447 | [?1h=[?1h=48962 [?1h=[?1h=45841 [?1h=[?1h=53723 [?1h=[?1h=52296 [?1h=[?1h=55050  avg: 	 51174.4
is_3:	 43323 | [?1h=[?1h=53931 [?1h=[?1h=51598 [?1h=[?1h=48846 [?1h=[?1h=48974 [?1h=[?1h=53701  avg: 	 51410
is_3:	 42833 | [?1h=[?1h=53260 [?1h=[?1h=43501 [?1h=[?1h=50003 [?1h=[?1h=53754 [?1h=[?1h=43575  avg: 	 48818.6
is_3:	 46126 | [?1h=[?1h=52127 [?1h=[?1h=49035 [?1h=[?1h=50796 [?1h=[?1h=51009 [?1h=[?1h=54594  avg: 	 51512.2
is_3:	 43690 | [?1h=[?1h=51816 [?1h=[?1h=50952 [?1h=[?1h=53441 [?1h=[?1h=51067 [?1h=[?1h=51630  avg: 	 51781.2
is_3:	 46516 | [?1h=[?1h=54172 [?1h=[?1h=54795 [?1h=[?1h=49908 [?1h=[?1h=49939 [?1h=[?1h=49608  avg: 	 51684.4
is_3:	 45932 | [?1h=[?1h=51029 [?1h=[?1h=45997 [?1h=[?1h=54745 [?1h=[?1h=54379 [?1h=[?1h=54927  avg: 	 52215.4
--------------------
avg initials: 45304.3 		 avg finals: 50361.1


>> exit
[?1l>