[?1h=
                                                                                     < M A T L A B (R) >
                                                                           Copyright 1984-2010 The MathWorks, Inc.
                                                                         Version 7.12.0.635 (R2011a) 64-bit (glnxa64)
                                                                                        March 18, 2011

 
  To get started, type one of these: helpwin, helpdesk, or demo.
  For product information, visit www.mathworks.com.
 
{Warning: Name is nonexistent or not a directory: /home/davide/projects/mthesis/Mondriaan4RC/tools.} 
> In path at 110
  In addpath at 87
  In startup at 2
  In matlabrc at 222

italy_osm.mtx - 0

is_0:	   303 | [?1h=  277 [?1h=  317 [?1h=  345 [?1h=  379 [?1h=  296  avg: 	 322.8
is_0:	   259 | [?1h=  217 [?1h=  307 [?1h=  159 [?1h=  181 [?1h=  236  avg: 	   220
is_0:	   251 | [?1h=  304 [?1h=  203 [?1h=  283 [?1h=  464 [?1h=  414  avg: 	 333.6
is_0:	   291 | [?1h=  146 [?1h=  215 [?1h=  159 [?1h=  293 [?1h=  459  avg: 	 254.4
is_0:	   465 | [?1h=  221 [?1h=  393 [?1h=  230 [?1h=  243 [?1h=  425  avg: 	 302.4
is_0:	   218 | [?1h=  443 [?1h=  416 [?1h=  465 [?1h=  118 [?1h=  325  avg: 	 353.4
is_0:	   335 | [?1h=  198 [?1h=  250 [?1h=  255 [?1h=  219 [?1h=  288  avg: 	   242
is_0:	   330 | [?1h=  193 [?1h=  284 [?1h=  189 [?1h=  190 [?1h=  329  avg: 	   237
is_0:	   122 | [?1h=  301 [?1h=  277 [?1h=  260 [?1h=  263 [?1h=  149  avg: 	   250
is_0:	   183 | [?1h=  274 [?1h=  266 [?1h=  246 [?1h=  335 [?1h=  194  avg: 	   263
is_0:	   219 | [?1h=  186 [?1h=  167 [?1h=  244 [?1h=  224 [?1h=  216  avg: 	 207.4
is_0:	   382 | [?1h=  379 [?1h=  309 [?1h=  304 [?1h=  236 [?1h=  377  avg: 	   321
is_0:	   176 | [?1h=  459 [?1h=  448 [?1h=  370 [?1h=  360 [?1h=  320  avg: 	 391.4
is_0:	   334 | [?1h=  198 [?1h=  324 [?1h=  250 [?1h=  168 [?1h=  343  avg: 	 256.6
is_0:	   308 | [?1h=  415 [?1h=  253 [?1h=  285 [?1h=  329 [?1h=  279  avg: 	 312.2
is_0:	   240 | [?1h=  199 [?1h=  262 [?1h=  279 [?1h=  291 [?1h=  279  avg: 	   262
is_0:	   269 | [?1h=  339 [?1h=  387 [?1h=  274 [?1h=  286 [?1h=  418  avg: 	 340.8
is_0:	   324 | [?1h=  330 [?1h=  140 [?1h=  269 [?1h=  200 [?1h=  384  avg: 	 264.6
is_0:	   336 | [?1h=  408 [?1h=  343 [?1h=  114 [?1h=  325 [?1h=  290  avg: 	   296
is_0:	   249 | [?1h=  298 [?1h=  186 [?1h=  198 [?1h=  258 [?1h=  228  avg: 	 233.6
--------------------
avg initials: 279.7 		 avg finals: 283.21



italy_osm.mtx - 1

is_1:	   298 | [?1h=  279 [?1h=  306 [?1h=  227 [?1h=  218 [?1h=  155  avg: 	   237
is_1:	   354 | [?1h=  261 [?1h=  231 [?1h=  315 [?1h=  437 [?1h=  227  avg: 	 294.2
is_1:	   415 | [?1h=  207 [?1h=  202 [?1h=  151 [?1h=  244 [?1h=  223  avg: 	 205.4
is_1:	   246 | [?1h=  483 [?1h=  369 [?1h=  242 [?1h=  315 [?1h=  370  avg: 	 355.8
is_1:	   194 | [?1h=  292 [?1h=  190 [?1h=  336 [?1h=  194 [?1h=  185  avg: 	 239.4
is_1:	   368 | [?1h=  210 [?1h=  323 [?1h=  250 [?1h=  391 [?1h=  242  avg: 	 283.2
is_1:	   265 | [?1h=  214 [?1h=  186 [?1h=  341 [?1h=  253 [?1h=  348  avg: 	 268.4
is_1:	   168 | [?1h=  250 [?1h=  126 [?1h=  322 [?1h=  302 [?1h=  611  avg: 	 322.2
is_1:	   229 | [?1h=  472 [?1h=  219 [?1h=  194 [?1h=  300 [?1h=  403  avg: 	 317.6
is_1:	   337 | [?1h=  143 [?1h=  447 [?1h=  302 [?1h=  383 [?1h=  298  avg: 	 314.6
is_1:	   398 | [?1h=  151 [?1h=  384 [?1h=  129 [?1h=  423 [?1h=  307  avg: 	 278.8
is_1:	   199 | [?1h=  367 [?1h=  424 [?1h=  282 [?1h=  237 [?1h=  210  avg: 	   304
is_1:	   323 | [?1h=  341 [?1h=  326 [?1h=  251 [?1h=  246 [?1h=  205  avg: 	 273.8
is_1:	   119 | [?1h=  309 [?1h=  184 [?1h=  334 [?1h=  370 [?1h=  103  avg: 	   260
is_1:	   290 | [?1h=  301 [?1h=  219 [?1h=  373 [?1h=  267 [?1h=  135  avg: 	   259
is_1:	   264 | [?1h=  259 [?1h=  324 [?1h=  359 [?1h=  172 [?1h=  240  avg: 	 270.8
is_1:	   211 | [?1h=  361 [?1h=  300 [?1h=  232 [?1h=  216 [?1h=  209  avg: 	 263.6
is_1:	   252 | [?1h=  315 [?1h=  125 [?1h=  209 [?1h=  419 [?1h=  302  avg: 	   274
is_1:	   242 | [?1h=  159 [?1h=  310 [?1h=  183 [?1h=  234 [?1h=  243  avg: 	 225.8
is_1:	   259 | [?1h=  436 [?1h=  255 [?1h=  291 [?1h=  378 [?1h=  225  avg: 	   317
--------------------
avg initials: 271.55 		 avg finals: 278.23



italy_osm.mtx - 3

is_3:	   257 | [?1h=[?1h=  262 [?1h=[?1h=  264 [?1h=[?1h=  282 [?1h=[?1h=  234 [?1h=[?1h=  172  avg: 	 242.8
is_3:	   141 | [?1h=[?1h=  228 [?1h=[?1h=  355 [?1h=[?1h=  335 [?1h=[?1h=  194 [?1h=[?1h=  311  avg: 	 284.6
is_3:	   443 | [?1h=[?1h=  448 [?1h=[?1h=  366 [?1h=[?1h=  243 [?1h=[?1h=  324 [?1h=[?1h=  165  avg: 	 309.2
is_3:	   261 | [?1h=[?1h=  393 [?1h=[?1h=   86 [?1h=[?1h=  186 [?1h=[?1h=  438 [?1h=[?1h=  252  avg: 	   271
is_3:	   385 | [?1h=[?1h=  275 [?1h=[?1h=  288 [?1h=[?1h=  189 [?1h=[?1h=  321 [?1h=[?1h=  399  avg: 	 294.4
is_3:	   266 | [?1h=[?1h=  217 [?1h=[?1h=  280 [?1h=[?1h=  233 [?1h=[?1h=  344 [?1h=[?1h=  265  avg: 	 267.8
is_3:	   305 | [?1h=[?1h=  290 [?1h=[?1h=  322 [?1h=[?1h=  152 [?1h=[?1h=  163 [?1h=[?1h=  359  avg: 	 257.2
is_3:	   178 | [?1h=[?1h=  327 [?1h=[?1h=  298 [?1h=[?1h=  270 [?1h=[?1h=  130 [?1h=[?1h=  265  avg: 	   258
is_3:	   466 | [?1h=[?1h=  222 [?1h=[?1h=  364 [?1h=[?1h=  240 [?1h=[?1h=  345 [?1h=[?1h=  273  avg: 	 288.8
is_3:	   185 | [?1h=[?1h=  303 [?1h=[?1h=  180 [?1h=[?1h=  349 [?1h=[?1h=  114 [?1h=[?1h=  329  avg: 	   255
is_3:	   267 | [?1h=[?1h=  309 [?1h=[?1h=  310 [?1h=[?1h=  380 [?1h=[?1h=  229 [?1h=[?1h=  314  avg: 	 308.4
is_3:	   291 | [?1h=[?1h=  256 [?1h=[?1h=  335 [?1h=[?1h=  212 [?1h=[?1h=  243 [?1h=[?1h=  326  avg: 	 274.4
is_3:	   180 | [?1h=[?1h=  370 [?1h=[?1h=  353 [?1h=[?1h=  205 [?1h=[?1h=  252 [?1h=[?1h=  440  avg: 	   324
is_3:	   305 | [?1h=[?1h=  129 [?1h=[?1h=  249 [?1h=[?1h=  527 [?1h=[?1h=  439 [?1h=[?1h=  310  avg: 	 330.8
is_3:	   267 | [?1h=[?1h=  141 [?1h=[?1h=  429 [?1h=[?1h=  294 [?1h=[?1h=  235 [?1h=[?1h=  313  avg: 	 282.4
is_3:	   190 | [?1h=[?1h=  138 [?1h=[?1h=  177 [?1h=[?1h=  273 [?1h=[?1h=  234 [?1h=[?1h=  183  avg: 	   201
is_3:	   316 | [?1h=[?1h=  242 [?1h=[?1h=  243 [?1h=[?1h=  332 [?1h=[?1h=  315 [?1h=[?1h=  318  avg: 	   290
is_3:	   180 | [?1h=[?1h=  316 [?1h=[?1h=  353 [?1h=[?1h=  210 [?1h=[?1h=  411 [?1h=[?1h=  288  avg: 	 315.6
is_3:	   254 | [?1h=[?1h=  336 [?1h=[?1h=  131 [?1h=[?1h=  364 [?1h=[?1h=  339 [?1h=[?1h=  266  avg: 	 287.2
is_3:	   425 | [?1h=[?1h=  302 [?1h=[?1h=  262 [?1h=[?1h=  298 [?1h=[?1h=  128 [?1h=[?1h=  100  avg: 	   218
--------------------
avg initials: 278.1 		 avg finals: 278.03


>> 