[?1h=
                                                                                     < M A T L A B (R) >
                                                                           Copyright 1984-2010 The MathWorks, Inc.
                                                                         Version 7.12.0.635 (R2011a) 64-bit (glnxa64)
                                                                                        March 18, 2011

 
  To get started, type one of these: helpwin, helpdesk, or demo.
  For product information, visit www.mathworks.com.
 
{Warning: Name is nonexistent or not a directory: /home/davide/projects/mthesis/Mondriaan4RC/tools.} 
> In path at 110
  In addpath at 87
  In startup at 2
  In matlabrc at 222

belgium_osm.mtx - 0

is_0:	   226 | [?1h=  291 [?1h=  196 [?1h=  294 [?1h=  176 [?1h=  204  avg: 	 232.2
is_0:	   168 | [?1h=  310 [?1h=  345 [?1h=  163 [?1h=  282 [?1h=  398  avg: 	 299.6
is_0:	   488 | [?1h=  217 [?1h=  318 [?1h=  201 [?1h=  190 [?1h=  357  avg: 	 256.6
is_0:	   185 | [?1h=  182 [?1h=  204 [?1h=  304 [?1h=  222 [?1h=  244  avg: 	 231.2
is_0:	   169 | [?1h=  257 [?1h=  365 [?1h=  170 [?1h=  254 [?1h=  200  avg: 	 249.2
is_0:	   200 | [?1h=  200 [?1h=  173 [?1h=  249 [?1h=  248 [?1h=  368  avg: 	 247.6
is_0:	   172 | [?1h=  202 [?1h=  191 [?1h=  194 [?1h=  195 [?1h=  228  avg: 	   202
is_0:	   201 | [?1h=  226 [?1h=  339 [?1h=  186 [?1h=  280 [?1h=  175  avg: 	 241.2
is_0:	   388 | [?1h=  320 [?1h=  352 [?1h=  262 [?1h=  220 [?1h=  171  avg: 	   265
is_0:	   278 | [?1h=  328 [?1h=  191 [?1h=  400 [?1h=  225 [?1h=  373  avg: 	 303.4
is_0:	   225 | [?1h=  280 [?1h=  211 [?1h=  417 [?1h=  373 [?1h=  221  avg: 	 300.4
is_0:	   170 | [?1h=  252 [?1h=  330 [?1h=  337 [?1h=  297 [?1h=  203  avg: 	 283.8
is_0:	   272 | [?1h=  238 [?1h=  275 [?1h=  224 [?1h=  170 [?1h=  361  avg: 	 253.6
is_0:	   155 | [?1h=  174 [?1h=  295 [?1h=  343 [?1h=  186 [?1h=  219  avg: 	 243.4
is_0:	   185 | [?1h=  351 [?1h=  202 [?1h=  178 [?1h=  304 [?1h=  204  avg: 	 247.8
is_0:	   261 | [?1h=  311 [?1h=  348 [?1h=  223 [?1h=  219 [?1h=  168  avg: 	 253.8
is_0:	   261 | [?1h=  191 [?1h=  404 [?1h=  292 [?1h=  362 [?1h=  343  avg: 	 318.4
is_0:	   198 | [?1h=  179 [?1h=  197 [?1h=  211 [?1h=  188 [?1h=  243  avg: 	 203.6
is_0:	   206 | [?1h=  236 [?1h=  309 [?1h=  273 [?1h=  310 [?1h=  293  avg: 	 284.2
is_0:	   264 | [?1h=  200 [?1h=  193 [?1h=  227 [?1h=  294 [?1h=  297  avg: 	 242.2
--------------------
avg initials: 233.6 		 avg finals: 257.96



belgium_osm.mtx - 1

is_1:	   168 | [?1h=  317 [?1h=  211 [?1h=  213 [?1h=  206 [?1h=  217  avg: 	 232.8
is_1:	   181 | [?1h=  193 [?1h=  249 [?1h=  267 [?1h=  292 [?1h=  334  avg: 	   267
is_1:	   198 | [?1h=  274 [?1h=  255 [?1h=  301 [?1h=  200 [?1h=  224  avg: 	 250.8
is_1:	   180 | [?1h=  347 [?1h=  203 [?1h=  463 [?1h=  410 [?1h=  195  avg: 	 323.6
is_1:	   311 | [?1h=  331 [?1h=  344 [?1h=  272 [?1h=  377 [?1h=  193  avg: 	 303.4
is_1:	   306 | [?1h=  175 [?1h=  235 [?1h=  308 [?1h=  402 [?1h=  271  avg: 	 278.2
is_1:	   213 | [?1h=  222 [?1h=  178 [?1h=  339 [?1h=  345 [?1h=  323  avg: 	 281.4
is_1:	   272 | [?1h=  181 [?1h=  379 [?1h=  307 [?1h=  208 [?1h=  317  avg: 	 278.4
is_1:	   198 | [?1h=  282 [?1h=  374 [?1h=  191 [?1h=  171 [?1h=  191  avg: 	 241.8
is_1:	   273 | [?1h=  386 [?1h=  338 [?1h=  185 [?1h=  173 [?1h=  288  avg: 	   274
is_1:	   314 | [?1h=  218 [?1h=  164 [?1h=  182 [?1h=  248 [?1h=  242  avg: 	 210.8
is_1:	   175 | [?1h=  299 [?1h=  207 [?1h=  206 [?1h=  203 [?1h=  283  avg: 	 239.6
is_1:	   224 | [?1h=  249 [?1h=  188 [?1h=  327 [?1h=  423 [?1h=  180  avg: 	 273.4
is_1:	   193 | [?1h=  241 [?1h=  206 [?1h=  315 [?1h=  191 [?1h=  286  avg: 	 247.8
is_1:	   416 | [?1h=  237 [?1h=  222 [?1h=  353 [?1h=  227 [?1h=  210  avg: 	 249.8
is_1:	   225 | [?1h=  163 [?1h=  177 [?1h=  216 [?1h=  303 [?1h=  366  avg: 	   245
is_1:	   344 | [?1h=  202 [?1h=  240 [?1h=  189 [?1h=  171 [?1h=  352  avg: 	 230.8
is_1:	   195 | [?1h=  197 [?1h=  167 [?1h=  217 [?1h=  201 [?1h=  255  avg: 	 207.4
is_1:	   339 | [?1h=  323 [?1h=  341 [?1h=  216 [?1h=  205 [?1h=  251  avg: 	 267.2
is_1:	   185 | [?1h=  219 [?1h=  313 [?1h=  261 [?1h=  274 [?1h=  227  avg: 	 258.8
--------------------
avg initials: 245.5 		 avg finals: 258.1



belgium_osm.mtx - 3

is_3:	   360 | [?1h=[?1h=  175 [?1h=[?1h=  246 [?1h=[?1h=  210 [?1h=[?1h=  254 [?1h=[?1h=  273  avg: 	 231.6
is_3:	   284 | [?1h=[?1h=  186 [?1h=[?1h=  303 [?1h=[?1h=  310 [?1h=[?1h=  351 [?1h=[?1h=  253  avg: 	 280.6
is_3:	   313 | [?1h=[?1h=  329 [?1h=[?1h=  282 [?1h=[?1h=  243 [?1h=[?1h=  321 [?1h=[?1h=  299  avg: 	 294.8
is_3:	   193 | [?1h=[?1h=  397 [?1h=[?1h=  219 [?1h=[?1h=  350 [?1h=[?1h=  241 [?1h=[?1h=  209  avg: 	 283.2
is_3:	   268 | [?1h=[?1h=  253 [?1h=[?1h=  242 [?1h=[?1h=  188 [?1h=[?1h=  174 [?1h=[?1h=  369  avg: 	 245.2
is_3:	   193 | [?1h=[?1h=  194 [?1h=[?1h=  327 [?1h=[?1h=  189 [?1h=[?1h=  221 [?1h=[?1h=  218  avg: 	 229.8
is_3:	   254 | [?1h=[?1h=  198 [?1h=[?1h=  184 [?1h=[?1h=  173 [?1h=[?1h=  462 [?1h=[?1h=  263  avg: 	   256
is_3:	   287 | [?1h=[?1h=  166 [?1h=[?1h=  272 [?1h=[?1h=  188 [?1h=[?1h=  186 [?1h=[?1h=  266  avg: 	 215.6
is_3:	   179 | [?1h=[?1h=  295 [?1h=[?1h=  291 [?1h=[?1h=  237 [?1h=[?1h=  228 [?1h=[?1h=  304  avg: 	   271
is_3:	   235 | [?1h=[?1h=  411 [?1h=[?1h=  236 [?1h=[?1h=  182 [?1h=[?1h=  285 [?1h=[?1h=  317  avg: 	 286.2
is_3:	   246 | [?1h=[?1h=  258 [?1h=[?1h=  234 [?1h=[?1h=  171 [?1h=[?1h=  321 [?1h=[?1h=  248  avg: 	 246.4
is_3:	   376 | [?1h=[?1h=  334 [?1h=[?1h=  383 [?1h=[?1h=  279 [?1h=[?1h=  290 [?1h=[?1h=  315  avg: 	 320.2
is_3:	   194 | [?1h=[?1h=  405 [?1h=[?1h=  195 [?1h=[?1h=  339 [?1h=[?1h=  359 [?1h=[?1h=  379  avg: 	 335.4
is_3:	   288 | [?1h=[?1h=  365 [?1h=[?1h=  245 [?1h=[?1h=  292 [?1h=[?1h=  282 [?1h=[?1h=  248  avg: 	 286.4
is_3:	   243 | [?1h=[?1h=  251 [?1h=[?1h=  246 [?1h=[?1h=  174 [?1h=[?1h=  190 [?1h=[?1h=  286  avg: 	 229.4
is_3:	   266 | [?1h=[?1h=  212 [?1h=[?1h=  195 [?1h=[?1h=  324 [?1h=[?1h=  169 [?1h=[?1h=  333  avg: 	 246.6
is_3:	   234 | [?1h=[?1h=  194 [?1h=[?1h=  180 [?1h=[?1h=  238 [?1h=[?1h=  364 [?1h=[?1h=  164  avg: 	   228
is_3:	   208 | [?1h=[?1h=  400 [?1h=[?1h=  214 [?1h=[?1h=  386 [?1h=[?1h=  198 [?1h=[?1h=  171  avg: 	 273.8
is_3:	   303 | [?1h=[?1h=  323 [?1h=[?1h=  182 [?1h=[?1h=  163 [?1h=[?1h=  284 [?1h=[?1h=  224  avg: 	 235.2
is_3:	   299 | [?1h=[?1h=  196 [?1h=[?1h=  292 [?1h=[?1h=  271 [?1h=[?1h=  290 [?1h=[?1h=  210  avg: 	 251.8
--------------------
avg initials: 261.15 		 avg finals: 262.36



coAuthorsCiteseer.mtx - 0

is_0:	  9404 | [?1h=10962 [?1h= 9969 [?1h= 9706 [?1h= 9956 [?1h=10427  avg: 	 10204
is_0:	 10001 | [?1h=11042 [?1h=10141 [?1h= 9896 [?1h=10391 [?1h=10074  avg: 	 10308.8
is_0:	  9969 | [?1h=10347 [?1h=10254 [?1h=10716 [?1h=11013 [?1h=10855  avg: 	 10637
is_0:	  9389 | [?1h=10138 [?1h=11046 [?1h=11298 [?1h=11191 [?1h=10509  avg: 	 10836.4
is_0:	  9420 | [?1h=10027 [?1h=11344 [?1h= 9905 [?1h=11543 [?1h=11225  avg: 	 10808.8
is_0:	  9342 | [?1h=11062 [?1h=10231 [?1h=10027 [?1h= 9896 [?1h= 9816  avg: 	 10206.4
is_0:	 10160 | [?1h=10555 [?1h=10131 [?1h=10312 [?1h=10316 [?1h=10931  avg: 	 10449
is_0:	  9445 | [?1h=11113 [?1h=11121 [?1h=11671 [?1h=11093 [?1h=11110  avg: 	 11221.6
is_0:	  9466 | [?1h=10954 [?1h= 9793 [?1h=10466 [?1h=11270 [?1h=11125  avg: 	 10721.6
is_0:	  9587 | [?1h=10100 [?1h=10286 [?1h=10965 [?1h= 9991 [?1h=11712  avg: 	 10610.8
is_0:	  9228 | [?1h=10363 [?1h= 9844 [?1h=11143 [?1h= 9825 [?1h=10736  avg: 	 10382.2
is_0:	  9312 | [?1h=11380 [?1h=10177 [?1h=10226 [?1h=10268 [?1h=11178  avg: 	 10645.8
is_0:	  9235 | [?1h=10073 [?1h=10299 [?1h= 9564 [?1h=10065 [?1h= 9909  avg: 	  9982
is_0:	  9535 | [?1h=10843 [?1h= 9980 [?1h= 9786 [?1h= 9862 [?1h=11367  avg: 	 10367.6
is_0:	  9186 | [?1h= 9985 [?1h=11081 [?1h=10130 [?1h=10003 [?1h= 9790  avg: 	 10197.8
is_0:	  9266 | [?1h=11393 [?1h=10086 [?1h=11170 [?1h=11209 [?1h= 9894  avg: 	 10750.4
is_0:	  9386 | [?1h=10110 [?1h= 9796 [?1h= 9695 [?1h= 9823 [?1h=11223  avg: 	 10129.4
is_0:	  9267 | [?1h=10409 [?1h=11600 [?1h=11206 [?1h= 9918 [?1h= 9634  avg: 	 10553.4
is_0:	  9343 | [?1h=10312 [?1h= 9927 [?1h=10228 [?1h= 9831 [?1h=10945  avg: 	 10248.6
is_0:	 10070 | [?1h=10425 [?1h=11212 [?1h=10231 [?1h= 9940 [?1h=10249  avg: 	 10411.4
--------------------
avg initials: 9500.55 		 avg finals: 10483.6



coAuthorsCiteseer.mtx - 1

is_1:	  9307 | [?1h= 9315 [?1h= 9509 [?1h= 8636 [?1h= 8737 [?1h= 8602  avg: 	 8959.8
is_1:	  9212 | [?1h= 8769 [?1h= 8683 [?1h= 8657 [?1h= 9307 [?1h= 9335  avg: 	 8950.2
is_1:	  9494 | [?1h= 8951 [?1h= 8903 [?1h= 8671 [?1h= 8867 [?1h= 9741  avg: 	 9026.6
is_1:	  9225 | [?1h= 8657 [?1h= 8664 [?1h= 8636 [?1h= 8611 [?1h= 8567  avg: 	  8627
is_1:	  9592 | [?1h= 8846 [?1h= 9334 [?1h= 9228 [?1h= 9525 [?1h= 8796  avg: 	 9145.8
is_1:	  9465 | [?1h= 8702 [?1h= 9258 [?1h= 8850 [?1h= 9393 [?1h= 9451  avg: 	 9130.8
is_1:	  9418 | [?1h= 8727 [?1h= 8718 [?1h= 8743 [?1h= 8704 [?1h= 9009  avg: 	 8780.2
is_1:	  9479 | [?1h= 9354 [?1h= 9513 [?1h= 9277 [?1h= 9485 [?1h= 8733  avg: 	 9272.4
is_1:	  9541 | [?1h= 9352 [?1h= 8649 [?1h= 9360 [?1h= 8757 [?1h= 8763  avg: 	 8976.2
is_1:	  9394 | [?1h= 8799 [?1h= 8677 [?1h= 8653 [?1h= 8771 [?1h= 8694  avg: 	 8718.8
is_1:	  9452 | [?1h= 8742 [?1h= 8789 [?1h= 8772 [?1h= 8824 [?1h= 8688  avg: 	  8763
is_1:	  9385 | [?1h= 8652 [?1h= 8664 [?1h= 8806 [?1h= 8644 [?1h= 8741  avg: 	 8701.4
is_1:	  9924 | [?1h= 8876 [?1h= 9414 [?1h= 8784 [?1h= 9266 [?1h= 8865  avg: 	  9041
is_1:	  9394 | [?1h= 8715 [?1h= 8741 [?1h= 8787 [?1h= 8721 [?1h= 9197  avg: 	 8832.2
is_1:	  9292 | [?1h= 8598 [?1h= 8813 [?1h= 8827 [?1h= 8755 [?1h= 8531  avg: 	 8704.8
is_1:	  9376 | [?1h= 8739 [?1h= 8579 [?1h= 8646 [?1h= 8788 [?1h= 9435  avg: 	 8837.4
is_1:	  9184 | [?1h= 8642 [?1h= 8779 [?1h= 8686 [?1h= 8726 [?1h= 8432  avg: 	  8653
is_1:	  9448 | [?1h= 8734 [?1h= 8703 [?1h= 8820 [?1h= 8830 [?1h= 8704  avg: 	 8758.2
is_1:	  9302 | [?1h= 8730 [?1h= 8505 [?1h= 8772 [?1h= 8649 [?1h= 8680  avg: 	 8667.2
is_1:	  9540 | [?1h= 8892 [?1h= 9420 [?1h= 8694 [?1h= 8740 [?1h= 8823  avg: 	 8913.8
--------------------
avg initials: 9421.2 		 avg finals: 8872.99



coAuthorsCiteseer.mtx - 3

is_3:	  9673 | [?1h=[?1h=10585 [?1h=[?1h=11292 [?1h=[?1h=10246 [?1h=[?1h=11753 [?1h=[?1h=11727  avg: 	 11120.6
is_3:	  9363 | [?1h=[?1h=10161 [?1h=[?1h=10256 [?1h=[?1h=10579 [?1h=[?1h=11026 [?1h=[?1h=11397  avg: 	 10683.8
is_3:	  9389 | [?1h=[?1h=10422 [?1h=[?1h=10704 [?1h=[?1h=10180 [?1h=[?1h=10221 [?1h=[?1h=11259  avg: 	 10557.2
is_3:	  9214 | [?1h=[?1h=10274 [?1h=[?1h=10546 [?1h=[?1h=11075 [?1h=[?1h=11737 [?1h=[?1h=11517  avg: 	 11029.8
is_3:	 10048 | [?1h=[?1h=11367 [?1h=[?1h=10612 [?1h=[?1h=11195 [?1h=[?1h=11428 [?1h=[?1h=12025  avg: 	 11325.4
is_3:	  9500 | [?1h=[?1h=10225 [?1h=[?1h=11154 [?1h=[?1h=11269 [?1h=[?1h=10989 [?1h=[?1h=10642  avg: 	 10855.8
is_3:	  9569 | [?1h=[?1h=11252 [?1h=[?1h=10761 [?1h=[?1h=10213 [?1h=[?1h=10433 [?1h=[?1h=10100  avg: 	 10551.8
is_3:	  9953 | [?1h=[?1h=11304 [?1h=[?1h=11784 [?1h=[?1h=10575 [?1h=[?1h=10680 [?1h=[?1h=11655  avg: 	 11199.6
is_3:	  9302 | [?1h=[?1h=10314 [?1h=[?1h=10236 [?1h=[?1h=10532 [?1h=[?1h=11767 [?1h=[?1h=11247  avg: 	 10819.2
is_3:	  9274 | [?1h=[?1h=10267 [?1h=[?1h=10310 [?1h=[?1h=10114 [?1h=[?1h=10361 [?1h=[?1h=11745  avg: 	 10559.4
is_3:	  9360 | [?1h=[?1h=11258 [?1h=[?1h=10276 [?1h=[?1h=10371 [?1h=[?1h=10460 [?1h=[?1h=11504  avg: 	 10773.8
is_3:	  9135 | [?1h=[?1h=10568 [?1h=[?1h=10075 [?1h=[?1h=10300 [?1h=[?1h=11544 [?1h=[?1h=10445  avg: 	 10586.4
is_3:	  9908 | [?1h=[?1h=10505 [?1h=[?1h=10343 [?1h=[?1h=10506 [?1h=[?1h=10396 [?1h=[?1h=11237  avg: 	 10597.4
is_3:	  9262 | [?1h=[?1h=10431 [?1h=[?1h=10373 [?1h=[?1h=11819 [?1h=[?1h=11156 [?1h=[?1h=10273  avg: 	 10810.4
is_3:	  9426 | [?1h=[?1h=10378 [?1h=[?1h=11213 [?1h=[?1h=11599 [?1h=[?1h=11318 [?1h=[?1h=10344  avg: 	 10970.4
is_3:	  9589 | [?1h=[?1h=10467 [?1h=[?1h=11420 [?1h=[?1h=10253 [?1h=[?1h=10346 [?1h=[?1h=10389  avg: 	 10575
is_3:	  9345 | [?1h=[?1h=10522 [?1h=[?1h=11525 [?1h=[?1h=10373 [?1h=[?1h=10442 [?1h=[?1h=11578  avg: 	 10888
is_3:	  9313 | [?1h=[?1h=10339 [?1h=[?1h=10438 [?1h=[?1h=11926 [?1h=[?1h=11115 [?1h=[?1h=10416  avg: 	 10846.8
is_3:	 10089 | [?1h=[?1h=10447 [?1h=[?1h=11283 [?1h=[?1h=11243 [?1h=[?1h=10553 [?1h=[?1h=10507  avg: 	 10806.6
is_3:	  9280 | [?1h=[?1h=11575 [?1h=[?1h=11602 [?1h=[?1h=10443 [?1h=[?1h=11161 [?1h=[?1h=10336  avg: 	 11023.4
--------------------
avg initials: 9499.6 		 avg finals: 10829



delaunay_n15.mtx - 0

is_0:	   312 | [?1h=  349 [?1h=  317 [?1h=  303 [?1h=  304 [?1h=  304  avg: 	 315.4
is_0:	   302 | [?1h=  310 [?1h=  317 [?1h=  305 [?1h=  321 [?1h=  311  avg: 	 312.8
is_0:	   328 | [?1h=  315 [?1h=  329 [?1h=  314 [?1h=  309 [?1h=  327  avg: 	 318.8
is_0:	   340 | [?1h=  304 [?1h=  318 [?1h=  312 [?1h=  309 [?1h=  300  avg: 	 308.6
is_0:	   332 | [?1h=  320 [?1h=  299 [?1h=  316 [?1h=  302 [?1h=  312  avg: 	 309.8
is_0:	   308 | [?1h=  323 [?1h=  343 [?1h=  320 [?1h=  314 [?1h=  308  avg: 	 321.6
is_0:	   292 | [?1h=  333 [?1h=  327 [?1h=  308 [?1h=  309 [?1h=  304  avg: 	 316.2
is_0:	   314 | [?1h=  307 [?1h=  336 [?1h=  339 [?1h=  311 [?1h=  327  avg: 	   324
is_0:	   308 | [?1h=  330 [?1h=  310 [?1h=  322 [?1h=  318 [?1h=  317  avg: 	 319.4
is_0:	   298 | [?1h=  304 [?1h=  319 [?1h=  311 [?1h=  304 [?1h=  317  avg: 	   311
is_0:	   308 | [?1h=  326 [?1h=  340 [?1h=  331 [?1h=  317 [?1h=  317  avg: 	 326.2
is_0:	   324 | [?1h=  310 [?1h=  314 [?1h=  306 [?1h=  324 [?1h=  322  avg: 	 315.2
is_0:	   310 | [?1h=  320 [?1h=  322 [?1h=  335 [?1h=  368 [?1h=  314  avg: 	 331.8
is_0:	   288 | [?1h=  316 [?1h=  343 [?1h=  325 [?1h=  312 [?1h=  317  avg: 	 322.6
is_0:	   294 | [?1h=  299 [?1h=  322 [?1h=  318 [?1h=  329 [?1h=  302  avg: 	   314
is_0:	   310 | [?1h=  321 [?1h=  304 [?1h=  309 [?1h=  315 [?1h=  319  avg: 	 313.6
is_0:	   298 | [?1h=  301 [?1h=  325 [?1h=  300 [?1h=  312 [?1h=  328  avg: 	 313.2
is_0:	   307 | [?1h=  317 [?1h=  311 [?1h=  323 [?1h=  325 [?1h=  353  avg: 	 325.8
is_0:	   309 | [?1h=  309 [?1h=  314 [?1h=  318 [?1h=  316 [?1h=  313  avg: 	   314
is_0:	   313 | [?1h=  325 [?1h=  310 [?1h=  314 [?1h=  319 [?1h=  314  avg: 	 316.4
--------------------
avg initials: 309.75 		 avg finals: 317.52



delaunay_n15.mtx - 1

is_1:	   320 | [?1h=  314 [?1h=  314 [?1h=  322 [?1h=  328 [?1h=  316  avg: 	 318.8
is_1:	   326 | [?1h=  323 [?1h=  328 [?1h=  322 [?1h=  326 [?1h=  315  avg: 	 322.8
is_1:	   338 | [?1h=  316 [?1h=  322 [?1h=  296 [?1h=  318 [?1h=  321  avg: 	 314.6
is_1:	   299 | [?1h=  330 [?1h=  317 [?1h=  309 [?1h=  323 [?1h=  329  avg: 	 321.6
is_1:	   308 | [?1h=  333 [?1h=  318 [?1h=  353 [?1h=  321 [?1h=  311  avg: 	 327.2
is_1:	   292 | [?1h=  315 [?1h=  331 [?1h=  312 [?1h=  313 [?1h=  322  avg: 	 318.6
is_1:	   306 | [?1h=  330 [?1h=  329 [?1h=  300 [?1h=  332 [?1h=  309  avg: 	   320
is_1:	   300 | [?1h=  305 [?1h=  336 [?1h=  312 [?1h=  309 [?1h=  314  avg: 	 315.2
is_1:	   307 | [?1h=  340 [?1h=  309 [?1h=  332 [?1h=  322 [?1h=  313  avg: 	 323.2
is_1:	   318 | [?1h=  334 [?1h=  322 [?1h=  315 [?1h=  301 [?1h=  323  avg: 	   319
is_1:	   288 | [?1h=  334 [?1h=  305 [?1h=  308 [?1h=  318 [?1h=  303  avg: 	 313.6
is_1:	   304 | [?1h=  317 [?1h=  314 [?1h=  309 [?1h=  327 [?1h=  336  avg: 	 320.6
is_1:	   310 | [?1h=  296 [?1h=  305 [?1h=  315 [?1h=  311 [?1h=  308  avg: 	   307
is_1:	   324 | [?1h=  329 [?1h=  329 [?1h=  308 [?1h=  306 [?1h=  308  avg: 	   316
is_1:	   310 | [?1h=  338 [?1h=  312 [?1h=  313 [?1h=  341 [?1h=  304  avg: 	 321.6
is_1:	   320 | [?1h=  307 [?1h=  311 [?1h=  313 [?1h=  308 [?1h=  312  avg: 	 310.2
is_1:	   315 | [?1h=  308 [?1h=  333 [?1h=  325 [?1h=  323 [?1h=  320  avg: 	 321.8
is_1:	   298 | [?1h=  313 [?1h=  304 [?1h=  315 [?1h=  322 [?1h=  327  avg: 	 316.2
is_1:	   306 | [?1h=  309 [?1h=  341 [?1h=  330 [?1h=  305 [?1h=  305  avg: 	   318
is_1:	   316 | [?1h=  321 [?1h=  307 [?1h=  309 [?1h=  315 [?1h=  312  avg: 	 312.8
--------------------
avg initials: 310.25 		 avg finals: 317.94



delaunay_n15.mtx - 3

is_3:	   288 | [?1h=[?1h=  314 [?1h=[?1h=  321 [?1h=[?1h=  308 [?1h=[?1h=  323 [?1h=[?1h=  333  avg: 	 319.8
is_3:	   302 | [?1h=[?1h=  320 [?1h=[?1h=  329 [?1h=[?1h=  306 [?1h=[?1h=  343 [?1h=[?1h=  337  avg: 	   327
is_3:	   322 | [?1h=[?1h=  302 [?1h=[?1h=  331 [?1h=[?1h=  331 [?1h=[?1h=  324 [?1h=[?1h=  328  avg: 	 323.2
is_3:	   342 | [?1h=[?1h=  308 [?1h=[?1h=  317 [?1h=[?1h=  310 [?1h=[?1h=  311 [?1h=[?1h=  334  avg: 	   316
is_3:	   308 | [?1h=[?1h=  306 [?1h=[?1h=  331 [?1h=[?1h=  311 [?1h=[?1h=  331 [?1h=[?1h=  317  avg: 	 319.2
is_3:	   314 | [?1h=[?1h=  297 [?1h=[?1h=  311 [?1h=[?1h=  322 [?1h=[?1h=  325 [?1h=[?1h=  319  avg: 	 314.8
is_3:	   296 | [?1h=[?1h=  326 [?1h=[?1h=  322 [?1h=[?1h=  319 [?1h=[?1h=  303 [?1h=[?1h=  339  avg: 	 321.8
is_3:	   300 | [?1h=[?1h=  323 [?1h=[?1h=  324 [?1h=[?1h=  326 [?1h=[?1h=  319 [?1h=[?1h=  326  avg: 	 323.6
is_3:	   290 | [?1h=[?1h=  316 [?1h=[?1h=  331 [?1h=[?1h=  305 [?1h=[?1h=  308 [?1h=[?1h=  310  avg: 	   314
is_3:	   308 | [?1h=[?1h=  323 [?1h=[?1h=  312 [?1h=[?1h=  322 [?1h=[?1h=  300 [?1h=[?1h=  318  avg: 	   315
is_3:	   318 | [?1h=[?1h=  317 [?1h=[?1h=  326 [?1h=[?1h=  299 [?1h=[?1h=  318 [?1h=[?1h=  327  avg: 	 317.4
is_3:	   286 | [?1h=[?1h=  325 [?1h=[?1h=  322 [?1h=[?1h=  337 [?1h=[?1h=  335 [?1h=[?1h=  355  avg: 	 334.8
is_3:	   301 | [?1h=[?1h=  309 [?1h=[?1h=  327 [?1h=[?1h=  308 [?1h=[?1h=  323 [?1h=[?1h=  327  avg: 	 318.8
is_3:	   302 | [?1h=[?1h=  312 [?1h=[?1h=  301 [?1h=[?1h=  315 [?1h=[?1h=  327 [?1h=[?1h=  311  avg: 	 313.2
is_3:	   292 | [?1h=[?1h=  319 [?1h=[?1h=  326 [?1h=[?1h=  304 [?1h=[?1h=  324 [?1h=[?1h=  322  avg: 	   319
is_3:	   298 | [?1h=[?1h=  314 [?1h=[?1h=  320 [?1h=[?1h=  308 [?1h=[?1h=  300 [?1h=[?1h=  337  avg: 	 315.8
is_3:	   314 | [?1h=[?1h=  310 [?1h=[?1h=  313 [?1h=[?1h=  317 [?1h=[?1h=  331 [?1h=[?1h=  311  avg: 	 316.4
is_3:	   304 | [?1h=[?1h=  317 [?1h=[?1h=  325 [?1h=[?1h=  306 [?1h=[?1h=  320 [?1h=[?1h=  292  avg: 	   312
is_3:	   306 | [?1h=[?1h=  315 [?1h=[?1h=  311 [?1h=[?1h=  296 [?1h=[?1h=  317 [?1h=[?1h=  312  avg: 	 310.2
is_3:	   300 | [?1h=[?1h=  324 [?1h=[?1h=  336 [?1h=[?1h=  321 [?1h=[?1h=  303 [?1h=[?1h=  316  avg: 	   320
--------------------
avg initials: 304.55 		 avg finals: 318.6



deltaX.mtx - 0

is_0:	   234 | [?1h=  219 [?1h=  210 [?1h=  214 [?1h=  212 [?1h=  207  avg: 	 212.4
is_0:	   230 | [?1h=  221 [?1h=  217 [?1h=  218 [?1h=  214 [?1h=  238  avg: 	 221.6
is_0:	   245 | [?1h=  212 [?1h=  217 [?1h=  217 [?1h=  220 [?1h=  212  avg: 	 215.6
is_0:	   231 | [?1h=  215 [?1h=  213 [?1h=  227 [?1h=  223 [?1h=  223  avg: 	 220.2
is_0:	   244 | [?1h=  210 [?1h=  208 [?1h=  222 [?1h=  207 [?1h=  211  avg: 	 211.6
is_0:	   240 | [?1h=  214 [?1h=  210 [?1h=  223 [?1h=  213 [?1h=  214  avg: 	 214.8
is_0:	   222 | [?1h=  204 [?1h=  223 [?1h=  206 [?1h=  212 [?1h=  208  avg: 	 210.6
is_0:	   237 | [?1h=  209 [?1h=  209 [?1h=  211 [?1h=  208 [?1h=  225  avg: 	 212.4
is_0:	   231 | [?1h=  209 [?1h=  205 [?1h=  207 [?1h=  218 [?1h=  209  avg: 	 209.6
is_0:	   237 | [?1h=  213 [?1h=  220 [?1h=  215 [?1h=  206 [?1h=  217  avg: 	 214.2
is_0:	   234 | [?1h=  217 [?1h=  208 [?1h=  207 [?1h=  210 [?1h=  218  avg: 	   212
is_0:	   241 | [?1h=  256 [?1h=  225 [?1h=  240 [?1h=  217 [?1h=  218  avg: 	 231.2
is_0:	   226 | [?1h=  223 [?1h=  209 [?1h=  227 [?1h=  208 [?1h=  227  avg: 	 218.8
is_0:	   237 | [?1h=  210 [?1h=  212 [?1h=  220 [?1h=  207 [?1h=  213  avg: 	 212.4
is_0:	   241 | [?1h=  223 [?1h=  230 [?1h=  211 [?1h=  220 [?1h=  212  avg: 	 219.2
is_0:	   238 | [?1h=  221 [?1h=  221 [?1h=  210 [?1h=  208 [?1h=  219  avg: 	 215.8
is_0:	   235 | [?1h=  211 [?1h=  220 [?1h=  231 [?1h=  211 [?1h=  218  avg: 	 218.2
is_0:	   238 | [?1h=  209 [?1h=  228 [?1h=  211 [?1h=  223 [?1h=  209  avg: 	   216
is_0:	   231 | [?1h=  213 [?1h=  210 [?1h=  205 [?1h=  216 [?1h=  220  avg: 	 212.8
is_0:	   247 | [?1h=  212 [?1h=  224 [?1h=  224 [?1h=  207 [?1h=  223  avg: 	   218
--------------------
avg initials: 235.95 		 avg finals: 215.87



deltaX.mtx - 1

is_1:	   237 | [?1h=  228 [?1h=  225 [?1h=  224 [?1h=  219 [?1h=  230  avg: 	 225.2
is_1:	   230 | [?1h=  218 [?1h=  222 [?1h=  220 [?1h=  220 [?1h=  218  avg: 	 219.6
is_1:	   241 | [?1h=  223 [?1h=  225 [?1h=  220 [?1h=  222 [?1h=  224  avg: 	 222.8
is_1:	   248 | [?1h=  233 [?1h=  229 [?1h=  223 [?1h=  219 [?1h=  229  avg: 	 226.6
is_1:	   225 | [?1h=  213 [?1h=  208 [?1h=  211 [?1h=  214 [?1h=  215  avg: 	 212.2
is_1:	   247 | [?1h=  226 [?1h=  220 [?1h=  225 [?1h=  220 [?1h=  217  avg: 	 221.6
is_1:	   242 | [?1h=  218 [?1h=  224 [?1h=  224 [?1h=  230 [?1h=  224  avg: 	   224
is_1:	   238 | [?1h=  223 [?1h=  221 [?1h=  228 [?1h=  223 [?1h=  225  avg: 	   224
is_1:	   241 | [?1h=  219 [?1h=  225 [?1h=  221 [?1h=  223 [?1h=  218  avg: 	 221.2
is_1:	   236 | [?1h=  218 [?1h=  218 [?1h=  221 [?1h=  221 [?1h=  215  avg: 	 218.6
is_1:	   239 | [?1h=  219 [?1h=  218 [?1h=  234 [?1h=  222 [?1h=  213  avg: 	 221.2
is_1:	   238 | [?1h=  219 [?1h=  209 [?1h=  215 [?1h=  215 [?1h=  214  avg: 	 214.4
is_1:	   236 | [?1h=  230 [?1h=  209 [?1h=  213 [?1h=  218 [?1h=  216  avg: 	 217.2
is_1:	   237 | [?1h=  218 [?1h=  212 [?1h=  220 [?1h=  210 [?1h=  216  avg: 	 215.2
is_1:	   225 | [?1h=  214 [?1h=  213 [?1h=  213 [?1h=  215 [?1h=  208  avg: 	 212.6
is_1:	   238 | [?1h=  218 [?1h=  222 [?1h=  224 [?1h=  211 [?1h=  219  avg: 	 218.8
is_1:	   233 | [?1h=  223 [?1h=  221 [?1h=  219 [?1h=  210 [?1h=  222  avg: 	   219
is_1:	   238 | [?1h=  227 [?1h=  220 [?1h=  220 [?1h=  217 [?1h=  219  avg: 	 220.6
is_1:	   255 | [?1h=  217 [?1h=  228 [?1h=  222 [?1h=  214 [?1h=  220  avg: 	 220.2
is_1:	   235 | [?1h=  212 [?1h=  219 [?1h=  217 [?1h=  216 [?1h=  218  avg: 	 216.4
--------------------
avg initials: 237.95 		 avg finals: 219.57



deltaX.mtx - 3

is_3:	   233 | [?1h=[?1h=  227 [?1h=[?1h=  212 [?1h=[?1h=  221 [?1h=[?1h=  219 [?1h=[?1h=  223  avg: 	 220.4
is_3:	   238 | [?1h=[?1h=  222 [?1h=[?1h=  223 [?1h=[?1h=  223 [?1h=[?1h=  222 [?1h=[?1h=  218  avg: 	 221.6
is_3:	   246 | [?1h=[?1h=  233 [?1h=[?1h=  224 [?1h=[?1h=  228 [?1h=[?1h=  221 [?1h=[?1h=  225  avg: 	 226.2
is_3:	   233 | [?1h=[?1h=  211 [?1h=[?1h=  211 [?1h=[?1h=  210 [?1h=[?1h=  213 [?1h=[?1h=  216  avg: 	 212.2
is_3:	   239 | [?1h=[?1h=  228 [?1h=[?1h=  224 [?1h=[?1h=  235 [?1h=[?1h=  233 [?1h=[?1h=  232  avg: 	 230.4
is_3:	   238 | [?1h=[?1h=  220 [?1h=[?1h=  214 [?1h=[?1h=  216 [?1h=[?1h=  215 [?1h=[?1h=  220  avg: 	   217
is_3:	   238 | [?1h=[?1h=  224 [?1h=[?1h=  216 [?1h=[?1h=  223 [?1h=[?1h=  213 [?1h=[?1h=  216  avg: 	 218.4
is_3:	   245 | [?1h=[?1h=  215 [?1h=[?1h=  220 [?1h=[?1h=  215 [?1h=[?1h=  211 [?1h=[?1h=  213  avg: 	 214.8
is_3:	   248 | [?1h=[?1h=  226 [?1h=[?1h=  226 [?1h=[?1h=  224 [?1h=[?1h=  230 [?1h=[?1h=  233  avg: 	 227.8
is_3:	   236 | [?1h=[?1h=  219 [?1h=[?1h=  217 [?1h=[?1h=  227 [?1h=[?1h=  224 [?1h=[?1h=  217  avg: 	 220.8
is_3:	   235 | [?1h=[?1h=  224 [?1h=[?1h=  217 [?1h=[?1h=  216 [?1h=[?1h=  212 [?1h=[?1h=  219  avg: 	 217.6
is_3:	   228 | [?1h=[?1h=  216 [?1h=[?1h=  213 [?1h=[?1h=  213 [?1h=[?1h=  211 [?1h=[?1h=  216  avg: 	 213.8
is_3:	   239 | [?1h=[?1h=  216 [?1h=[?1h=  220 [?1h=[?1h=  211 [?1h=[?1h=  212 [?1h=[?1h=  217  avg: 	 215.2
is_3:	   257 | [?1h=[?1h=  226 [?1h=[?1h=  220 [?1h=[?1h=  219 [?1h=[?1h=  218 [?1h=[?1h=  222  avg: 	   221
is_3:	   237 | [?1h=[?1h=  216 [?1h=[?1h=  219 [?1h=[?1h=  214 [?1h=[?1h=  220 [?1h=[?1h=  228  avg: 	 219.4
is_3:	   253 | [?1h=[?1h=  225 [?1h=[?1h=  221 [?1h=[?1h=  232 [?1h=[?1h=  215 [?1h=[?1h=  242  avg: 	   227
is_3:	   230 | [?1h=[?1h=  221 [?1h=[?1h=  228 [?1h=[?1h=  221 [?1h=[?1h=  227 [?1h=[?1h=  215  avg: 	 222.4
is_3:	   236 | [?1h=[?1h=  220 [?1h=[?1h=  226 [?1h=[?1h=  215 [?1h=[?1h=  212 [?1h=[?1h=  219  avg: 	 218.4
is_3:	   222 | [?1h=[?1h=  216 [?1h=[?1h=  219 [?1h=[?1h=  218 [?1h=[?1h=  216 [?1h=[?1h=  217  avg: 	 217.2
is_3:	   240 | [?1h=[?1h=  222 [?1h=[?1h=  223 [?1h=[?1h=  222 [?1h=[?1h=  219 [?1h=[?1h=  222  avg: 	 221.6
--------------------
avg initials: 238.55 		 avg finals: 220.16



dfl001.mtx - 0

is_0:	   614 | [?1h=  539 [?1h=  583 [?1h=  570 [?1h=  539 [?1h=  603  avg: 	 566.8
is_0:	   539 | [?1h=  603 [?1h=  602 [?1h=  578 [?1h=  601 [?1h=  585  avg: 	 593.8
is_0:	   581 | [?1h=  635 [?1h=  583 [?1h=  598 [?1h=  601 [?1h=  614  avg: 	 606.2
is_0:	   593 | [?1h=  620 [?1h=  602 [?1h=  571 [?1h=  598 [?1h=  614  avg: 	   601
is_0:	   580 | [?1h=  597 [?1h=  590 [?1h=  581 [?1h=  573 [?1h=  581  avg: 	 584.4
is_0:	   619 | [?1h=  617 [?1h=  570 [?1h=  565 [?1h=  566 [?1h=  569  avg: 	 577.4
is_0:	   539 | [?1h=  601 [?1h=  621 [?1h=  594 [?1h=  568 [?1h=  575  avg: 	 591.8
is_0:	   616 | [?1h=  580 [?1h=  578 [?1h=  539 [?1h=  592 [?1h=  583  avg: 	 574.4
is_0:	   574 | [?1h=  575 [?1h=  568 [?1h=  610 [?1h=  576 [?1h=  589  avg: 	 583.6
is_0:	   618 | [?1h=  596 [?1h=  601 [?1h=  603 [?1h=  612 [?1h=  593  avg: 	   601
is_0:	   615 | [?1h=  575 [?1h=  581 [?1h=  616 [?1h=  597 [?1h=  573  avg: 	 588.4
is_0:	   578 | [?1h=  608 [?1h=  599 [?1h=  539 [?1h=  570 [?1h=  590  avg: 	 581.2
is_0:	   587 | [?1h=  609 [?1h=  568 [?1h=  585 [?1h=  604 [?1h=  599  avg: 	   593
is_0:	   556 | [?1h=  635 [?1h=  599 [?1h=  577 [?1h=  598 [?1h=  569  avg: 	 595.6
is_0:	   619 | [?1h=  574 [?1h=  577 [?1h=  580 [?1h=  569 [?1h=  593  avg: 	 578.6
is_0:	   624 | [?1h=  585 [?1h=  577 [?1h=  573 [?1h=  569 [?1h=  565  avg: 	 573.8
is_0:	   649 | [?1h=  578 [?1h=  573 [?1h=  602 [?1h=  597 [?1h=  587  avg: 	 587.4
is_0:	   584 | [?1h=  575 [?1h=  583 [?1h=  566 [?1h=  569 [?1h=  610  avg: 	 580.6
is_0:	   617 | [?1h=  610 [?1h=  589 [?1h=  590 [?1h=  539 [?1h=  539  avg: 	 573.4
is_0:	   570 | [?1h=  569 [?1h=  600 [?1h=  571 [?1h=  605 [?1h=  547  avg: 	 578.4
--------------------
avg initials: 593.6 		 avg finals: 585.54



dfl001.mtx - 1

is_1:	   543 | [?1h=  539 [?1h=  573 [?1h=  568 [?1h=  573 [?1h=  539  avg: 	 558.4
is_1:	   614 | [?1h=  607 [?1h=  603 [?1h=  581 [?1h=  580 [?1h=  599  avg: 	   594
is_1:	   597 | [?1h=  580 [?1h=  574 [?1h=  617 [?1h=  582 [?1h=  570  avg: 	 584.6
is_1:	   576 | [?1h=  569 [?1h=  581 [?1h=  569 [?1h=  572 [?1h=  614  avg: 	   581
is_1:	   575 | [?1h=  588 [?1h=  573 [?1h=  607 [?1h=  576 [?1h=  566  avg: 	   582
is_1:	   616 | [?1h=  626 [?1h=  603 [?1h=  634 [?1h=  626 [?1h=  596  avg: 	   617
is_1:	   603 | [?1h=  569 [?1h=  572 [?1h=  581 [?1h=  540 [?1h=  569  avg: 	 566.2
is_1:	   615 | [?1h=  599 [?1h=  614 [?1h=  611 [?1h=  627 [?1h=  601  avg: 	 610.4
is_1:	   631 | [?1h=  599 [?1h=  572 [?1h=  588 [?1h=  539 [?1h=  607  avg: 	   581
is_1:	   597 | [?1h=  580 [?1h=  575 [?1h=  571 [?1h=  598 [?1h=  632  avg: 	 591.2
is_1:	   574 | [?1h=  601 [?1h=  566 [?1h=  596 [?1h=  539 [?1h=  599  avg: 	 580.2
is_1:	   571 | [?1h=  572 [?1h=  597 [?1h=  568 [?1h=  572 [?1h=  575  avg: 	 576.8
is_1:	   610 | [?1h=  568 [?1h=  587 [?1h=  606 [?1h=  574 [?1h=  582  avg: 	 583.4
is_1:	   570 | [?1h=  574 [?1h=  584 [?1h=  582 [?1h=  566 [?1h=  571  avg: 	 575.4
is_1:	   589 | [?1h=  584 [?1h=  605 [?1h=  583 [?1h=  540 [?1h=  573  avg: 	   577
is_1:	   601 | [?1h=  580 [?1h=  575 [?1h=  607 [?1h=  546 [?1h=  583  avg: 	 578.2
is_1:	   583 | [?1h=  577 [?1h=  573 [?1h=  578 [?1h=  647 [?1h=  608  avg: 	 596.6
is_1:	   613 | [?1h=  604 [?1h=  600 [?1h=  578 [?1h=  597 [?1h=  539  avg: 	 583.6
is_1:	   629 | [?1h=  584 [?1h=  570 [?1h=  614 [?1h=  610 [?1h=  591  avg: 	 593.8
is_1:	   624 | [?1h=  601 [?1h=  570 [?1h=  614 [?1h=  618 [?1h=  577  avg: 	   596
--------------------
avg initials: 596.55 		 avg finals: 585.34



dfl001.mtx - 3

is_3:	   613 | [?1h=[?1h=  601 [?1h=[?1h=  576 [?1h=[?1h=  580 [?1h=[?1h=  582 [?1h=[?1h=  647  avg: 	 597.2
is_3:	   549 | [?1h=[?1h=  576 [?1h=[?1h=  582 [?1h=[?1h=  629 [?1h=[?1h=  623 [?1h=[?1h=  600  avg: 	   602
is_3:	   603 | [?1h=[?1h=  598 [?1h=[?1h=  581 [?1h=[?1h=  586 [?1h=[?1h=  585 [?1h=[?1h=  594  avg: 	 588.8
is_3:	   576 | [?1h=[?1h=  625 [?1h=[?1h=  579 [?1h=[?1h=  574 [?1h=[?1h=  581 [?1h=[?1h=  573  avg: 	 586.4
is_3:	   629 | [?1h=[?1h=  570 [?1h=[?1h=  595 [?1h=[?1h=  610 [?1h=[?1h=  626 [?1h=[?1h=  570  avg: 	 594.2
is_3:	   623 | [?1h=[?1h=  570 [?1h=[?1h=  578 [?1h=[?1h=  575 [?1h=[?1h=  584 [?1h=[?1h=  616  avg: 	 584.6
is_3:	   575 | [?1h=[?1h=  568 [?1h=[?1h=  580 [?1h=[?1h=  594 [?1h=[?1h=  595 [?1h=[?1h=  571  avg: 	 581.6
is_3:	   565 | [?1h=[?1h=  573 [?1h=[?1h=  592 [?1h=[?1h=  593 [?1h=[?1h=  574 [?1h=[?1h=  597  avg: 	 585.8
is_3:	   614 | [?1h=[?1h=  597 [?1h=[?1h=  575 [?1h=[?1h=  601 [?1h=[?1h=  570 [?1h=[?1h=  585  avg: 	 585.6
is_3:	   617 | [?1h=[?1h=  577 [?1h=[?1h=  581 [?1h=[?1h=  599 [?1h=[?1h=  601 [?1h=[?1h=  591  avg: 	 589.8
is_3:	   573 | [?1h=[?1h=  570 [?1h=[?1h=  600 [?1h=[?1h=  580 [?1h=[?1h=  579 [?1h=[?1h=  567  avg: 	 579.2
is_3:	   622 | [?1h=[?1h=  605 [?1h=[?1h=  605 [?1h=[?1h=  568 [?1h=[?1h=  598 [?1h=[?1h=  573  avg: 	 589.8
is_3:	   600 | [?1h=[?1h=  581 [?1h=[?1h=  572 [?1h=[?1h=  573 [?1h=[?1h=  571 [?1h=[?1h=  568  avg: 	   573
is_3:	   581 | [?1h=[?1h=  587 [?1h=[?1h=  567 [?1h=[?1h=  573 [?1h=[?1h=  573 [?1h=[?1h=  578  avg: 	 575.6
is_3:	   587 | [?1h=[?1h=  569 [?1h=[?1h=  566 [?1h=[?1h=  592 [?1h=[?1h=  604 [?1h=[?1h=  580  avg: 	 582.2
is_3:	   598 | [?1h=[?1h=  596 [?1h=[?1h=  599 [?1h=[?1h=  574 [?1h=[?1h=  574 [?1h=[?1h=  570  avg: 	 582.6
is_3:	   619 | [?1h=[?1h=  570 [?1h=[?1h=  604 [?1h=[?1h=  581 [?1h=[?1h=  594 [?1h=[?1h=  542  avg: 	 578.2
is_3:	   593 | [?1h=[?1h=  571 [?1h=[?1h=  568 [?1h=[?1h=  573 [?1h=[?1h=  570 [?1h=[?1h=  569  avg: 	 570.2
is_3:	   574 | [?1h=[?1h=  598 [?1h=[?1h=  580 [?1h=[?1h=  576 [?1h=[?1h=  586 [?1h=[?1h=  570  avg: 	   582
is_3:	   578 | [?1h=[?1h=  573 [?1h=[?1h=  565 [?1h=[?1h=  597 [?1h=[?1h=  604 [?1h=[?1h=  581  avg: 	   584
--------------------
avg initials: 594.45 		 avg finals: 584.64



lpi_ceria3d.mtx - 0

is_0:	   225 | [?1h=  142 [?1h=  116 [?1h=  136 [?1h=  136 [?1h=  146  avg: 	 135.2
is_0:	   227 | [?1h=  146 [?1h=  113 [?1h=  151 [?1h=  146 [?1h=  119  avg: 	   135
is_0:	   221 | [?1h=  131 [?1h=  131 [?1h=  134 [?1h=  140 [?1h=  126  avg: 	 132.4
is_0:	   215 | [?1h=  142 [?1h=  106 [?1h=  108 [?1h=  104 [?1h=  126  avg: 	 117.2
is_0:	   231 | [?1h=  126 [?1h=  144 [?1h=  144 [?1h=  156 [?1h=  156  avg: 	 145.2
is_0:	   224 | [?1h=  119 [?1h=  162 [?1h=  144 [?1h=  144 [?1h=  128  avg: 	 139.4
is_0:	   220 | [?1h=  155 [?1h=  136 [?1h=  140 [?1h=  112 [?1h=  106  avg: 	 129.8
is_0:	   208 | [?1h=  112 [?1h=  146 [?1h=  142 [?1h=  142 [?1h=  129  avg: 	 134.2
is_0:	   231 | [?1h=  136 [?1h=  143 [?1h=  140 [?1h=  126 [?1h=  126  avg: 	 134.2
is_0:	   212 | [?1h=  147 [?1h=  157 [?1h=  147 [?1h=  147 [?1h=  142  avg: 	   148
is_0:	   231 | [?1h=  143 [?1h=  148 [?1h=  148 [?1h=  160 [?1h=  148  avg: 	 149.4
is_0:	   211 | [?1h=  154 [?1h=  141 [?1h=  144 [?1h=  146 [?1h=  146  avg: 	 146.2
is_0:	   225 | [?1h=  126 [?1h=  141 [?1h=  141 [?1h=  136 [?1h=  148  avg: 	 138.4
is_0:	   228 | [?1h=  123 [?1h=  110 [?1h=  111 [?1h=  150 [?1h=  158  avg: 	 130.4
is_0:	   216 | [?1h=  110 [?1h=  138 [?1h=  138 [?1h=  142 [?1h=  142  avg: 	   134
is_0:	   220 | [?1h=  142 [?1h=  134 [?1h=  144 [?1h=  135 [?1h=  135  avg: 	   138
is_0:	   232 | [?1h=  117 [?1h=  154 [?1h=  154 [?1h=  128 [?1h=  128  avg: 	 136.2
is_0:	   223 | [?1h=  129 [?1h=  106 [?1h=  106 [?1h=  153 [?1h=  153  avg: 	 129.4
is_0:	   231 | [?1h=  150 [?1h=  150 [?1h=  140 [?1h=  124 [?1h=  116  avg: 	   136
is_0:	   226 | [?1h=  124 [?1h=  121 [?1h=  125 [?1h=  125 [?1h=  142  avg: 	 127.4
--------------------
avg initials: 222.85 		 avg finals: 135.8



lpi_ceria3d.mtx - 1

is_1:	   217 | [?1h=  244 [?1h=  242 [?1h=  224 [?1h=  224 [?1h=  229  avg: 	 232.6
is_1:	   236 | [?1h=  215 [?1h=  215 [?1h=  242 [?1h=  242 [?1h=  257  avg: 	 234.2
is_1:	   220 | [?1h=  201 [?1h=  201 [?1h=  201 [?1h=  212 [?1h=  229  avg: 	 208.8
is_1:	   218 | [?1h=  184 [?1h=  184 [?1h=  166 [?1h=  210 [?1h=  201  avg: 	   189
is_1:	   220 | [?1h=  240 [?1h=  240 [?1h=  211 [?1h=  232 [?1h=  232  avg: 	   231
is_1:	   230 | [?1h=  218 [?1h=  216 [?1h=  218 [?1h=  234 [?1h=  234  avg: 	   224
is_1:	   231 | [?1h=  243 [?1h=  243 [?1h=  228 [?1h=  230 [?1h=  234  avg: 	 235.6
is_1:	   233 | [?1h=  240 [?1h=  216 [?1h=  246 [?1h=  247 [?1h=  248  avg: 	 239.4
is_1:	   217 | [?1h=  254 [?1h=  216 [?1h=  236 [?1h=  236 [?1h=  222  avg: 	 232.8
is_1:	   234 | [?1h=  249 [?1h=  241 [?1h=  249 [?1h=  249 [?1h=  224  avg: 	 242.4
is_1:	   223 | [?1h=  234 [?1h=  244 [?1h=  239 [?1h=  249 [?1h=  255  avg: 	 244.2
is_1:	   221 | [?1h=  234 [?1h=  234 [?1h=  225 [?1h=  229 [?1h=  232  avg: 	 230.8
is_1:	   191 | [?1h=  162 [?1h=  187 [?1h=  204 [?1h=  216 [?1h=  216  avg: 	   197
is_1:	   224 | [?1h=  238 [?1h=  247 [?1h=  250 [?1h=  233 [?1h=  247  avg: 	   243
is_1:	   243 | [?1h=  238 [?1h=  226 [?1h=  231 [?1h=  259 [?1h=  259  avg: 	 242.6
is_1:	   224 | [?1h=  236 [?1h=  216 [?1h=  216 [?1h=  252 [?1h=  222  avg: 	 228.4
is_1:	   210 | [?1h=  184 [?1h=  184 [?1h=  194 [?1h=  220 [?1h=  220  avg: 	 200.4
is_1:	   217 | [?1h=  220 [?1h=  236 [?1h=  214 [?1h=  214 [?1h=  189  avg: 	 214.6
is_1:	   232 | [?1h=  218 [?1h=  226 [?1h=  228 [?1h=  222 [?1h=  222  avg: 	 223.2
is_1:	   228 | [?1h=  198 [?1h=  168 [?1h=  214 [?1h=  212 [?1h=  212  avg: 	 200.8
--------------------
avg initials: 223.45 		 avg finals: 224.74



lpi_ceria3d.mtx - 3

is_3:	   220 | [?1h=[?1h=  196 [?1h=[?1h=  170 [?1h=[?1h=  198 [?1h=[?1h=  185 [?1h=[?1h=  224  avg: 	 194.6
is_3:	   232 | [?1h=[?1h=  222 [?1h=[?1h=  208 [?1h=[?1h=  202 [?1h=[?1h=  220 [?1h=[?1h=  194  avg: 	 209.2
is_3:	   200 | [?1h=[?1h=  228 [?1h=[?1h=  261 [?1h=[?1h=  218 [?1h=[?1h=  216 [?1h=[?1h=  216  avg: 	 227.8
is_3:	   220 | [?1h=[?1h=  222 [?1h=[?1h=  231 [?1h=[?1h=  248 [?1h=[?1h=  186 [?1h=[?1h=  220  avg: 	 221.4
is_3:	   227 | [?1h=[?1h=  235 [?1h=[?1h=  237 [?1h=[?1h=  239 [?1h=[?1h=  229 [?1h=[?1h=  235  avg: 	   235
is_3:	   219 | [?1h=[?1h=  202 [?1h=[?1h=  251 [?1h=[?1h=  242 [?1h=[?1h=  218 [?1h=[?1h=  234  avg: 	 229.4
is_3:	   227 | [?1h=[?1h=  240 [?1h=[?1h=  246 [?1h=[?1h=  220 [?1h=[?1h=  231 [?1h=[?1h=  250  avg: 	 237.4
is_3:	   209 | [?1h=[?1h=  221 [?1h=[?1h=  157 [?1h=[?1h=  254 [?1h=[?1h=  206 [?1h=[?1h=  243  avg: 	 216.2
is_3:	   213 | [?1h=[?1h=  234 [?1h=[?1h=  249 [?1h=[?1h=  252 [?1h=[?1h=  230 [?1h=[?1h=  232  avg: 	 239.4
is_3:	   199 | [?1h=[?1h=  232 [?1h=[?1h=  229 [?1h=[?1h=  210 [?1h=[?1h=  252 [?1h=[?1h=  223  avg: 	 229.2
is_3:	   223 | [?1h=[?1h=  239 [?1h=[?1h=  228 [?1h=[?1h=  208 [?1h=[?1h=  222 [?1h=[?1h=  178  avg: 	   215
is_3:	   206 | [?1h=[?1h=  238 [?1h=[?1h=  247 [?1h=[?1h=  232 [?1h=[?1h=  241 [?1h=[?1h=  250  avg: 	 241.6
is_3:	   223 | [?1h=[?1h=  213 [?1h=[?1h=  213 [?1h=[?1h=  223 [?1h=[?1h=  233 [?1h=[?1h=  221  avg: 	 220.6
is_3:	   229 | [?1h=[?1h=  186 [?1h=[?1h=  250 [?1h=[?1h=  219 [?1h=[?1h=  234 [?1h=[?1h=  229  avg: 	 223.6
is_3:	   214 | [?1h=[?1h=  218 [?1h=[?1h=  181 [?1h=[?1h=  233 [?1h=[?1h=  234 [?1h=[?1h=  212  avg: 	 215.6
is_3:	   231 | [?1h=[?1h=  222 [?1h=[?1h=  215 [?1h=[?1h=  234 [?1h=[?1h=  218 [?1h=[?1h=  240  avg: 	 225.8
is_3:	   224 | [?1h=[?1h=  178 [?1h=[?1h=  200 [?1h=[?1h=  161 [?1h=[?1h=  218 [?1h=[?1h=  196  avg: 	 190.6
is_3:	   224 | [?1h=[?1h=  221 [?1h=[?1h=  234 [?1h=[?1h=  201 [?1h=[?1h=  208 [?1h=[?1h=  210  avg: 	 214.8
is_3:	   214 | [?1h=[?1h=  214 [?1h=[?1h=  214 [?1h=[?1h=  161 [?1h=[?1h=  212 [?1h=[?1h=  232  avg: 	 206.6
is_3:	   224 | [?1h=[?1h=  254 [?1h=[?1h=  239 [?1h=[?1h=  248 [?1h=[?1h=  246 [?1h=[?1h=  251  avg: 	 247.6
--------------------
avg initials: 218.9 		 avg finals: 222.07



netherlands_osm.mtx - 0

is_0:	   216 | [?1h=  207 [?1h=  206 [?1h=  218 [?1h=  119 [?1h=  237  avg: 	 197.4
is_0:	   270 | [?1h=  304 [?1h=  114 [?1h=  177 [?1h=  153 [?1h=  157  avg: 	   181
is_0:	   150 | [?1h=  222 [?1h=  165 [?1h=  155 [?1h=  186 [?1h=  164  avg: 	 178.4
is_0:	   206 | [?1h=  239 [?1h=  167 [?1h=  142 [?1h=  109 [?1h=  226  avg: 	 176.6
is_0:	   226 | [?1h=  240 [?1h=  146 [?1h=  120 [?1h=  156 [?1h=  234  avg: 	 179.2
is_0:	   161 | [?1h=  160 [?1h=  164 [?1h=  125 [?1h=  134 [?1h=  325  avg: 	 181.6
is_0:	   134 | [?1h=  268 [?1h=  136 [?1h=  127 [?1h=  227 [?1h=  173  avg: 	 186.2
is_0:	   183 | [?1h=  202 [?1h=  207 [?1h=  174 [?1h=  211 [?1h=  211  avg: 	   201
is_0:	   297 | [?1h=  220 [?1h=  199 [?1h=  120 [?1h=  169 [?1h=  189  avg: 	 179.4
is_0:	   192 | [?1h=  129 [?1h=  272 [?1h=  243 [?1h=  204 [?1h=  230  avg: 	 215.6
is_0:	   176 | [?1h=  200 [?1h=  183 [?1h=  231 [?1h=  221 [?1h=  291  avg: 	 225.2
is_0:	   179 | [?1h=  159 [?1h=  110 [?1h=  120 [?1h=  169 [?1h=  199  avg: 	 151.4
is_0:	   102 | [?1h=  254 [?1h=  140 [?1h=  104 [?1h=  220 [?1h=  133  avg: 	 170.2
is_0:	   137 | [?1h=  118 [?1h=  126 [?1h=  269 [?1h=  226 [?1h=  266  avg: 	   201
is_0:	   278 | [?1h=  203 [?1h=  249 [?1h=  132 [?1h=  193 [?1h=  337  avg: 	 222.8
is_0:	   215 | [?1h=  268 [?1h=  354 [?1h=  220 [?1h=  181 [?1h=  209  avg: 	 246.4
is_0:	   214 | [?1h=  237 [?1h=  321 [?1h=  216 [?1h=  144 [?1h=  167  avg: 	   217
is_0:	   148 | [?1h=  253 [?1h=  202 [?1h=  142 [?1h=  313 [?1h=  174  avg: 	 216.8
is_0:	   161 | [?1h=  301 [?1h=  349 [?1h=  236 [?1h=  279 [?1h=  167  avg: 	 266.4
is_0:	   220 | [?1h=  235 [?1h=  174 [?1h=  239 [?1h=  214 [?1h=  178  avg: 	   208
--------------------
avg initials: 193.25 		 avg finals: 200.08



netherlands_osm.mtx - 1

is_1:	   213 | [?1h=  182 [?1h=  255 [?1h=  137 [?1h=  180 [?1h=  151  avg: 	   181
is_1:	   362 | [?1h=  199 [?1h=  198 [?1h=  119 [?1h=  278 [?1h=  243  avg: 	 207.4
is_1:	   238 | [?1h=  193 [?1h=  316 [?1h=  156 [?1h=  284 [?1h=  165  avg: 	 222.8
is_1:	   187 | [?1h=  219 [?1h=  117 [?1h=  147 [?1h=  215 [?1h=  213  avg: 	 182.2
is_1:	   327 | [?1h=  267 [?1h=  146 [?1h=  171 [?1h=  197 [?1h=  171  avg: 	 190.4
is_1:	   334 | [?1h=  159 [?1h=  301 [?1h=  227 [?1h=  166 [?1h=  197  avg: 	   210
is_1:	   176 | [?1h=  174 [?1h=  195 [?1h=  169 [?1h=  280 [?1h=  235  avg: 	 210.6
is_1:	   135 | [?1h=  136 [?1h=  107 [?1h=  167 [?1h=  221 [?1h=  188  avg: 	 163.8
is_1:	   223 | [?1h=  150 [?1h=  151 [?1h=  192 [?1h=  148 [?1h=  236  avg: 	 175.4
is_1:	   337 | [?1h=  132 [?1h=  168 [?1h=  185 [?1h=  179 [?1h=  171  avg: 	   167
is_1:	   132 | [?1h=  217 [?1h=  214 [?1h=  251 [?1h=  136 [?1h=  411  avg: 	 245.8
is_1:	   376 | [?1h=  216 [?1h=  209 [?1h=  127 [?1h=  293 [?1h=  165  avg: 	   202
is_1:	   128 | [?1h=  297 [?1h=  291 [?1h=  158 [?1h=  206 [?1h=  185  avg: 	 227.4
is_1:	   112 | [?1h=  144 [?1h=  389 [?1h=  237 [?1h=  122 [?1h=  230  avg: 	 224.4
is_1:	   317 | [?1h=  272 [?1h=  154 [?1h=  304 [?1h=  149 [?1h=  178  avg: 	 211.4
is_1:	   180 | [?1h=  176 [?1h=  173 [?1h=  157 [?1h=  271 [?1h=  234  avg: 	 202.2
is_1:	   278 | [?1h=  201 [?1h=  257 [?1h=  242 [?1h=  198 [?1h=  165  avg: 	 212.6
is_1:	   224 | [?1h=  172 [?1h=  198 [?1h=  217 [?1h=  312 [?1h=  139  avg: 	 207.6
is_1:	   199 | [?1h=  315 [?1h=  196 [?1h=  317 [?1h=  265 [?1h=  153  avg: 	 249.2
is_1:	   263 | [?1h=  187 [?1h=  136 [?1h=  288 [?1h=  145 [?1h=  203  avg: 	 191.8
--------------------
avg initials: 237.05 		 avg finals: 204.25



netherlands_osm.mtx - 3

is_3:	   130 | [?1h=[?1h=  408 [?1h=[?1h=  146 [?1h=[?1h=  180 [?1h=[?1h=  213 [?1h=[?1h=  250  avg: 	 239.4
is_3:	   135 | [?1h=[?1h=  136 [?1h=[?1h=  126 [?1h=[?1h=  156 [?1h=[?1h=  195 [?1h=[?1h=  293  avg: 	 181.2
is_3:	   143 | [?1h=[?1h=  202 [?1h=[?1h=  275 [?1h=[?1h=  143 [?1h=[?1h=  141 [?1h=[?1h=  123  avg: 	 176.8
is_3:	   105 | [?1h=[?1h=  152 [?1h=[?1h=  141 [?1h=[?1h=  186 [?1h=[?1h=  209 [?1h=[?1h=  171  avg: 	 171.8
is_3:	   121 | [?1h=[?1h=  213 [?1h=[?1h=  208 [?1h=[?1h=  148 [?1h=[?1h=  194 [?1h=[?1h=  256  avg: 	 203.8
is_3:	   166 | [?1h=[?1h=  105 [?1h=[?1h=  146 [?1h=[?1h=  161 [?1h=[?1h=  164 [?1h=[?1h=  106  avg: 	 136.4
is_3:	   165 | [?1h=[?1h=  151 [?1h=[?1h=  273 [?1h=[?1h=  286 [?1h=[?1h=  197 [?1h=[?1h=  145  avg: 	 210.4
is_3:	   152 | [?1h=[?1h=  133 [?1h=[?1h=  185 [?1h=[?1h=  185 [?1h=[?1h=  157 [?1h=[?1h=  192  avg: 	 170.4
is_3:	   237 | [?1h=[?1h=  147 [?1h=[?1h=  150 [?1h=[?1h=  125 [?1h=[?1h=  123 [?1h=[?1h=  144  avg: 	 137.8
is_3:	   377 | [?1h=[?1h=  227 [?1h=[?1h=  214 [?1h=[?1h=  165 [?1h=[?1h=  165 [?1h=[?1h=  383  avg: 	 230.8
is_3:	   233 | [?1h=[?1h=  251 [?1h=[?1h=  159 [?1h=[?1h=  206 [?1h=[?1h=  144 [?1h=[?1h=  397  avg: 	 231.4
is_3:	   164 | [?1h=[?1h=  212 [?1h=[?1h=  202 [?1h=[?1h=  133 [?1h=[?1h=  184 [?1h=[?1h=  195  avg: 	 185.2
is_3:	   254 | [?1h=[?1h=  204 [?1h=[?1h=  178 [?1h=[?1h=  136 [?1h=[?1h=  168 [?1h=[?1h=  217  avg: 	 180.6
is_3:	   192 | [?1h=[?1h=  199 [?1h=[?1h=  251 [?1h=[?1h=  177 [?1h=[?1h=  269 [?1h=[?1h=  128  avg: 	 204.8
is_3:	   206 | [?1h=[?1h=  162 [?1h=[?1h=  128 [?1h=[?1h=  247 [?1h=[?1h=  437 [?1h=[?1h=  279  avg: 	 250.6
is_3:	   328 | [?1h=[?1h=  286 [?1h=[?1h=  172 [?1h=[?1h=  160 [?1h=[?1h=  179 [?1h=[?1h=  250  avg: 	 209.4
is_3:	   220 | [?1h=[?1h=  142 [?1h=[?1h=  231 [?1h=[?1h=  136 [?1h=[?1h=  142 [?1h=[?1h=  259  avg: 	   182
is_3:	   192 | [?1h=[?1h=  250 [?1h=[?1h=  100 [?1h=[?1h=  124 [?1h=[?1h=  138 [?1h=[?1h=  181  avg: 	 158.6
is_3:	   358 | [?1h=[?1h=  292 [?1h=[?1h=  228 [?1h=[?1h=  241 [?1h=[?1h=  228 [?1h=[?1h=  135  avg: 	 224.8
is_3:	   361 | [?1h=[?1h=  211 [?1h=[?1h=  196 [?1h=[?1h=  165 [?1h=[?1h=  310 [?1h=[?1h=  134  avg: 	 203.2
--------------------
avg initials: 211.95 		 avg finals: 194.47


>> %-- 09/15/2013 10:47:09 AM --%exit                          %-- 09/14/2013 04:54:34 PM --%exit                          %-- 09/14/2013 04:53:34 PM --%exit                          %-- 09/14/2013 04:54:34 PM --%exit                          %-- 09/15/2013 10:47:09 AM --%%-- 09/15/2013 10:47:09 AM --%%-- 09/15/2013 10:47:09 AM --%%-- 09/15/2013 10:47:09 AM --%%-- 09/15/2013 10:47:09 AM --%%-- 09/15/2013 10:47:09 AM --%%-- 09/15/2013 10:47:09 AM --%%-- 09/15/2013 10:47:09 AM --%%-- 09/15/2013 10:47:09 AM --%%-- 09/15/2013 10:47:09 AM --%%-- 09/15/2013 10:47:09 AM --%%-- 09/15/2013 10:47:09 AM --%exit
>> 
>> exit
[?1l>