[?1h=
                                                                                     < M A T L A B (R) >
                                                                           Copyright 1984-2010 The MathWorks, Inc.
                                                                         Version 7.12.0.635 (R2011a) 64-bit (glnxa64)
                                                                                        March 18, 2011

 
  To get started, type one of these: helpwin, helpdesk, or demo.
  For product information, visit www.mathworks.com.
 
{Warning: Name is nonexistent or not a directory: /home/davide/projects/mthesis/Mondriaan4RC/tools.} 
> In path at 110
  In addpath at 87
  In startup at 2
  In matlabrc at 222

cre_b.mtx - 0

is_0:	   515 | [?1h=  556 [?1h=  641 [?1h=  613 [?1h=  610 [?1h=  532  avg: 	 590.4
is_0:	   536 | [?1h=  531 [?1h=  659 [?1h=  756 [?1h=  719 [?1h=  585  avg: 	   650
is_0:	   623 | [?1h=  642 [?1h=  589 [?1h=  570 [?1h=  514 [?1h=  598  avg: 	 582.6
is_0:	   526 | [?1h=  504 [?1h=  568 [?1h=  682 [?1h=  631 [?1h=  526  avg: 	 582.2
is_0:	   548 | [?1h=  499 [?1h=  559 [?1h=  586 [?1h=  592 [?1h=  549  avg: 	   557
is_0:	   534 | [?1h=  527 [?1h=  621 [?1h=  589 [?1h=  499 [?1h=  642  avg: 	 575.6
is_0:	   546 | [?1h=  657 [?1h=  565 [?1h=  586 [?1h=  691 [?1h=  549  avg: 	 609.6
is_0:	   540 | [?1h=  681 [?1h=  496 [?1h=  557 [?1h=  544 [?1h=  543  avg: 	 564.2
is_0:	   577 | [?1h=  581 [?1h=  582 [?1h=  559 [?1h=  612 [?1h=  597  avg: 	 586.2
is_0:	   645 | [?1h=  617 [?1h=  603 [?1h=  614 [?1h=  654 [?1h=  534  avg: 	 604.4
is_0:	   585 | [?1h=  731 [?1h=  588 [?1h=  565 [?1h=  528 [?1h=  690  avg: 	 620.4
is_0:	   587 | [?1h=  681 [?1h=  544 [?1h=  588 [?1h=  671 [?1h=  523  avg: 	 601.4
is_0:	   579 | [?1h=  685 [?1h=  575 [?1h=  514 [?1h=  541 [?1h=  514  avg: 	 565.8
is_0:	   527 | [?1h=  618 [?1h=  553 [?1h=  782 [?1h=  538 [?1h=  620  avg: 	 622.2
is_0:	   534 | [?1h=  645 [?1h=  557 [?1h=  587 [?1h=  557 [?1h=  646  avg: 	 598.4
is_0:	   594 | [?1h=  649 [?1h=  643 [?1h=  480 [?1h=  643 [?1h=  607  avg: 	 604.4
is_0:	   513 | [?1h=  609 [?1h=  518 [?1h=  557 [?1h=  723 [?1h=  579  avg: 	 597.2
is_0:	   539 | [?1h=  540 [?1h=  603 [?1h=  598 [?1h=  640 [?1h=  693  avg: 	 614.8
is_0:	   556 | [?1h=  652 [?1h=  571 [?1h=  648 [?1h=  636 [?1h=  582  avg: 	 617.8
is_0:	   512 | [?1h=  559 [?1h=  671 [?1h=  528 [?1h=  588 [?1h=  586  avg: 	 586.4
--------------------
avg initials: 555.8 		 avg finals: 596.55



cre_b.mtx - 1

is_1:	   517 | [?1h=  619 [?1h=  526 [?1h=  540 [?1h=  664 [?1h=  559  avg: 	 581.6
is_1:	   558 | [?1h=  660 [?1h=  579 [?1h=  735 [?1h=  576 [?1h=  498  avg: 	 609.6
is_1:	   544 | [?1h=  554 [?1h=  658 [?1h=  595 [?1h=  536 [?1h=  527  avg: 	   574
is_1:	   561 | [?1h=  657 [?1h=  591 [?1h=  610 [?1h=  571 [?1h=  545  avg: 	 594.8
is_1:	   597 | [?1h=  522 [?1h=  593 [?1h=  579 [?1h=  597 [?1h=  546  avg: 	 567.4
is_1:	   633 | [?1h=  522 [?1h=  582 [?1h=  592 [?1h=  667 [?1h=  625  avg: 	 597.6
is_1:	   629 | [?1h=  680 [?1h=  578 [?1h=  587 [?1h=  677 [?1h=  652  avg: 	 634.8
is_1:	   602 | [?1h=  558 [?1h=  581 [?1h=  592 [?1h=  657 [?1h=  588  avg: 	 595.2
is_1:	   710 | [?1h=  538 [?1h=  581 [?1h=  555 [?1h=  573 [?1h=  592  avg: 	 567.8
is_1:	   625 | [?1h=  555 [?1h=  550 [?1h=  599 [?1h=  598 [?1h=  700  avg: 	 600.4
is_1:	   594 | [?1h=  551 [?1h=  567 [?1h=  563 [?1h=  542 [?1h=  581  avg: 	 560.8
is_1:	   632 | [?1h=  580 [?1h=  550 [?1h=  656 [?1h=  540 [?1h=  521  avg: 	 569.4
is_1:	   587 | [?1h=  562 [?1h=  500 [?1h=  519 [?1h=  695 [?1h=  724  avg: 	   600
is_1:	   630 | [?1h=  524 [?1h=  623 [?1h=  672 [?1h=  612 [?1h=  515  avg: 	 589.2
is_1:	   508 | [?1h=  590 [?1h=  611 [?1h=  592 [?1h=  562 [?1h=  650  avg: 	   601
is_1:	   678 | [?1h=  589 [?1h=  518 [?1h=  531 [?1h=  567 [?1h=  580  avg: 	   557
is_1:	   549 | [?1h=  604 [?1h=  616 [?1h=  638 [?1h=  593 [?1h=  585  avg: 	 607.2
is_1:	   683 | [?1h=  552 [?1h=  533 [?1h=  688 [?1h=  595 [?1h=  563  avg: 	 586.2
is_1:	   601 | [?1h=  624 [?1h=  524 [?1h=  600 [?1h=  570 [?1h=  678  avg: 	 599.2
is_1:	   595 | [?1h=  671 [?1h=  582 [?1h=  618 [?1h=  615 [?1h=  590  avg: 	 615.2
--------------------
avg initials: 601.65 		 avg finals: 590.42



cre_b.mtx - 3

is_3:	   532 | [?1h=[?1h=  586 [?1h=[?1h=  745 [?1h=[?1h=  569 [?1h=[?1h=  504 [?1h=[?1h=  581  avg: 	   597
is_3:	   538 | [?1h=[?1h=  638 [?1h=[?1h=Attempt to restart MATLAB? [y or n]>>exitn[Please exit and restart MATLAB]>>
------------------------------------------------------------------------
       Segmentation violation detected at Sun Sep 15 11:25:06 2013
------------------------------------------------------------------------

Configuration:
  Crash Decoding  : Disabled
  Current Visual  : None
  Default Encoding: UTF-8
  GNU C Library   : 2.5 stable
  MATLAB License  : 3254
  MATLAB Root     : /usr/local/MATLAB/R2011a
  MATLAB Version  : 7.12.0.635 (R2011a)
  Operating System: Linux 2.6.18-238.5.1.el5 #1 SMP Tue Mar 1 18:58:43 EST 2011 x86_64
  Processor ID    : x86 Family 15 Model 4 Stepping 2, AuthenticAMD
  Window System   : No active display

Fault Count: 1



Abnormal termination:
Segmentation violation

Register State (from fault):
  RAX = fffffffc5983fa80  RBX = 000000001f05bca0
  RCX = 000000001ed29cc0  RDX = fffffffc39df0490
  RSP = 00002ba33629d020  RBP = 00002ba33629d020
  RSI = 000000001ed29cc0  RDI = 00002ba3362a0f70

   R8 = 0000000020a398f0   R9 = 0000000000000003
  R10 = 00000000001fd000  R11 = 0000000000000000
  R12 = 00002ba3362a4ee0  R13 = 00002ba3362aaa70
  R14 = 000000001c16a110  R15 = 00002ba3362aa4c0

  RIP = 00002ba342e03437  EFL = 0000000000010282

   CS = 0033   FS = 0000   GS = 0000


Stack Trace (from fault):
[  0] 0x00002ba324954f49 /usr/local/MATLAB/R2011a/bin/glnxa64/../../bin/glnxa64/libmwfl.so+00474953 fl::sysdep::linux::unwind_stack(void const**, unsigned long, unsigned long, fl::diag::thread_context const&)+000009
[  1] 0x00002ba32490adc1 /usr/local/MATLAB/R2011a/bin/glnxa64/../../bin/glnxa64/libmwfl.so+00171457 fl::diag::stacktrace_base::capture(fl::diag::thread_context const&, unsigned long)+000161
[  2] 0x00002ba3249140dd /usr/local/MATLAB/R2011a/bin/glnxa64/../../bin/glnxa64/libmwfl.so+00209117
[  3] 0x00002ba324914364 /usr/local/MATLAB/R2011a/bin/glnxa64/../../bin/glnxa64/libmwfl.so+00209764 fl::diag::terminate_log(char const*, fl::diag::thread_context const&, bool)+000100
[  4] 0x00002ba325930be5 /usr/local/MATLAB/R2011a/bin/glnxa64/../../bin/glnxa64/libmwmcr.so+00420837 fl::diag::terminate_log(char const*, ucontext const*, bool)+000085
[  5] 0x00002ba32592db54 /usr/local/MATLAB/R2011a/bin/glnxa64/../../bin/glnxa64/libmwmcr.so+00408404
[  6] 0x00002ba32592f03d /usr/local/MATLAB/R2011a/bin/glnxa64/../../bin/glnxa64/libmwmcr.so+00413757
[  7] 0x00002ba32592f197 /usr/local/MATLAB/R2011a/bin/glnxa64/../../bin/glnxa64/libmwmcr.so+00414103
[  8] 0x00002ba32592fb1d /usr/local/MATLAB/R2011a/bin/glnxa64/../../bin/glnxa64/libmwmcr.so+00416541
[  9] 0x00002ba325930435 /usr/local/MATLAB/R2011a/bin/glnxa64/../../bin/glnxa64/libmwmcr.so+00418869
[ 10] 0x0000003e7b80eca0                             /lib64/libpthread.so.0+00060576
[ 11] 0x00002ba342e03437 /home/students/3776123/mthesis/iter_partitioning/hot_restart/MatlabOverpaint.mexa64+00013367
[ 12] 0x00002ba342e04c73 /home/students/3776123/mthesis/iter_partitioning/hot_restart/MatlabOverpaint.mexa64+00019571
[ 13] 0x00002ba342e01955 /home/students/3776123/mthesis/iter_partitioning/hot_restart/MatlabOverpaint.mexa64+00006485 mexFunction+000565
[ 14] 0x00002ba32abdafaa /usr/local/MATLAB/R2011a/bin/glnxa64/../../bin/glnxa64/../../bin/glnxa64/libmex.so+00049066 mexRunMexFile+000090
[ 15] 0x00002ba32abd7f19 /usr/local/MATLAB/R2011a/bin/glnxa64/../../bin/glnxa64/../../bin/glnxa64/libmex.so+00036633
[ 16] 0x00002ba32abd8bbe /usr/local/MATLAB/R2011a/bin/glnxa64/../../bin/glnxa64/../../bin/glnxa64/libmex.so+00039870
[ 17] 0x00002ba325bb57ef /usr/local/MATLAB/R2011a/bin/glnxa64/../../bin/glnxa64/libmwm_dispatcher.so+00391151 Mfh_file::dispatch_fh(int, mxArray_tag**, int, mxArray_tag**)+000511
[ 18] 0x00002ba325f501f0 /usr/local/MATLAB/R2011a/bin/glnxa64/../../bin/glnxa64/libmwm_interpreter.so+01532400
[ 19] 0x00002ba325ef1975 /usr/local/MATLAB/R2011a/bin/glnxa64/../../bin/glnxa64/libmwm_interpreter.so+01145205
[ 20] 0x00002ba325f0b96e /usr/local/MATLAB/R2011a/bin/glnxa64/../../bin/glnxa64/libmwm_interpreter.so+01251694
[ 21] 0x00002ba325f100ec /usr/local/MATLAB/R2011a/bin/glnxa64/../../bin/glnxa64/libmwm_interpreter.so+01269996
[ 22] 0x00002ba325f0dc7a /usr/local/MATLAB/R2011a/bin/glnxa64/../../bin/glnxa64/libmwm_interpreter.so+01260666
[ 23] 0x00002ba325f0e741 /usr/local/MATLAB/R2011a/bin/glnxa64/../../bin/glnxa64/libmwm_interpreter.so+01263425
[ 24] 0x00002ba325f677d9 /usr/local/MATLAB/R2011a/bin/glnxa64/../../bin/glnxa64/libmwm_interpreter.so+01628121
[ 25] 0x00002ba325bb57ef /usr/local/MATLAB/R2011a/bin/glnxa64/../../bin/glnxa64/libmwm_dispatcher.so+00391151 Mfh_file::dispatch_fh(int, mxArray_tag**, int, mxArray_tag**)+000511
[ 26] 0x00002ba325f501f0 /usr/local/MATLAB/R2011a/bin/glnxa64/../../bin/glnxa64/libmwm_interpreter.so+01532400
[ 27] 0x00002ba325ef1975 /usr/local/MATLAB/R2011a/bin/glnxa64/../../bin/glnxa64/libmwm_interpreter.so+01145205
[ 28] 0x00002ba325f0b96e /usr/local/MATLAB/R2011a/bin/glnxa64/../../bin/glnxa64/libmwm_interpreter.so+01251694
[ 29] 0x00002ba325f100ec /usr/local/MATLAB/R2011a/bin/glnxa64/../../bin/glnxa64/libmwm_interpreter.so+01269996
[ 30] 0x00002ba325f0dc7a /usr/local/MATLAB/R2011a/bin/glnxa64/../../bin/glnxa64/libmwm_interpreter.so+01260666
[ 31] 0x00002ba325f0e741 /usr/local/MATLAB/R2011a/bin/glnxa64/../../bin/glnxa64/libmwm_interpreter.so+01263425
[ 32] 0x00002ba325f677d9 /usr/local/MATLAB/R2011a/bin/glnxa64/../../bin/glnxa64/libmwm_interpreter.so+01628121
[ 33] 0x00002ba325bb57ef /usr/local/MATLAB/R2011a/bin/glnxa64/../../bin/glnxa64/libmwm_dispatcher.so+00391151 Mfh_file::dispatch_fh(int, mxArray_tag**, int, mxArray_tag**)+000511
[ 34] 0x00002ba325f439b2 /usr/local/MATLAB/R2011a/bin/glnxa64/../../bin/glnxa64/libmwm_interpreter.so+01481138
[ 35] 0x00002ba325f05e13 /usr/local/MATLAB/R2011a/bin/glnxa64/../../bin/glnxa64/libmwm_interpreter.so+01228307
[ 36] 0x00002ba325f04eb7 /usr/local/MATLAB/R2011a/bin/glnxa64/../../bin/glnxa64/libmwm_interpreter.so+01224375
[ 37] 0x00002ba325f05397 /usr/local/MATLAB/R2011a/bin/glnxa64/../../bin/glnxa64/libmwm_interpreter.so+01225623
[ 38] 0x00002ba325ebfa72 /usr/local/MATLAB/R2011a/bin/glnxa64/../../bin/glnxa64/libmwm_interpreter.so+00940658 inEvalCmdWithLocalReturnInDesiredWS(char const*, int*, bool, bool, inWorkSpace_tag*)+000098
[ 39] 0x00002ba32a787478 /usr/local/MATLAB/R2011a/bin/glnxa64/../../bin/glnxa64/../../bin/glnxa64/libmwiqm.so+00390264 iqm::InternalEvalPlugin::inEvalCmdWithLocalReturn(char const*, inWorkSpace_tag*) const+000088
[ 40] 0x00002ba32a78880a /usr/local/MATLAB/R2011a/bin/glnxa64/../../bin/glnxa64/../../bin/glnxa64/libmwiqm.so+00395274 iqm::InternalEvalPlugin::execute(inWorkSpace_tag*, boost::shared_ptr<cmddistributor::IIPCompletedEvent>&)+000122
[ 41] 0x00002ba32a76f8ef /usr/local/MATLAB/R2011a/bin/glnxa64/../../bin/glnxa64/../../bin/glnxa64/libmwiqm.so+00293103
[ 42] 0x00002ba32a75cdd5 /usr/local/MATLAB/R2011a/bin/glnxa64/../../bin/glnxa64/../../bin/glnxa64/libmwiqm.so+00216533
[ 43] 0x00002ba3256b2282 /usr/local/MATLAB/R2011a/bin/glnxa64/../../bin/glnxa64/libmwbridge.so+00094850
[ 44] 0x00002ba3256b2856 /usr/local/MATLAB/R2011a/bin/glnxa64/../../bin/glnxa64/libmwbridge.so+00096342 ioReadLine(bool, _IO_FILE*, char*, char*, int, bool*, boost::optional<inWorkSpace_tag* const> const&, bool)+000134
[ 45] 0x00002ba3256b2985 /usr/local/MATLAB/R2011a/bin/glnxa64/../../bin/glnxa64/libmwbridge.so+00096645
[ 46] 0x00002ba3256b5d3a /usr/local/MATLAB/R2011a/bin/glnxa64/../../bin/glnxa64/libmwbridge.so+00109882
[ 47] 0x00002ba3256b5efd /usr/local/MATLAB/R2011a/bin/glnxa64/../../bin/glnxa64/libmwbridge.so+00110333
[ 48] 0x00002ba3256b6503 /usr/local/MATLAB/R2011a/bin/glnxa64/../../bin/glnxa64/libmwbridge.so+00111875 mnParser+000707
[ 49] 0x00002ba325918d39 /usr/local/MATLAB/R2011a/bin/glnxa64/../../bin/glnxa64/libmwmcr.so+00322873 mcrInstance::mnParser_on_interpreter_thread()+000041
[ 50] 0x00002ba3258fbdb2 /usr/local/MATLAB/R2011a/bin/glnxa64/../../bin/glnxa64/libmwmcr.so+00204210
[ 51] 0x00002ba3258fbec0 /usr/local/MATLAB/R2011a/bin/glnxa64/../../bin/glnxa64/libmwmcr.so+00204480
[ 52] 0x00002ba3250b8214 /usr/local/MATLAB/R2011a/bin/glnxa64/../../bin/glnxa64/libmwservices.so+00422420
[ 53] 0x00002ba3250b8405 /usr/local/MATLAB/R2011a/bin/glnxa64/../../bin/glnxa64/libmwservices.so+00422917
[ 54] 0x00002ba3250b6d08 /usr/local/MATLAB/R2011a/bin/glnxa64/../../bin/glnxa64/libmwservices.so+00417032
[ 55] 0x00002ba32dd6c025 /usr/local/MATLAB/R2011a/bin/glnxa64/../../bin/glnxa64/../../bin/glnxa64/libmwuix.so+00475173
[ 56] 0x00002ba32d3e223a /usr/local/MATLAB/R2011a/bin/glnxa64/../../bin/glnxa64/../../bin/glnxa64/libuij.so+00217658 sysq::wait_F<boost::weak_ptr<sysq::ws_ppeHook>, boost::shared_ptr<sysq::ws_ppeHook> > std::for_each<__gnu_cxx::__normal_iterator<boost::weak_ptr<sysq::ws_ppeHook>*, std::vector<boost::weak_ptr<sysq::ws_ppeHook>, std::allocator<boost::weak_ptr<sysq::ws_ppeHook> > > >, sysq::wait_F<boost::weak_ptr<sysq::ws_ppeHook>, boost::shared_ptr<sysq::ws_ppeHook> > >(__gnu_cxx::__normal_iterator<boost::weak_ptr<sysq::ws_ppeHook>*, std::vector<boost::weak_ptr<sysq::ws_ppeHook>, std::allocator<boost::weak_ptr<sysq::ws_ppeHook> > > >, __gnu_cxx::__normal_iterator<boost::weak_ptr<sysq::ws_ppeHook>*, std::vector<boost::weak_ptr<sysq::ws_ppeHook>, std::allocator<boost::weak_ptr<sysq::ws_ppeHook> > > >, sysq::wait_F<boost::weak_ptr<sysq::ws_ppeHook>, boost::shared_ptr<sysq::ws_ppeHook> >)+000074
[ 57] 0x00002ba32d3e2ec2 /usr/local/MATLAB/R2011a/bin/glnxa64/../../bin/glnxa64/../../bin/glnxa64/libuij.so+00220866
[ 58] 0x00002ba32d3e0502 /usr/local/MATLAB/R2011a/bin/glnxa64/../../bin/glnxa64/../../bin/glnxa64/libuij.so+00210178 svWS_ProcessPendingEvents(int, int, bool)+000578
[ 59] 0x00002ba3258fa1c7 /usr/local/MATLAB/R2011a/bin/glnxa64/../../bin/glnxa64/libmwmcr.so+00197063
[ 60] 0x00002ba3258fa60a /usr/local/MATLAB/R2011a/bin/glnxa64/../../bin/glnxa64/libmwmcr.so+00198154
[ 61] 0x00002ba3258fad6f /usr/local/MATLAB/R2011a/bin/glnxa64/../../bin/glnxa64/libmwmcr.so+00200047
[ 62] 0x0000003e7b80683d                             /lib64/libpthread.so.0+00026685
[ 63] 0x0000003e7acd4fad                                   /lib64/libc.so.6+00872365 clone+000109



This error was detected while a MEX-file was running. If the MEX-file
is not an official MathWorks function, please examine its source code
for errors. Please consult the External Interfaces Guide for information
on debugging MEX-files.

If this problem is reproducible, please submit a Service Request via:
    http://www.mathworks.com/support/contact_us/

A technical support engineer might contact you with further information.

Thank you for your help.** This crash report has been saved to disk as /home/students/3776123/matlab_crash_dump.23850-1 **



MATLAB is exiting because of fatal error
[?1h=
                                                                                     < M A T L A B (R) >
                                                                           Copyright 1984-2010 The MathWorks, Inc.
                                                                         Version 7.12.0.635 (R2011a) 64-bit (glnxa64)
                                                                                        March 18, 2011

 
  To get started, type one of these: helpwin, helpdesk, or demo.
  For product information, visit www.mathworks.com.
 
{Warning: Name is nonexistent or not a directory: /home/davide/projects/mthesis/Mondriaan4RC/tools.} 
> In path at 110
  In addpath at 87
  In startup at 2
  In matlabrc at 222

nug30.mtx - 0

is_0:	 35596 | [?1h=29540 [?1h=29414 [?1h=30309 [?1h=27431 [?1h=28660  avg: 	 29070.8
is_0:	 35553 | [?1h=27076 [?1h=27182 [?1h=30101 [?1h=26966 [?1h=30274  avg: 	 28319.8
is_0:	 35612 | [?1h=28758 [?1h=30318 [?1h=29683 [?1h=29135 [?1h=29318  avg: 	 29442.4
is_0:	 32547 | [?1h=29081 [?1h=29037 [?1h=27383 [?1h=27793 [?1h=27070  avg: 	 28072.8
is_0:	 35550 | [?1h=28444 [?1h=28268 [?1h=29497 [?1h=27300 [?1h=27018  avg: 	 28105.4
is_0:	 36336 | [?1h=29859 [?1h=27861 [?1h=28937 [?1h=28127 [?1h=27908  avg: 	 28538.4
is_0:	 37126 | [?1h=31127 [?1h=30932 [?1h=30845 [?1h=30800 [?1h=28099  avg: 	 30360.6
is_0:	 35824 | [?1h=29375 [?1h=28753 [?1h=28874 [?1h=28814 [?1h=28767  avg: 	 28916.6
is_0:	 34783 | [?1h=31350 [?1h=29345 [?1h=30920 [?1h=30487 [?1h=29463  avg: 	 30313
is_0:	 37228 | [?1h=30049 [?1h=28524 [?1h=31005 [?1h=27440 [?1h=30759  avg: 	 29555.4
is_0:	 37090 | [?1h=27640 [?1h=30752 [?1h=27976 [?1h=29073 [?1h=27254  avg: 	 28539
is_0:	 37727 | [?1h=30221 [?1h=29741 [?1h=29042 [?1h=29937 [?1h=27791  avg: 	 29346.4
is_0:	 36690 | [?1h=28871 [?1h=30940 [?1h=30000 [?1h=26797 [?1h=28996  avg: 	 29120.8
is_0:	 34878 | [?1h=28337 [?1h=31201 [?1h=27649 [?1h=29855 [?1h=31218  avg: 	 29652
is_0:	 36962 | [?1h=30337 [?1h=31223 [?1h=29388 [?1h=29747 [?1h=27226  avg: 	 29584.2
is_0:	 37112 | [?1h=30276 [?1h=29321 [?1h=27838 [?1h=29942 [?1h=30458  avg: 	 29567
is_0:	 36045 | [?1h=30880 [?1h=27744 [?1h=27426 [?1h=31136 [?1h=27942  avg: 	 29025.6
is_0:	 38480 | [?1h=27665 [?1h=30396 [?1h=28496 [?1h=28966 [?1h=29409  avg: 	 28986.4
is_0:	 35894 | [?1h=31322 [?1h=27831 [?1h=27295 [?1h=29002 [?1h=29545  avg: 	 28999
is_0:	 37276 | [?1h=31236 [?1h=27929 [?1h=27430 [?1h=28226 [?1h=28612  avg: 	 28686.6
--------------------
avg initials: 36215.4 		 avg finals: 29110.1



nug30.mtx - 1

is_1:	 37839 | [?1h=38192 [?1h=37537 [?1h=37478 [?1h=37873 [?1h=38186  avg: 	 37853.2
is_1:	 37084 | [?1h=36969 [?1h=36899 [?1h=37406 [?1h=37367 [?1h=36653  avg: 	 37058.8
is_1:	 37414 | [?1h=36410 [?1h=36761 [?1h=36327 [?1h=36289 [?1h=36461  avg: 	 36449.6
is_1:	 33170 | [?1h=30877 [?1h=30099 [?1h=27194 [?1h=29789 [?1h=28703  avg: 	 29332.4
is_1:	 38349 | [?1h=37651 [?1h=37976 [?1h=37785 [?1h=37834 [?1h=37632  avg: 	 37775.6
is_1:	 34592 | [?1h=31899 [?1h=34988 [?1h=34550 [?1h=35754 [?1h=33231  avg: 	 34084.4
is_1:	 34869 | [?1h=36575 [?1h=34560 [?1h=37004 [?1h=36322 [?1h=36730  avg: 	 36238.2
is_1:	 36545 | [?1h=36970 [?1h=37481 [?1h=37701 [?1h=37334 [?1h=37230  avg: 	 37343.2
is_1:	 36946 | [?1h=37705 [?1h=37413 [?1h=37299 [?1h=37252 [?1h=37049  avg: 	 37343.6
is_1:	 35546 | [?1h=36274 [?1h=36898 [?1h=36069 [?1h=33070 [?1h=36811  avg: 	 35824.4
is_1:	 35513 | [?1h=37279 [?1h=37475 [?1h=37345 [?1h=37366 [?1h=37807  avg: 	 37454.4
is_1:	 35305 | [?1h=36502 [?1h=36559 [?1h=36631 [?1h=36305 [?1h=36681  avg: 	 36535.6
is_1:	 36873 | [?1h=35496 [?1h=35238 [?1h=35424 [?1h=35505 [?1h=35672  avg: 	 35467
is_1:	 34753 | [?1h=35506 [?1h=34955 [?1h=34904 [?1h=35610 [?1h=35005  avg: 	 35196
is_1:	 34046 | [?1h=33441 [?1h=33894 [?1h=32590 [?1h=33383 [?1h=33726  avg: 	 33406.8
is_1:	 35835 | [?1h=37791 [?1h=37397 [?1h=37432 [?1h=36473 [?1h=36613  avg: 	 37141.2
is_1:	 37191 | [?1h=37466 [?1h=37438 [?1h=37762 [?1h=37996 [?1h=37413  avg: 	 37615
is_1:	 37236 | [?1h=36540 [?1h=36305 [?1h=37525 [?1h=36435 [?1h=36468  avg: 	 36654.6
is_1:	 37504 | [?1h=37841 [?1h=37397 [?1h=37968 [?1h=37619 [?1h=37685  avg: 	 37702
is_1:	 36314 | [?1h=34838 [?1h=35202 [?1h=34743 [?1h=35357 [?1h=35212  avg: 	 35070.4
--------------------
avg initials: 36146.2 		 avg finals: 36077.3



nug30.mtx - 3

is_3:	 36301 | [?1h=[?1h=36875 [?1h=[?1h=37952 [?1h=[?1h=38400 [?1h=[?1h=37755 [?1h=[?1h=37402  avg: 	 37676.8
is_3:	 36669 | [?1h=[?1h=36327 [?1h=[?1h=35763 [?1h=[?1h=35958 [?1h=[?1h=35713 [?1h=[?1h=35695  avg: 	 35891.2
is_3:	 37020 | [?1h=[?1h=36735 [?1h=[?1h=37291 [?1h=[?1h=36818 [?1h=[?1h=35849 [?1h=[?1h=37035  avg: 	 36745.6
is_3:	 36476 | [?1h=[?1h=37523 [?1h=[?1h=37446 [?1h=[?1h=36323 [?1h=[?1h=37435 [?1h=[?1h=36328  avg: 	 37011
is_3:	 38263 | [?1h=[?1h=36668 [?1h=[?1h=37895 [?1h=[?1h=37222 [?1h=[?1h=37122 [?1h=[?1h=36384  avg: 	 37058.2
is_3:	 36695 | [?1h=[?1h=36448 [?1h=[?1h=36447 [?1h=[?1h=36664 [?1h=[?1h=36611 [?1h=[?1h=36784  avg: 	 36590.8
is_3:	 35873 | [?1h=[?1h=35683 [?1h=[?1h=35836 [?1h=[?1h=35321 [?1h=[?1h=35976 [?1h=[?1h=35167  avg: 	 35596.6
is_3:	 36809 | [?1h=[?1h=36308 [?1h=[?1h=36724 [?1h=[?1h=36158 [?1h=[?1h=36275 [?1h=[?1h=36758  avg: 	 36444.6
is_3:	 36751 | [?1h=[?1h=35926 [?1h=[?1h=36303 [?1h=[?1h=37197 [?1h=[?1h=37229 [?1h=[?1h=35307  avg: 	 36392.4
is_3:	 37022 | [?1h=[?1h=37087 [?1h=[?1h=37645 [?1h=[?1h=37674 [?1h=[?1h=37583 [?1h=[?1h=37611  avg: 	 37520
is_3:	 36023 | [?1h=[?1h=38605 [?1h=[?1h=37606 [?1h=[?1h=38222 [?1h=[?1h=38330 [?1h=[?1h=38638  avg: 	 38280.2
is_3:	 35369 | [?1h=[?1h=31685 [?1h=[?1h=34333 [?1h=[?1h=30370 [?1h=[?1h=31326 [?1h=[?1h=34135  avg: 	 32369.8
is_3:	 35777 | [?1h=[?1h=37802 [?1h=[?1h=37215 [?1h=[?1h=36086 [?1h=[?1h=37533 [?1h=[?1h=37507  avg: 	 37228.6
is_3:	 36219 | [?1h=[?1h=30608 [?1h=[?1h=33843 [?1h=[?1h=33792 [?1h=[?1h=32311 [?1h=[?1h=32558  avg: 	 32622.4
is_3:	 37348 | [?1h=[?1h=37616 [?1h=[?1h=37057 [?1h=[?1h=36370 [?1h=[?1h=36863 [?1h=[?1h=36885  avg: 	 36958.2
is_3:	 34450 | [?1h=[?1h=35241 [?1h=[?1h=35685 [?1h=[?1h=35190 [?1h=[?1h=35407 [?1h=[?1h=36292  avg: 	 35563
is_3:	 37444 | [?1h=[?1h=37929 [?1h=[?1h=37593 [?1h=[?1h=37812 [?1h=[?1h=37312 [?1h=[?1h=37348  avg: 	 37598.8
is_3:	 34527 | [?1h=[?1h=34307 [?1h=[?1h=29842 [?1h=[?1h=31165 [?1h=[?1h=34905 [?1h=[?1h=33957  avg: 	 32835.2
is_3:	 36035 | [?1h=[?1h=38226 [?1h=[?1h=38199 [?1h=[?1h=37521 [?1h=[?1h=38260 [?1h=[?1h=37643  avg: 	 37969.8
is_3:	 37201 | [?1h=[?1h=36872 [?1h=[?1h=35808 [?1h=[?1h=34600 [?1h=[?1h=36076 [?1h=[?1h=37114  avg: 	 36094
--------------------
avg initials: 36413.6 		 avg finals: 36222.4



polyDFT.mtx - 0

is_0:	  3636 | [?1h= 3456 [?1h= 3456 [?1h= 3456 [?1h= 3456 [?1h= 3456  avg: 	  3456
is_0:	  3577 | [?1h= 3456 [?1h= 3456 [?1h= 3456 [?1h= 3456 [?1h= 3456  avg: 	  3456
is_0:	  3684 | [?1h= 3456 [?1h= 3456 [?1h= 3456 [?1h= 3456 [?1h= 3456  avg: 	  3456
is_0:	  3576 | [?1h= 3456 [?1h= 3456 [?1h= 3456 [?1h= 3456 [?1h= 3456  avg: 	  3456
is_0:	  3638 | [?1h= 3456 [?1h= 3456 [?1h= 3456 [?1h= 3456 [?1h= 3456  avg: 	  3456
is_0:	  3624 | [?1h= 3456 [?1h= 3456 [?1h= 3456 [?1h= 3456 [?1h= 3456  avg: 	  3456
is_0:	  3636 | [?1h= 3456 [?1h= 3456 [?1h= 3456 [?1h= 3456 [?1h= 3456  avg: 	  3456
is_0:	  3636 | [?1h= 3456 [?1h= 3456 [?1h= 3456 [?1h= 3456 [?1h= 3456  avg: 	  3456
is_0:	  3516 | [?1h= 3456 [?1h= 3456 [?1h= 3456 [?1h= 3456 [?1h= 3456  avg: 	  3456
is_0:	  3636 | [?1h= 3456 [?1h= 3456 [?1h= 3456 [?1h= 3456 [?1h= 3456  avg: 	  3456
is_0:	  3684 | [?1h= 3456 [?1h= 3456 [?1h= 3456 [?1h= 3456 [?1h= 3456  avg: 	  3456
is_0:	  3636 | [?1h= 3456 [?1h= 3456 [?1h= 3456 [?1h= 3456 [?1h= 3456  avg: 	  3456
is_0:	  3516 | [?1h= 3456 [?1h= 3456 [?1h= 3456 [?1h= 3456 [?1h= 3456  avg: 	  3456
is_0:	  3636 | [?1h= 3456 [?1h= 3456 [?1h= 3456 [?1h= 3456 [?1h= 3456  avg: 	  3456
is_0:	  3638 | [?1h= 3456 [?1h= 3456 [?1h= 3456 [?1h= 3456 [?1h= 3456  avg: 	  3456
is_0:	  3684 | [?1h= 3456 [?1h= 3456 [?1h= 3456 [?1h= 3456 [?1h= 3456  avg: 	  3456
is_0:	  5028 | [?1h= 3456 [?1h= 3456 [?1h= 3456 [?1h= 3456 [?1h= 3456  avg: 	  3456
is_0:	  3733 | [?1h= 3456 [?1h= 3456 [?1h= 3456 [?1h= 3456 [?1h= 3456  avg: 	  3456
is_0:	  3636 | [?1h= 3456 [?1h= 3456 [?1h= 3456 [?1h= 3456 [?1h= 3456  avg: 	  3456
is_0:	  3684 | [?1h= 3456 [?1h= 3456 [?1h= 3456 [?1h= 3456 [?1h= 3456  avg: 	  3456
--------------------
avg initials: 3701.7 		 avg finals:  3456



polyDFT.mtx - 1

is_1:	  3636 | [?1h= 3456 [?1h= 3456 [?1h= 3456 [?1h= 3456 [?1h= 3464  avg: 	 3457.6
is_1:	  5016 | [?1h= 3456 [?1h= 3456 [?1h= 3456 [?1h= 3456 [?1h= 3456  avg: 	  3456
is_1:	  3516 | [?1h= 3456 [?1h= 3456 [?1h= 3456 [?1h= 3456 [?1h= 3456  avg: 	  3456
is_1:	  3640 | [?1h= 3456 [?1h= 3463 [?1h= 3456 [?1h= 3456 [?1h= 3456  avg: 	 3457.4
is_1:	  3576 | [?1h= 3504 [?1h= 3504 [?1h= 3504 [?1h= 3504 [?1h= 3504  avg: 	  3504
is_1:	  3732 | [?1h= 3672 [?1h= 3674 [?1h= 3673 [?1h= 3672 [?1h= 3672  avg: 	 3672.6
is_1:	  3624 | [?1h= 3555 [?1h= 3504 [?1h= 3555 [?1h= 3504 [?1h= 3504  avg: 	 3524.4
is_1:	  3636 | [?1h= 3456 [?1h= 3456 [?1h= 3456 [?1h= 3456 [?1h= 3456  avg: 	  3456
is_1:	  3576 | [?1h= 3504 [?1h= 3504 [?1h= 3504 [?1h= 3504 [?1h= 3504  avg: 	  3504
is_1:	  3636 | [?1h= 3456 [?1h= 3456 [?1h= 3456 [?1h= 3456 [?1h= 3456  avg: 	  3456
is_1:	  3636 | [?1h= 3596 [?1h= 3456 [?1h= 3456 [?1h= 3456 [?1h= 3456  avg: 	  3484
is_1:	  3636 | [?1h= 3456 [?1h= 3456 [?1h= 3456 [?1h= 3456 [?1h= 3456  avg: 	  3456
is_1:	  3636 | [?1h= 3456 [?1h= 3456 [?1h= 3456 [?1h= 3456 [?1h= 3456  avg: 	  3456
is_1:	  3624 | [?1h= 3504 [?1h= 3504 [?1h= 3504 [?1h= 3504 [?1h= 3564  avg: 	  3516
is_1:	  3636 | [?1h= 3456 [?1h= 3456 [?1h= 3456 [?1h= 3456 [?1h= 3456  avg: 	  3456
is_1:	  3636 | [?1h= 3456 [?1h= 3456 [?1h= 3456 [?1h= 3456 [?1h= 3456  avg: 	  3456
is_1:	  3684 | [?1h= 3588 [?1h= 3588 [?1h= 3588 [?1h= 3540 [?1h= 3564  avg: 	 3573.6
is_1:	  3636 | [?1h= 3456 [?1h= 3456 [?1h= 3456 [?1h= 3456 [?1h= 3456  avg: 	  3456
is_1:	  3636 | [?1h= 3456 [?1h= 3456 [?1h= 3456 [?1h= 3456 [?1h= 3456  avg: 	  3456
is_1:	  3580 | [?1h= 3504 [?1h= 3504 [?1h= 3504 [?1h= 3504 [?1h= 3504  avg: 	  3504
--------------------
avg initials: 3696.4 		 avg finals: 3487.88



polyDFT.mtx - 3

is_3:	  3636 | [?1h=[?1h= 3456 [?1h=[?1h= 3456 [?1h=[?1h= 3456 [?1h=[?1h= 3456 [?1h=[?1h= 3456  avg: 	  3456
is_3:	  3734 | [?1h=[?1h= 3686 [?1h=[?1h= 3626 [?1h=[?1h= 3686 [?1h=[?1h= 3686 [?1h=[?1h= 3686  avg: 	  3674
is_3:	  3640 | [?1h=[?1h= 3456 [?1h=[?1h= 3456 [?1h=[?1h= 3456 [?1h=[?1h= 3456 [?1h=[?1h= 3460  avg: 	 3456.8
is_3:	  3636 | [?1h=[?1h= 3456 [?1h=[?1h= 3456 [?1h=[?1h= 3456 [?1h=[?1h= 3456 [?1h=[?1h= 3456  avg: 	  3456
is_3:	  3636 | [?1h=[?1h= 3456 [?1h=[?1h= 3456 [?1h=[?1h= 3456 [?1h=[?1h= 3456 [?1h=[?1h= 3456  avg: 	  3456
is_3:	  3578 | [?1h=[?1h= 3504 [?1h=[?1h= 3504 [?1h=[?1h= 3504 [?1h=[?1h= 3504 [?1h=[?1h= 3504  avg: 	  3504
is_3:	  3576 | [?1h=[?1h= 3504 [?1h=[?1h= 3504 [?1h=[?1h= 3504 [?1h=[?1h= 3504 [?1h=[?1h= 3516  avg: 	 3506.4
is_3:	  3640 | [?1h=[?1h= 3456 [?1h=[?1h= 3456 [?1h=[?1h= 3456 [?1h=[?1h= 3456 [?1h=[?1h= 3456  avg: 	  3456
is_3:	  3696 | [?1h=[?1h= 3456 [?1h=[?1h= 3456 [?1h=[?1h= 3456 [?1h=[?1h= 3516 [?1h=[?1h= 3516  avg: 	  3480
is_3:	  3684 | [?1h=[?1h= 3628 [?1h=[?1h= 3564 [?1h=[?1h= 3584 [?1h=[?1h= 3574 [?1h=[?1h= 3569  avg: 	 3583.8
is_3:	  3684 | [?1h=[?1h= 3588 [?1h=[?1h= 3592 [?1h=[?1h= 3588 [?1h=[?1h= 3588 [?1h=[?1h= 3564  avg: 	  3584
is_3:	  5016 | [?1h=[?1h= 3456 [?1h=[?1h= 3456 [?1h=[?1h= 3456 [?1h=[?1h= 3456 [?1h=[?1h= 3456  avg: 	  3456
is_3:	  3684 | [?1h=[?1h= 3564 [?1h=[?1h= 3564 [?1h=[?1h= 3564 [?1h=[?1h= 3564 [?1h=[?1h= 3624  avg: 	  3576
is_3:	  3684 | [?1h=[?1h= 3590 [?1h=[?1h= 3589 [?1h=[?1h= 3588 [?1h=[?1h= 3588 [?1h=[?1h= 3588  avg: 	 3588.6
is_3:	  3733 | [?1h=[?1h= 3624 [?1h=[?1h= 3588 [?1h=[?1h= 3624 [?1h=[?1h= 3612 [?1h=[?1h= 3636  avg: 	 3616.8
is_3:	  3636 | [?1h=[?1h= 3456 [?1h=[?1h= 3456 [?1h=[?1h= 3456 [?1h=[?1h= 3456 [?1h=[?1h= 3456  avg: 	  3456
is_3:	  3624 | [?1h=[?1h= 3516 [?1h=[?1h= 3516 [?1h=[?1h= 3566 [?1h=[?1h= 3552 [?1h=[?1h= 3516  avg: 	 3533.2
is_3:	  3684 | [?1h=[?1h= 3516 [?1h=[?1h= 3528 [?1h=[?1h= 3578 [?1h=[?1h= 3516 [?1h=[?1h= 3564  avg: 	 3540.4
is_3:	  3732 | [?1h=[?1h= 3676 [?1h=[?1h= 3628 [?1h=[?1h= 3612 [?1h=[?1h= 3613 [?1h=[?1h= 3637  avg: 	 3633.2
is_3:	  3732 | [?1h=[?1h= 3588 [?1h=[?1h= 3612 [?1h=[?1h= 3588 [?1h=[?1h= 3588 [?1h=[?1h= 3588  avg: 	 3592.8
--------------------
avg initials: 3733.25 		 avg finals: 3530.3


>> exit
[?1l>