[?1h=
                                                                                     < M A T L A B (R) >
                                                                           Copyright 1984-2010 The MathWorks, Inc.
                                                                         Version 7.12.0.635 (R2011a) 64-bit (glnxa64)
                                                                                        March 18, 2011

 
  To get started, type one of these: helpwin, helpdesk, or demo.
  For product information, visit www.mathworks.com.
 
{Warning: Name is nonexistent or not a directory: /home/davide/projects/mthesis/Mondriaan4RC/tools.} 
> In path at 110
  In addpath at 87
  In startup at 2
  In matlabrc at 222

tbdlinux.mtx - 0

is_0:	  8040 | [?1h=13456 [?1h=13150 [?1h=13486 [?1h=13543 [?1h=13101  avg: 	 13347.2
is_0:	  8502 | [?1h=13104 [?1h=13638 [?1h=13147 [?1h=13082 [?1h=13114  avg: 	 13217
is_0:	  8065 | [?1h=13176 [?1h=13108 [?1h=13089 [?1h=13431 [?1h=13434  avg: 	 13247.6
is_0:	  7991 | [?1h=13100 [?1h=13113 [?1h=13095 [?1h=13184 [?1h=13149  avg: 	 13128.2
is_0:	  8047 | [?1h=13183 [?1h=13172 [?1h=13523 [?1h=13196 [?1h=13522  avg: 	 13319.2
is_0:	  8077 | [?1h=13382 [?1h=13365 [?1h=13157 [?1h=13545 [?1h=13613  avg: 	 13412.4
is_0:	  7977 | [?1h=13049 [?1h=13436 [?1h=13469 [?1h=13179 [?1h=13112  avg: 	 13249
is_0:	  8056 | [?1h=13485 [?1h=13141 [?1h=13038 [?1h=13096 [?1h=13081  avg: 	 13168.2
is_0:	  8021 | [?1h=13461 [?1h=13081 [?1h=13471 [?1h=13048 [?1h=13099  avg: 	 13232
is_0:	  8034 | [?1h=13152 [?1h=13501 [?1h=13627 [?1h=13533 [?1h=13030  avg: 	 13368.6
is_0:	  8007 | [?1h=13123 [?1h=13063 [?1h=13478 [?1h=13498 [?1h=13190  avg: 	 13270.4
is_0:	  8012 | [?1h=13416 [?1h=13120 [?1h=13442 [?1h=13187 [?1h=13403  avg: 	 13313.6
is_0:	  8060 | [?1h=13475 [?1h=13428 [?1h=13402 [?1h=13160 [?1h=13430  avg: 	 13379
is_0:	  8027 | [?1h=10763 [?1h=13489 [?1h=13152 [?1h=13063 [?1h=13073  avg: 	 12708
is_0:	  8027 | [?1h=13438 [?1h=13113 [?1h=13070 [?1h=13511 [?1h=13515  avg: 	 13329.4
is_0:	  7988 | [?1h=13576 [?1h=13144 [?1h=13089 [?1h=13084 [?1h=13581  avg: 	 13294.8
is_0:	  8003 | [?1h=13437 [?1h=13081 [?1h=13417 [?1h=13472 [?1h=13469  avg: 	 13375.2
is_0:	  7936 | [?1h=13202 [?1h=13393 [?1h=13073 [?1h=13144 [?1h=13124  avg: 	 13187.2
is_0:	  8116 | [?1h=13682 [?1h=13095 [?1h=13033 [?1h=13070 [?1h=13061  avg: 	 13188.2
is_0:	  7960 | [?1h=13469 [?1h=13127 [?1h=13483 [?1h=13132 [?1h=13431  avg: 	 13328.4
--------------------
avg initials: 8047.3 		 avg finals: 13253.2



tbdlinux.mtx - 1

is_1:	  7957 | [?1h= 7318 [?1h= 7232 [?1h= 7279 [?1h= 7324 [?1h= 7209  avg: 	 7272.4
is_1:	  8002 | [?1h= 7278 [?1h= 7270 [?1h= 7240 [?1h= 7348 [?1h= 7325  avg: 	 7292.2
is_1:	  7969 | [?1h= 7273 [?1h= 7257 [?1h= 7235 [?1h= 7210 [?1h= 7266  avg: 	 7248.2
is_1:	  8353 | [?1h= 7437 [?1h= 7427 [?1h= 7467 [?1h= 7431 [?1h= 7462  avg: 	 7444.8
is_1:	  7996 | [?1h= 7430 [?1h= 7245 [?1h= 7380 [?1h= 7372 [?1h= 7276  avg: 	 7340.6
is_1:	  8056 | [?1h= 7387 [?1h= 7380 [?1h= 7380 [?1h= 7371 [?1h= 7378  avg: 	 7379.2
is_1:	  7994 | [?1h= 7229 [?1h= 7190 [?1h= 7315 [?1h= 7250 [?1h= 7345  avg: 	 7265.8
is_1:	  8022 | [?1h= 7244 [?1h= 7335 [?1h= 7302 [?1h= 7377 [?1h= 7292  avg: 	  7310
is_1:	  7980 | [?1h= 7396 [?1h= 7269 [?1h= 7315 [?1h= 7298 [?1h= 7317  avg: 	  7319
is_1:	  8023 | [?1h= 7345 [?1h= 7361 [?1h= 7285 [?1h= 7326 [?1h= 7412  avg: 	 7345.8
is_1:	  8062 | [?1h= 7417 [?1h= 7387 [?1h= 7368 [?1h= 7301 [?1h= 7346  avg: 	 7363.8
is_1:	  7952 | [?1h= 7347 [?1h= 7362 [?1h= 7374 [?1h= 7387 [?1h= 7386  avg: 	 7371.2
is_1:	  8095 | [?1h= 7287 [?1h= 7423 [?1h= 7361 [?1h= 7523 [?1h= 7417  avg: 	 7402.2
is_1:	  8047 | [?1h= 7391 [?1h= 7363 [?1h= 7347 [?1h= 7324 [?1h= 7318  avg: 	 7348.6
is_1:	  8043 | [?1h= 7360 [?1h= 7376 [?1h= 7407 [?1h= 7277 [?1h= 7382  avg: 	 7360.4
is_1:	  7969 | [?1h= 7292 [?1h= 7323 [?1h= 7272 [?1h= 7187 [?1h= 7257  avg: 	 7266.2
is_1:	  8006 | [?1h= 7201 [?1h= 7199 [?1h= 7177 [?1h= 7201 [?1h= 7216  avg: 	 7198.8
is_1:	  7950 | [?1h= 7262 [?1h= 7294 [?1h= 7305 [?1h= 7318 [?1h= 7264  avg: 	 7288.6
is_1:	  7973 | [?1h= 7364 [?1h= 7306 [?1h= 7311 [?1h= 7332 [?1h= 7271  avg: 	 7316.8
is_1:	  8057 | [?1h= 7286 [?1h= 7301 [?1h= 7262 [?1h= 7299 [?1h= 7286  avg: 	 7286.8
--------------------
avg initials: 8025.3 		 avg finals: 7321.07



tbdlinux.mtx - 3

is_3:	  8033 | [?1h=[?1h= 7396 [?1h=[?1h= 7343 [?1h=[?1h= 7363 [?1h=[?1h= 7272 [?1h=[?1h= 7350  avg: 	 7344.8
is_3:	  8085 | [?1h=[?1h= 7328 [?1h=[?1h= 7364 [?1h=[?1h= 7356 [?1h=[?1h= 7393 [?1h=[?1h= 7377  avg: 	 7363.6
is_3:	  8304 | [?1h=[?1h= 7487 [?1h=[?1h= 7712 [?1h=[?1h= 7540 [?1h=[?1h= 7540 [?1h=[?1h= 7564  avg: 	 7568.6
is_3:	  8027 | [?1h=[?1h= 7438 [?1h=[?1h= 7468 [?1h=[?1h= 7410 [?1h=[?1h= 7513 [?1h=[?1h= 7547  avg: 	 7475.2
is_3:	  7871 | [?1h=[?1h= 7360 [?1h=[?1h= 7406 [?1h=[?1h= 7330 [?1h=[?1h= 7315 [?1h=[?1h= 7415  avg: 	 7365.2
is_3:	  8060 | [?1h=[?1h= 7388 [?1h=[?1h= 7591 [?1h=[?1h= 7429 [?1h=[?1h= 7413 [?1h=[?1h= 7431  avg: 	 7450.4
is_3:	  8080 | [?1h=[?1h= 7380 [?1h=[?1h= 7415 [?1h=[?1h= 7448 [?1h=[?1h= 7396 [?1h=[?1h= 7442  avg: 	 7416.2
is_3:	  7988 | [?1h=[?1h= 7329 [?1h=[?1h= 7251 [?1h=[?1h= 7359 [?1h=[?1h= 7300 [?1h=[?1h= 7368  avg: 	 7321.4
is_3:	  8042 | [?1h=[?1h= 7274 [?1h=[?1h= 7398 [?1h=[?1h= 7348 [?1h=[?1h= 7346 [?1h=[?1h= 7385  avg: 	 7350.2
is_3:	  8024 | [?1h=[?1h= 7516 [?1h=[?1h= 7508 [?1h=[?1h= 7322 [?1h=[?1h= 7672 [?1h=[?1h= 7343  avg: 	 7472.2
is_3:	  7984 | [?1h=[?1h= 7366 [?1h=[?1h= 7305 [?1h=[?1h= 7383 [?1h=[?1h= 7266 [?1h=[?1h= 7269  avg: 	 7317.8
is_3:	  8037 | [?1h=[?1h= 7364 [?1h=[?1h= 7373 [?1h=[?1h= 7377 [?1h=[?1h= 7348 [?1h=[?1h= 7446  avg: 	 7381.6
is_3:	  8047 | [?1h=[?1h= 7277 [?1h=[?1h= 7353 [?1h=[?1h= 7357 [?1h=[?1h= 7359 [?1h=[?1h= 7315  avg: 	 7332.2
is_3:	  8041 | [?1h=[?1h= 7323 [?1h=[?1h= 7384 [?1h=[?1h= 7429 [?1h=[?1h= 7431 [?1h=[?1h= 7419  avg: 	 7397.2
is_3:	  8075 | [?1h=[?1h= 7367 [?1h=[?1h= 7350 [?1h=[?1h= 7327 [?1h=[?1h= 7421 [?1h=[?1h= 7400  avg: 	  7373
is_3:	  8029 | [?1h=[?1h= 7373 [?1h=[?1h= 7356 [?1h=[?1h= 7256 [?1h=[?1h= 7323 [?1h=[?1h= 7349  avg: 	 7331.4
is_3:	  8073 | [?1h=[?1h= 7445 [?1h=[?1h= 7421 [?1h=[?1h= 7390 [?1h=[?1h= 7366 [?1h=[?1h= 7353  avg: 	  7395
is_3:	  8130 | [?1h=[?1h= 7328 [?1h=[?1h= 7317 [?1h=[?1h= 7447 [?1h=[?1h= 7448 [?1h=[?1h= 7321  avg: 	 7372.2
is_3:	  7971 | [?1h=[?1h= 7362 [?1h=[?1h= 7378 [?1h=[?1h= 7312 [?1h=[?1h= 7425 [?1h=[?1h= 7357  avg: 	 7366.8
is_3:	  7981 | [?1h=[?1h= 7315 [?1h=[?1h= 7239 [?1h=[?1h= 7311 [?1h=[?1h= 7401 [?1h=[?1h= 7398  avg: 	 7332.8
--------------------
avg initials: 8044.1 		 avg finals: 7386.39



tbdmatlab.mtx - 0

is_0:	  4121 | [?1h= 4720 [?1h= 4711 [?1h= 4725 [?1h= 4742 [?1h= 4710  avg: 	 4721.6
is_0:	  3755 | [?1h= 4718 [?1h= 4729 [?1h= 4707 [?1h= 4735 [?1h= 4744  avg: 	 4726.6
is_0:	  3702 | [?1h= 4711 [?1h= 4691 [?1h= 4705 [?1h= 4683 [?1h= 4703  avg: 	 4698.6
is_0:	  3970 | [?1h= 4727 [?1h= 4699 [?1h= 4699 [?1h= 4724 [?1h= 4742  avg: 	 4718.2
is_0:	  4083 | [?1h= 4712 [?1h= 4753 [?1h= 4757 [?1h= 4698 [?1h= 4701  avg: 	 4724.2
is_0:	  3822 | [?1h= 4701 [?1h= 4692 [?1h= 4696 [?1h= 4678 [?1h= 4720  avg: 	 4697.4
is_0:	  3693 | [?1h= 4715 [?1h= 4718 [?1h= 4714 [?1h= 4707 [?1h= 4693  avg: 	 4709.4
is_0:	  3876 | [?1h= 5225 [?1h= 4721 [?1h= 4695 [?1h= 4696 [?1h= 4714  avg: 	 4810.2
is_0:	  3868 | [?1h= 4723 [?1h= 4739 [?1h= 4752 [?1h= 4741 [?1h= 4699  avg: 	 4730.8
is_0:	  3697 | [?1h= 4711 [?1h= 4747 [?1h= 4686 [?1h= 4730 [?1h= 4717  avg: 	 4718.2
is_0:	  3880 | [?1h= 4724 [?1h= 4695 [?1h= 4713 [?1h= 4741 [?1h= 4728  avg: 	 4720.2
is_0:	  3928 | [?1h= 4745 [?1h= 4761 [?1h= 4713 [?1h= 4690 [?1h= 4680  avg: 	 4717.8
is_0:	  3903 | [?1h= 4723 [?1h= 4699 [?1h= 4729 [?1h= 4689 [?1h= 4696  avg: 	 4707.2
is_0:	  4250 | [?1h= 4735 [?1h= 4682 [?1h= 4773 [?1h= 4721 [?1h= 4740  avg: 	 4730.2
is_0:	  3886 | [?1h= 4700 [?1h= 4717 [?1h= 4695 [?1h= 4709 [?1h= 4704  avg: 	  4705
is_0:	  4171 | [?1h= 4676 [?1h= 4684 [?1h= 4718 [?1h= 4721 [?1h= 4722  avg: 	 4704.2
is_0:	  3694 | [?1h= 4700 [?1h= 4723 [?1h= 4714 [?1h= 4681 [?1h= 4714  avg: 	 4706.4
is_0:	  3910 | [?1h= 4738 [?1h= 4688 [?1h= 4690 [?1h= 4721 [?1h= 4685  avg: 	 4704.4
is_0:	  4029 | [?1h= 4715 [?1h= 4721 [?1h= 4699 [?1h= 4697 [?1h= 4714  avg: 	 4709.2
is_0:	  3822 | [?1h= 4700 [?1h= 4713 [?1h= 4708 [?1h= 4713 [?1h= 4726  avg: 	  4712
--------------------
avg initials:  3903 		 avg finals: 4718.59



tbdmatlab.mtx - 1

is_1:	  3715 | [?1h= 3627 [?1h= 3592 [?1h= 3629 [?1h= 3642 [?1h= 3663  avg: 	 3630.6
is_1:	  3839 | [?1h= 3516 [?1h= 3544 [?1h= 3560 [?1h= 3541 [?1h= 3519  avg: 	  3536
is_1:	  4114 | [?1h= 4115 [?1h= 4119 [?1h= 4089 [?1h= 4119 [?1h= 4100  avg: 	 4108.4
is_1:	  3911 | [?1h= 3585 [?1h= 3586 [?1h= 3586 [?1h= 3566 [?1h= 3621  avg: 	 3588.8
is_1:	  3840 | [?1h= 3516 [?1h= 3496 [?1h= 3520 [?1h= 3508 [?1h= 3523  avg: 	 3512.6
is_1:	  3829 | [?1h= 3514 [?1h= 3495 [?1h= 3514 [?1h= 3525 [?1h= 3537  avg: 	  3517
is_1:	  4132 | [?1h= 4139 [?1h= 4135 [?1h= 4149 [?1h= 4133 [?1h= 4168  avg: 	 4144.8
is_1:	  3822 | [?1h= 3575 [?1h= 3552 [?1h= 3617 [?1h= 3603 [?1h= 3579  avg: 	 3585.2
is_1:	  3894 | [?1h= 3561 [?1h= 3558 [?1h= 3548 [?1h= 3514 [?1h= 3535  avg: 	 3543.2
is_1:	  4070 | [?1h= 4068 [?1h= 4060 [?1h= 4067 [?1h= 4087 [?1h= 4083  avg: 	  4073
is_1:	  3708 | [?1h= 3630 [?1h= 3612 [?1h= 3613 [?1h= 3648 [?1h= 3626  avg: 	 3625.8
is_1:	  4217 | [?1h= 4188 [?1h= 3894 [?1h= 4166 [?1h= 3899 [?1h= 4177  avg: 	 4064.8
is_1:	  3986 | [?1h= 3490 [?1h= 3504 [?1h= 3520 [?1h= 3535 [?1h= 3503  avg: 	 3510.4
is_1:	  3865 | [?1h= 3616 [?1h= 3599 [?1h= 3600 [?1h= 3599 [?1h= 3576  avg: 	  3598
is_1:	  3834 | [?1h= 3606 [?1h= 3632 [?1h= 3637 [?1h= 3603 [?1h= 3660  avg: 	 3627.6
is_1:	  3804 | [?1h= 3548 [?1h= 3547 [?1h= 3567 [?1h= 3531 [?1h= 3580  avg: 	 3554.6
is_1:	  3887 | [?1h= 3529 [?1h= 3560 [?1h= 3527 [?1h= 3554 [?1h= 3574  avg: 	 3548.8
is_1:	  3817 | [?1h= 3592 [?1h= 3607 [?1h= 3582 [?1h= 3565 [?1h= 3557  avg: 	 3580.6
is_1:	  4009 | [?1h= 3978 [?1h= 3948 [?1h= 3964 [?1h= 3933 [?1h= 3944  avg: 	 3953.4
is_1:	  3995 | [?1h= 3588 [?1h= 3618 [?1h= 3591 [?1h= 3636 [?1h= 3604  avg: 	 3607.4
--------------------
avg initials: 3914.4 		 avg finals: 3695.55



tbdmatlab.mtx - 3

is_3:	  4015 | [?1h=[?1h= 3599 [?1h=[?1h= 3584 [?1h=[?1h= 3613 [?1h=[?1h= 3627 [?1h=[?1h= 3585  avg: 	 3601.6
is_3:	  4171 | [?1h=[?1h= 3812 [?1h=[?1h= 4218 [?1h=[?1h= 3786 [?1h=[?1h= 3783 [?1h=[?1h= 3761  avg: 	  3872
is_3:	  3847 | [?1h=[?1h= 3541 [?1h=[?1h= 3539 [?1h=[?1h= 3571 [?1h=[?1h= 3582 [?1h=[?1h= 3590  avg: 	 3564.6
is_3:	  3816 | [?1h=[?1h= 3525 [?1h=[?1h= 3513 [?1h=[?1h= 3513 [?1h=[?1h= 3539 [?1h=[?1h= 3549  avg: 	 3527.8
is_3:	  3948 | [?1h=[?1h= 3524 [?1h=[?1h= 3495 [?1h=[?1h= 3489 [?1h=[?1h= 3498 [?1h=[?1h= 3504  avg: 	  3502
is_3:	  3893 | [?1h=[?1h= 3499 [?1h=[?1h= 3531 [?1h=[?1h= 3511 [?1h=[?1h= 3551 [?1h=[?1h= 3563  avg: 	  3531
is_3:	  3710 | [?1h=[?1h= 3621 [?1h=[?1h= 3641 [?1h=[?1h= 3628 [?1h=[?1h= 3560 [?1h=[?1h= 3557  avg: 	 3601.4
is_3:	  4029 | [?1h=[?1h= 3643 [?1h=[?1h= 3569 [?1h=[?1h= 3602 [?1h=[?1h= 3599 [?1h=[?1h= 3609  avg: 	 3604.4
is_3:	  4107 | [?1h=[?1h= 3750 [?1h=[?1h= 3822 [?1h=[?1h= 3723 [?1h=[?1h= 4050 [?1h=[?1h= 3763  avg: 	 3821.6
is_3:	  3958 | [?1h=[?1h= 3667 [?1h=[?1h= 3621 [?1h=[?1h= 3608 [?1h=[?1h= 3604 [?1h=[?1h= 3646  avg: 	 3629.2
is_3:	  4163 | [?1h=[?1h= 3742 [?1h=[?1h= 4108 [?1h=[?1h= 4087 [?1h=[?1h= 3731 [?1h=[?1h= 3741  avg: 	 3881.8
is_3:	  3983 | [?1h=[?1h= 3549 [?1h=[?1h= 3505 [?1h=[?1h= 3527 [?1h=[?1h= 3487 [?1h=[?1h= 3492  avg: 	  3512
is_3:	  4177 | [?1h=[?1h= 3756 [?1h=[?1h= 3835 [?1h=[?1h= 4140 [?1h=[?1h= 4264 [?1h=[?1h= 4143  avg: 	 4027.6
is_3:	  4055 | [?1h=[?1h= 3549 [?1h=[?1h= 3559 [?1h=[?1h= 3543 [?1h=[?1h= 3545 [?1h=[?1h= 3541  avg: 	 3547.4
is_3:	  3737 | [?1h=[?1h= 3631 [?1h=[?1h= 3677 [?1h=[?1h= 3533 [?1h=[?1h= 3559 [?1h=[?1h= 3598  avg: 	 3599.6
is_3:	  4107 | [?1h=[?1h= 4127 [?1h=[?1h= 3820 [?1h=[?1h= 3787 [?1h=[?1h= 3769 [?1h=[?1h= 4059  avg: 	 3912.4
is_3:	  3924 | [?1h=[?1h= 3512 [?1h=[?1h= 3518 [?1h=[?1h= 3556 [?1h=[?1h= 3527 [?1h=[?1h= 3489  avg: 	 3520.4
is_3:	  3809 | [?1h=[?1h= 3475 [?1h=[?1h= 3479 [?1h=[?1h= 3515 [?1h=[?1h= 3517 [?1h=[?1h= 3472  avg: 	 3491.6
is_3:	  3832 | [?1h=[?1h= 3540 [?1h=[?1h= 3563 [?1h=[?1h= 3531 [?1h=[?1h= 3555 [?1h=[?1h= 3584  avg: 	 3554.6
is_3:	  3793 | [?1h=[?1h= 3523 [?1h=[?1h= 3525 [?1h=[?1h= 3482 [?1h=[?1h= 3481 [?1h=[?1h= 3518  avg: 	 3505.8
--------------------
avg initials: 3953.7 		 avg finals: 3640.44



wave.mtx - 0

is_0:	  4687 | [?1h= 4784 [?1h= 4908 [?1h= 4974 [?1h= 4733 [?1h= 4603  avg: 	 4800.4
is_0:	  4611 | [?1h= 4650 [?1h= 4559 [?1h= 4628 [?1h= 4644 [?1h= 4597  avg: 	 4615.6
is_0:	  4602 | [?1h= 4677 [?1h= 4503 [?1h= 4611 [?1h= 4929 [?1h= 4593  avg: 	 4662.6
is_0:	  4731 | [?1h= 4666 [?1h= 4737 [?1h= 4614 [?1h= 5224 [?1h= 4952  avg: 	 4838.6
is_0:	  5004 | [?1h= 4645 [?1h= 4613 [?1h= 4606 [?1h= 4504 [?1h= 4952  avg: 	  4664
is_0:	  4740 | [?1h= 4588 [?1h= 4548 [?1h= 4965 [?1h= 4564 [?1h= 4769  avg: 	 4686.8
is_0:	  4814 | [?1h= 5253 [?1h= 5056 [?1h= 4632 [?1h= 5013 [?1h= 4745  avg: 	 4939.8
is_0:	  4587 | [?1h= 4788 [?1h= 4485 [?1h= 5165 [?1h= 4496 [?1h= 4552  avg: 	 4697.2
is_0:	  4870 | [?1h= 4562 [?1h= 4613 [?1h= 4833 [?1h= 4681 [?1h= 4731  avg: 	  4684
is_0:	  4761 | [?1h= 5022 [?1h= 4513 [?1h= 4973 [?1h= 4865 [?1h= 4945  avg: 	 4863.6
is_0:	  4658 | [?1h= 4742 [?1h= 4525 [?1h= 4751 [?1h= 4655 [?1h= 4758  avg: 	 4686.2
is_0:	  4972 | [?1h= 4790 [?1h= 4752 [?1h= 5035 [?1h= 4984 [?1h= 4639  avg: 	  4840
is_0:	  4641 | [?1h= 4757 [?1h= 4589 [?1h= 4988 [?1h= 4508 [?1h= 4673  avg: 	  4703
is_0:	  4582 | [?1h= 4920 [?1h= 4681 [?1h= 4725 [?1h= 4714 [?1h= 4931  avg: 	 4794.2
is_0:	  4553 | [?1h= 4586 [?1h= 4556 [?1h= 4655 [?1h= 4551 [?1h= 4564  avg: 	 4582.4
is_0:	  4544 | [?1h= 4536 [?1h= 4904 [?1h= 5046 [?1h= 4565 [?1h= 4526  avg: 	 4715.4
is_0:	  4657 | [?1h= 4567 [?1h= 4720 [?1h= 4712 [?1h= 4636 [?1h= 4792  avg: 	 4685.4
is_0:	  4743 | [?1h= 4574 [?1h= 4554 [?1h= 4589 [?1h= 4931 [?1h= 4754  avg: 	 4680.4
is_0:	  4561 | [?1h= 4590 [?1h= 4819 [?1h= 4644 [?1h= 4937 [?1h= 4518  avg: 	 4701.6
is_0:	  4941 | [?1h= 4517 [?1h= 4737 [?1h= 4703 [?1h= 4783 [?1h= 4789  avg: 	 4705.8
--------------------
avg initials: 4712.95 		 avg finals: 4727.35



wave.mtx - 1

is_1:	  4646 | [?1h= 4973 [?1h= 5281 [?1h= 5048 [?1h= 4629 [?1h= 4708  avg: 	 4927.8
is_1:	  4940 | [?1h= 5014 [?1h= 5009 [?1h= 4670 [?1h= 4607 [?1h= 4735  avg: 	  4807
is_1:	  4600 | [?1h= 4767 [?1h= 4590 [?1h= 5194 [?1h= 4583 [?1h= 5097  avg: 	 4846.2
is_1:	  4623 | [?1h= 4576 [?1h= 4644 [?1h= 4634 [?1h= 4780 [?1h= 4649  avg: 	 4656.6
is_1:	  4700 | [?1h= 4746 [?1h= 4687 [?1h= 4549 [?1h= 5250 [?1h= 4598  avg: 	  4766
is_1:	  4954 | [?1h= 5241 [?1h= 4740 [?1h= 4570 [?1h= 4942 [?1h= 4613  avg: 	 4821.2
is_1:	  4547 | [?1h= 5034 [?1h= 4577 [?1h= 4985 [?1h= 4841 [?1h= 4705  avg: 	 4828.4
is_1:	  4661 | [?1h= 4554 [?1h= 4838 [?1h= 4793 [?1h= 4598 [?1h= 5308  avg: 	 4818.2
is_1:	  4694 | [?1h= 4694 [?1h= 5009 [?1h= 4687 [?1h= 4775 [?1h= 5025  avg: 	  4838
is_1:	  4686 | [?1h= 4546 [?1h= 4661 [?1h= 4541 [?1h= 4581 [?1h= 5064  avg: 	 4678.6
is_1:	  4898 | [?1h= 4698 [?1h= 4571 [?1h= 4630 [?1h= 4692 [?1h= 4788  avg: 	 4675.8
is_1:	  4712 | [?1h= 4978 [?1h= 5019 [?1h= 4732 [?1h= 4695 [?1h= 4713  avg: 	 4827.4
is_1:	  4672 | [?1h= 4585 [?1h= 4685 [?1h= 4663 [?1h= 4561 [?1h= 4825  avg: 	 4663.8
is_1:	  4533 | [?1h= 5070 [?1h= 4797 [?1h= 4542 [?1h= 4725 [?1h= 4707  avg: 	 4768.2
is_1:	  4545 | [?1h= 4749 [?1h= 4755 [?1h= 4573 [?1h= 5086 [?1h= 4515  avg: 	 4735.6
is_1:	  4541 | [?1h= 4584 [?1h= 4502 [?1h= 4760 [?1h= 4977 [?1h= 4743  avg: 	 4713.2
is_1:	  4637 | [?1h= 4596 [?1h= 4737 [?1h= 4759 [?1h= 4780 [?1h= 4552  avg: 	 4684.8
is_1:	  4607 | [?1h= 4626 [?1h= 4547 [?1h= 4981 [?1h= 4644 [?1h= 4608  avg: 	 4681.2
is_1:	  4841 | [?1h= 4983 [?1h= 4645 [?1h= 4803 [?1h= 4762 [?1h= 5111  avg: 	 4860.8
is_1:	  4754 | [?1h= 4588 [?1h= 4637 [?1h= 4750 [?1h= 4722 [?1h= 4968  avg: 	  4733
--------------------
avg initials: 4689.55 		 avg finals: 4766.59



wave.mtx - 3

is_3:	  4956 | [?1h=[?1h= 4566 [?1h=[?1h= 4573 [?1h=[?1h= 4637 [?1h=[?1h= 4574 [?1h=[?1h= 4810  avg: 	  4632
is_3:	  4537 | [?1h=[?1h= 4617 [?1h=[?1h= 4814 [?1h=[?1h= 5045 [?1h=[?1h= 4889 [?1h=[?1h= 4789  avg: 	 4830.8
is_3:	  4553 | [?1h=[?1h= 4924 [?1h=[?1h= 5075 [?1h=[?1h= 4716 [?1h=[?1h= 4787 [?1h=[?1h= 4814  avg: 	 4863.2
is_3:	  4548 | [?1h=[?1h= 4680 [?1h=[?1h= 4606 [?1h=[?1h= 4602 [?1h=[?1h= 4780 [?1h=[?1h= 4605  avg: 	 4654.6
is_3:	  4562 | [?1h=[?1h= 5194 [?1h=[?1h= 4683 [?1h=[?1h= 4985 [?1h=[?1h= 4688 [?1h=[?1h= 4624  avg: 	 4834.8
is_3:	  4651 | [?1h=[?1h= 4816 [?1h=[?1h= 4833 [?1h=[?1h= 4713 [?1h=[?1h= 4726 [?1h=[?1h= 4804  avg: 	 4778.4
is_3:	  4619 | [?1h=[?1h= 5000 [?1h=[?1h= 4597 [?1h=[?1h= 4946 [?1h=[?1h= 4713 [?1h=[?1h= 4574  avg: 	  4766
is_3:	  4850 | [?1h=[?1h= 4566 [?1h=[?1h= 4588 [?1h=[?1h= 4720 [?1h=[?1h= 4681 [?1h=[?1h= 4627  avg: 	 4636.4
is_3:	  4712 | [?1h=[?1h= 4818 [?1h=[?1h= 4810 [?1h=[?1h= 4640 [?1h=[?1h= 4671 [?1h=[?1h= 4958  avg: 	 4779.4
is_3:	  4796 | [?1h=[?1h= 4791 [?1h=[?1h= 4768 [?1h=[?1h= 5058 [?1h=[?1h= 4966 [?1h=[?1h= 4782  avg: 	  4873
is_3:	  4512 | [?1h=[?1h= 4654 [?1h=[?1h= 4850 [?1h=[?1h= 4621 [?1h=[?1h= 4667 [?1h=[?1h= 4661  avg: 	 4690.6
is_3:	  5069 | [?1h=[?1h= 4721 [?1h=[?1h= 4706 [?1h=[?1h= 4583 [?1h=[?1h= 4729 [?1h=[?1h= 5082  avg: 	 4764.2
is_3:	  4871 | [?1h=[?1h= 4779 [?1h=[?1h= 4783 [?1h=[?1h= 4799 [?1h=[?1h= 4670 [?1h=[?1h= 5115  avg: 	 4829.2
is_3:	  4608 | [?1h=[?1h= 4769 [?1h=[?1h= 4781 [?1h=[?1h= 4689 [?1h=[?1h= 4750 [?1h=[?1h= 4672  avg: 	 4732.2
is_3:	  4921 | [?1h=[?1h= 4556 [?1h=[?1h= 4813 [?1h=[?1h= 4706 [?1h=[?1h= 4566 [?1h=[?1h= 4725  avg: 	 4673.2
is_3:	  5101 | [?1h=[?1h= 4787 [?1h=[?1h= 4971 [?1h=[?1h= 4796 [?1h=[?1h= 4713 [?1h=[?1h= 4658  avg: 	  4785
is_3:	  4552 | [?1h=[?1h= 4657 [?1h=[?1h= 5083 [?1h=[?1h= 4776 [?1h=[?1h= 4993 [?1h=[?1h= 4631  avg: 	  4828
is_3:	  4670 | [?1h=[?1h= 4512 [?1h=[?1h= 5009 [?1h=[?1h= 4682 [?1h=[?1h= 5146 [?1h=[?1h= 4813  avg: 	 4832.4
is_3:	  4856 | [?1h=[?1h= 4672 [?1h=[?1h= 4643 [?1h=[?1h= 4602 [?1h=[?1h= 5010 [?1h=[?1h= 4625  avg: 	 4710.4
is_3:	  4707 | [?1h=[?1h= 4603 [?1h=[?1h= 4657 [?1h=[?1h= 4624 [?1h=[?1h= 4682 [?1h=[?1h= 4636  avg: 	 4640.4
--------------------
avg initials: 4732.55 		 avg finals: 4756.71


>> exit
[?1l>