[?1h=
                                                                                     < M A T L A B (R) >
                                                                           Copyright 1984-2010 The MathWorks, Inc.
                                                                        Version 7.12.0.635 (R2011a) 64-bit (glnxa64)
                                                                                       March 18, 2011

 
  To get started, type one of these: helpwin, helpdesk, or demo.
  For product information, visit www.mathworks.com.
 
{Warning: Name is nonexistent or not a directory: /home/davide/projects/mthesis/Mondriaan4RC/tools.} 
> In path at 110
  In addpath at 87
  In startup at 2
  In matlabrc at 222

bcsstk30.mtx - 0

is_0:	   523 | [?1h=  531 [?1h=  575 [?1h= 1219 [?1h=  561 [?1h=  577  avg: 	 692.6
is_0:	   563 | [?1h=  586 [?1h=  601 [?1h=  573 [?1h=  602 [?1h=  606  avg: 	 593.6
is_0:	   530 | [?1h=  556 [?1h=  941 [?1h=  561 [?1h=  610 [?1h=  801  avg: 	 693.8
is_0:	   559 | [?1h=  531 [?1h=  585 [?1h=  606 [?1h=  585 [?1h=  642  avg: 	 589.8
is_0:	   531 | [?1h=  610 [?1h=  627 [?1h=  552 [?1h=  556 [?1h=  552  avg: 	 579.4
is_0:	   529 | [?1h=  824 [?1h=  535 [?1h=  606 [?1h=  594 [?1h=  606  avg: 	   633
is_0:	   536 | [?1h=  585 [?1h=  602 [?1h=  627 [?1h=  575 [?1h=  564  avg: 	 590.6
is_0:	   536 | [?1h= 1053 [?1h=  556 [?1h=  552 [?1h=  560 [?1h=  612  avg: 	 666.6
is_0:	   503 | [?1h=  552 [?1h=  535 [?1h=  583 [?1h=  581 [?1h=  556  avg: 	 561.4
is_0:	   518 | [?1h=  551 [?1h=  611 [?1h=  559 [?1h=  535 [?1h=  663  avg: 	 583.8
is_0:	   534 | [?1h=  577 [?1h=  659 [?1h=  650 [?1h=  635 [?1h=  627  avg: 	 629.6
is_0:	   542 | [?1h=  531 [?1h=  569 [?1h=  697 [?1h=  652 [?1h=  814  avg: 	 652.6
is_0:	   542 | [?1h=  556 [?1h=  610 [?1h=  660 [?1h=  586 [?1h=  681  avg: 	 618.6
is_0:	   536 | [?1h=  610 [?1h=  581 [?1h=  610 [?1h=  525 [?1h=  611  avg: 	 587.4
is_0:	   501 | [?1h=  824 [?1h=  582 [?1h=  586 [?1h=  651 [?1h=  697  avg: 	   668
is_0:	   556 | [?1h=  586 [?1h=  576 [?1h=  581 [?1h=  556 [?1h=  557  avg: 	 571.2
is_0:	   555 | [?1h=  556 [?1h=  561 [?1h=  535 [?1h=  781 [?1h=  531  avg: 	 592.8
is_0:	   587 | [?1h=  596 [?1h=  581 [?1h=  552 [?1h=  531 [?1h=  627  avg: 	 577.4
is_0:	   547 | [?1h=  650 [?1h=  607 [?1h=  586 [?1h=  577 [?1h=  584  avg: 	 600.8
is_0:	   590 | [?1h=  531 [?1h=  602 [?1h=  582 [?1h=  560 [?1h=  560  avg: 	   567
--------------------
avg initials: 540.9 		 avg finals: 612.5



bcsstk30.mtx - 1

is_1:	   531 | [?1h=  579 [?1h=  559 [?1h=  540 [?1h=  526 [?1h=  970  avg: 	 634.8
is_1:	   532 | [?1h=  519 [?1h=  538 [?1h=  512 [?1h=  533 [?1h=  559  avg: 	 532.2
is_1:	   545 | [?1h=  520 [?1h=  561 [?1h=  523 [?1h=  574 [?1h=  522  avg: 	   540
is_1:	   492 | [?1h=  515 [?1h=  600 [?1h=  620 [?1h=  571 [?1h=  544  avg: 	   570
is_1:	   530 | [?1h=  594 [?1h=  579 [?1h=  531 [?1h=  527 [?1h=  525  avg: 	 551.2
is_1:	   604 | [?1h=  544 [?1h=  550 [?1h=  551 [?1h=  585 [?1h=  541  avg: 	 554.2
is_1:	   536 | [?1h=  581 [?1h=  621 [?1h=  629 [?1h=  566 [?1h=  601  avg: 	 599.6
is_1:	   796 | [?1h=  577 [?1h= 1183 [?1h=  655 [?1h=  535 [?1h= 1840  avg: 	   958
is_1:	   530 | [?1h=  569 [?1h=  505 [?1h=  530 [?1h=  876 [?1h=  574  avg: 	 610.8
is_1:	   515 | [?1h=  685 [?1h=  553 [?1h=  580 [?1h=  586 [?1h=  634  avg: 	 607.6
is_1:	   508 | [?1h=  560 [?1h=  612 [?1h=  577 [?1h=  512 [?1h=  606  avg: 	 573.4
is_1:	   536 | [?1h=  577 [?1h=  564 [?1h=  845 [?1h=  911 [?1h=  523  avg: 	   684
is_1:	   516 | [?1h=  635 [?1h=  652 [?1h=  871 [?1h=  535 [?1h=  705  avg: 	 679.6
is_1:	   531 | [?1h=  523 [?1h=  573 [?1h=  523 [?1h=  553 [?1h=  544  avg: 	 543.2
is_1:	   542 | [?1h=  565 [?1h=  627 [?1h=  578 [?1h=  589 [?1h=  570  avg: 	 585.8
is_1:	   524 | [?1h=  595 [?1h=  864 [?1h=  546 [?1h=  588 [?1h=  563  avg: 	 631.2
is_1:	   557 | [?1h=  584 [?1h=  584 [?1h=  866 [?1h=  593 [?1h=  579  avg: 	 641.2
is_1:	   541 | [?1h=  580 [?1h=  565 [?1h=  560 [?1h=  573 [?1h=  624  avg: 	 580.4
is_1:	   541 | [?1h=  567 [?1h=  554 [?1h=  607 [?1h=  564 [?1h=  607  avg: 	 579.8
is_1:	   496 | [?1h=  518 [?1h=  559 [?1h=  619 [?1h=  548 [?1h=  540  avg: 	 556.8
--------------------
avg initials: 545.15 		 avg finals: 610.69



bcsstk30.mtx - 3

is_3:	   577 | [?1h=[?1h=  550 [?1h=[?1h=  584 [?1h=[?1h=  583 [?1h=[?1h=  533 [?1h=[?1h=  578  avg: 	 565.6
is_3:	   835 | [?1h=[?1h=  835 [?1h=[?1h=  637 [?1h=[?1h=  795 [?1h=[?1h=  626 [?1h=[?1h=  579  avg: 	 694.4
is_3:	   550 | [?1h=[?1h=  575 [?1h=[?1h=  578 [?1h=[?1h=  659 [?1h=[?1h=  622 [?1h=[?1h=  585  avg: 	 603.8
is_3:	   566 | [?1h=[?1h=  679 [?1h=[?1h=  557 [?1h=[?1h=  547 [?1h=[?1h=  514 [?1h=[?1h=  548  avg: 	   569
is_3:	   525 | [?1h=[?1h=  579 [?1h=[?1h= 1195 [?1h=[?1h=  630 [?1h=[?1h=  680 [?1h=[?1h=  560  avg: 	 728.8
is_3:	   537 | [?1h=[?1h=  604 [?1h=[?1h=  565 [?1h=[?1h=  643 [?1h=[?1h=  627 [?1h=[?1h=  599  avg: 	 607.6
is_3:	   533 | [?1h=[?1h=  532 [?1h=[?1h=  575 [?1h=[?1h=  806 [?1h=[?1h=  665 [?1h=[?1h=  520  avg: 	 619.6
is_3:	   513 | [?1h=[?1h=  580 [?1h=[?1h=  624 [?1h=[?1h=  602 [?1h=[?1h=  976 [?1h=[?1h=  591  avg: 	 674.6
is_3:	   567 | [?1h=[?1h=  612 [?1h=[?1h=  646 [?1h=[?1h=  584 [?1h=[?1h=  654 [?1h=[?1h=  936  avg: 	 686.4
is_3:	   545 | [?1h=[?1h=  586 [?1h=[?1h=  533 [?1h=[?1h=  573 [?1h=[?1h=  607 [?1h=[?1h=  608  avg: 	 581.4
is_3:	   521 | [?1h=[?1h=  630 [?1h=[?1h=  583 [?1h=[?1h=  615 [?1h=[?1h=  564 [?1h=[?1h=  563  avg: 	   591
is_3:	   524 | [?1h=[?1h=  538 [?1h=[?1h=  620 [?1h=[?1h=  578 [?1h=[?1h=  574 [?1h=[?1h=  557  avg: 	 573.4
is_3:	   547 | [?1h=[?1h=  589 [?1h=[?1h=  599 [?1h=[?1h=  564 [?1h=[?1h=  641 [?1h=[?1h=  588  avg: 	 596.2
is_3:	   570 | [?1h=[?1h=  635 [?1h=[?1h=  858 [?1h=[?1h=  606 [?1h=[?1h=  693 [?1h=[?1h=  603  avg: 	   679
is_3:	   557 | [?1h=[?1h=  590 [?1h=[?1h=  625 [?1h=[?1h=  622 [?1h=[?1h=  568 [?1h=[?1h=  596  avg: 	 600.2
is_3:	   554 | [?1h=[?1h=  542 [?1h=[?1h=  619 [?1h=[?1h=  566 [?1h=[?1h=  572 [?1h=[?1h=  599  avg: 	 579.6
is_3:	   541 | [?1h=[?1h=  874 [?1h=[?1h=  602 [?1h=[?1h=  940 [?1h=[?1h=  637 [?1h=[?1h=  558  avg: 	 722.2
is_3:	   521 | [?1h=[?1h=  605 [?1h=[?1h=  549 [?1h=[?1h=  844 [?1h=[?1h=  610 [?1h=[?1h=  560  avg: 	 633.6
is_3:	   539 | [?1h=[?1h=  534 [?1h=[?1h=  590 [?1h=[?1h=  575 [?1h=[?1h=  534 [?1h=[?1h=  591  avg: 	 564.8
is_3:	   515 | [?1h=[?1h=  608 [?1h=[?1h=  620 [?1h=[?1h=  534 [?1h=[?1h=  562 [?1h=[?1h=  589  avg: 	 582.6
--------------------
avg initials: 556.85 		 avg finals: 622.69



bcsstk32.mtx - 0

is_0:	  1026 | [?1h= 1203 [?1h=  823 [?1h=  894 [?1h= 1255 [?1h= 1104  avg: 	 1055.8
is_0:	   734 | [?1h=  987 [?1h= 1257 [?1h= 1046 [?1h= 1011 [?1h=  838  avg: 	 1027.8
is_0:	   821 | [?1h=  826 [?1h= 1158 [?1h= 1261 [?1h=  832 [?1h= 1071  avg: 	 1029.6
is_0:	   731 | [?1h=  938 [?1h=  832 [?1h=  863 [?1h= 1117 [?1h= 1163  avg: 	 982.6
is_0:	   865 | [?1h= 1089 [?1h=  790 [?1h= 1711 [?1h= 1005 [?1h= 1002  avg: 	 1119.4
is_0:	   774 | [?1h= 1253 [?1h= 1040 [?1h= 1039 [?1h=  929 [?1h= 1016  avg: 	 1055.4
is_0:	  1284 | [?1h=  753 [?1h= 1310 [?1h= 1065 [?1h=  991 [?1h= 1152  avg: 	 1054.2
is_0:	   693 | [?1h= 1084 [?1h=  915 [?1h=  739 [?1h= 1019 [?1h=  863  avg: 	   924
is_0:	  1241 | [?1h= 1387 [?1h= 1182 [?1h=  943 [?1h=  951 [?1h=  924  avg: 	 1077.4
is_0:	   712 | [?1h= 1006 [?1h=  992 [?1h=  976 [?1h= 1358 [?1h= 1133  avg: 	  1093
is_0:	   758 | [?1h= 1310 [?1h= 1150 [?1h= 1231 [?1h=  994 [?1h=  987  avg: 	 1134.4
is_0:	  1105 | [?1h= 1149 [?1h= 1284 [?1h=  778 [?1h= 1041 [?1h= 1097  avg: 	 1069.8
is_0:	   839 | [?1h=  979 [?1h= 1249 [?1h= 1109 [?1h=  965 [?1h=  924  avg: 	 1045.2
is_0:	   697 | [?1h= 1186 [?1h= 1051 [?1h= 1034 [?1h=  776 [?1h=  979  avg: 	 1005.2
is_0:	   720 | [?1h=  792 [?1h=  687 [?1h=  940 [?1h= 1240 [?1h=  881  avg: 	   908
is_0:	   850 | [?1h=  729 [?1h=  966 [?1h= 1031 [?1h=  966 [?1h= 1214  avg: 	 981.2
is_0:	   717 | [?1h= 1094 [?1h= 1001 [?1h=  983 [?1h=  976 [?1h=  807  avg: 	 972.2
is_0:	   937 | [?1h= 1314 [?1h=  808 [?1h= 1259 [?1h= 1134 [?1h= 1081  avg: 	 1119.2
is_0:	   818 | [?1h=  806 [?1h= 1026 [?1h=  821 [?1h= 1018 [?1h=  925  avg: 	 919.2
is_0:	   954 | [?1h= 1187 [?1h= 1104 [?1h=  989 [?1h= 1076 [?1h= 1659  avg: 	  1203
--------------------
avg initials: 863.8 		 avg finals: 1038.83



bcsstk32.mtx - 1

is_1:	   668 | [?1h= 1420 [?1h= 1371 [?1h= 1031 [?1h=  762 [?1h=  792  avg: 	 1075.2
is_1:	   712 | [?1h=  925 [?1h= 1392 [?1h=  721 [?1h=  883 [?1h= 1059  avg: 	   996
is_1:	  1055 | [?1h=  976 [?1h=  779 [?1h=  793 [?1h= 1190 [?1h=  999  avg: 	 947.4
is_1:	   681 | [?1h= 1156 [?1h=  749 [?1h= 1084 [?1h= 1220 [?1h= 1298  avg: 	 1101.4
is_1:	   682 | [?1h= 1243 [?1h= 1086 [?1h= 1018 [?1h=  715 [?1h=  974  avg: 	 1007.2
is_1:	   733 | [?1h=  751 [?1h=  985 [?1h=  890 [?1h=  990 [?1h= 1311  avg: 	 985.4
is_1:	   726 | [?1h=  822 [?1h= 1136 [?1h= 1334 [?1h=  720 [?1h= 1196  avg: 	 1041.6
is_1:	   853 | [?1h= 1253 [?1h= 1321 [?1h=  853 [?1h= 1072 [?1h= 1035  avg: 	 1106.8
is_1:	   994 | [?1h=  958 [?1h=  910 [?1h= 1486 [?1h= 1008 [?1h= 1212  avg: 	 1114.8
is_1:	   704 | [?1h= 1382 [?1h=  803 [?1h=  804 [?1h= 1540 [?1h= 1296  avg: 	  1165
is_1:	   689 | [?1h= 1090 [?1h= 1083 [?1h= 1013 [?1h=  737 [?1h= 1300  avg: 	 1044.6
is_1:	   715 | [?1h=  915 [?1h=  965 [?1h=  778 [?1h= 1295 [?1h= 1294  avg: 	 1049.4
is_1:	   690 | [?1h=  788 [?1h=  796 [?1h= 1230 [?1h= 1007 [?1h= 1161  avg: 	 996.4
is_1:	   648 | [?1h=  956 [?1h= 1100 [?1h=  852 [?1h=  761 [?1h=  798  avg: 	 893.4
is_1:	   788 | [?1h= 1046 [?1h= 1150 [?1h=  963 [?1h=  969 [?1h=  770  avg: 	 979.6
is_1:	   755 | [?1h= 1003 [?1h=  980 [?1h= 1174 [?1h=  755 [?1h=  963  avg: 	   975
is_1:	   854 | [?1h= 1083 [?1h= 1274 [?1h= 1109 [?1h=  964 [?1h=  966  avg: 	 1079.2
is_1:	  1070 | [?1h=  878 [?1h= 1002 [?1h= 1508 [?1h= 1185 [?1h= 1005  avg: 	 1115.6
is_1:	   872 | [?1h= 1178 [?1h= 1628 [?1h= 1213 [?1h= 1106 [?1h= 1075  avg: 	  1240
is_1:	   761 | [?1h=  805 [?1h= 1030 [?1h= 1046 [?1h= 1119 [?1h=  866  avg: 	 973.2
--------------------
avg initials: 782.5 		 avg finals: 1044.36



bcsstk32.mtx - 3

is_3:	  1026 | [?1h=[?1h=  975 [?1h=[?1h= 1042 [?1h=[?1h= 1125 [?1h=[?1h= 1047 [?1h=[?1h=  845  avg: 	 1006.8
is_3:	   977 | [?1h=[?1h= 1025 [?1h=[?1h= 1176 [?1h=[?1h= 1000 [?1h=[?1h= 1122 [?1h=[?1h=  831  avg: 	 1030.8
is_3:	  1047 | [?1h=[?1h=  828 [?1h=[?1h=  911 [?1h=[?1h=  862 [?1h=[?1h= 1341 [?1h=[?1h=  886  avg: 	 965.6
is_3:	  1019 | [?1h=[?1h= 1143 [?1h=[?1h= 1127 [?1h=[?1h= 1294 [?1h=[?1h= 1245 [?1h=[?1h=  964  avg: 	 1154.6
is_3:	   650 | [?1h=[?1h= 1346 [?1h=[?1h=  896 [?1h=[?1h=  757 [?1h=[?1h=  875 [?1h=[?1h=  907  avg: 	 956.2
is_3:	   898 | [?1h=[?1h= 1026 [?1h=[?1h=  906 [?1h=[?1h= 1260 [?1h=[?1h=  802 [?1h=[?1h=  846  avg: 	   968
is_3:	   710 | [?1h=[?1h= 1021 [?1h=[?1h= 1483 [?1h=[?1h=  957 [?1h=[?1h=  753 [?1h=[?1h=  765  avg: 	 995.8
is_3:	   829 | [?1h=[?1h= 1034 [?1h=[?1h=  721 [?1h=[?1h=  928 [?1h=[?1h=  927 [?1h=[?1h=  977  avg: 	 917.4
is_3:	   753 | [?1h=[?1h=  855 [?1h=[?1h=  823 [?1h=[?1h=  777 [?1h=[?1h= 1187 [?1h=[?1h=  932  avg: 	 914.8
is_3:	   776 | [?1h=[?1h= 1045 [?1h=[?1h= 1203 [?1h=[?1h=  774 [?1h=[?1h=  775 [?1h=[?1h= 1327  avg: 	 1024.8
is_3:	   797 | [?1h=[?1h=  785 [?1h=[?1h= 1046 [?1h=[?1h=  936 [?1h=[?1h= 1050 [?1h=[?1h=  865  avg: 	 936.4
is_3:	   696 | [?1h=[?1h=  792 [?1h=[?1h= 1262 [?1h=[?1h= 1276 [?1h=[?1h= 1214 [?1h=[?1h= 1316  avg: 	  1172
is_3:	   655 | [?1h=[?1h=  797 [?1h=[?1h=  785 [?1h=[?1h= 1270 [?1h=[?1h= 1066 [?1h=[?1h= 1156  avg: 	 1014.8
is_3:	   809 | [?1h=[?1h= 1063 [?1h=[?1h=  925 [?1h=[?1h= 1212 [?1h=[?1h=  984 [?1h=[?1h= 1010  avg: 	 1038.8
is_3:	   886 | [?1h=[?1h= 1234 [?1h=[?1h=  930 [?1h=[?1h= 1045 [?1h=[?1h=  890 [?1h=[?1h= 1072  avg: 	 1034.2
is_3:	   689 | [?1h=[?1h=  905 [?1h=[?1h= 1154 [?1h=[?1h= 1063 [?1h=[?1h=  781 [?1h=[?1h=  820  avg: 	 944.6
is_3:	   697 | [?1h=[?1h= 1144 [?1h=[?1h= 1212 [?1h=[?1h= 1285 [?1h=[?1h= 1050 [?1h=[?1h= 1030  avg: 	 1144.2
is_3:	   773 | [?1h=[?1h=  991 [?1h=[?1h=  863 [?1h=[?1h=  811 [?1h=[?1h=  858 [?1h=[?1h= 1421  avg: 	 988.8
is_3:	   898 | [?1h=[?1h=  854 [?1h=[?1h= 1125 [?1h=[?1h=  814 [?1h=[?1h= 1196 [?1h=[?1h= 1141  avg: 	  1026
is_3:	   726 | [?1h=[?1h=  749 [?1h=[?1h=  759 [?1h=[?1h= 1060 [?1h=[?1h= 1312 [?1h=[?1h= 1059  avg: 	 987.8
--------------------
avg initials: 815.55 		 avg finals: 1011.12



cage13.mtx - 0

is_0:	 43023 | [?1h=50059 [?1h=50525 [?1h=51104 [?1h=51451 [?1h=51511  avg: 	 50930
is_0:	 43544 | [?1h=51879 [?1h=51070 [?1h=50771 [?1h=50311 [?1h=50394  avg: 	 50885
is_0:	 46851 | [?1h=51038 [?1h=50417 [?1h=50773 [?1h=50056 [?1h=52046  avg: 	 50866
is_0:	 46686 | [?1h=50419 [?1h=50755 [?1h=49956 [?1h=50036 [?1h=50046  avg: 	 50242.4
is_0:	 43918 | [?1h=50028 [?1h=50368 [?1h=50000 [?1h=49936 [?1h=51454  avg: 	 50357.2
is_0:	 46707 | [?1h=51440 [?1h=50176 [?1h=51178 [?1h=51933 [?1h=51744  avg: 	 51294.2
is_0:	 45821 | [?1h=49950 [?1h=51749 [?1h=51760 [?1h=50783 [?1h=51186  avg: 	 51085.6
is_0:	 43188 | [?1h=51028 [?1h=51180 [?1h=50765 [?1h=50141 [?1h=50268  avg: 	 50676.4
is_0:	 45992 | [?1h=50274 [?1h=50398 [?1h=50714 [?1h=50355 [?1h=51654  avg: 	 50679
is_0:	 45394 | [?1h=49970 [?1h=51728 [?1h=50245 [?1h=51702 [?1h=50116  avg: 	 50752.2
is_0:	 46485 | [?1h=50392 [?1h=49041 [?1h=50456 [?1h=50297 [?1h=51172  avg: 	 50271.6
is_0:	 47075 | [?1h=50741 [?1h=51426 [?1h=51509 [?1h=50613 [?1h=51338  avg: 	 51125.4
is_0:	 47102 | [?1h=50019 [?1h=51415 [?1h=49777 [?1h=51155 [?1h=51276  avg: 	 50728.4
is_0:	 46466 | [?1h=51663 [?1h=50575 [?1h=50468 [?1h=51804 [?1h=49908  avg: 	 50883.6
is_0:	 43570 | [?1h=50811 [?1h=51046 [?1h=50688 [?1h=52434 [?1h=50860  avg: 	 51167.8
is_0:	 43325 | [?1h=50109 [?1h=50536 [?1h=51085 [?1h=52960 [?1h=51037  avg: 	 51145.4
is_0:	 47616 | [?1h=51579 [?1h=50221 [?1h=50866 [?1h=51626 [?1h=50398  avg: 	 50938
is_0:	 43202 | [?1h=50835 [?1h=50836 [?1h=50933 [?1h=51049 [?1h=50713  avg: 	 50873.2
is_0:	 43328 | [?1h=50731 [?1h=50655 [?1h=50854 [?1h=48347 [?1h=50282  avg: 	 50173.8
is_0:	 45865 | [?1h=50945 [?1h=50207 [?1h=50790 [?1h=50046 [?1h=50100  avg: 	 50417.6
--------------------
avg initials: 45257.9 		 avg finals: 50774.6



cage13.mtx - 1

is_1:	 46761 | [?1h=51916 [?1h=52933 [?1h=51324 [?1h=53974 [?1h=48354  avg: 	 51700.2
is_1:	 42843 | [?1h=50461 [?1h=53505 [?1h=52248 [?1h=43618 [?1h=53256  avg: 	 50617.6
is_1:	 46855 | [?1h=54969 [?1h=54409 [?1h=54416 [?1h=54007 [?1h=50647  avg: 	 53689.6
is_1:	 47044 | [?1h=51516 [?1h=54689 [?1h=49983 [?1h=52506 [?1h=55031  avg: 	 52745
is_1:	 46487 | [?1h=55057 [?1h=51283 [?1h=54771 [?1h=50791 [?1h=50811  avg: 	 52542.6
is_1:	 46763 | [?1h=48180 [?1h=51137 [?1h=51083 [?1h=50883 [?1h=53418  avg: 	 50940.2
is_1:	 46444 | [?1h=49946 [?1h=54222 [?1h=50352 [?1h=53921 [?1h=52609  avg: 	 52210
is_1:	 43590 | [?1h=51209 [?1h=44425 [?1h=44396 [?1h=49795 [?1h=52033  avg: 	 48371.6
is_1:	 46770 | [?1h=55331 [?1h=52192 [?1h=47695 [?1h=47824 [?1h=54708  avg: 	 51550
is_1:	 46252 | [?1h=50881 [?1h=53608 [?1h=49161 [?1h=51631 [?1h=55312  avg: 	 52118.6
is_1:	 43491 | [?1h=52898 [?1h=53370 [?1h=44489 [?1h=53649 [?1h=49618  avg: 	 50804.8
is_1:	 43311 | [?1h=51784 [?1h=51758 [?1h=51029 [?1h=44266 [?1h=49151  avg: 	 49597.6
is_1:	 43056 | [?1h=51043 [?1h=43978 [?1h=43852 [?1h=49244 [?1h=53686  avg: 	 48360.6
is_1:	 46953 | [?1h=53702 [?1h=53379 [?1h=54952 [?1h=54120 [?1h=53253  avg: 	 53881.2
is_1:	 46822 | [?1h=55526 [?1h=55433 [?1h=47563 [?1h=47695 [?1h=54892  avg: 	 52221.8
is_1:	 47258 | [?1h=50099 [?1h=49141 [?1h=47681 [?1h=55129 [?1h=53382  avg: 	 51086.4
is_1:	 44653 | [?1h=44521 [?1h=53949 [?1h=44390 [?1h=50635 [?1h=44680  avg: 	 47635
is_1:	 44103 | [?1h=53114 [?1h=50380 [?1h=49773 Traceback (most recent call last):
  File "maximum_independent_set.py", line 147, in <module>
    list_filename = sys.argv[2]
IndexError: list index out of range
[?1h=>> exit
[?1l>