[?1h=
                                                                                     < M A T L A B (R) >
                                                                           Copyright 1984-2010 The MathWorks, Inc.
                                                                        Version 7.12.0.635 (R2011a) 64-bit (glnxa64)
                                                                                       March 18, 2011

 
  To get started, type one of these: helpwin, helpdesk, or demo.
  For product information, visit www.mathworks.com.
 
{Warning: Name is nonexistent or not a directory: /home/davide/projects/mthesis/Mondriaan4RC/tools.} 
> In path at 110
  In addpath at 87
  In startup at 2
  In matlabrc at 222

bcsstk30.mtx - 0

localview_0:	 513 |   738   776   822   731   745 	 avg: 762.4	 7.78272 s
localview_0:	 526 |   746   749   730   728   807 	 avg: 752	 7.2308 s
localview_0:	 500 |   758   763   748   735   784 	 avg: 757.6	 7.78496 s
localview_0:	 516 |   776   727   739   752   734 	 avg: 745.6	 13.7493 s
localview_0:	 529 |   779   751   758   760   725 	 avg: 754.6	 7.40155 s
localview_0:	 559 |   752   763   874   717   766 	 avg: 774.4	 8.53238 s
localview_0:	 521 |   772   774   741   751   768 	 avg: 761.2	 10.3555 s
localview_0:	 458 |   784   734   742   725   724 	 avg: 741.8	 10.3807 s
localview_0:	 535 |   738   777  1092   783   739 	 avg: 825.8	 7.39941 s
localview_0:	 541 |   725   746   845   811   785 	 avg: 782.4	 11.8347 s
localview_0:	 523 |   767   714   720   753   754 	 avg: 741.6	 14.2471 s
localview_0:	 521 |   720   705   786   738   721 	 avg: 734	 16.9497 s
localview_0:	 566 |   731   738   731   724   719 	 avg: 728.6	 12.2403 s
localview_0:	 563 |   715   740   726   766   745 	 avg: 738.4	 10.9665 s
localview_0:	 581 |   808   760   719   768   716 	 avg: 754.2	 9.92481 s
localview_0:	 557 |   773   788   755   736   717 	 avg: 753.8	 7.67973 s
localview_0:	 521 |   770   735   748   719   785 	 avg: 751.4	 7.26235 s
localview_0:	 516 |   800   762   731   740   744 	 avg: 755.4	 7.62326 s
localview_0:	 557 |   732   724   786   758   729 	 avg: 745.8	 13.4086 s
localview_0:	 530 |   752   761   760   736   757 	 avg: 753.2	 15.2603 s
------
mean initials 531.65, mean final 755.71, time 1208.42 s (mean 10.4007 s)

bcsstk32.mtx - 0

localview_0:	 847 |   863   857   909  1021   947 	 avg: 919.4	 14.5771 s
localview_0:	 1059 |   936  1002   878   844  1073 	 avg: 946.6	 13.4797 s
localview_0:	 728 |  1117   873  1145   753   942 	 avg: 966	 13.4039 s
localview_0:	 865 |   905   869   844   955   998 	 avg: 914.2	 7.86781 s
localview_0:	 1002 |   833  1040  1299   813  1078 	 avg: 1012.6	 8.94168 s
localview_0:	 1197 |   846  1098   991   984   809 	 avg: 945.6	 12.897 s
localview_0:	 713 |   914   908   791   860   818 	 avg: 858.2	 11.3282 s
localview_0:	 734 |  1213   815  1038  1260   800 	 avg: 1025.2	 10.0337 s
localview_0:	 684 |   844   969   975   955  1028 	 avg: 954.2	 11.92 s
localview_0:	 972 |  1249   949  1052   817   856 	 avg: 984.6	 18.0828 s
localview_0:	 900 |   914   829  1091  1018   991 	 avg: 968.6	 17.6599 s
localview_0:	 696 |   933   968   865   855   934 	 avg: 911	 13.707 s
localview_0:	 666 |   908   832   834   802   986 	 avg: 872.4	 13.1534 s
localview_0:	 990 |   910   807   863   879   878 	 avg: 867.4	 13.4825 s
localview_0:	 875 |   798  1047  1023   941   783 	 avg: 918.4	 8.14639 s
localview_0:	 1156 |   848  1219   807  1060  1069 	 avg: 1000.6	 12.5484 s
localview_0:	 1157 |   851   890   916   870   835 	 avg: 872.4	 13.9685 s
localview_0:	 680 |  1104   828  1014  1180  1338 	 avg: 1092.8	 9.75888 s
localview_0:	 996 |  1036   810   841   838   812 	 avg: 867.4	 16.7479 s
localview_0:	 993 |   782   964   837   841  1100 	 avg: 904.8	 16.6542 s
------
mean initials 895.5, mean final 940.12, time 1502.82 s (mean 12.9179 s)

belgium_osm.mtx - 0

localview_0:	 407 |   333   194   339   264   389 	 avg: 303.8	 26.9875 s
localview_0:	 292 |   189   234   332   350   219 	 avg: 264.8	 25.7802 s
localview_0:	 261 |   161   340   282   207   225 	 avg: 243	 35.2129 s
localview_0:	 207 |   315   354   180   339   300 	 avg: 297.6	 33.3914 s
localview_0:	 312 |   176   283   228   307   180 	 avg: 234.8	 25.9635 s
localview_0:	 234 |   277   220   300   347   225 	 avg: 273.8	 26.3794 s
localview_0:	 219 |   316   171   314   283   195 	 avg: 255.8	 33.7165 s
localview_0:	 270 |   272   310   246   256   242 	 avg: 265.2	 36.512 s
localview_0:	 177 |   191   220   384   330   200 	 avg: 265	 27.9611 s
localview_0:	 260 |   198   236   184   217   213 	 avg: 209.6	 26.4029 s
localview_0:	 411 |   287   213   275   204   301 	 avg: 256	 26.575 s
localview_0:	 228 |   261   211   169   170   224 	 avg: 207	 28.9098 s
localview_0:	 171 |   187   352   335   281   164 	 avg: 263.8	 29.2 s
localview_0:	 219 |   179   297   187   216   215 	 avg: 218.8	 23.4011 s
localview_0:	 173 |   196   190   213   215   219 	 avg: 206.6	 40.0961 s
localview_0:	 218 |   348   380   332   359   222 	 avg: 328.2	 42.1816 s
localview_0:	 225 |   161   194   314   169   187 	 avg: 205	 23.1888 s
localview_0:	 263 |   253   273   274   191   225 	 avg: 243.2	 27.1482 s
localview_0:	 159 |   269   248   173   167   200 	 avg: 211.4	 26.4286 s
localview_0:	 176 |   310   171   290   185   209 	 avg: 233	 26.2728 s
------
mean initials 244.1, mean final 249.32, time 3467.46 s (mean 29.5855 s)

cage13.mtx - 0

localview_0:	 46830 | 54470 49710 53675 48396 49078 	 avg: 51065.8	 99.5877 s
localview_0:	 43456 | 49057 47874 54573 49079 55110 	 avg: 51138.6	 110.131 s
localview_0:	 46337 | 54367 53675 49152 48803 48803 	 avg: 50960	 98.9925 s
localview_0:	 42038 | 54567 55924 49642 55445 49370 	 avg: 52989.6	 97.4074 s
localview_0:	 46667 | 48593 52474 49488 50898 53370 	 avg: 50964.6	 97.7796 s
localview_0:	 44242 | 53191 53651 49480 54605 49245 	 avg: 52034.4	 111.484 s
localview_0:	 43700 | 52355 53663 48854 48995 49092 	 avg: 50591.8	 101.978 s
localview_0:	 45526 | 49298 49214 53626 49704 50056 	 avg: 50379.6	 102.729 s
localview_0:	 47509 | 52348 49331 50192 54564 48737 	 avg: 51034.4	 99.2104 s
localview_0:	 47315 | 51853 55195 49722 49690 52955 	 avg: 51883	 121.515 s
localview_0:	 46122 | 51974 54200 53019 54995 55061 	 avg: 53849.8	 119.331 s
localview_0:	 46301 | 53545 54134 54380 53228 52194 	 avg: 53496.2	 106.478 s
localview_0:	 45526 | 52993 55157 52631 53676 52760 	 avg: 53443.4	 116.784 s
localview_0:	 45778 | 53513 49199 54191 48884 49693 	 avg: 51096	 100.111 s
localview_0:	 46106 | 52817 49563 53438 52419 52291 	 avg: 52105.6	 109.801 s
localview_0:	 43754 | 49062 48779 54303 48384 53539 	 avg: 50813.4	 110.268 s
localview_0:	 46635 | 55079 53635 49142 49252 53593 	 avg: 52140.2	 111.574 s
localview_0:	 45844 | 54370 48531 48919 54339 52671 	 avg: 51766	 116.504 s
localview_0:	 43712 | 47992 49193 53270 53040 49077 	 avg: 50514.4	 112.18 s
localview_0:	 46731 | 52518 52311 53127 53373 52620 	 avg: 52789.8	 115.451 s
------
mean initials 45506.4, mean final 51752.8, time 12801.3 s (mean 107.965 s)

coAuthorsCiteseer.mtx - 0

localview_0:	 9428 | 10070  9877  9992 10076  9997 	 avg: 10002.4	 23.5 s
localview_0:	 10294 | 10533 10667 10028 10957 10616 	 avg: 10560.2	 24.4238 s
localview_0:	 9572 | 10592 10188 10684 10145 10122 	 avg: 10346.2	 22.9322 s
localview_0:	 9387 |  9953  9772  9944  9791  9863 	 avg: 9864.6	 21.7703 s
localview_0:	 9473 | 10077 10866  9959 10049 10726 	 avg: 10335.4	 22.7139 s
localview_0:	 10004 | 10452  9866  9907 10080 10100 	 avg: 10081	 22.7461 s
localview_0:	 9893 | 10519  9892  9816 10545  9902 	 avg: 10134.8	 23.1689 s
localview_0:	 10111 |  9787  9909 11189 10070 10716 	 avg: 10334.2	 22.7868 s
localview_0:	 10399 | 10012  9998 10148 10021 10028 	 avg: 10041.4	 22.152 s
localview_0:	 9462 |  9984 10068 10940  9824 10132 	 avg: 10189.6	 21.6752 s
localview_0:	 9853 |  9845 10611  9962 10817 10467 	 avg: 10340.4	 24.3214 s
localview_0:	 10212 |  9950  9885 10074 10498 10072 	 avg: 10095.8	 20.762 s
localview_0:	 9930 | 10920 10152 10739 10738  9937 	 avg: 10497.2	 23.2625 s
localview_0:	 9378 |  9831 10045  9922 10592  9927 	 avg: 10063.4	 21.3005 s
localview_0:	 10141 |  9991  9971  9916 10951  9992 	 avg: 10164.2	 23.2919 s
localview_0:	 9389 | 10290 10125  9930 10075  9959 	 avg: 10075.8	 24.2782 s
localview_0:	 9257 | 10905  9950  9881  9979  9958 	 avg: 10134.6	 24.6622 s
localview_0:	 9265 | 10683  9959 10405 10578  9930 	 avg: 10311	 23.0409 s
localview_0:	 9447 | 11000  9949  9952 10562 10786 	 avg: 10449.8	 20.8995 s
localview_0:	 9619 | 10285  9969 10114  9835 10691 	 avg: 10178.8	 20.9752 s
------
mean initials 9725.7, mean final 10210, time 2607.98 s (mean 22.7332 s)

cre_b.mtx - 0

localview_0:	 545 |   586   685   530   541   510 	 avg: 570.4	 2.66003 s
localview_0:	 539 |   580   716   688   559   514 	 avg: 611.4	 2.54699 s
localview_0:	 673 |   682   567   536   635   520 	 avg: 588	 2.45765 s
localview_0:	 533 |   680   546   593   685   559 	 avg: 612.6	 2.51167 s
localview_0:	 587 |   550   551   548   523   483 	 avg: 531	 2.22703 s
localview_0:	 567 |   559   537   521   586   524 	 avg: 545.4	 2.31836 s
localview_0:	 550 |   696   502   642   578   546 	 avg: 592.8	 2.26868 s
localview_0:	 618 |   550   575   569   634   651 	 avg: 595.8	 2.34759 s
localview_0:	 609 |   694   562   523   562   632 	 avg: 594.6	 2.1778 s
localview_0:	 556 |   651   597   509   622   632 	 avg: 602.2	 2.2246 s
localview_0:	 511 |   491   649   695   607   562 	 avg: 600.8	 2.21852 s
localview_0:	 555 |   600   521   538   623   587 	 avg: 573.8	 2.32983 s
localview_0:	 674 |   648   556   673   592   685 	 avg: 630.8	 2.19868 s
localview_0:	 632 |   661   549   607   726   652 	 avg: 639	 2.23746 s
localview_0:	 618 |   541   724   558   655   603 	 avg: 616.2	 2.18586 s
localview_0:	 625 |   533   618   536   512   549 	 avg: 549.6	 2.28947 s
localview_0:	 550 |   544   521   683   554   667 	 avg: 593.8	 2.20277 s
localview_0:	 708 |   541   581   574   533   542 	 avg: 554.2	 2.33553 s
localview_0:	 630 |   495   565   583   646   532 	 avg: 564.2	 2.40886 s
localview_0:	 540 |   644   658   569   539   654 	 avg: 612.8	 2.30639 s
------
mean initials 591, mean final 588.97, time 276.393 s (mean 2.32269 s)

delaunay_n15.mtx - 0

localview_0:	 294 |   330   333   323   311   308 	 avg: 321	 1.62416 s
localview_0:	 320 |   339   332   315   346   323 	 avg: 331	 1.90874 s
localview_0:	 310 |   320   324   323   327   324 	 avg: 323.6	 1.76572 s
localview_0:	 310 |   336   337   335   332   331 	 avg: 334.2	 1.87221 s
localview_0:	 310 |   336   332   331   323   326 	 avg: 329.6	 1.69581 s
localview_0:	 320 |   316   309   329   323   335 	 avg: 322.4	 1.76826 s
localview_0:	 314 |   333   317   326   321   346 	 avg: 328.6	 1.59654 s
localview_0:	 316 |   352   319   335   322   344 	 avg: 334.4	 1.73297 s
localview_0:	 306 |   329   317   326   316   347 	 avg: 327	 1.70065 s
localview_0:	 312 |   315   326   325   341   318 	 avg: 325	 1.61996 s
localview_0:	 308 |   339   318   325   304   311 	 avg: 319.4	 1.86927 s
localview_0:	 314 |   339   352   354   322   332 	 avg: 339.8	 1.90374 s
localview_0:	 317 |   331   335   319   305   312 	 avg: 320.4	 2.04887 s
localview_0:	 312 |   334   314   317   323   308 	 avg: 319.2	 1.89735 s
localview_0:	 306 |   326   314   323   314   326 	 avg: 320.6	 1.61865 s
localview_0:	 307 |   325   332   343   353   307 	 avg: 332	 1.88829 s
localview_0:	 306 |   344   318   339   373   303 	 avg: 335.4	 1.90725 s
localview_0:	 308 |   325   314   306   327   318 	 avg: 318	 1.65353 s
localview_0:	 321 |   338   345   338   330   314 	 avg: 333	 1.6128 s
localview_0:	 310 |   347   319   321   336   344 	 avg: 333.4	 1.83329 s
------
mean initials 311.05, mean final 327.4, time 206.564 s (mean 1.7759 s)

deltaX.mtx - 0

localview_0:	 230 |   227   223   221   229   224 	 avg: 224.8	 1.92215 s
localview_0:	 237 |   226   220   226   229   226 	 avg: 225.4	 1.9449 s
localview_0:	 238 |   225   219   227   224   211 	 avg: 221.2	 2.01379 s
localview_0:	 243 |   222   222   223   215   226 	 avg: 221.6	 1.94711 s
localview_0:	 237 |   220   228   218   225   224 	 avg: 223	 1.80655 s
localview_0:	 239 |   215   209   228   214   210 	 avg: 215.2	 1.89889 s
localview_0:	 234 |   217   216   228   226   224 	 avg: 222.2	 1.96667 s
localview_0:	 231 |   218   216   216   220   221 	 avg: 218.2	 1.94369 s
localview_0:	 250 |   226   225   213   221   229 	 avg: 222.8	 2.02958 s
localview_0:	 239 |   216   230   216   228   227 	 avg: 223.4	 1.89459 s
localview_0:	 235 |   219   225   220   215   226 	 avg: 221	 2.06778 s
localview_0:	 232 |   220   216   220   216   211 	 avg: 216.6	 2.19327 s
localview_0:	 229 |   215   217   215   223   222 	 avg: 218.4	 2.03116 s
localview_0:	 230 |   218   220   211   219   221 	 avg: 217.8	 2.05263 s
localview_0:	 229 |   232   226   222   220   221 	 avg: 224.2	 1.94599 s
localview_0:	 237 |   218   227   222   219   217 	 avg: 220.6	 1.96131 s
localview_0:	 237 |   224   213   224   220   218 	 avg: 219.8	 2.00181 s
localview_0:	 236 |   222   222   221   216   216 	 avg: 219.4	 2.00794 s
localview_0:	 232 |   221   230   216   218   215 	 avg: 220	 1.89805 s
localview_0:	 233 |   218   219   225   220   220 	 avg: 220.4	 2.0052 s
------
mean initials 235.4, mean final 220.8, time 233.47 s (mean 1.97665 s)

dfl001.mtx - 0

localview_0:	 599 |   559   559   559   572   572 	 avg: 564.2	 0.280037 s
localview_0:	 615 |   581   581   580   581   571 	 avg: 578.8	 0.281914 s
localview_0:	 579 |   570   560   559   560   580 	 avg: 565.8	 0.332808 s
localview_0:	 549 |   580   580   578   578   578 	 avg: 578.8	 0.310469 s
localview_0:	 619 |   575   572   577   577   577 	 avg: 575.6	 0.331239 s
localview_0:	 580 |   540   541   540   584   584 	 avg: 557.8	 0.283767 s
localview_0:	 593 |   581   581   581   603   603 	 avg: 589.8	 0.314706 s
localview_0:	 542 |   608   586   586   586   579 	 avg: 589	 0.300544 s
localview_0:	 539 |   579   582   576   576   576 	 avg: 577.8	 0.303687 s
localview_0:	 545 |   585   585   581   584   584 	 avg: 583.8	 0.308776 s
localview_0:	 613 |   579   579   580   580   580 	 avg: 579.6	 0.310215 s
localview_0:	 566 |   580   579   579   571   570 	 avg: 575.8	 0.2966 s
localview_0:	 589 |   583   583   583   583   581 	 avg: 582.6	 0.304328 s
localview_0:	 596 |   581   579   585   585   585 	 avg: 583	 0.273161 s
localview_0:	 539 |   578   578   564   564   564 	 avg: 569.6	 0.286714 s
localview_0:	 571 |   585   582   585   582   577 	 avg: 582.2	 0.266878 s
localview_0:	 615 |   577   577   577   577   577 	 avg: 577	 0.279604 s
localview_0:	 632 |   568   568   574   574   574 	 avg: 571.6	 0.286758 s
localview_0:	 592 |   573   574   573   580   580 	 avg: 576	 0.334588 s
localview_0:	 591 |   580   580   580   582   582 	 avg: 580.8	 0.293835 s
------
mean initials 583.2, mean final 576.98, time 35.5376 s (mean 0.299031 s)
../all_matrices/italy_osm.mtx
>> exit
[?1l>