[?1h=
                                                                                     < M A T L A B (R) >
                                                                           Copyright 1984-2010 The MathWorks, Inc.
                                                                        Version 7.12.0.635 (R2011a) 64-bit (glnxa64)
                                                                                       March 18, 2011

 
  To get started, type one of these: helpwin, helpdesk, or demo.
  For product information, visit www.mathworks.com.
 
{Warning: Name is nonexistent or not a directory: /home/davide/projects/mthesis/Mondriaan4RC/tools.} 
> In path at 110
  In addpath at 87
  In startup at 2
  In matlabrc at 222

italy_osm.mtx - 0

localview_0:	 445 |   205   217   167   301   325 	 avg: 243	 113.277 s
localview_0:	 310 |   229   230   292   255   360 	 avg: 273.2	 105.701 s
localview_0:	 371 |   325   384   189   322   270 	 avg: 298	 112.038 s
localview_0:	 358 |   394   330   405   297   275 	 avg: 340.2	 105.266 s
localview_0:	 203 |   480   359   185   197   337 	 avg: 311.6	 115.992 s
localview_0:	 472 |   305   259   190   417   280 	 avg: 290.2	 107.588 s
localview_0:	 138 |   237   296   274   272   293 	 avg: 274.4	 116.78 s
localview_0:	 246 |   455   480   251   515   484 	 avg: 437	 104.714 s
localview_0:	 265 |   381   225   254   302   339 	 avg: 300.2	 113.591 s
localview_0:	 164 |   303   359   462   196   303 	 avg: 324.6	 103.907 s
localview_0:	 127 |   263   242   196   208   247 	 avg: 231.2	 110.056 s
localview_0:	 318 |   236   495   287   231   271 	 avg: 304	 104.044 s
localview_0:	 210 |   251   339   348   486   323 	 avg: 349.4	 106.382 s
localview_0:	 294 |   452   403   363   311   356 	 avg: 377	 103.989 s
localview_0:	 225 |   232   303   271   277   335 	 avg: 283.6	 106.767 s
localview_0:	 279 |   221   339   306   297   319 	 avg: 296.4	 104.307 s
localview_0:	 261 |   397   193   237   375   222 	 avg: 284.8	 104.402 s
localview_0:	 286 |   279   499   243   219   130 	 avg: 274	 110.769 s
localview_0:	 242 |   205   222   193   245   317 	 avg: 236.4	 106.666 s
localview_0:	 249 |   187   223   372   359   208 	 avg: 269.8	 108.904 s
------
mean initials 273.15, mean final 299.95, time 12607.8 s (mean 108.257 s)

lpi_ceria3d.mtx - 0

localview_0:	 230 |   261   251   251   251   251 	 avg: 253	 0.185674 s
localview_0:	 207 |   251   251   251   251   251 	 avg: 251	 0.162679 s
localview_0:	 213 |   217   217   217   217   217 	 avg: 217	 0.157705 s
localview_0:	 217 |   217   237   237   237   237 	 avg: 233	 0.160326 s
localview_0:	 200 |   237   249   249   249   249 	 avg: 246.6	 0.156701 s
localview_0:	 214 |   249   249   239   239   239 	 avg: 243	 0.158005 s
localview_0:	 236 |   239   239   246   246   246 	 avg: 243.2	 0.159376 s
localview_0:	 215 |   246   246   246   252   252 	 avg: 248.4	 0.159528 s
localview_0:	 217 |   252   252   252   252   254 	 avg: 252.4	 0.160758 s
localview_0:	 225 |   255   254   254   254   252 	 avg: 253.8	 0.163062 s
localview_0:	 228 |   252   252   252   252   246 	 avg: 250.8	 0.161149 s
localview_0:	 223 |   246   246   246   246   246 	 avg: 246	 0.161869 s
localview_0:	 227 |   216   216   216   216   214 	 avg: 215.6	 0.171356 s
localview_0:	 207 |   253   253   253   253   253 	 avg: 253	 0.162343 s
localview_0:	 226 |   262   262   262   262   264 	 avg: 262.4	 0.162289 s
localview_0:	 226 |   237   237   237   237   237 	 avg: 237	 0.153579 s
localview_0:	 219 |   237   230   230   230   230 	 avg: 231.4	 0.161298 s
localview_0:	 222 |   230   244   244   244   244 	 avg: 241.2	 0.158646 s
localview_0:	 219 |   244   244   244   244   244 	 avg: 244	 0.156857 s
localview_0:	 210 |   244   244   233   233   233 	 avg: 237.4	 0.159 s
------
mean initials 219.05, mean final 243.01, time 18.8708 s (mean 0.16161 s)

netherlands_osm.mtx - 0

localview_0:	 116 |   221   194   205   193   149 	 avg: 192.4	 41.1851 s
localview_0:	 193 |   144   166   162   138   140 	 avg: 150	 39.2624 s
localview_0:	 182 |   167   160   250   350   178 	 avg: 221	 36.4564 s
localview_0:	 198 |   237   245   273   124   194 	 avg: 214.6	 41.4616 s
localview_0:	 187 |   168   143   193   137   157 	 avg: 159.6	 43.7365 s
localview_0:	 155 |   199   157   221   120   122 	 avg: 163.8	 39.9285 s
localview_0:	 240 |   179   481   210   222   222 	 avg: 262.8	 39.3305 s
localview_0:	 112 |   160   135   152   257   145 	 avg: 169.8	 36.2866 s
localview_0:	 165 |   140   159   179   128   283 	 avg: 177.8	 42.6069 s
localview_0:	 234 |   163   131   170   167   161 	 avg: 158.4	 38.7041 s
localview_0:	 282 |   250   185   186   171   122 	 avg: 182.8	 40.6362 s
localview_0:	 235 |   139   185   126   110   225 	 avg: 157	 36.6755 s
localview_0:	 242 |   242   232   116   130   174 	 avg: 178.8	 36.1067 s
localview_0:	 197 |   145   289   184   124   303 	 avg: 209	 43.1885 s
localview_0:	 178 |   295   246   237   350   141 	 avg: 253.8	 40.2662 s
localview_0:	 110 |   226   145   133   449   168 	 avg: 224.2	 40.9771 s
localview_0:	 291 |   209   250   317   234   203 	 avg: 242.6	 38.0621 s
localview_0:	 173 |   138   201   165   173   253 	 avg: 186	 38.5417 s
localview_0:	 302 |   239   212   182   224   183 	 avg: 208	 44.0328 s
localview_0:	 287 |   235   217   252   210   146 	 avg: 212	 37.4534 s
------
mean initials 203.95, mean final 196.22, time 4637.29 s (mean 39.7449 s)

nug30.mtx - 0

localview_0:	 37517 | 37628 37649 37336 37470 37963 	 avg: 37609.2	 19.6477 s
localview_0:	 36570 | 37253 37328 38040 37709 37286 	 avg: 37523.2	 20.7532 s
localview_0:	 37523 | 38185 37845 37971 37326 37369 	 avg: 37739.2	 17.3283 s
localview_0:	 36583 | 37538 37667 38275 37622 38086 	 avg: 37837.6	 18.5146 s
localview_0:	 39356 | 37512 37916 37930 37521 38475 	 avg: 37870.8	 19.6003 s
localview_0:	 35831 | 37397 37605 37843 37883 37847 	 avg: 37715	 21.8675 s
localview_0:	 36602 | 37990 37692 37665 37525 38123 	 avg: 37799	 23.6469 s
localview_0:	 36690 | 37827 38147 37550 37598 38079 	 avg: 37840.2	 19.7861 s
localview_0:	 35645 | 38123 37665 38398 37737 37290 	 avg: 37842.6	 20.5507 s
localview_0:	 39551 | 37107 37795 38184 37874 37358 	 avg: 37663.6	 20.7589 s
localview_0:	 38836 | 37932 37352 37469 38152 37917 	 avg: 37764.4	 22.5585 s
localview_0:	 34739 | 37185 37880 37605 37176 37308 	 avg: 37430.8	 18.1017 s
localview_0:	 35736 | 37831 37465 37435 37956 37590 	 avg: 37655.4	 17.8766 s
localview_0:	 33975 | 37908 37504 37832 37791 37943 	 avg: 37795.6	 17.8009 s
localview_0:	 35691 | 37712 38342 37899 37069 37675 	 avg: 37739.4	 19.2543 s
localview_0:	 35920 | 38182 37708 37879 38132 38291 	 avg: 38038.4	 21.3465 s
localview_0:	 37471 | 37396 38131 37603 37539 37881 	 avg: 37710	 21.3965 s
localview_0:	 37167 | 37581 37997 37747 38032 37346 	 avg: 37740.6	 18.0826 s
localview_0:	 36605 | 37854 38326 38027 37517 37667 	 avg: 37878.2	 19.2203 s
localview_0:	 37475 | 37615 37228 37407 37919 37650 	 avg: 37563.8	 23.5214 s
------
mean initials 36774.2, mean final 37737.8, time 2458.4 s (mean 20.0807 s)

polyDFT.mtx - 0

localview_0:	 3684 |  3696  3792  3696  3696  3696 	 avg: 3715.2	 15.909 s
localview_0:	 3636 |  3696  3696  3696  3864  3696 	 avg: 3729.6	 15.0056 s
localview_0:	 3640 |  3696  3696  3696  3696  3696 	 avg: 3696	 15.1933 s
localview_0:	 3684 |  3696  3696  3696  3696  3696 	 avg: 3696	 14.7409 s
localview_0:	 3624 |  3696  3696  3696  3696  3696 	 avg: 3696	 16.0786 s
localview_0:	 3516 |  3696  3696  3696  3696  3696 	 avg: 3696	 16.2261 s
localview_0:	 3638 |  3696  3696  3696  3696  3696 	 avg: 3696	 16.5841 s
localview_0:	 3624 |  3696  3696  3696  3696  3696 	 avg: 3696	 15.5706 s
localview_0:	 3684 |  3696  3696  3696  3696  3696 	 avg: 3696	 14.7661 s
localview_0:	 3732 |  3696  3852  3696  3696  3696 	 avg: 3727.2	 15.8547 s
localview_0:	 3636 |  3696  3696  3696  3696  3696 	 avg: 3696	 16.4115 s
localview_0:	 3732 |  3696  3696  3696  3696  3696 	 avg: 3696	 16.6089 s
localview_0:	 3638 |  3696  3696  3696  3696  3696 	 avg: 3696	 15.0546 s
localview_0:	 3684 |  3696  3696  3696  3696  3696 	 avg: 3696	 15.1154 s
localview_0:	 3636 |  3696  3696  3696  3696  3696 	 avg: 3696	 15.1602 s
localview_0:	 3712 |  3696  3696  3696  3696  3696 	 avg: 3696	 15.1213 s
localview_0:	 3750 |  3732  3696  3696  3696  3696 	 avg: 3703.2	 15.6986 s
localview_0:	 3624 |  3696  3696  3696  3696  3696 	 avg: 3696	 16.3605 s
localview_0:	 3636 |  3696  3696  3696  3696  3696 	 avg: 3696	 16.704 s
localview_0:	 3636 |  3696  3696  3696  3696  3696 	 avg: 3696	 15.1643 s
------
mean initials 3657.3, mean final 3700.56, time 1850.91 s (mean 15.6664 s)

rgg_n_2_18_s0.mtx - 0

localview_0:	 886 |   986   912  1006  1233  1112 	 avg: 1049.8	 28.6554 s
localview_0:	 879 |   930   956  1014  1024   990 	 avg: 982.8	 29.5262 s
localview_0:	 953 |  1018   954  1183  1040   896 	 avg: 1018.2	 27.8052 s
localview_0:	 939 |  1075  1013   986   858   966 	 avg: 979.6	 25.7948 s
localview_0:	 850 |  1047   952   937   993   994 	 avg: 984.6	 26.8728 s
localview_0:	 836 |   919  1039  1056  1018   943 	 avg: 995	 31.3681 s
localview_0:	 836 |  1032   932  1020  1003   956 	 avg: 988.6	 27.0093 s
localview_0:	 877 |  1010   994   938   882  1025 	 avg: 969.8	 29.2055 s
localview_0:	 901 |   992  1033  1025   955   954 	 avg: 991.8	 29.2249 s
localview_0:	 950 |   924   973   868   959   984 	 avg: 941.6	 27.2084 s
localview_0:	 886 |   916   998  1014   981  1021 	 avg: 986	 27.6956 s
localview_0:	 833 |   999  1026  1034  1035  1085 	 avg: 1035.8	 27.7471 s
localview_0:	 872 |   971  1004   957   962   975 	 avg: 973.8	 28.6418 s
localview_0:	 1121 |   951   981  1027   992   998 	 avg: 989.8	 29.3208 s
localview_0:	 890 |  1044  1051   984   987  1073 	 avg: 1027.8	 27.6127 s
localview_0:	 909 |  1195  1092   949  1035  1287 	 avg: 1111.6	 28.4101 s
localview_0:	 846 |   995  1251   995  1024  1029 	 avg: 1058.8	 26.3705 s
localview_0:	 980 |   980  1027   977   950  1005 	 avg: 987.8	 24.4273 s
localview_0:	 909 |  1192  1042   943   975   957 	 avg: 1021.8	 25.6643 s
localview_0:	 900 |   910   957   979   985   971 	 avg: 960.4	 28.5582 s
------
mean initials 902.65, mean final 1002.77, time 3190.62 s (mean 27.856 s)

tbdlinux.mtx - 0

localview_0:	 7961 |  8243  8324  8308  8198  8295 	 avg: 8273.6	 83.4173 s
localview_0:	 8034 |  8266  8165  8307 10462  8240 	 avg: 8688	 77.7266 s
localview_0:	 8049 |  8285  8258  8322  8421  8290 	 avg: 8315.2	 82.2757 s
localview_0:	 8017 |  8272  8203  8266  8271  8185 	 avg: 8239.4	 75.8194 s
localview_0:	 8101 |  8257  8344  8228  8225  8324 	 avg: 8275.6	 80.931 s
localview_0:	 7976 |  8312  8245  8266  8304  8256 	 avg: 8276.6	 79.5661 s
localview_0:	 7993 |  8219  8287  8225  8245  8240 	 avg: 8243.2	 85.2438 s
localview_0:	 7977 |  8779  8234  8253  8249  8127 	 avg: 8328.4	 82.2231 s
localview_0:	 8090 |  8196  8152  8291  8209  8259 	 avg: 8221.4	 85.3031 s
localview_0:	 7984 |  8205  8185  8217  8240  8195 	 avg: 8208.4	 84.3027 s
localview_0:	 7977 |  8244  8264  8041  8204  8269 	 avg: 8204.4	 80.0172 s
localview_0:	 8021 |  8150  8233  8279  8228  8285 	 avg: 8235	 83.3112 s
localview_0:	 8029 |  8241  8214  8342  8180  8313 	 avg: 8258	 79.3063 s
localview_0:	 8010 |  8163  8278  8214  8279  8172 	 avg: 8221.2	 83.2011 s
localview_0:	 8027 |  8273  8283  8188  8302  8253 	 avg: 8259.8	 77.6875 s
localview_0:	 7964 |  8279  8314  8224  8205  8289 	 avg: 8262.2	 83.5029 s
localview_0:	 8029 |  8283  8187  8297  8278  8283 	 avg: 8265.6	 80.0995 s
localview_0:	 8072 |  8186  8285  8163  8242  8280 	 avg: 8231.2	 84.0054 s
localview_0:	 7954 |  8241  8326  8265  8259  8231 	 avg: 8264.4	 81.4658 s
localview_0:	 7994 |  8284  8248  8249  8287  8410 	 avg: 8295.6	 84.6779 s
------
mean initials 8012.95, mean final 8278.36, time 9815.62 s (mean 81.7042 s)

tbdmatlab.mtx - 0

localview_0:	 3971 |  4128  4135  4086  4492  4091 	 avg: 4186.4	 5.31293 s
localview_0:	 4001 |  4183  4118  4110  4138  4125 	 avg: 4134.8	 5.20332 s
localview_0:	 4031 |  4410  4169  4183  4149  4432 	 avg: 4268.6	 5.50707 s
localview_0:	 4221 |  4111  4125  4177  4170  4115 	 avg: 4139.6	 5.44631 s
localview_0:	 4158 |  4142  4161  4521  4149  4070 	 avg: 4208.6	 5.7559 s
localview_0:	 3756 |  4086  4185  4144  4186  4584 	 avg: 4237	 5.58724 s
localview_0:	 4095 |  4158  4154  4091  4121  4099 	 avg: 4124.6	 5.89679 s
localview_0:	 3663 |  4111  4371  4241  4130  4171 	 avg: 4204.8	 5.65081 s
localview_0:	 4125 |  4100  4190  4149  4541  4197 	 avg: 4235.4	 5.81841 s
localview_0:	 3904 |  4118  4177  4185  4132  4404 	 avg: 4203.2	 5.79128 s
localview_0:	 3911 |  4151  4158  4503  4098  4114 	 avg: 4204.8	 5.64909 s
localview_0:	 3930 |  4162  4140  4097  4575  4365 	 avg: 4267.8	 5.76603 s
localview_0:	 4241 |  4088  4203  4160  4138  4150 	 avg: 4147.8	 5.34972 s
localview_0:	 3767 |  4169  4209  4102  4074  4098 	 avg: 4130.4	 5.50545 s
localview_0:	 4132 |  4118  4176  4279  4137  4457 	 avg: 4233.4	 5.33327 s
localview_0:	 3668 |  4173  4338  4290  4105  4296 	 avg: 4240.4	 5.36435 s
localview_0:	 3857 |  4125  4151  4414  4132  4086 	 avg: 4181.6	 5.2443 s
localview_0:	 3909 |  4127  4124  4226  4133  4113 	 avg: 4144.6	 5.40568 s
localview_0:	 4002 |  4404  4157  4358  4101  4202 	 avg: 4244.4	 5.27469 s
localview_0:	 3864 |  4357  4543  4124  4095  4123 	 avg: 4248.4	 5.27272 s
------
mean initials 3960.3, mean final 4199.33, time 664.125 s (mean 5.50677 s)

wave.mtx - 0

localview_0:	 4683 |  5125  5184  5125  5286  5492 	 avg: 5242.4	 21.0792 s
localview_0:	 5107 |  5291  5235  5399  5755  5112 	 avg: 5358.4	 23.6789 s
localview_0:	 4791 |  5224  5086  5305  5169  5166 	 avg: 5190	 23.0612 s
localview_0:	 4682 |  5075  5733  5320  5270  5151 	 avg: 5309.8	 19.7445 s
localview_0:	 4861 |  5190  5456  5741  5174  5081 	 avg: 5328.4	 22.8842 s
localview_0:	 4920 |  5148  5184  5136  5734  5350 	 avg: 5310.4	 21.4504 s
localview_0:	 4529 |  5119  5535  5327  5442  5182 	 avg: 5321	 21.8248 s
localview_0:	 4690 |  5357  5355  5110  5142  5768 	 avg: 5346.4	 21.4366 s
localview_0:	 4607 |  5299  5297  5600  5127  5308 	 avg: 5326.2	 21.2878 s
localview_0:	 4713 |  5086  5350  5255  5682  5296 	 avg: 5333.8	 22.377 s
localview_0:	 4965 |  5691  5360  5217  5101  5083 	 avg: 5290.4	 23.6523 s
localview_0:	 4567 |  5181  5120  5636  5137  5232 	 avg: 5261.2	 22.4239 s
localview_0:	 4744 |  5614  5281  5139  5847  5395 	 avg: 5455.2	 20.6847 s
localview_0:	 4564 |  5576  5168  5289  5317  5332 	 avg: 5336.4	 22.642 s
localview_0:	 4478 |  5373  5680  5115  5701  5742 	 avg: 5522.2	 22.4545 s
localview_0:	 4687 |  5203  5708  5159  5178  5162 	 avg: 5282	 21.2832 s
localview_0:	 4574 |  5332  5192  5163  5119  5121 	 avg: 5185.4	 20.013 s
localview_0:	 4715 |  5459  5120  5134  5185  5074 	 avg: 5194.4	 20.6178 s
localview_0:	 4946 |  5098  5352  5111  5880  5040 	 avg: 5296.2	 23.9528 s
localview_0:	 4557 |  5277  5305  5286  5271  5579 	 avg: 5343.6	 25.1495 s
------
mean initials 4719, mean final 5311.69, time 2570.02 s (mean 22.0849 s)
>> exit
[?1l>