po_unsorted_concat 1:
517 	|	600 	610 	556 	610 	606 	| 	 avg: 596.40
528 	|	535 	602 	585 	585 	604 	| 	 avg: 582.20
642 	|	610 	661 	604 	605 	560 	| 	 avg: 608.00
534 	|	560 	606 	560 	630 	610 	| 	 avg: 593.20
519 	|	579 	630 	604 	629 	610 	| 	 avg: 610.40
526 	|	556 	575 	605 	535 	635 	| 	 avg: 581.20
546 	|	556 	614 	629 	606 	636 	| 	 avg: 608.20
541 	|	535 	585 	556 	581 	705 	| 	 avg: 592.40
513 	|	629 	560 	535 	581 	604 	| 	 avg: 581.80
540 	|	560 	560 	623 	585 	661 	| 	 avg: 597.80
572 	|	630 	635 	611 	631 	561 	| 	 avg: 613.60
543 	|	586 	606 	586 	580 	661 	| 	 avg: 603.80
506 	|	631 	560 	604 	560 	585 	| 	 avg: 588.00
520 	|	635 	631 	660 	560 	535 	| 	 avg: 604.20
512 	|	612 	579 	610 	659 	598 	| 	 avg: 611.60
556 	|	654 	604 	560 	630 	611 	| 	 avg: 611.80
530 	|	556 	635 	689 	644 	604 	| 	 avg: 625.60
520 	|	581 	535 	585 	606 	556 	| 	 avg: 572.60
581 	|	677 	744 	605 	635 	585 	| 	 avg: 649.20
516 	|	535 	610 	585 	581 	637 	| 	 avg: 589.60
average initials 538.10	 average finals: 600.65
