po_sorted_mix 1 1:
532 	|	772 	756 	722 	859 	810 	| 	 avg: 783.80
581 	|	821 	805 	723 	724 	824 	| 	 avg: 779.40
559 	|	727 	741 	839 	841 	723 	| 	 avg: 774.20
593 	|	719 	751 	717 	832 	820 	| 	 avg: 767.80
551 	|	725 	747 	798 	697 	761 	| 	 avg: 745.60
572 	|	728 	833 	815 	725 	790 	| 	 avg: 778.20
516 	|	704 	1108 	708 	734 	776 	| 	 avg: 806.00
545 	|	707 	823 	854 	801 	760 	| 	 avg: 789.00
628 	|	844 	735 	762 	773 	857 	| 	 avg: 794.20
564 	|	733 	758 	781 	736 	1039 	| 	 avg: 809.40
554 	|	796 	756 	729 	717 	829 	| 	 avg: 765.40
546 	|	830 	692 	707 	727 	745 	| 	 avg: 740.20
526 	|	693 	730 	755 	720 	864 	| 	 avg: 752.40
522 	|	823 	764 	692 	866 	880 	| 	 avg: 805.00
576 	|	754 	712 	747 	751 	757 	| 	 avg: 744.20
555 	|	787 	736 	786 	739 	743 	| 	 avg: 758.20
526 	|	1406 	727 	718 	857 	808 	| 	 avg: 903.20
512 	|	849 	770 	798 	859 	788 	| 	 avg: 812.80
522 	|	776 	746 	784 	716 	781 	| 	 avg: 760.60
527 	|	813 	850 	719 	762 	717 	| 	 avg: 772.20
average initials 550.35	 average finals: 781.75
