po_sorted_mix 1 0:
505 	|	744 	1026 	825 	808 	777 	| 	 avg: 836.00
567 	|	751 	737 	741 	751 	731 	| 	 avg: 742.20
585 	|	804 	717 	747 	708 	738 	| 	 avg: 742.80
561 	|	704 	852 	913 	848 	723 	| 	 avg: 808.00
575 	|	699 	813 	692 	778 	734 	| 	 avg: 743.20
559 	|	775 	746 	795 	1439 	722 	| 	 avg: 895.40
528 	|	790 	861 	835 	812 	867 	| 	 avg: 833.00
561 	|	874 	854 	728 	767 	822 	| 	 avg: 809.00
546 	|	780 	784 	874 	703 	799 	| 	 avg: 788.00
551 	|	713 	841 	745 	790 	697 	| 	 avg: 757.20
516 	|	800 	726 	836 	791 	792 	| 	 avg: 789.00
533 	|	889 	778 	735 	761 	804 	| 	 avg: 793.40
557 	|	1102 	702 	742 	693 	817 	| 	 avg: 811.20
526 	|	802 	704 	751 	769 	707 	| 	 avg: 746.60
531 	|	704 	777 	765 	748 	765 	| 	 avg: 751.80
529 	|	822 	754 	697 	800 	717 	| 	 avg: 758.00
531 	|	743 	837 	918 	723 	807 	| 	 avg: 805.60
560 	|	851 	767 	922 	834 	803 	| 	 avg: 835.40
522 	|	735 	828 	1072 	825 	842 	| 	 avg: 860.40
598 	|	746 	848 	812 	713 	707 	| 	 avg: 765.20
average initials 547.05	 average finals: 793.30
