po_sorted_mix 0 1:
606 	|	734 	765 	733 	865 	722 	| 	 avg: 763.80
545 	|	728 	849 	824 	746 	782 	| 	 avg: 785.80
538 	|	761 	736 	718 	756 	879 	| 	 avg: 770.00
559 	|	714 	859 	815 	737 	735 	| 	 avg: 772.00
503 	|	891 	817 	759 	759 	745 	| 	 avg: 794.20
559 	|	721 	1358 	737 	821 	794 	| 	 avg: 886.20
552 	|	726 	791 	1186 	866 	802 	| 	 avg: 874.20
506 	|	729 	693 	723 	759 	784 	| 	 avg: 737.60
544 	|	777 	811 	729 	728 	806 	| 	 avg: 770.20
557 	|	771 	700 	714 	713 	714 	| 	 avg: 722.40
480 	|	748 	722 	818 	827 	748 	| 	 avg: 772.60
522 	|	720 	851 	723 	743 	722 	| 	 avg: 751.80
606 	|	775 	723 	875 	1016 	704 	| 	 avg: 818.60
516 	|	776 	1057 	745 	854 	707 	| 	 avg: 827.80
516 	|	769 	729 	868 	788 	764 	| 	 avg: 783.60
513 	|	859 	708 	749 	720 	729 	| 	 avg: 753.00
532 	|	771 	787 	707 	807 	815 	| 	 avg: 777.40
622 	|	1299 	692 	800 	826 	766 	| 	 avg: 876.60
511 	|	812 	722 	692 	776 	783 	| 	 avg: 757.00
543 	|	830 	825 	816 	814 	823 	| 	 avg: 821.60
average initials 541.50	 average finals: 790.40
