po_sorted_mix 0 0:
503 	|	789 	775 	837 	722 	717 	| 	 avg: 768.00
649 	|	813 	860 	700 	796 	817 	| 	 avg: 797.20
860 	|	723 	869 	892 	790 	770 	| 	 avg: 808.80
568 	|	756 	751 	759 	806 	758 	| 	 avg: 766.00
501 	|	828 	723 	767 	785 	810 	| 	 avg: 782.60
487 	|	771 	732 	751 	707 	713 	| 	 avg: 734.80
512 	|	819 	786 	879 	813 	692 	| 	 avg: 797.80
515 	|	1422 	733 	846 	732 	843 	| 	 avg: 915.20
513 	|	698 	1048 	1127 	728 	853 	| 	 avg: 890.80
542 	|	1003 	727 	799 	763 	728 	| 	 avg: 804.00
532 	|	778 	734 	767 	780 	752 	| 	 avg: 762.20
547 	|	828 	788 	768 	808 	723 	| 	 avg: 783.00
507 	|	878 	805 	871 	756 	802 	| 	 avg: 822.40
533 	|	734 	801 	794 	818 	1075 	| 	 avg: 844.40
591 	|	827 	760 	761 	806 	721 	| 	 avg: 775.00
550 	|	712 	714 	827 	741 	762 	| 	 avg: 751.20
561 	|	729 	712 	742 	773 	730 	| 	 avg: 737.20
512 	|	740 	779 	848 	761 	1400 	| 	 avg: 905.60
521 	|	751 	704 	816 	727 	739 	| 	 avg: 747.40
565 	|	745 	762 	729 	752 	761 	| 	 avg: 749.80
average initials 553.45	 average finals: 796.80
