po_unsorted_mix 1:
551 	|	1051 	950 	1010 	1156 	801 	| 	 avg: 993.60
493 	|	608 	732 	719 	799 	571 	| 	 avg: 685.80
520 	|	596 	701 	765 	642 	1102 	| 	 avg: 761.20
1118 	|	620 	595 	677 	590 	604 	| 	 avg: 617.20
587 	|	1118 	601 	682 	691 	622 	| 	 avg: 742.80
557 	|	698 	694 	669 	846 	866 	| 	 avg: 754.60
528 	|	986 	636 	614 	1092 	582 	| 	 avg: 782.00
518 	|	590 	699 	683 	718 	600 	| 	 avg: 658.00
572 	|	588 	654 	650 	754 	668 	| 	 avg: 662.80
523 	|	580 	678 	647 	1018 	792 	| 	 avg: 743.00
545 	|	662 	648 	1122 	1266 	640 	| 	 avg: 867.60
487 	|	774 	586 	610 	647 	634 	| 	 avg: 650.20
594 	|	704 	587 	620 	1123 	698 	| 	 avg: 746.40
554 	|	602 	610 	704 	706 	600 	| 	 avg: 644.40
546 	|	641 	1755 	600 	672 	596 	| 	 avg: 852.80
544 	|	1109 	940 	584 	641 	674 	| 	 avg: 789.60
553 	|	1288 	748 	634 	652 	636 	| 	 avg: 791.60
532 	|	622 	1029 	728 	730 	906 	| 	 avg: 803.00
559 	|	616 	717 	1193 	626 	776 	| 	 avg: 785.60
551 	|	1377 	677 	968 	676 	613 	| 	 avg: 862.20
average initials 571.60	 average finals: 759.30
