po_unsorted_mix 0:
560 	|	630 	1157 	608 	646 	644 	| 	 avg: 737.00
534 	|	650 	696 	626 	1162 	606 	| 	 avg: 748.00
583 	|	661 	596 	676 	650 	623 	| 	 avg: 641.20
552 	|	688 	670 	613 	566 	926 	| 	 avg: 692.60
582 	|	628 	721 	666 	597 	600 	| 	 avg: 642.40
548 	|	1022 	689 	636 	656 	626 	| 	 avg: 725.80
619 	|	679 	1140 	582 	645 	642 	| 	 avg: 737.60
516 	|	724 	696 	933 	645 	668 	| 	 avg: 733.20
551 	|	665 	676 	658 	692 	648 	| 	 avg: 667.80
529 	|	610 	658 	682 	624 	650 	| 	 avg: 644.80
527 	|	630 	596 	630 	606 	648 	| 	 avg: 622.00
554 	|	686 	574 	724 	652 	663 	| 	 avg: 659.80
534 	|	626 	696 	600 	630 	664 	| 	 avg: 643.20
533 	|	597 	630 	586 	682 	603 	| 	 avg: 619.60
536 	|	702 	700 	970 	1108 	1026 	| 	 avg: 901.20
516 	|	592 	1042 	918 	1067 	650 	| 	 avg: 853.80
554 	|	1042 	634 	992 	650 	676 	| 	 avg: 798.80
534 	|	931 	566 	660 	640 	708 	| 	 avg: 701.00
552 	|	1019 	760 	662 	696 	642 	| 	 avg: 755.80
558 	|	1237 	754 	625 	712 	603 	| 	 avg: 786.20
average initials 548.60	 average finals: 715.15
