po_sorted_simple 1:
634 	|	738 	776 	751 	784 	727 	| 	 avg: 755.20
501 	|	742 	763 	739 	791 	790 	| 	 avg: 765.00
487 	|	825 	748 	749 	733 	827 	| 	 avg: 776.40
512 	|	783 	794 	751 	847 	784 	| 	 avg: 791.80
572 	|	802 	740 	776 	762 	1128 	| 	 avg: 841.60
573 	|	732 	822 	1180 	733 	865 	| 	 avg: 866.40
542 	|	809 	793 	809 	759 	754 	| 	 avg: 784.80
556 	|	836 	798 	779 	732 	769 	| 	 avg: 782.80
575 	|	813 	775 	755 	739 	808 	| 	 avg: 778.00
564 	|	801 	764 	807 	802 	737 	| 	 avg: 782.20
548 	|	791 	743 	802 	747 	739 	| 	 avg: 764.40
516 	|	775 	772 	752 	771 	731 	| 	 avg: 760.20
524 	|	805 	826 	744 	730 	782 	| 	 avg: 777.40
548 	|	804 	825 	791 	801 	809 	| 	 avg: 806.00
570 	|	725 	782 	773 	774 	758 	| 	 avg: 762.40
541 	|	816 	750 	749 	766 	776 	| 	 avg: 771.40
492 	|	769 	775 	795 	789 	773 	| 	 avg: 780.20
569 	|	765 	816 	788 	815 	793 	| 	 avg: 795.40
544 	|	772 	761 	797 	787 	785 	| 	 avg: 780.40
664 	|	799 	758 	804 	825 	760 	| 	 avg: 789.20
average initials 551.60	 average finals: 785.20
