po_sorted_simple 0:
572 	|	807 	798 	781 	767 	765 	| 	 avg: 783.60
522 	|	745 	731 	749 	883 	758 	| 	 avg: 773.20
571 	|	767 	809 	776 	789 	801 	| 	 avg: 788.40
531 	|	759 	738 	752 	762 	796 	| 	 avg: 761.40
523 	|	767 	865 	735 	769 	755 	| 	 avg: 778.20
559 	|	747 	752 	796 	733 	741 	| 	 avg: 753.80
566 	|	766 	787 	801 	794 	768 	| 	 avg: 783.20
570 	|	771 	730 	753 	818 	839 	| 	 avg: 782.20
518 	|	773 	758 	741 	741 	787 	| 	 avg: 760.00
551 	|	739 	774 	790 	709 	798 	| 	 avg: 762.00
547 	|	791 	763 	805 	770 	767 	| 	 avg: 779.20
531 	|	748 	765 	810 	1099 	784 	| 	 avg: 841.20
581 	|	1552 	778 	783 	822 	824 	| 	 avg: 951.80
528 	|	803 	764 	758 	783 	763 	| 	 avg: 774.20
566 	|	778 	764 	748 	753 	759 	| 	 avg: 760.40
534 	|	787 	717 	796 	797 	821 	| 	 avg: 783.60
528 	|	748 	834 	807 	771 	772 	| 	 avg: 786.40
591 	|	754 	793 	814 	1105 	745 	| 	 avg: 842.20
511 	|	726 	760 	744 	759 	764 	| 	 avg: 750.60
559 	|	810 	800 	738 	778 	805 	| 	 avg: 786.20
average initials 547.95	 average finals: 788.75
