po_sorted_concat 0 1:
565 	|	679 	705 	535 	611 	585 	| 	 avg: 623.00
550 	|	619 	535 	561 	655 	637 	| 	 avg: 601.40
553 	|	1231 	629 	679 	556 	535 	| 	 avg: 726.00
542 	|	623 	844 	610 	679 	605 	| 	 avg: 672.20
536 	|	560 	581 	655 	560 	586 	| 	 avg: 588.40
565 	|	580 	606 	673 	579 	604 	| 	 avg: 608.40
566 	|	580 	606 	610 	585 	535 	| 	 avg: 583.20
497 	|	606 	656 	598 	657 	812 	| 	 avg: 665.80
521 	|	660 	629 	631 	560 	556 	| 	 avg: 607.20
536 	|	585 	605 	636 	586 	655 	| 	 avg: 613.40
530 	|	632 	669 	626 	556 	1193 	| 	 avg: 735.20
595 	|	604 	560 	585 	585 	560 	| 	 avg: 578.80
510 	|	581 	704 	560 	586 	535 	| 	 avg: 593.20
564 	|	606 	560 	560 	660 	636 	| 	 avg: 604.40
538 	|	581 	631 	561 	612 	610 	| 	 avg: 599.00
554 	|	610 	862 	585 	606 	630 	| 	 avg: 658.60
533 	|	560 	579 	627 	630 	606 	| 	 avg: 600.40
525 	|	637 	586 	581 	579 	660 	| 	 avg: 608.60
562 	|	696 	581 	625 	585 	1003 	| 	 avg: 698.00
538 	|	630 	612 	535 	610 	1240 	| 	 avg: 725.40
average initials 544.00	 average finals: 634.20
