po_sorted_concat 1 0:
507 	|	610 	610 	661 	587 	535 	| 	 avg: 600.60
533 	|	535 	606 	893 	585 	585 	| 	 avg: 640.80
506 	|	585 	606 	535 	1028 	585 	| 	 avg: 667.80
526 	|	623 	611 	636 	606 	560 	| 	 avg: 607.20
534 	|	606 	697 	560 	535 	585 	| 	 avg: 596.60
529 	|	656 	620 	636 	579 	561 	| 	 avg: 610.40
493 	|	611 	612 	636 	631 	656 	| 	 avg: 629.20
536 	|	561 	556 	554 	586 	560 	| 	 avg: 563.40
517 	|	1187 	631 	604 	635 	606 	| 	 avg: 732.60
551 	|	560 	560 	607 	560 	535 	| 	 avg: 564.40
610 	|	610 	585 	561 	586 	635 	| 	 avg: 595.40
536 	|	610 	535 	535 	700 	581 	| 	 avg: 592.20
539 	|	535 	585 	631 	630 	654 	| 	 avg: 607.00
481 	|	675 	560 	631 	629 	560 	| 	 avg: 611.00
555 	|	586 	586 	820 	610 	1440 	| 	 avg: 808.40
556 	|	630 	581 	585 	812 	636 	| 	 avg: 648.80
566 	|	627 	561 	844 	631 	581 	| 	 avg: 648.80
532 	|	561 	635 	623 	676 	636 	| 	 avg: 626.20
516 	|	610 	636 	598 	556 	680 	| 	 avg: 616.00
536 	|	624 	960 	606 	644 	673 	| 	 avg: 701.40
average initials 532.95	 average finals: 633.00
