po_sorted_concat 0 0:
511 	|	556 	620 	581 	556 	561 	| 	 avg: 574.80
521 	|	661 	639 	579 	613 	556 	| 	 avg: 609.60
570 	|	585 	535 	561 	556 	647 	| 	 avg: 576.80
496 	|	631 	630 	625 	879 	635 	| 	 avg: 680.00
576 	|	682 	535 	597 	535 	607 	| 	 avg: 591.20
549 	|	629 	585 	635 	585 	586 	| 	 avg: 604.00
540 	|	630 	535 	660 	580 	629 	| 	 avg: 606.80
538 	|	621 	715 	575 	556 	560 	| 	 avg: 605.40
543 	|	683 	560 	585 	611 	556 	| 	 avg: 599.00
519 	|	579 	894 	585 	630 	586 	| 	 avg: 654.80
512 	|	561 	630 	610 	658 	636 	| 	 avg: 619.00
534 	|	581 	579 	831 	637 	789 	| 	 avg: 683.40
538 	|	585 	585 	585 	655 	581 	| 	 avg: 598.20
680 	|	1159 	612 	606 	610 	581 	| 	 avg: 713.60
536 	|	579 	560 	581 	535 	606 	| 	 avg: 572.20
524 	|	687 	606 	604 	586 	586 	| 	 avg: 613.80
565 	|	560 	585 	560 	604 	606 	| 	 avg: 583.00
526 	|	586 	606 	610 	635 	580 	| 	 avg: 603.40
555 	|	707 	535 	606 	604 	581 	| 	 avg: 606.60
543 	|	630 	535 	604 	560 	604 	| 	 avg: 586.60
average initials 543.80	 average finals: 613.70
