po_sorted_concat 1 1:
562 	|	650 	629 	661 	612 	605 	| 	 avg: 631.40
527 	|	610 	649 	614 	585 	535 	| 	 avg: 598.60
571 	|	560 	658 	661 	601 	604 	| 	 avg: 616.80
577 	|	588 	606 	535 	585 	585 	| 	 avg: 579.80
507 	|	634 	606 	560 	881 	889 	| 	 avg: 714.00
540 	|	630 	586 	611 	671 	560 	| 	 avg: 611.60
519 	|	585 	561 	631 	560 	754 	| 	 avg: 618.20
541 	|	606 	611 	636 	1222 	579 	| 	 avg: 730.80
570 	|	604 	535 	656 	612 	661 	| 	 avg: 613.60
533 	|	736 	601 	604 	560 	698 	| 	 avg: 639.80
569 	|	561 	656 	611 	585 	586 	| 	 avg: 599.80
535 	|	556 	535 	606 	610 	600 	| 	 avg: 581.40
502 	|	606 	560 	535 	654 	606 	| 	 avg: 592.20
513 	|	611 	610 	675 	560 	611 	| 	 avg: 613.40
580 	|	560 	605 	535 	585 	606 	| 	 avg: 578.20
531 	|	605 	535 	636 	585 	556 	| 	 avg: 583.40
609 	|	631 	844 	587 	585 	631 	| 	 avg: 655.60
565 	|	651 	612 	606 	606 	556 	| 	 avg: 606.20
541 	|	585 	839 	605 	630 	580 	| 	 avg: 647.80
535 	|	616 	654 	579 	580 	610 	| 	 avg: 607.80
average initials 546.35	 average finals: 620.50
