po_unsorted_concat 1:
601 	|	602 	583 	626 	723 	651 	| 	 avg: 637.00
622 	|	668 	633 	569 	634 	643 	| 	 avg: 629.40
688 	|	631 	646 	645 	635 	564 	| 	 avg: 624.20
611 	|	639 	654 	716 	614 	575 	| 	 avg: 639.60
681 	|	634 	557 	586 	650 	698 	| 	 avg: 625.00
618 	|	681 	562 	705 	596 	644 	| 	 avg: 637.60
598 	|	688 	628 	667 	722 	601 	| 	 avg: 661.20
635 	|	583 	629 	684 	627 	672 	| 	 avg: 639.00
616 	|	594 	725 	695 	594 	652 	| 	 avg: 652.00
667 	|	628 	614 	676 	629 	585 	| 	 avg: 626.40
686 	|	657 	481 	641 	749 	646 	| 	 avg: 634.80
728 	|	741 	609 	628 	631 	635 	| 	 avg: 648.80
687 	|	545 	592 	706 	580 	617 	| 	 avg: 608.00
589 	|	648 	589 	615 	649 	585 	| 	 avg: 617.20
603 	|	599 	557 	614 	701 	555 	| 	 avg: 605.20
633 	|	591 	625 	625 	558 	674 	| 	 avg: 614.60
654 	|	716 	605 	668 	737 	751 	| 	 avg: 695.40
629 	|	672 	645 	594 	626 	638 	| 	 avg: 635.00
678 	|	683 	602 	626 	692 	651 	| 	 avg: 650.80
695 	|	623 	643 	625 	660 	697 	| 	 avg: 649.60
average initials 645.95	 average finals: 636.20
