po_unsorted_concat 1:
665 	|	608 	657 	580 	636 	639 	| 	 avg: 624.00
582 	|	672 	605 	701 	762 	662 	| 	 avg: 680.40
718 	|	591 	643 	587 	646 	627 	| 	 avg: 618.80
702 	|	636 	671 	581 	628 	628 	| 	 avg: 628.80
661 	|	665 	670 	577 	646 	616 	| 	 avg: 634.80
587 	|	620 	640 	592 	637 	620 	| 	 avg: 621.80
632 	|	614 	529 	693 	692 	645 	| 	 avg: 634.60
631 	|	636 	638 	679 	556 	581 	| 	 avg: 618.00
686 	|	696 	607 	754 	671 	578 	| 	 avg: 661.20
607 	|	610 	609 	692 	649 	634 	| 	 avg: 638.80
706 	|	641 	574 	716 	665 	656 	| 	 avg: 650.40
615 	|	616 	718 	660 	655 	542 	| 	 avg: 638.20
648 	|	653 	688 	704 	590 	673 	| 	 avg: 661.60
639 	|	723 	679 	522 	719 	563 	| 	 avg: 641.20
536 	|	702 	641 	621 	606 	658 	| 	 avg: 645.60
583 	|	575 	574 	690 	684 	565 	| 	 avg: 617.60
659 	|	664 	687 	628 	588 	642 	| 	 avg: 641.80
628 	|	699 	565 	619 	599 	657 	| 	 avg: 627.80
670 	|	600 	653 	598 	677 	684 	| 	 avg: 642.40
614 	|	669 	598 	634 	684 	692 	| 	 avg: 655.40
average initials 638.45	 average finals: 638.65
