pa_sorted_mix 0 1:
626 	|	1057 	1042 	718 	994 	835 	| 	 avg: 929.20
595 	|	965 	953 	910 	960 	979 	| 	 avg: 953.40
691 	|	1096 	984 	830 	1309 	1255 	| 	 avg: 1094.80
675 	|	989 	1255 	1030 	987 	1121 	| 	 avg: 1076.40
592 	|	1005 	977 	956 	1031 	979 	| 	 avg: 989.60
616 	|	826 	1227 	834 	749 	831 	| 	 avg: 893.40
694 	|	1203 	1165 	1163 	1300 	1325 	| 	 avg: 1231.20
728 	|	812 	866 	999 	903 	940 	| 	 avg: 904.00
640 	|	1017 	1167 	1066 	647 	887 	| 	 avg: 956.80
652 	|	1041 	724 	1054 	772 	734 	| 	 avg: 865.00
647 	|	928 	872 	967 	931 	851 	| 	 avg: 909.80
624 	|	1262 	1114 	1296 	1354 	1241 	| 	 avg: 1253.40
619 	|	1000 	1013 	969 	1043 	1001 	| 	 avg: 1005.20
599 	|	964 	1011 	990 	824 	846 	| 	 avg: 927.00
757 	|	1041 	1094 	881 	839 	1018 	| 	 avg: 974.60
609 	|	1055 	1057 	917 	1007 	1043 	| 	 avg: 1015.80
608 	|	1525 	1420 	1466 	943 	1123 	| 	 avg: 1295.40
596 	|	901 	672 	940 	931 	981 	| 	 avg: 885.00
613 	|	1178 	1157 	735 	697 	704 	| 	 avg: 894.20
598 	|	997 	1073 	655 	1203 	829 	| 	 avg: 951.40
average initials 638.95	 average finals: 999.90
