pa_unsorted_concat 0:
647 	|	1008 	889 	1001 	902 	962 	| 	 avg: 952.40
577 	|	965 	972 	864 	1040 	714 	| 	 avg: 911.00
678 	|	1091 	1080 	1200 	1042 	1083 	| 	 avg: 1099.20
591 	|	852 	1014 	705 	898 	767 	| 	 avg: 847.20
627 	|	737 	1095 	1019 	992 	1005 	| 	 avg: 969.60
602 	|	1093 	759 	918 	782 	955 	| 	 avg: 901.40
689 	|	971 	1077 	748 	863 	730 	| 	 avg: 877.80
704 	|	809 	828 	945 	827 	820 	| 	 avg: 845.80
625 	|	771 	745 	876 	782 	700 	| 	 avg: 774.80
653 	|	1144 	690 	600 	667 	993 	| 	 avg: 818.80
634 	|	732 	991 	991 	947 	990 	| 	 avg: 930.20
641 	|	1076 	888 	696 	1172 	881 	| 	 avg: 942.60
609 	|	600 	919 	776 	686 	1184 	| 	 avg: 833.00
617 	|	615 	1270 	1904 	1028 	1860 	| 	 avg: 1335.40
647 	|	1008 	1003 	1112 	981 	978 	| 	 avg: 1016.40
597 	|	1304 	1101 	1112 	896 	1036 	| 	 avg: 1089.80
734 	|	1188 	1040 	1140 	1138 	1136 	| 	 avg: 1128.40
656 	|	994 	717 	845 	841 	1003 	| 	 avg: 880.00
594 	|	1081 	1128 	821 	877 	866 	| 	 avg: 954.60
663 	|	670 	637 	1104 	1173 	1147 	| 	 avg: 946.20
average initials 639.25	 average finals: 952.30
