pa_unsorted_concat 1:
641 	|	570 	649 	586 	655 	644 	| 	 avg: 620.80
687 	|	665 	770 	660 	667 	739 	| 	 avg: 700.20
657 	|	652 	698 	649 	635 	633 	| 	 avg: 653.40
679 	|	620 	572 	651 	648 	736 	| 	 avg: 645.40
616 	|	655 	667 	653 	645 	657 	| 	 avg: 655.40
661 	|	661 	581 	608 	679 	656 	| 	 avg: 637.00
599 	|	632 	569 	641 	706 	645 	| 	 avg: 638.60
648 	|	685 	716 	704 	664 	716 	| 	 avg: 697.00
579 	|	607 	714 	611 	685 	690 	| 	 avg: 661.40
730 	|	675 	692 	711 	653 	726 	| 	 avg: 691.40
758 	|	656 	653 	690 	664 	611 	| 	 avg: 654.80
657 	|	584 	645 	631 	682 	606 	| 	 avg: 629.60
675 	|	643 	710 	642 	632 	620 	| 	 avg: 649.40
619 	|	624 	661 	611 	713 	654 	| 	 avg: 652.60
682 	|	674 	612 	590 	757 	614 	| 	 avg: 649.40
614 	|	624 	595 	671 	543 	671 	| 	 avg: 620.80
649 	|	652 	758 	586 	662 	618 	| 	 avg: 655.20
651 	|	659 	744 	640 	645 	629 	| 	 avg: 663.40
671 	|	665 	713 	628 	682 	612 	| 	 avg: 660.00
619 	|	573 	742 	655 	643 	632 	| 	 avg: 649.00
average initials 654.60	 average finals: 653.85
