pa_sorted_mix 1 1:
605 	|	880 	623 	698 	624 	737 	| 	 avg: 712.40
646 	|	777 	633 	759 	723 	564 	| 	 avg: 691.20
593 	|	720 	706 	768 	689 	752 	| 	 avg: 727.00
622 	|	645 	723 	707 	759 	685 	| 	 avg: 703.80
639 	|	675 	649 	735 	757 	758 	| 	 avg: 714.80
627 	|	665 	626 	874 	641 	568 	| 	 avg: 674.80
613 	|	726 	780 	688 	646 	673 	| 	 avg: 702.60
603 	|	836 	736 	659 	809 	728 	| 	 avg: 753.60
630 	|	852 	605 	635 	705 	763 	| 	 avg: 712.00
611 	|	747 	714 	637 	620 	736 	| 	 avg: 690.80
634 	|	691 	681 	722 	771 	692 	| 	 avg: 711.40
590 	|	746 	661 	743 	762 	732 	| 	 avg: 728.80
617 	|	727 	670 	741 	713 	651 	| 	 avg: 700.40
710 	|	716 	714 	725 	785 	664 	| 	 avg: 720.80
637 	|	741 	654 	696 	615 	654 	| 	 avg: 672.00
596 	|	745 	737 	722 	673 	676 	| 	 avg: 710.60
630 	|	716 	596 	627 	606 	689 	| 	 avg: 646.80
685 	|	634 	669 	594 	727 	622 	| 	 avg: 649.20
619 	|	659 	747 	787 	740 	689 	| 	 avg: 724.40
588 	|	661 	738 	677 	713 	802 	| 	 avg: 718.20
average initials 624.75	 average finals: 702.80
