pa_sorted_mix 1 0:
729 	|	769 	754 	739 	777 	671 	| 	 avg: 742.00
624 	|	747 	789 	696 	826 	789 	| 	 avg: 769.40
575 	|	694 	796 	828 	829 	817 	| 	 avg: 792.80
656 	|	719 	821 	777 	798 	673 	| 	 avg: 757.60
609 	|	847 	770 	848 	666 	789 	| 	 avg: 784.00
647 	|	729 	707 	809 	720 	768 	| 	 avg: 746.60
704 	|	698 	738 	747 	705 	743 	| 	 avg: 726.20
642 	|	768 	692 	789 	762 	842 	| 	 avg: 770.60
583 	|	737 	738 	741 	747 	788 	| 	 avg: 750.20
671 	|	816 	885 	716 	708 	787 	| 	 avg: 782.40
614 	|	791 	713 	702 	736 	779 	| 	 avg: 744.20
645 	|	770 	800 	799 	807 	721 	| 	 avg: 779.40
615 	|	714 	745 	729 	778 	700 	| 	 avg: 733.20
617 	|	838 	763 	777 	734 	746 	| 	 avg: 771.60
624 	|	736 	735 	784 	766 	705 	| 	 avg: 745.20
621 	|	753 	684 	729 	742 	745 	| 	 avg: 730.60
623 	|	724 	762 	741 	800 	726 	| 	 avg: 750.60
634 	|	727 	797 	764 	827 	797 	| 	 avg: 782.40
625 	|	681 	843 	795 	757 	803 	| 	 avg: 775.80
661 	|	744 	776 	703 	766 	757 	| 	 avg: 749.20
average initials 635.95	 average finals: 758.80
