pa_unsorted_concat 1:
576 	|	641 	711 	655 	623 	716 	| 	 avg: 669.20
569 	|	705 	722 	688 	680 	652 	| 	 avg: 689.40
640 	|	632 	733 	664 	608 	745 	| 	 avg: 676.40
653 	|	587 	697 	714 	654 	606 	| 	 avg: 651.60
614 	|	620 	640 	540 	622 	737 	| 	 avg: 631.80
666 	|	646 	606 	641 	655 	689 	| 	 avg: 647.40
586 	|	628 	677 	626 	653 	709 	| 	 avg: 658.60
619 	|	568 	717 	673 	690 	664 	| 	 avg: 662.40
692 	|	648 	737 	678 	707 	645 	| 	 avg: 683.00
637 	|	772 	624 	605 	631 	697 	| 	 avg: 665.80
578 	|	620 	756 	690 	582 	646 	| 	 avg: 658.80
633 	|	727 	607 	576 	567 	645 	| 	 avg: 624.40
606 	|	713 	663 	707 	649 	723 	| 	 avg: 691.00
636 	|	621 	673 	668 	547 	553 	| 	 avg: 612.40
631 	|	617 	714 	588 	622 	603 	| 	 avg: 628.80
637 	|	542 	716 	708 	533 	697 	| 	 avg: 639.20
706 	|	567 	644 	596 	602 	673 	| 	 avg: 616.40
633 	|	693 	565 	602 	659 	674 	| 	 avg: 638.60
652 	|	643 	604 	633 	529 	673 	| 	 avg: 616.40
648 	|	723 	596 	720 	630 	754 	| 	 avg: 684.60
average initials 630.60	 average finals: 651.85
