pa_unsorted_concat 0:
650 	|	1116 	736 	984 	900 	727 	| 	 avg: 892.60
595 	|	1088 	1228 	976 	1106 	997 	| 	 avg: 1079.00
618 	|	781 	741 	588 	796 	736 	| 	 avg: 728.40
604 	|	745 	713 	694 	814 	738 	| 	 avg: 740.80
645 	|	935 	880 	1010 	927 	1028 	| 	 avg: 956.00
585 	|	842 	785 	794 	787 	693 	| 	 avg: 780.20
650 	|	724 	863 	1129 	746 	684 	| 	 avg: 829.20
579 	|	1162 	1048 	1317 	1065 	1146 	| 	 avg: 1147.60
713 	|	1091 	805 	755 	1023 	785 	| 	 avg: 891.80
616 	|	1078 	767 	710 	768 	1058 	| 	 avg: 876.20
590 	|	666 	1795 	804 	681 	849 	| 	 avg: 959.00
571 	|	678 	658 	1020 	1121 	701 	| 	 avg: 835.60
684 	|	1022 	1104 	1101 	1223 	1013 	| 	 avg: 1092.60
662 	|	1069 	809 	1076 	897 	932 	| 	 avg: 956.60
623 	|	799 	809 	1055 	1006 	1116 	| 	 avg: 957.00
624 	|	1174 	842 	962 	898 	788 	| 	 avg: 932.80
684 	|	1253 	933 	1079 	968 	713 	| 	 avg: 989.20
598 	|	978 	971 	929 	793 	1145 	| 	 avg: 963.20
653 	|	816 	884 	988 	936 	805 	| 	 avg: 885.80
624 	|	951 	755 	1050 	1018 	1072 	| 	 avg: 969.20
average initials 628.40	 average finals: 922.75
