pa_unsorted_random:
605 	|	711 	781 	690 	745 	721 	| 	 avg: 729.60
624 	|	631 	614 	767 	722 	641 	| 	 avg: 675.00
623 	|	720 	721 	806 	657 	715 	| 	 avg: 723.80
580 	|	601 	723 	645 	687 	665 	| 	 avg: 664.20
591 	|	796 	713 	619 	731 	643 	| 	 avg: 700.40
677 	|	666 	609 	727 	697 	705 	| 	 avg: 680.80
596 	|	710 	640 	653 	798 	698 	| 	 avg: 699.80
644 	|	672 	674 	662 	646 	627 	| 	 avg: 656.20
694 	|	751 	750 	795 	744 	714 	| 	 avg: 750.80
629 	|	716 	722 	851 	747 	728 	| 	 avg: 752.80
595 	|	686 	615 	597 	735 	778 	| 	 avg: 682.20
639 	|	874 	685 	672 	765 	669 	| 	 avg: 733.00
688 	|	658 	631 	681 	639 	715 	| 	 avg: 664.80
686 	|	708 	730 	669 	681 	626 	| 	 avg: 682.80
591 	|	780 	666 	841 	666 	747 	| 	 avg: 740.00
642 	|	661 	785 	721 	703 	632 	| 	 avg: 700.40
595 	|	595 	625 	624 	684 	613 	| 	 avg: 628.20
619 	|	667 	682 	717 	781 	667 	| 	 avg: 702.80
589 	|	566 	625 	597 	626 	696 	| 	 avg: 622.00
622 	|	616 	650 	846 	699 	917 	| 	 avg: 745.60
average initials 626.45	 average finals: 696.30
