pa_unsorted_random:
666 	|	680 	707 	732 	669 	717 	| 	 avg: 701.00
617 	|	628 	653 	666 	627 	695 	| 	 avg: 653.80
587 	|	959 	650 	588 	625 	697 	| 	 avg: 703.80
667 	|	721 	742 	686 	811 	714 	| 	 avg: 734.80
609 	|	659 	644 	717 	654 	657 	| 	 avg: 666.20
627 	|	722 	778 	646 	707 	761 	| 	 avg: 722.80
592 	|	639 	633 	548 	714 	807 	| 	 avg: 668.20
623 	|	678 	676 	650 	711 	599 	| 	 avg: 662.80
656 	|	812 	717 	688 	720 	774 	| 	 avg: 742.20
616 	|	692 	811 	628 	771 	644 	| 	 avg: 709.20
628 	|	585 	592 	733 	723 	633 	| 	 avg: 653.20
642 	|	630 	619 	660 	836 	676 	| 	 avg: 684.20
606 	|	756 	659 	665 	706 	814 	| 	 avg: 720.00
643 	|	779 	648 	710 	716 	817 	| 	 avg: 734.00
599 	|	687 	693 	648 	704 	673 	| 	 avg: 681.00
637 	|	691 	675 	700 	721 	636 	| 	 avg: 684.60
703 	|	684 	731 	683 	732 	700 	| 	 avg: 706.00
585 	|	651 	738 	796 	660 	615 	| 	 avg: 692.00
627 	|	622 	674 	777 	698 	783 	| 	 avg: 710.80
622 	|	643 	641 	702 	638 	718 	| 	 avg: 668.40
average initials 627.60	 average finals: 694.60
