pa_unsorted_random:
630 	|	631 	779 	692 	670 	738 	| 	 avg: 702.00
590 	|	653 	615 	702 	655 	598 	| 	 avg: 644.60
721 	|	761 	733 	779 	800 	803 	| 	 avg: 775.20
665 	|	719 	683 	679 	654 	699 	| 	 avg: 686.80
713 	|	797 	819 	703 	789 	822 	| 	 avg: 786.00
571 	|	672 	593 	604 	598 	552 	| 	 avg: 603.80
703 	|	763 	775 	838 	853 	734 	| 	 avg: 792.60
665 	|	814 	793 	718 	737 	714 	| 	 avg: 755.20
610 	|	586 	592 	668 	669 	667 	| 	 avg: 636.40
619 	|	734 	664 	657 	668 	617 	| 	 avg: 668.00
690 	|	791 	834 	795 	801 	796 	| 	 avg: 803.40
710 	|	863 	701 	843 	809 	792 	| 	 avg: 801.60
620 	|	914 	656 	599 	679 	634 	| 	 avg: 696.40
717 	|	805 	817 	798 	687 	812 	| 	 avg: 783.80
651 	|	739 	740 	687 	715 	783 	| 	 avg: 732.80
635 	|	727 	679 	658 	696 	697 	| 	 avg: 691.40
628 	|	777 	832 	804 	727 	753 	| 	 avg: 778.60
603 	|	626 	601 	624 	584 	742 	| 	 avg: 635.40
663 	|	743 	723 	727 	716 	857 	| 	 avg: 753.20
601 	|	741 	673 	701 	603 	903 	| 	 avg: 724.20
average initials 650.25	 average finals: 722.15
