pa_unsorted_random:
659 	|	717 	693 	724 	800 	689 	| 	 avg: 724.60
596 	|	644 	709 	730 	669 	673 	| 	 avg: 685.00
615 	|	631 	748 	660 	597 	694 	| 	 avg: 666.00
624 	|	718 	653 	1037 	868 	704 	| 	 avg: 796.00
701 	|	736 	764 	751 	718 	747 	| 	 avg: 743.20
614 	|	793 	823 	662 	615 	815 	| 	 avg: 741.60
645 	|	799 	749 	758 	758 	639 	| 	 avg: 740.60
628 	|	740 	777 	682 	727 	644 	| 	 avg: 714.00
621 	|	669 	676 	687 	644 	673 	| 	 avg: 669.80
616 	|	623 	598 	608 	656 	732 	| 	 avg: 643.40
656 	|	704 	685 	658 	672 	657 	| 	 avg: 675.20
579 	|	683 	673 	682 	665 	711 	| 	 avg: 682.80
659 	|	722 	738 	752 	724 	827 	| 	 avg: 752.60
733 	|	814 	673 	764 	819 	622 	| 	 avg: 738.40
607 	|	603 	669 	642 	655 	719 	| 	 avg: 657.60
593 	|	621 	749 	657 	708 	716 	| 	 avg: 690.20
682 	|	692 	671 	695 	625 	613 	| 	 avg: 659.20
650 	|	701 	685 	748 	636 	812 	| 	 avg: 716.40
603 	|	718 	675 	716 	755 	657 	| 	 avg: 704.20
635 	|	699 	708 	717 	775 	1047 	| 	 avg: 789.20
average initials 635.80	 average finals: 709.15
