pa_unsorted_mix 1:
639 	|	976 	944 	993 	883 	820 	| 	 avg: 923.20
597 	|	662 	802 	732 	675 	816 	| 	 avg: 737.40
637 	|	1089 	1115 	865 	676 	695 	| 	 avg: 888.00
614 	|	753 	690 	696 	733 	707 	| 	 avg: 715.80
674 	|	749 	876 	854 	730 	930 	| 	 avg: 827.80
641 	|	877 	725 	765 	762 	703 	| 	 avg: 766.40
614 	|	945 	1060 	1006 	814 	1055 	| 	 avg: 976.00
603 	|	867 	805 	741 	699 	850 	| 	 avg: 792.40
632 	|	679 	672 	783 	728 	712 	| 	 avg: 714.80
627 	|	791 	858 	1152 	904 	750 	| 	 avg: 891.00
615 	|	821 	817 	832 	887 	877 	| 	 avg: 846.80
602 	|	873 	820 	779 	807 	782 	| 	 avg: 812.20
623 	|	767 	702 	759 	711 	607 	| 	 avg: 709.20
632 	|	712 	789 	688 	719 	776 	| 	 avg: 736.80
669 	|	901 	792 	796 	872 	810 	| 	 avg: 834.20
606 	|	783 	1035 	970 	953 	882 	| 	 avg: 924.60
656 	|	873 	820 	829 	826 	866 	| 	 avg: 842.80
588 	|	818 	1006 	715 	831 	622 	| 	 avg: 798.40
641 	|	752 	662 	749 	678 	712 	| 	 avg: 710.60
701 	|	992 	1052 	732 	937 	838 	| 	 avg: 910.20
average initials 630.55	 average finals: 817.50
