pa_unsorted_mix 1:
626 	|	1242 	983 	907 	888 	930 	| 	 avg: 990.00
585 	|	845 	994 	1027 	1089 	1124 	| 	 avg: 1015.80
685 	|	814 	724 	761 	1024 	675 	| 	 avg: 799.60
604 	|	829 	793 	732 	670 	1060 	| 	 avg: 816.80
649 	|	860 	873 	921 	746 	968 	| 	 avg: 873.60
689 	|	780 	740 	784 	683 	800 	| 	 avg: 757.40
692 	|	810 	816 	819 	814 	1046 	| 	 avg: 861.00
668 	|	659 	843 	879 	952 	757 	| 	 avg: 818.00
620 	|	748 	847 	790 	816 	797 	| 	 avg: 799.60
618 	|	916 	912 	799 	896 	774 	| 	 avg: 859.40
589 	|	787 	771 	761 	693 	760 	| 	 avg: 754.40
691 	|	1062 	780 	909 	957 	889 	| 	 avg: 919.40
621 	|	864 	1063 	850 	820 	905 	| 	 avg: 900.40
653 	|	784 	887 	728 	670 	665 	| 	 avg: 746.80
600 	|	1559 	1002 	979 	1413 	1055 	| 	 avg: 1201.60
588 	|	738 	631 	763 	826 	740 	| 	 avg: 739.60
637 	|	733 	726 	876 	792 	763 	| 	 avg: 778.00
679 	|	738 	928 	782 	818 	857 	| 	 avg: 824.60
710 	|	916 	749 	780 	852 	829 	| 	 avg: 825.20
706 	|	928 	915 	941 	931 	969 	| 	 avg: 936.80
average initials 645.50	 average finals: 860.45
