pa_unsorted_mix 0:
625 	|	936 	969 	710 	939 	1000 	| 	 avg: 910.80
639 	|	1132 	1134 	1097 	1106 	1220 	| 	 avg: 1137.80
608 	|	822 	742 	1867 	840 	852 	| 	 avg: 1024.60
614 	|	1074 	1195 	1110 	787 	1054 	| 	 avg: 1044.00
655 	|	910 	674 	762 	777 	747 	| 	 avg: 774.00
557 	|	1153 	1051 	1053 	1030 	1196 	| 	 avg: 1096.60
674 	|	896 	855 	875 	885 	852 	| 	 avg: 872.60
626 	|	781 	711 	619 	754 	1087 	| 	 avg: 790.40
612 	|	1064 	967 	774 	1208 	1054 	| 	 avg: 1013.40
701 	|	835 	1055 	1175 	1013 	1266 	| 	 avg: 1068.80
577 	|	896 	691 	888 	948 	1049 	| 	 avg: 894.40
568 	|	930 	969 	997 	1142 	804 	| 	 avg: 968.40
719 	|	747 	815 	947 	1089 	1021 	| 	 avg: 923.80
654 	|	1098 	698 	784 	1230 	1156 	| 	 avg: 993.20
678 	|	1060 	989 	960 	1131 	978 	| 	 avg: 1023.60
601 	|	1128 	1276 	794 	996 	807 	| 	 avg: 1000.20
642 	|	1236 	923 	933 	708 	842 	| 	 avg: 928.40
616 	|	843 	1155 	660 	722 	747 	| 	 avg: 825.40
610 	|	1156 	848 	1294 	889 	1167 	| 	 avg: 1070.80
613 	|	961 	667 	664 	662 	1078 	| 	 avg: 806.40
average initials 629.45	 average finals: 957.90
