pa_unsorted_mix 0:
678 	|	1059 	1132 	736 	1009 	1060 	| 	 avg: 999.20
656 	|	1127 	1021 	1064 	824 	890 	| 	 avg: 985.20
654 	|	1137 	750 	913 	987 	781 	| 	 avg: 913.60
689 	|	957 	1097 	989 	1731 	896 	| 	 avg: 1134.00
700 	|	1088 	1014 	994 	993 	906 	| 	 avg: 999.00
645 	|	962 	710 	811 	928 	721 	| 	 avg: 826.40
627 	|	962 	986 	1962 	732 	974 	| 	 avg: 1123.20
648 	|	1060 	1037 	940 	1036 	780 	| 	 avg: 970.60
732 	|	911 	1535 	893 	1673 	1254 	| 	 avg: 1253.20
713 	|	1086 	802 	884 	1115 	966 	| 	 avg: 970.60
635 	|	776 	1249 	1316 	765 	862 	| 	 avg: 993.60
691 	|	1085 	1027 	1028 	1015 	1091 	| 	 avg: 1049.20
662 	|	979 	1090 	1097 	688 	1033 	| 	 avg: 977.40
617 	|	982 	1083 	670 	735 	957 	| 	 avg: 885.40
609 	|	1164 	1084 	1132 	1142 	745 	| 	 avg: 1053.40
641 	|	863 	722 	1040 	985 	1016 	| 	 avg: 925.20
631 	|	736 	1434 	713 	827 	811 	| 	 avg: 904.20
672 	|	999 	1031 	1039 	977 	1052 	| 	 avg: 1019.60
574 	|	1199 	590 	999 	618 	997 	| 	 avg: 880.60
643 	|	1059 	966 	904 	750 	759 	| 	 avg: 887.60
average initials 655.85	 average finals: 987.20
