po_sorted_simple 0:
595 	|	545 	664 	579 	651 	556 	| 	 avg: 599.00
674 	|	593 	605 	601 	621 	608 	| 	 avg: 605.60
592 	|	602 	666 	631 	675 	658 	| 	 avg: 646.40
759 	|	676 	577 	675 	652 	695 	| 	 avg: 655.00
670 	|	625 	549 	623 	684 	634 	| 	 avg: 623.00
667 	|	636 	609 	568 	549 	676 	| 	 avg: 607.60
634 	|	589 	591 	600 	610 	556 	| 	 avg: 589.20
638 	|	631 	689 	659 	560 	655 	| 	 avg: 638.80
624 	|	627 	588 	695 	617 	668 	| 	 avg: 639.00
581 	|	677 	648 	543 	688 	684 	| 	 avg: 648.00
731 	|	711 	541 	646 	614 	639 	| 	 avg: 630.20
665 	|	612 	681 	674 	588 	710 	| 	 avg: 653.00
678 	|	650 	620 	647 	600 	649 	| 	 avg: 633.20
703 	|	645 	599 	592 	537 	642 	| 	 avg: 603.00
672 	|	618 	568 	646 	650 	610 	| 	 avg: 618.40
671 	|	688 	756 	593 	629 	603 	| 	 avg: 653.80
744 	|	617 	649 	667 	582 	665 	| 	 avg: 636.00
611 	|	729 	620 	593 	586 	627 	| 	 avg: 631.00
642 	|	637 	695 	577 	698 	628 	| 	 avg: 647.00
618 	|	634 	669 	712 	618 	671 	| 	 avg: 660.80
average initials 658.45	 average finals: 630.65
