po_sorted_simple 0:
606 	|	653 	641 	633 	599 	647 	| 	 avg: 634.60
588 	|	640 	628 	604 	588 	710 	| 	 avg: 634.00
681 	|	583 	703 	694 	640 	649 	| 	 avg: 653.80
657 	|	576 	645 	554 	556 	639 	| 	 avg: 594.00
625 	|	718 	604 	673 	709 	694 	| 	 avg: 679.60
599 	|	603 	615 	639 	570 	536 	| 	 avg: 592.60
640 	|	633 	540 	610 	596 	585 	| 	 avg: 592.80
637 	|	640 	636 	570 	573 	610 	| 	 avg: 605.80
578 	|	612 	666 	590 	681 	651 	| 	 avg: 640.00
629 	|	620 	578 	626 	557 	677 	| 	 avg: 611.60
635 	|	685 	619 	622 	641 	647 	| 	 avg: 642.80
638 	|	622 	563 	556 	647 	597 	| 	 avg: 597.00
665 	|	629 	628 	612 	668 	636 	| 	 avg: 634.60
670 	|	595 	673 	688 	753 	578 	| 	 avg: 657.40
680 	|	648 	616 	666 	601 	668 	| 	 avg: 639.80
691 	|	528 	629 	663 	594 	653 	| 	 avg: 613.40
613 	|	593 	659 	724 	625 	682 	| 	 avg: 656.60
635 	|	564 	589 	659 	575 	681 	| 	 avg: 613.60
660 	|	532 	591 	666 	647 	577 	| 	 avg: 602.60
579 	|	625 	638 	626 	563 	572 	| 	 avg: 604.80
average initials 635.30	 average finals: 624.55
