po_sorted_simple 1:
620 	|	594 	611 	550 	603 	734 	| 	 avg: 618.40
669 	|	625 	579 	632 	670 	662 	| 	 avg: 633.60
645 	|	595 	656 	580 	613 	646 	| 	 avg: 618.00
667 	|	656 	632 	659 	678 	711 	| 	 avg: 667.20
571 	|	593 	581 	595 	607 	612 	| 	 avg: 597.60
642 	|	641 	624 	601 	560 	635 	| 	 avg: 612.20
588 	|	568 	623 	597 	549 	590 	| 	 avg: 585.40
689 	|	602 	640 	639 	605 	659 	| 	 avg: 629.00
646 	|	638 	624 	673 	605 	679 	| 	 avg: 643.80
619 	|	626 	609 	662 	663 	619 	| 	 avg: 635.80
582 	|	681 	667 	671 	606 	645 	| 	 avg: 654.00
617 	|	654 	590 	612 	711 	629 	| 	 avg: 639.20
688 	|	699 	607 	637 	655 	611 	| 	 avg: 641.80
631 	|	685 	769 	701 	599 	568 	| 	 avg: 664.40
671 	|	601 	631 	613 	608 	618 	| 	 avg: 614.20
669 	|	690 	615 	606 	635 	591 	| 	 avg: 627.40
634 	|	649 	611 	593 	592 	657 	| 	 avg: 620.40
709 	|	595 	620 	684 	588 	625 	| 	 avg: 622.40
688 	|	597 	616 	646 	576 	613 	| 	 avg: 609.60
682 	|	682 	651 	590 	618 	595 	| 	 avg: 627.20
average initials 646.35	 average finals: 627.70
