po_sorted_simple 1:
664 	|	635 	640 	653 	594 	597 	| 	 avg: 623.80
738 	|	623 	641 	655 	587 	618 	| 	 avg: 624.80
662 	|	644 	654 	661 	589 	654 	| 	 avg: 640.40
633 	|	594 	623 	668 	664 	578 	| 	 avg: 625.40
638 	|	715 	575 	682 	581 	707 	| 	 avg: 652.00
667 	|	624 	660 	677 	596 	664 	| 	 avg: 644.20
661 	|	610 	616 	575 	723 	666 	| 	 avg: 638.00
634 	|	642 	639 	656 	600 	614 	| 	 avg: 630.20
629 	|	627 	602 	604 	680 	589 	| 	 avg: 620.40
639 	|	606 	632 	682 	677 	642 	| 	 avg: 647.80
684 	|	631 	623 	601 	664 	683 	| 	 avg: 640.40
612 	|	629 	636 	573 	706 	597 	| 	 avg: 628.20
703 	|	683 	692 	638 	662 	606 	| 	 avg: 656.20
575 	|	684 	715 	676 	597 	647 	| 	 avg: 663.80
659 	|	678 	589 	624 	585 	655 	| 	 avg: 626.20
626 	|	637 	620 	674 	648 	604 	| 	 avg: 636.60
683 	|	612 	768 	647 	627 	593 	| 	 avg: 649.40
633 	|	660 	672 	598 	702 	637 	| 	 avg: 653.80
695 	|	589 	610 	634 	714 	664 	| 	 avg: 642.20
634 	|	714 	616 	643 	614 	633 	| 	 avg: 644.00
average initials 653.45	 average finals: 639.00
