pa_sorted_simple 0:
570 	|	736 	649 	682 	597 	672 	| 	 avg: 667.20
585 	|	684 	647 	619 	537 	631 	| 	 avg: 623.60
585 	|	772 	633 	587 	607 	652 	| 	 avg: 650.20
600 	|	635 	687 	678 	669 	661 	| 	 avg: 666.00
610 	|	659 	679 	641 	598 	600 	| 	 avg: 635.40
677 	|	608 	650 	611 	569 	635 	| 	 avg: 614.60
659 	|	629 	675 	746 	670 	606 	| 	 avg: 665.20
714 	|	755 	626 	659 	568 	568 	| 	 avg: 635.20
594 	|	679 	612 	666 	672 	628 	| 	 avg: 651.40
634 	|	669 	598 	541 	662 	686 	| 	 avg: 631.20
693 	|	666 	672 	723 	581 	637 	| 	 avg: 655.80
685 	|	609 	664 	629 	706 	732 	| 	 avg: 668.00
662 	|	700 	640 	736 	619 	670 	| 	 avg: 673.00
703 	|	573 	712 	619 	588 	630 	| 	 avg: 624.40
612 	|	606 	601 	573 	591 	704 	| 	 avg: 615.00
625 	|	610 	582 	617 	618 	680 	| 	 avg: 621.40
696 	|	717 	618 	642 	616 	599 	| 	 avg: 638.40
686 	|	690 	655 	679 	572 	715 	| 	 avg: 662.20
705 	|	583 	613 	558 	638 	632 	| 	 avg: 604.80
584 	|	657 	574 	644 	601 	606 	| 	 avg: 616.40
average initials 643.95	 average finals: 640.65
