pa_sorted_simple 1:
583 	|	579 	693 	625 	637 	580 	| 	 avg: 622.80
590 	|	659 	592 	629 	692 	566 	| 	 avg: 627.60
651 	|	610 	617 	736 	691 	708 	| 	 avg: 672.40
591 	|	648 	660 	741 	637 	600 	| 	 avg: 657.20
607 	|	662 	652 	657 	641 	700 	| 	 avg: 662.40
611 	|	630 	607 	647 	610 	584 	| 	 avg: 615.60
607 	|	658 	606 	608 	586 	630 	| 	 avg: 617.60
777 	|	640 	624 	603 	615 	564 	| 	 avg: 609.20
622 	|	658 	616 	629 	619 	605 	| 	 avg: 625.40
651 	|	682 	635 	661 	565 	671 	| 	 avg: 642.80
630 	|	596 	540 	702 	582 	663 	| 	 avg: 616.60
604 	|	632 	665 	631 	613 	653 	| 	 avg: 638.80
582 	|	639 	617 	591 	600 	544 	| 	 avg: 598.20
518 	|	590 	595 	686 	580 	588 	| 	 avg: 607.80
616 	|	697 	641 	611 	628 	646 	| 	 avg: 644.60
690 	|	624 	629 	673 	543 	633 	| 	 avg: 620.40
572 	|	720 	607 	720 	665 	610 	| 	 avg: 664.40
625 	|	618 	567 	599 	655 	658 	| 	 avg: 619.40
688 	|	572 	663 	737 	615 	641 	| 	 avg: 645.60
642 	|	661 	662 	635 	605 	581 	| 	 avg: 628.80
average initials 622.85	 average finals: 631.35
