pa_sorted_simple 0:
599 	|	652 	611 	666 	625 	584 	| 	 avg: 627.60
632 	|	608 	628 	698 	605 	619 	| 	 avg: 631.60
584 	|	586 	637 	723 	621 	617 	| 	 avg: 636.80
631 	|	722 	639 	621 	654 	612 	| 	 avg: 649.60
637 	|	571 	739 	663 	713 	648 	| 	 avg: 666.80
662 	|	641 	677 	667 	647 	660 	| 	 avg: 658.40
669 	|	630 	630 	658 	724 	651 	| 	 avg: 658.60
628 	|	643 	645 	689 	632 	642 	| 	 avg: 650.20
610 	|	630 	609 	651 	723 	598 	| 	 avg: 642.20
579 	|	644 	631 	554 	619 	706 	| 	 avg: 630.80
711 	|	647 	652 	622 	718 	622 	| 	 avg: 652.20
621 	|	570 	655 	686 	572 	593 	| 	 avg: 615.20
644 	|	577 	653 	622 	598 	620 	| 	 avg: 614.00
618 	|	591 	689 	627 	653 	640 	| 	 avg: 640.00
601 	|	687 	582 	645 	630 	579 	| 	 avg: 624.60
580 	|	745 	573 	649 	666 	712 	| 	 avg: 669.00
643 	|	730 	686 	689 	734 	693 	| 	 avg: 706.40
635 	|	715 	694 	627 	646 	714 	| 	 avg: 679.20
633 	|	627 	660 	586 	611 	616 	| 	 avg: 620.00
619 	|	671 	644 	638 	685 	663 	| 	 avg: 660.20
average initials 626.80	 average finals: 646.30
