pa_sorted_simple 1:
571 	|	628 	713 	607 	541 	693 	| 	 avg: 636.40
636 	|	605 	585 	617 	582 	656 	| 	 avg: 609.00
654 	|	593 	670 	651 	663 	619 	| 	 avg: 639.20
622 	|	651 	573 	608 	595 	736 	| 	 avg: 632.60
640 	|	580 	674 	602 	617 	616 	| 	 avg: 617.80
581 	|	576 	592 	573 	673 	623 	| 	 avg: 607.40
736 	|	621 	604 	657 	588 	646 	| 	 avg: 623.20
625 	|	606 	734 	692 	603 	642 	| 	 avg: 655.40
662 	|	592 	605 	621 	614 	647 	| 	 avg: 615.80
725 	|	764 	647 	598 	591 	631 	| 	 avg: 646.20
646 	|	624 	622 	604 	657 	631 	| 	 avg: 627.60
715 	|	598 	652 	590 	665 	579 	| 	 avg: 616.80
623 	|	593 	696 	733 	614 	702 	| 	 avg: 667.60
627 	|	585 	618 	714 	602 	638 	| 	 avg: 631.40
621 	|	629 	644 	688 	667 	668 	| 	 avg: 659.20
628 	|	661 	606 	717 	676 	633 	| 	 avg: 658.60
642 	|	633 	647 	635 	588 	621 	| 	 avg: 624.80
673 	|	722 	718 	697 	572 	589 	| 	 avg: 659.60
710 	|	673 	671 	581 	630 	735 	| 	 avg: 658.00
636 	|	663 	603 	612 	693 	600 	| 	 avg: 634.20
average initials 648.65	 average finals: 635.60
