po_sorted_concat 1 1:
658 	|	570 	636 	722 	682 	592 	| 	 avg: 640.40
658 	|	673 	602 	711 	602 	667 	| 	 avg: 651.00
649 	|	600 	640 	698 	648 	608 	| 	 avg: 638.80
658 	|	578 	589 	686 	577 	682 	| 	 avg: 622.40
568 	|	579 	633 	705 	589 	624 	| 	 avg: 626.00
625 	|	603 	659 	677 	629 	615 	| 	 avg: 636.60
616 	|	707 	680 	608 	720 	616 	| 	 avg: 666.20
623 	|	574 	632 	613 	727 	739 	| 	 avg: 657.00
641 	|	575 	621 	681 	678 	667 	| 	 avg: 644.40
668 	|	617 	652 	753 	645 	692 	| 	 avg: 671.80
631 	|	600 	708 	604 	640 	636 	| 	 avg: 637.60
646 	|	588 	575 	737 	608 	674 	| 	 avg: 636.40
619 	|	596 	617 	615 	685 	723 	| 	 avg: 647.20
752 	|	579 	669 	601 	577 	589 	| 	 avg: 603.00
596 	|	726 	585 	598 	577 	618 	| 	 avg: 620.80
697 	|	603 	645 	609 	611 	702 	| 	 avg: 634.00
628 	|	552 	614 	616 	604 	584 	| 	 avg: 594.00
666 	|	640 	691 	656 	588 	505 	| 	 avg: 616.00
579 	|	715 	772 	677 	593 	669 	| 	 avg: 685.20
602 	|	621 	639 	633 	607 	639 	| 	 avg: 627.80
average initials 639.00	 average finals: 637.50
