po_sorted_concat 0 1:
605 	|	556 	743 	562 	617 	667 	| 	 avg: 629.00
633 	|	652 	626 	693 	589 	656 	| 	 avg: 643.20
632 	|	748 	598 	624 	650 	737 	| 	 avg: 671.40
643 	|	774 	668 	505 	637 	668 	| 	 avg: 650.40
639 	|	561 	645 	563 	714 	672 	| 	 avg: 631.00
657 	|	599 	633 	662 	587 	637 	| 	 avg: 623.60
584 	|	619 	607 	687 	647 	584 	| 	 avg: 628.80
666 	|	693 	553 	679 	738 	626 	| 	 avg: 657.80
615 	|	594 	655 	636 	644 	560 	| 	 avg: 617.80
617 	|	570 	608 	642 	615 	672 	| 	 avg: 621.40
571 	|	619 	710 	528 	675 	680 	| 	 avg: 642.40
758 	|	646 	674 	733 	571 	700 	| 	 avg: 664.80
676 	|	590 	589 	594 	673 	604 	| 	 avg: 610.00
686 	|	585 	701 	585 	533 	622 	| 	 avg: 605.20
626 	|	658 	562 	658 	746 	659 	| 	 avg: 656.60
711 	|	717 	761 	609 	673 	560 	| 	 avg: 664.00
623 	|	723 	650 	658 	618 	595 	| 	 avg: 648.80
597 	|	718 	556 	762 	719 	581 	| 	 avg: 667.20
677 	|	655 	610 	677 	612 	650 	| 	 avg: 640.80
605 	|	653 	650 	656 	632 	638 	| 	 avg: 645.80
average initials 641.05	 average finals: 640.55
