[?1h=
                                                                                     < M A T L A B (R) >
                                                                           Copyright 1984-2010 The MathWorks, Inc.
                                                                        Version 7.12.0.635 (R2011a) 64-bit (glnxa64)
                                                                                       March 18, 2011

 
  To get started, type one of these: helpwin, helpdesk, or demo.
  For product information, visit www.mathworks.com.
 
{Warning: Name is nonexistent or not a directory: /home/davide/projects/mthesis/Mondriaan4RC/tools.} 
> In path at 110
  In addpath at 87
  In startup at 2
  In matlabrc at 222

bcsstk30

is_1:	   555 | [?1h=  579 [?1h=  528 [?1h=  561 [?1h=  554 [?1h=  583 [?1h=  564 [?1h=  529 [?1h=  543 [?1h=  592 [?1h=  539 [?1h=
is_1:	   582 | [?1h=  581 [?1h=  614 [?1h=  864 [?1h=  561 [?1h=  588 [?1h=  661 [?1h=  602 [?1h=  610 [?1h=  610 [?1h=  555 [?1h=
is_1:	   566 | [?1h=  606 [?1h=  509 [?1h=  591 [?1h=  578 [?1h=  515 [?1h=  543 [?1h= 1136 [?1h=  574 [?1h=  509 [?1h=  906 [?1h=
is_1:	   545 | [?1h=  564 [?1h=  553 [?1h=  574 [?1h=  564 [?1h=  559 [?1h=  540 [?1h=  559 [?1h=  625 [?1h= 1003 [?1h=  574 [?1h=
is_1:	   622 | [?1h=  557 [?1h=  541 [?1h=  581 [?1h=  516 [?1h=  530 [?1h=  607 [?1h=  568 [?1h=  531 [?1h=  644 [?1h=  601 [?1h=
is_1:	   562 | [?1h=  592 [?1h=  555 [?1h=  545 [?1h=  611 [?1h=  611 [?1h=  655 [?1h=  571 [?1h=  581 [?1h=  598 [?1h=  570 [?1h=
is_1:	   536 | [?1h=  570 [?1h=  563 [?1h=  639 [?1h=  605 [?1h=  539 [?1h=  547 [?1h= 1027 [?1h=  981 [?1h=  530 [?1h=  525 [?1h=
is_1:	   595 | [?1h=  557 [?1h=  633 [?1h=  573 [?1h=  587 [?1h=  588 [?1h=  604 [?1h=  618 [?1h=  573 [?1h=  582 [?1h=  551 [?1h=
is_1:	   507 | [?1h=  539 [?1h=  622 [?1h=  577 [?1h=  554 [?1h=  636 [?1h=  634 [?1h=  803 [?1h=  540 [?1h=  876 [?1h=  525 [?1h=
is_1:	   550 | [?1h=  595 [?1h=  517 [?1h=  640 [?1h=  570 [?1h=  522 [?1h=  575 [?1h=  522 [?1h=  563 [?1h=  522 [?1h=  612 [?1h=
--------------------
		  562 |   574 563.5 614.5   570 567.1   593 693.5 612.1 646.6 595.8 

bcsstk30

is_3:	   529 | [?1h=[?1h=  569 [?1h=[?1h=  578 [?1h=[?1h=  607 [?1h=[?1h=  570 [?1h=[?1h=  581 [?1h=[?1h= 1093 [?1h=[?1h=  626 [?1h=[?1h=  561 [?1h=[?1h=  610 [?1h=[?1h=  545 [?1h=[?1h=
is_3:	   590 | [?1h=[?1h=  541 [?1h=[?1h=  632 [?1h=[?1h=  726 [?1h=[?1h=  617 [?1h=[?1h=  591 [?1h=[?1h=  633 [?1h=[?1h=  604 [?1h=[?1h=  604 [?1h=[?1h=  606 [?1h=[?1h=  602 [?1h=[?1h=
is_3:	   558 | [?1h=[?1h=  545 [?1h=[?1h=  982 [?1h=[?1h=  646 [?1h=[?1h=  615 [?1h=[?1h=  630 [?1h=[?1h=  535 [?1h=[?1h=  534 [?1h=[?1h=  851 [?1h=[?1h=  559 [?1h=[?1h=  560 [?1h=[?1h=
is_3:	   541 | [?1h=[?1h=  726 [?1h=[?1h=  567 [?1h=[?1h=  685 [?1h=[?1h=  550 [?1h=[?1h=  655 [?1h=[?1h=  672 [?1h=[?1h=  894 [?1h=[?1h=  589 [?1h=[?1h=  534 [?1h=[?1h=  591 [?1h=[?1h=
is_3:	   550 | [?1h=[?1h= 1000 [?1h=[?1h=  609 [?1h=[?1h=  852 [?1h=[?1h=  587 [?1h=[?1h=  656 [?1h=[?1h=  570 [?1h=[?1h=  591 [?1h=[?1h=  877 [?1h=[?1h=  700 [?1h=[?1h=  661 [?1h=[?1h=
is_3:	   543 | [?1h=[?1h=  638 [?1h=[?1h=  555 [?1h=[?1h=  680 [?1h=[?1h=  612 [?1h=[?1h=  590 [?1h=[?1h=  614 [?1h=[?1h=  606 [?1h=[?1h=  802 [?1h=[?1h=  564 [?1h=[?1h=  638 [?1h=[?1h=
is_3:	   507 | [?1h=[?1h=  635 [?1h=[?1h=  575 [?1h=[?1h=  686 [?1h=[?1h=  628 [?1h=[?1h=  912 [?1h=[?1h=  572 [?1h=[?1h=  606 [?1h=[?1h=  578 [?1h=[?1h=  861 [?1h=[?1h=  614 [?1h=[?1h=
is_3:	   522 | [?1h=[?1h=  699 [?1h=[?1h=  545 [?1h=[?1h= 1226 [?1h=[?1h=  585 [?1h=[?1h=  594 [?1h=[?1h=  574 [?1h=[?1h=  574 [?1h=[?1h=  601 [?1h=[?1h=  602 [?1h=[?1h=  896 [?1h=[?1h=
is_3:	   575 | [?1h=[?1h=  670 [?1h=[?1h=  675 [?1h=[?1h=  610 [?1h=[?1h=  649 [?1h=[?1h=  608 [?1h=[?1h=  797 [?1h=[?1h=  574 [?1h=[?1h=  664 [?1h=[?1h=  573 [?1h=[?1h=  600 [?1h=[?1h=
is_3:	   513 | [?1h=[?1h=  561 [?1h=[?1h=  549 [?1h=[?1h=  557 [?1h=[?1h=  565 [?1h=[?1h=  650 [?1h=[?1h=  662 [?1h=[?1h=  573 [?1h=[?1h=  565 [?1h=[?1h=  559 [?1h=[?1h=  559 [?1h=[?1h=
--------------------
		542.8 | 658.4 626.7 727.5 597.8 646.7 672.2 618.2 669.2 616.8 626.6 
>> exit
[?1l>