[?1h=
                                                                        < M A T L A B (R) >
                                                              Copyright 1984-2010 The MathWorks, Inc.
                                                            Version 7.12.0.635 (R2011a) 64-bit (glnxa64)
                                                                           March 18, 2011

 
  To get started, type one of these: helpwin, helpdesk, or demo.
  For product information, visit www.mathworks.com.
 
{Warning: Name is nonexistent or not a directory: /home/davide/projects/mthesis/Mondriaan4RC/tools.} 
> In path at 110
  In addpath at 87
  In startup at 2
  In matlabrc at 222

nug30

is_1:	 36357 | [?1h=36517 [?1h=36550 [?1h=37467 [?1h=35995 [?1h=36333 [?1h=36028 [?1h=37036 [?1h=36487 [?1h=36140 [?1h=35062 [?1h=
is_1:	 37970 | [?1h=37243 [?1h=36682 [?1h=37044 [?1h=36765 [?1h=37130 [?1h=37618 [?1h=36954 [?1h=37581 [?1h=37209 [?1h=37159 [?1h=
is_1:	 35963 | [?1h=36800 [?1h=36163 [?1h=36489 [?1h=36413 [?1h=36075 [?1h=36985 [?1h=36444 [?1h=36510 [?1h=36133 [?1h=36827 [?1h=
is_1:	 35893 | [?1h=36572 [?1h=36353 [?1h=35749 [?1h=34921 [?1h=35524 [?1h=36127 [?1h=35632 [?1h=33893 [?1h=36000 [?1h=35740 [?1h=
is_1:	 37047 | [?1h=36951 [?1h=36883 [?1h=37662 [?1h=38128 [?1h=37473 [?1h=37518 [?1h=38030 [?1h=37986 [?1h=37726 [?1h=37913 [?1h=
is_1:	 36351 | [?1h=34538 [?1h=35706 [?1h=35374 [?1h=35841 [?1h=35895 [?1h=35653 [?1h=36118 [?1h=35385 [?1h=35393 [?1h=35918 [?1h=
is_1:	 37164 | [?1h=37151 [?1h=37662 [?1h=36980 [?1h=37340 [?1h=37235 [?1h=37683 [?1h=37544 [?1h=37336 [?1h=37622 [?1h=33156 [?1h=
is_1:	 37823 | [?1h=38285 [?1h=38534 [?1h=38393 [?1h=38326 [?1h=38812 [?1h=38095 [?1h=38369 [?1h=38423 [?1h=39239 [?1h=38455 [?1h=
is_1:	 36852 | [?1h=37021 [?1h=37098 [?1h=37362 [?1h=37601 [?1h=37488 [?1h=36795 [?1h=37621 [?1h=37416 [?1h=37679 [?1h=37273 [?1h=
is_1:	 35072 | [?1h=37203 [?1h=36861 [?1h=37247 [?1h=37235 [?1h=36975 [?1h=37203 [?1h=37308 [?1h=37494 [?1h=36757 [?1h=36898 [?1h=
--------------------
		36649.2 | 36828.1 36849.2 36976.7 36856.5 36894 36970.5 37105.6 36851.1 36989.8 36440.1 

nug30

is_3:	 35029 | [?1h=[?1h=34137 [?1h=[?1h=34602 [?1h=[?1h=35695 [?1h=[?1h=34600 [?1h=[?1h=31294 [?1h=[?1h=35366 [?1h=[?1h=34295 [?1h=[?1h=33097 