[?1h=
                                                                        < M A T L A B (R) >
                                                              Copyright 1984-2010 The MathWorks, Inc.
                                                            Version 7.12.0.635 (R2011a) 64-bit (glnxa64)
                                                                           March 18, 2011

 
  To get started, type one of these: helpwin, helpdesk, or demo.
  For product information, visit www.mathworks.com.
 
{Warning: Name is nonexistent or not a directory: /home/davide/projects/mthesis/Mondriaan4RC/tools.} 
> In path at 110
  In addpath at 87
  In startup at 2
  In matlabrc at 222

tbdlinux

is_1:	  8044 | [?1h= 7420 [?1h= 7456 [?1h= 7374 [?1h= 7336 [?1h= 7377 [?1h= 7379 [?1h= 7457 [?1h= 7442 [?1h= 7408 [?1h= 7489 [?1h=
is_1:	  8161 | [?1h= 7436 [?1h= 7324 [?1h= 7479 [?1h= 7349 [?1h= 7413 [?1h= 7334 [?1h= 7451 [?1h= 7370 [?1h= 7345 [?1h= 7459 [?1h=
is_1:	  8001 | [?1h= 7345 [?1h= 7354 [?1h= 7368 [?1h= 7328 [?1h= 7310 [?1h= 7335 [?1h= 7332 [?1h= 7350 [?1h= 7329 [?1h= 7329 [?1h=
is_1:	  8011 | [?1h= 7288 [?1h= 7368 [?1h= 7319 [?1h= 7392 [?1h= 7343 [?1h= 7314 [?1h= 7442 [?1h= 7337 [?1h= 7349 [?1h= 7307 [?1h=
is_1:	  8098 | [?1h= 7279 [?1h= 7342 [?1h= 7347 [?1h= 7377 [?1h= 7373 [?1h= 7455 [?1h= 7338 [?1h= 7319 [?1h= 7348 [?1h= 7392 [?1h=
is_1:	  8107 | [?1h= 7289 [?1h= 7305 [?1h= 7276 [?1h= 7351 [?1h= 7301 [?1h= 7312 [?1h= 7346 [?1h= 7444 [?1h= 7289 [?1h= 7312 [?1h=
is_1:	  7986 | [?1h= 7398 [?1h= 7339 [?1h= 7364 [?1h= 7386 [?1h= 7421 [?1h= 7250 [?1h= 7354 [?1h= 7375 [?1h= 7316 [?1h= 7307 [?1h=
is_1:	  8061 | [?1h= 7406 [?1h= 7398 [?1h= 7302 [?1h= 7268 [?1h= 7366 [?1h= 7287 [?1h= 7310 [?1h= 7347 [?1h= 7274 [?1h= 7266 [?1h=
is_1:	  8010 | [?1h= 7239 [?1h= 7334 [?1h= 7365 [?1h= 7352 [?1h= 7418 [?1h= 7367 [?1h= 7301 [?1h= 7299 [?1h= 7301 [?1h= 7313 [?1h=
is_1:	  8078 | [?1h= 7339 [?1h= 7391 [?1h= 7413 [?1h= 7293 [?1h= 7432 [?1h= 7270 [?1h= 7325 [?1h= 7295 [?1h= 7356 [?1h= 7406 [?1h=
--------------------
		8055.7 | 7343.9 7361.1 7360.7 7343.2 7375.4 7330.3 7365.6 7357.8 7331.5  7358 

tbdlinux

is_3:	  8025 | [?1h=[?1h= 7375 [?1h=[?1h= 7303 [?1h=[?1h= 7363 [?1h=[?1h= 7344 [?1h=[?1h= 7376 [?1h=[?1h= 7392 [?1h=[?1h= 7382 [?1h=[?1h= 7429 [?1h=[?1h= 7385 [?1h=[?1h= 7377 [?1h=[?1h=
is_3:	  8051 | [?1h=[?1h= 7407 [?1h=[?1h= 7301 [?1h=[?1h= 7357 [?1h=[?1h= 7401 [?1h=[?1h= 7470 [?1h=[?1h= 7399 [?1h=[?1h= 7407 [?1h=[?1h= 7454 [?1h=[?1h= 7425 [?1h=[?1h= 7398 [?1h=[?1h=
is_3:	  7961 | [?1h=[?1h= 7334 [?1h=[?1h= 7345 [?1h=[?1h= 7318 [?1h=[?1h= 7333 [?1h=[?1h= 7297 [?1h=[?1h= 7305 [?1h=[?1h= 7292 [?1h=[?1h= 7306 [?1h=[?1h= 7364 [?1h=[?1h= 7216 [?1h=[?1h=
is_3:	  7966 | [?1h=[?1h= 7361 [?1h=[?1h= 7355 [?1h=[?1h= 7459 [?1h=[?1h= 7326 [?1h=[?1h= 7422 [?1h=[?1h= 7482 [?1h=[?1h= 7418 [?1h=[?1h= 7387 [?1h=[?1h= 7386 [?1h=[?1h= 7426 [?1h=[?1h=
is_3:	  8022 | [?1h=[?1h= 7324 [?1h=[?1h= 7451 [?1h=[?1h= 7465 [?1h=[?1h= 7454 [?1h=[?1h= 7432 [?1h=[?1h= 7426 [?1h=[?1h= 7421 [?1h=[?1h= 7515 [?1h=[?1h= 7320 [?1h=[?1h= 7455 [?1h=[?1h=
is_3:	  8066 | [?1h=[?1h= 7446 [?1h=[?1h= 7448 [?1h=[?1h= 7416 [?1h=[?1h= 7491 [?1h=[?1h= 7418 [?1h=[?1h= 7445 [?1h=[?1h= 7450 [?1h=[?1h= 7397 [?1h=[?1h= 7406 [?1h=[?1h= 7349 [?1h=[?1h=
is_3:	  8018 | [?1h=[?1h= 7407 [?1h=[?1h= 7439 [?1h=[?1h= 7406 [?1h=[?1h= 7363 [?1h=[?1h= 7409 [?1h=[?1h= 7357 [?1h=[?1h= 7476 [?1h=[?1h= 7419 [?1h=[?1h= 7363 [?1h=[?1h= 7385 [?1h=[?1h=
is_3:	  8063 | [?1h=[?1h= 7375 [?1h=[?1h= 7377 [?1h=[?1h= 7315 [?1h=[?1h= 7398 [?1h=[?1h= 7249 [?1h=[?1h= 7383 [?1h=[?1h= 7345 [?1h=[?1h= 7363 [?1h=[?1h= 7292 [?1h=[?1h= 7402 [?1h=[?1h=
is_3:	  8037 | [?1h=[?1h= 7450 [?1h=[?1h= 7332 [?1h=[?1h= 7463 [?1h=[?1h= 7431 [?1h=[?1h= 7442 [?1h=[?1h= 7360 [?1h=[?1h= 7373 [?1h=[?1h= 7466 [?1h=[?1h= 7440 [?1h=[?1h= 7398 [?1h=[?1h=
is_3:	  8481 | [?1h=[?1h= 7848 [?1h=[?1h= 7911 [?1h=[?1h= 7898 [?1h=[?1h= 7913 [?1h=[?1h= 7809 [?1h=[?1h= 7898 [?1h=[?1h= 7838 [?1h=[?1h= 7883 [?1h=[?1h= 7931 [?1h=[?1h= 8027 [?1h=[?1h=
--------------------
		 8069 | 7432.7 7426.2  7446 7445.4 7432.4 7444.7 7440.2 7461.9 7431.2 7443.3 
>> exit
[?1l>