[?1h=
                                                                                     < M A T L A B (R) >
                                                                           Copyright 1984-2010 The MathWorks, Inc.
                                                                        Version 7.12.0.635 (R2011a) 64-bit (glnxa64)
                                                                                       March 18, 2011

 
  To get started, type one of these: helpwin, helpdesk, or demo.
  For product information, visit www.mathworks.com.
 
{Warning: Name is nonexistent or not a directory: /home/davide/projects/mthesis/Mondriaan4RC/tools.} 
> In path at 110
  In addpath at 87
  In startup at 2
  In matlabrc at 222

dfl001

is_1:	   627 | [?1h=  593 [?1h=  626 [?1h=  594 [?1h=  604 [?1h=  632 [?1h=  615 [?1h=  598 [?1h=  576 [?1h=  589 [?1h=  582 [?1h=
is_1:	   539 | [?1h=  589 [?1h=  577 [?1h=  603 [?1h=  576 [?1h=  606 [?1h=  608 [?1h=  613 [?1h=  582 [?1h=  590 [?1h=  573 [?1h=
is_1:	   622 | [?1h=  579 [?1h=  568 [?1h=  591 [?1h=  619 [?1h=  576 [?1h=  612 [?1h=  577 [?1h=  592 [?1h=  592 [?1h=  615 [?1h=
is_1:	   612 | [?1h=  608 [?1h=  590 [?1h=  594 [?1h=  581 [?1h=  596 [?1h=  600 [?1h=  589 [?1h=  574 [?1h=  592 [?1h=  611 [?1h=
is_1:	   589 | [?1h=  596 [?1h=  579 [?1h=  574 [?1h=  571 [?1h=  595 [?1h=  612 [?1h=  600 [?1h=  605 [?1h=  589 [?1h=  586 [?1h=
is_1:	   571 | [?1h=  613 [?1h=  569 [?1h=  568 [?1h=  570 [?1h=  611 [?1h=  596 [?1h=  569 [?1h=  608 [?1h=  600 [?1h=  610 [?1h=
is_1:	   594 | [?1h=  582 [?1h=  542 [?1h=  598 [?1h=  619 [?1h=  606 [?1h=  610 [?1h=  594 [?1h=  580 [?1h=  578 [?1h=  609 [?1h=
is_1:	   583 | [?1h=  621 [?1h=  599 [?1h=  624 [?1h=  571 [?1h=  580 [?1h=  623 [?1h=  570 [?1h=  602 [?1h=  581 [?1h=  569 [?1h=
is_1:	   638 | [?1h=  612 [?1h=  621 [?1h=  634 [?1h=  597 [?1h=  591 [?1h=  580 [?1h=  593 [?1h=  582 [?1h=  578 [?1h=  628 [?1h=
is_1:	   616 | [?1h=  544 [?1h=  598 [?1h=  598 [?1h=  619 [?1h=  593 [?1h=  621 [?1h=  618 [?1h=  573 [?1h=  581 [?1h=  634 [?1h=
--------------------
		599.1 | 593.7 586.9 597.8 592.7 598.6 607.7 592.1 587.4   587 601.7 

dfl001

is_3:	   621 | [?1h=[?1h=  626 [?1h=[?1h=  604 [?1h=[?1h=  606 [?1h=[?1h=  590 [?1h=[?1h=  616 [?1h=[?1h=  613 [?1h=[?1h=  604 [?1h=[?1h=  592 [?1h=[?1h=  618 [?1h=[?1h=  586 [?1h=[?1h=
is_3:	   628 | [?1h=[?1h=  582 [?1h=[?1h=  611 [?1h=[?1h=  574 [?1h=[?1h=  612 [?1h=[?1h=  627 [?1h=[?1h=  596 [?1h=[?1h=  616 [?1h=[?1h=  572 [?1h=[?1h=  602 [?1h=[?1h=  596 [?1h=[?1h=
is_3:	   574 | [?1h=[?1h=  576 [?1h=[?1h=  600 [?1h=[?1h=  588 [?1h=[?1h=  600 [?1h=[?1h=  579 [?1h=[?1h=  602 [?1h=[?1h=  606 [?1h=[?1h=  577 [?1h=[?1h=  572 [?1h=[?1h=  616 [?1h=[?1h=
is_3:	   597 | [?1h=[?1h=  583 [?1h=[?1h=  611 [?1h=[?1h=  602 [?1h=[?1h=  597 [?1h=[?1h=  605 [?1h=[?1h=  600 [?1h=[?1h=  601 [?1h=[?1h=  576 [?1h=[?1h=  598 [?1h=[?1h=  599 [?1h=[?1h=
is_3:	   624 | [?1h=[?1h=  626 [?1h=[?1h=  578 [?1h=[?1h=  606 [?1h=[?1h=  635 [?1h=[?1h=  616 [?1h=[?1h=  574 [?1h=[?1h=  617 [?1h=[?1h=  627 [?1h=[?1h=  621 [?1h=[?1h=  587 [?1h=[?1h=
is_3:	   548 | [?1h=[?1h=  601 [?1h=[?1h=  575 [?1h=[?1h=  579 [?1h=[?1h=  621 [?1h=[?1h=  611 [?1h=[?1h=  598 [?1h=[?1h=  589 [?1h=[?1h=  581 [?1h=[?1h=  587 [?1h=[?1h=  601 [?1h=[?1h=
is_3:	   572 | [?1h=[?1h=  576 [?1h=[?1h=  576 [?1h=[?1h=  568 [?1h=[?1h=  607 [?1h=[?1h=  569 [?1h=[?1h=  573 [?1h=[?1h=  572 [?1h=[?1h=  613 [?1h=[?1h=  569 [?1h=[?1h=  572 [?1h=[?1h=
is_3:	   620 | [?1h=[?1h=  611 [?1h=[?1h=  609 [?1h=[?1h=  607 [?1h=[?1h=  578 [?1h=[?1h=  589 [?1h=[?1h=  616 [?1h=[?1h=  624 [?1h=[?1h=  583 [?1h=[?1h=  614 [?1h=[?1h=  579 [?1h=[?1h=
is_3:	   609 | [?1h=[?1h=  584 [?1h=[?1h=  576 [?1h=[?1h=  583 [?1h=[?1h=  577 [?1h=[?1h=  637 [?1h=[?1h=  573 [?1h=[?1h=  577 [?1h=[?1h=  621 [?1h=[?1h=  578 [?1h=[?1h=  595 [?1h=[?1h=
is_3:	   584 | [?1h=[?1h=  635 [?1h=[?1h=  602 [?1h=[?1h=  577 [?1h=[?1h=  587 [?1h=[?1h=  569 [?1h=[?1h=  581 [?1h=[?1h=  543 [?1h=[?1h=  604 [?1h=[?1h=  572 [?1h=[?1h=  570 [?1h=[?1h=
--------------------
		597.7 |   600 594.2   589 600.4 601.8 592.6 594.9 594.6 593.1 590.1 
>> exit
[?1l>