[?1h=
                                                                                     < M A T L A B (R) >
                                                                           Copyright 1984-2010 The MathWorks, Inc.
                                                                        Version 7.12.0.635 (R2011a) 64-bit (glnxa64)
                                                                                       March 18, 2011

 
  To get started, type one of these: helpwin, helpdesk, or demo.
  For product information, visit www.mathworks.com.
 
{Warning: Name is nonexistent or not a directory: /home/davide/projects/mthesis/Mondriaan4RC/tools.} 
> In path at 110
  In addpath at 87
  In startup at 2
  In matlabrc at 222

delaunay_n15

is_1:	   322 | [?1h=  357 [?1h=  380 [?1h=  375 [?1h=  378 [?1h=  376 [?1h=  377 [?1h=  364 [?1h=  356 [?1h=  345 [?1h=  375 [?1h=
is_1:	   321 | [?1h=  369 [?1h=  399 [?1h=  389 [?1h=  362 [?1h=  354 [?1h=  365 [?1h=  379 [?1h=  380 [?1h=  372 [?1h=  389 [?1h=
is_1:	   304 | [?1h=  369 [?1h=  364 [?1h=  352 [?1h=  369 [?1h=  348 [?1h=  361 [?1h=  375 [?1h=  343 [?1h=  361 [?1h=  380 [?1h=
is_1:	   300 | [?1h=  340 [?1h=  354 [?1h=  381 [?1h=  374 [?1h=  370 [?1h=  383 [?1h=  367 [?1h=  308 [?1h=  368 [?1h=  373 [?1h=
is_1:	   316 | [?1h=  346 [?1h=  378 [?1h=  387 [?1h=  355 [?1h=  380 [?1h=  370 [?1h=  355 [?1h=  380 [?1h=  377 [?1h=  361 [?1h=
is_1:	   296 | [?1h=  377 [?1h=  356 [?1h=  384 [?1h=  371 [?1h=  369 [?1h=  363 [?1h=  379 [?1h=  357 [?1h=  353 [?1h=  382 [?1h=
is_1:	   298 | [?1h=  354 [?1h=  370 [?1h=  376 [?1h=  362 [?1h=  353 [?1h=  370 [?1h=  369 [?1h=  359 [?1h=  359 [?1h=  346 [?1h=
is_1:	   288 | [?1h=  379 [?1h=  375 [?1h=  349 [?1h=  358 [?1h=  359 [?1h=  373 [?1h=  357 [?1h=  393 [?1h=  364 [?1h=  383 [?1h=
is_1:	   320 | [?1h=  373 [?1h=  389 [?1h=  356 [?1h=  350 [?1h=  349 [?1h=  353 [?1h=  357 [?1h=  400 [?1h=  364 [?1h=  357 [?1h=
is_1:	   319 | [?1h=  357 [?1h=  377 [?1h=  363 [?1h=  368 [?1h=  365 [?1h=  383 [?1h=  342 [?1h=  364 [?1h=  342 [?1h=  353 [?1h=
--------------------
		308.4 | 362.1 374.2 371.2 364.7 362.3 369.8 364.4   364 360.5 369.9 

delaunay_n15

is_3:	   306 | [?1h=[?1h=  356 [?1h=[?1h=  361 [?1h=[?1h=  364 [?1h=[?1h=  360 [?1h=[?1h=  357 [?1h=[?1h=  365 [?1h=[?1h=  393 [?1h=[?1h=  365 [?1h=[?1h=  353 [?1h=[?1h=  368 [?1h=[?1h=
is_3:	   312 | [?1h=[?1h=  349 [?1h=[?1h=  367 [?1h=[?1h=  354 [?1h=[?1h=  374 [?1h=[?1h=  354 [?1h=[?1h=  397 [?1h=[?1h=  390 [?1h=[?1h=  361 [?1h=[?1h=  354 [?1h=[?1h=  372 [?1h=[?1h=
is_3:	   324 | [?1h=[?1h=  369 [?1h=[?1h=  380 [?1h=[?1h=  368 [?1h=[?1h=  374 [?1h=[?1h=  372 [?1h=[?1h=  386 [?1h=[?1h=  360 [?1h=[?1h=  365 [?1h=[?1h=  381 [?1h=[?1h=  352 [?1h=[?1h=
is_3:	   296 | [?1h=[?1h=  357 [?1h=[?1h=  357 [?1h=[?1h=  364 [?1h=[?1h=  382 [?1h=[?1h=  373 [?1h=[?1h=  369 [?1h=[?1h=  374 [?1h=[?1h=  358 [?1h=[?1h=  381 [?1h=[?1h=  359 [?1h=[?1h=
is_3:	   314 | [?1h=[?1h=  364 [?1h=[?1h=  348 [?1h=[?1h=  368 [?1h=[?1h=  363 [?1h=[?1h=  363 [?1h=[?1h=  362 [?1h=[?1h=  344 [?1h=[?1h=  379 [?1h=[?1h=  353 [?1h=[?1h=  370 [?1h=[?1h=
is_3:	   300 | [?1h=[?1h=  366 [?1h=[?1h=  359 [?1h=[?1h=  393 [?1h=[?1h=  375 [?1h=[?1h=  348 [?1h=[?1h=  385 [?1h=[?1h=  383 [?1h=[?1h=  343 [?1h=[?1h=  376 [?1h=[?1h=  376 [?1h=[?1h=
is_3:	   298 | [?1h=[?1h=  345 [?1h=[?1h=  387 [?1h=[?1h=  347 [?1h=[?1h=  369 [?1h=[?1h=  365 [?1h=[?1h=  344 [?1h=[?1h=  376 [?1h=[?1h=  370 [?1h=[?1h=  361 [?1h=[?1h=  348 [?1h=[?1h=
is_3:	   296 | [?1h=[?1h=  337 [?1h=[?1h=  359 [?1h=[?1h=  359 [?1h=[?1h=  361 [?1h=[?1h=  370 [?1h=[?1h=  375 [?1h=[?1h=  366 [?1h=[?1h=  367 [?1h=[?1h=  435 [?1h=[?1h=  393 [?1h=[?1h=
is_3:	   302 | [?1h=[?1h=  367 [?1h=[?1h=  367 [?1h=[?1h=  375 [?1h=[?1h=  368 [?1h=[?1h=  360 [?1h=[?1h=  444 [?1h=[?1h=  386 [?1h=[?1h=  350 [?1h=[?1h=  386 [?1h=[?1h=  367 [?1h=[?1h=
is_3:	   310 | [?1h=[?1h=  366 [?1h=[?1h=  351 [?1h=[?1h=  350 [?1h=[?1h=  366 [?1h=[?1h=  358 [?1h=[?1h=  372 [?1h=[?1h=  386 [?1h=[?1h=  357 [?1h=[?1h=  360 [?1h=[?1h=  385 [?1h=[?1h=
--------------------
		305.8 | 357.6 363.6 364.2 369.2   362 379.9 375.8 361.5   374   369 
>> %-- 09/01/2013 11:31:26 AM --%exit
>> exit
[?1l>