[?1h=
                                                                                     < M A T L A B (R) >
                                                                           Copyright 1984-2010 The MathWorks, Inc.
                                                                        Version 7.12.0.635 (R2011a) 64-bit (glnxa64)
                                                                                       March 18, 2011

 
  To get started, type one of these: helpwin, helpdesk, or demo.
  For product information, visit www.mathworks.com.
 
{Warning: Name is nonexistent or not a directory: /home/davide/projects/mthesis/Mondriaan4RC/tools.} 
> In path at 110
  In addpath at 87
  In startup at 2
  In matlabrc at 222

bcsstk30.mtx

pa_sorted_w_simple:	  564 |   608   601   560   546   562   551   568   566   555   553 
pa_sorted_w_simple:	  537 |   537   559   553   588   533   527   527   527   658   581 
pa_sorted_w_simple:	  635 |   677   635   653   673   665   644   621   626   525   521 
pa_sorted_w_simple:	  549 |   552   552   541   533   553   533   555   534   554   534 
pa_sorted_w_simple:	  526 |   538   558   522   522   522   542   522   522   522   532 
pa_sorted_w_simple:	  526 |   526   526   526   526   572   540   532   532   556   534 
pa_sorted_w_simple:	  538 |   540   532   546   554   534   532   573   553   565   532 
pa_sorted_w_simple:	  534 |   536   548   530   488   488   542   504   490   504   488 
pa_sorted_w_simple:	  517 |  1730   531   517   531   557   531   521   519   531   529 
pa_sorted_w_simple:	  516 |   534   506   491   476   476   476   496   476   476   476 
--------------------
		544.2 | 677.8 554.8 543.9 543.7 546.2 541.8 541.9 534.5 544.6   528 

delaunay_n15.mtx

pa_sorted_w_simple:	  332 |   323   342   318   330   329   326   340   367   332   330 
pa_sorted_w_simple:	  306 |   353   324   388   344   332   351   338   340   324   352 
pa_sorted_w_simple:	  306 |   335   312   359   336   319   330   340   339   327   330 
pa_sorted_w_simple:	  294 |   351   324   346   318   333   306   330   351   332   339 
pa_sorted_w_simple:	  344 |   336   323   333   333   313   316   341   339   331   342 
pa_sorted_w_simple:	  312 |   354   336   325   332   348   326   348   346   349   319 
pa_sorted_w_simple:	  294 |   323   349   320   331   328   330   345   307   316   355 
pa_sorted_w_simple:	  294 |   325   341   317   328   340   331   322   336   336   358 
pa_sorted_w_simple:	  334 |   349   351   335   312   316   323   332   325   320   351 
pa_sorted_w_simple:	  316 |   359   332   356   330   345   323   323   322   343   321 
--------------------
		313.2 | 340.8 333.4 339.7 329.4 330.3 326.2 335.9 337.2   331 339.7 

dfl001.mtx

pa_sorted_w_simple:	  585 |   601   601   622   592   613   605   598   606   607   589 
pa_sorted_w_simple:	  624 |   591   612   613   606   584   585   595   617   607   605 
pa_sorted_w_simple:	  603 |   574   610   605   563   568   614   575   612   603   607 
pa_sorted_w_simple:	  570 |   620   609   608   573   616   571   598   617   595   580 
pa_sorted_w_simple:	  604 |   572   547   608   573   606   584   603   599   599   606 
pa_sorted_w_simple:	  539 |   616   606   605   583   617   585   573   568   606   574 
pa_sorted_w_simple:	  596 |   603   615   546   597   602   602   597   604   574   606 
pa_sorted_w_simple:	  585 |   609   604   572   595   613   576   600   581   609   613 
pa_sorted_w_simple:	  578 |   615   599   607   615   593   602   592   605   601   572 
pa_sorted_w_simple:	  613 |   622   613   590   576   616   614   579   611   605   588 
--------------------
		589.7 | 602.3 601.6 597.6 587.3 602.8 593.8   591   602 600.6   594 

nug30.mtx

pa_sorted_w_simple:	 37886 | 36411 37221 37370 37298 37698 37575 37558 37027 37198 37048 
pa_sorted_w_simple:	 37094 | 37148 37411 37353 37414 37515 37969 37524 37751 37918 37982 
pa_sorted_w_simple:	 35974 | 38168 37623 37975 38035 37814 37698 38044 38192 38046 38113 
pa_sorted_w_simple:	 35645 | 36872 37557 37486 35589 37606 37792 36351 37993 35657 37734 
pa_sorted_w_simple:	 36716 | 36258 37403 37134 37648 37690 37317 37924 36914 37958 37273 
pa_sorted_w_simple:	 38196 | 37139 37291 38180 37626 38012 37966 37347 36975 37228 37619 
pa_sorted_w_simple:	 36729 | 36144 37349 37568 37270 37464 37398 37386 37577 37584 37758 
pa_sorted_w_simple:	 37699 | 37809 37895 38259 37578 37608 37405 38354 37858 37332 37144 
pa_sorted_w_simple:	 36297 | 37852 37963 38007 38065 37882 37825 38272 37787 38142 37962 
pa_sorted_w_simple:	 39349 | 36717 37438 37898 37373 38036 37888 37844 38056 37852 38180 
--------------------
		37158.5 | 37051.8 37515.1 37723 37389.6 37732.5 37683.3 37660.4 37613 37491.5 37681.3 

tbdlinux.mtx

pa_sorted_w_simple:	 7970 |  7999  8033  7974  7985  7933  7923  7953  7973  8018  7942 
pa_sorted_w_simple:	 8028 |  7984  8009  7982  7957  7982  7950  7983  7954  7985  7948 
pa_sorted_w_simple:	 8096 |  8080  7964  7922  7925  8002  8002  8001  7938  8007  7974 
pa_sorted_w_simple:	 8048 |  8008  8016  7938  7995  8087  7991  7924  7920  7909  7958 
pa_sorted_w_simple:	 8094 |  8023  8017  7994  7957  7916  7948  7945  7921  7975  8024 
pa_sorted_w_simple:	 8273 |  8009  8014  8010  7922  7966  7980  7941  7955  7934  7905 
pa_sorted_w_simple:	 8083 |  8088  8037  8060  8012  7981  7986  7957  7980  8092  7991 
pa_sorted_w_simple:	 7963 |  8019  7991  7945  7973  8014  7917  7938  7937  7907  7933 
pa_sorted_w_simple:	 7915 |  7973  7904  7848  7879  7862  7892  7901  7868  7927  7902 
pa_sorted_w_simple:	 7976 |  8091  8037  7968  7976  7897  7981  7973  7895  8043  7989 
--------------------
		8044.6 | 8027.4 8002.2 7964.1 7958.1  7964  7957 7951.6 7934.1 7979.7 7956.6 
>> exit
[?1l>