[?1h=
                                                                                     < M A T L A B (R) >
                                                                           Copyright 1984-2010 The MathWorks, Inc.
                                                                        Version 7.12.0.635 (R2011a) 64-bit (glnxa64)
                                                                                       March 18, 2011

 
  To get started, type one of these: helpwin, helpdesk, or demo.
  For product information, visit www.mathworks.com.
 
{Warning: Name is nonexistent or not a directory: /home/davide/projects/mthesis/Mondriaan4RC/tools.} 
> In path at 110
  In addpath at 87
  In startup at 2
  In matlabrc at 222

bcsstk30.mtx

pa_unsorted_concat:	  514 |   514   694   543   623   615   790   539   565   513   538 
pa_unsorted_concat:	  523 |   583   513   538   593   594  1396  1185   585   586   679 
pa_unsorted_concat:	  571 |   556   659   613   538   584   633   538   513   564   559 
pa_unsorted_concat:	  570 |   573   589   649   866   887   588   661   580   587   585 
pa_unsorted_concat:	  566 |   564   572   608   583   632   538   614   614  1149   611 
pa_unsorted_concat:	  533 |   550   645   608   610   590   559   875   666   535   630 
pa_unsorted_concat:	  534 |   584   593   611   561   585   561   654   555   610   655 
pa_unsorted_concat:	  548 |  1229   636   627  1193   912   631   560   556   580   579 
pa_unsorted_concat:	  523 |   517   820   630   579   655   585   612   560   635   604 
pa_unsorted_concat:	  517 |   527   524   606   615   563   538   609   664   538   513 
--------------------
		  540 |   620   624   603   676   662   682   685   586   630   595 

delaunay_n15.mtx

pa_unsorted_concat:	  300 |   353   364   362   368   347   362   359   355   374   355 
pa_unsorted_concat:	  320 |   352   353   361   341   355   354   333   352   361   359 
pa_unsorted_concat:	  314 |   381   363   323   395   350   377   358   329   371   400 
pa_unsorted_concat:	  316 |   362   344   359   362   344   359   360   383   360   342 
pa_unsorted_concat:	  308 |   352   355   379   344   352   392   355   350   347   353 
pa_unsorted_concat:	  308 |   337   352   351   352   333   333   352   365   370   358 
pa_unsorted_concat:	  318 |   342   351   348   351   357   350   347   368   335   345 
pa_unsorted_concat:	  328 |   361   385   348   335   361   376   344   342   358   350 
pa_unsorted_concat:	  314 |   345   366   336   348   345   351   350   360   365   353 
pa_unsorted_concat:	  323 |   360   357   358   357   352   354   365   349   394   359 
--------------------
		  315 |   354   359   352   355   350   361   352   355   364   357 

dfl001.mtx

pa_unsorted_concat:	  572 |   590   601   598   614   601   601   601   573   573   573 
pa_unsorted_concat:	  602 |   584   579   603   605   594   594   594   625   625   625 
pa_unsorted_concat:	  615 |   592   575   581   636   584   597   597   587   587   587 
pa_unsorted_concat:	  626 |   583   605   584   584   578   578   578   619   619   619 
pa_unsorted_concat:	  553 |   615   569   601   597   597   597   597   577   577   577 
pa_unsorted_concat:	  569 |   600   623   590   609   574   608   585   574   635   635 
pa_unsorted_concat:	  574 |   568   577   592   587   608   601   601   614   614   614 
pa_unsorted_concat:	  600 |   590   607   591   571   602   576   602   589   604   541 
pa_unsorted_concat:	  542 |   596   573   539   580   598   598   598   609   609   609 
pa_unsorted_concat:	  614 |   584   631   582   576   595   598   589   578   578   578 
--------------------
		  587 |   590   594   586   596   593   595   594   594   602   596 

nug30.mtx

pa_unsorted_concat:	 35522 | 34428 31052 31779 31638 30742 30914 30229 30668 32443 32069 
pa_unsorted_concat:	 35270 | 30966 31618 31408 32336 31512 32521 30914 29327 29930 31178 
pa_unsorted_concat:	 36055 | 35014 34099 33584 30582 28462 29134 31745 30205 31163 29686 
pa_unsorted_concat:	 37036 | 33757 31460 31044 31747 32037 32214 30688 29800 29925 31831 
pa_unsorted_concat:	 35486 | 33151 32777 28860 30912 32781 28907 30290 29494 32251 32683 
pa_unsorted_concat:	 36235 | 31175 31445 30922 32381 31988 32586 30871 28999 29192 31435 
pa_unsorted_concat:	 36190 | 30160 32191 31122 31981 31737 29133 29660 32759 32319 30638 
pa_unsorted_concat:	 36771 | 34514 29912 32807 28757 30564 32099 31492 30419 29533 32906 
pa_unsorted_concat:	 36379 | 33297 30166 30952 30750 29507 30415 30028 30680 31827 31369 
pa_unsorted_concat:	 35645 | 33190 30785 30876 32816 30762 30890 31169 32019 30662 29654 
--------------------
		36059 | 32965 31550 31335 31390 31009 30881 30709 30437 30924 31345 

tbdlinux.mtx

pa_unsorted_concat:	 8021 | 10027  9457  9619  9660  9731  9938 10339 10336 10380 10417 
pa_unsorted_concat:	 8066 |  9951  9558  9863 10158 10208 10200 10217 10227 10278 10366 
pa_unsorted_concat:	 7976 |  9990  9340  9560  9655  9706  9862  9850  9895 10196 10139 
pa_unsorted_concat:	 8017 | 10011  9378  9534  9696  9863 10123 10304 10254 10401 10390 
pa_unsorted_concat:	 8331 |  9915  9417  9453  9610  9730  9722  9945 10075 10132 10206 
pa_unsorted_concat:	 8498 | 10414  9510  9938 10012 10276 10285 10396 10531 10569 10552 
pa_unsorted_concat:	 8016 | 10036  9478  9565  9655  9873  9857  9910 10140 10164 10264 
pa_unsorted_concat:	 7984 |  9953  9547  9586  9620  9999 10062 10194 10219 10405 10488 
pa_unsorted_concat:	 8075 | 10072  9395  9589  9732  9757  9806  9822 10035 10138 10287 
pa_unsorted_concat:	 8091 | 10032  9392  9437  9520  9572  9693  9815  9999 10017 10164 
--------------------
		 8108 | 10040  9447  9614  9732  9872  9955 10079 10171 10268 10327 
>> exit
[?1l>