[?1h=
                                                                                     < M A T L A B (R) >
                                                                           Copyright 1984-2010 The MathWorks, Inc.
                                                                        Version 7.12.0.635 (R2011a) 64-bit (glnxa64)
                                                                                       March 18, 2011

 
  To get started, type one of these: helpwin, helpdesk, or demo.
  For product information, visit www.mathworks.com.
 
{Warning: Name is nonexistent or not a directory: /home/davide/projects/mthesis/Mondriaan4RC/tools.} 
> In path at 110
  In addpath at 87
  In startup at 2
  In matlabrc at 222

bcsstk30.mtx

pa_unsorted_concat:	  512 |  1194   611   631   556   581   535   581   612   561   600 
pa_unsorted_concat:	  545 |   589   559   915   615   599   639   615   582   582   588 
pa_unsorted_concat:	  539 |   667   608   608   534   584   538   608   563  1237   646 
pa_unsorted_concat:	  517 |   538   572   643   606   646   585   556   630   870   610 
pa_unsorted_concat:	  506 |   939   535   585   612   560  1564   682   585   606   586 
pa_unsorted_concat:	  570 |   586   585   586   624   635   585   586   579   585   611 
pa_unsorted_concat:	  542 |   533   579   619   604   639   610   694   538   588   588 
pa_unsorted_concat:	  532 |   500   590   563   663   609   564   564   563   563   559 
pa_unsorted_concat:	  848 |   585   560   656   560   631   581   605   610   606   606 
pa_unsorted_concat:	  512 |   572   615   569   615   560   535  1780   581   535   674 
--------------------
		  562 |   670   581   638   599   604   674   727   584   673   607 

delaunay_n15.mtx

pa_unsorted_concat:	  322 |   378   354   354   365   345   394   359   373   347   369 
pa_unsorted_concat:	  342 |   342   349   387   352   338   363   367   354   355   345 
pa_unsorted_concat:	  314 |   352   359   365   331   364   349   333   353   370   356 
pa_unsorted_concat:	  304 |   345   352   341   359   339   358   351   358   358   386 
pa_unsorted_concat:	  316 |   367   372   360   344   373   356   334   347   338   361 
pa_unsorted_concat:	  310 |   376   354   362   346   352   354   349   362   391   359 
pa_unsorted_concat:	  289 |   371   337   364   353   356   353   354   356   345   359 
pa_unsorted_concat:	  318 |   373   357   354   354   349   346   359   367   348   355 
pa_unsorted_concat:	  310 |   373   334   342   339   354   348   370   350   365   380 
pa_unsorted_concat:	  297 |   357   334   346   350   358   353   360   369   379   332 
--------------------
		  312 |   363   350   358   349   353   357   354   359   360   360 

dfl001.mtx

pa_unsorted_concat:	  623 |   641   639   674   642   663   655   674   657   649   672 
pa_unsorted_concat:	  602 |   621   955   948  1330  1067  1227  1146  1288  1488  1420 
pa_unsorted_concat:	  584 |   615   624   630   631   645   626   649   630   649   638 
pa_unsorted_concat:	  571 |   594   593   853   907   882   949   907   967   991  1031 
pa_unsorted_concat:	  617 |   640   625   642   627   650   648   625   658   698   652 
pa_unsorted_concat:	  613 |   630   637   654   649   828   904   878   952   976   981 
pa_unsorted_concat:	  585 |   652   696   658   659   633   665   663   717   675   651 
pa_unsorted_concat:	  615 |   640   630   631   636   653   644   645   677   658   657 
pa_unsorted_concat:	  575 |   591   653   969  1029  1001  1045  1019  1024  1018  1024 
pa_unsorted_concat:	  597 |   682   906   935   952   956  1010   975   976  1006  1015 
--------------------
		  598 |   631   696   759   806   798   837   818   855   881   874 

nug30.mtx

pa_unsorted_concat:	 36982 | 39945 47623 48207 50175 50378 51519 52627 53119 56570 57244 
pa_unsorted_concat:	 34746 | 44650 58428 56676 60467 58965 64169 63004 65501 65046 66720 
pa_unsorted_concat:	 35224 | 45770 57799 59019 59484 60681 61961 63150 63650 64785 70319 
pa_unsorted_concat:	 36594 | 38622 50201 45052 50063 48404 50801 50583 51212 52371 52364 
pa_unsorted_concat:	 36266 | 41973 66320 62905 66170 65988 67522 68167 68872 72338 73940 
pa_unsorted_concat:	 36414 | 41244 78222 76602 82786 82594 83747 87288 87774 90327 93425 
pa_unsorted_concat:	 37107 | 40860 76176 76668 80178 80838 82060 84669 84770 83414 84169 
pa_unsorted_concat:	 36246 | 42444 53522 52909 56341 56335 58498 57872 59832 59548 60910 
pa_unsorted_concat:	 35778 | 40121 47833 49214 49285 52325 53127 54588 52029 55405 55643 
pa_unsorted_concat:	 37719 | 39592 44037 44686 45588 47106 50679 50492 50234 50136 50608 
--------------------
		36308 | 41522 58016 57194 60054 60361 62408 63244 63699 64994 66534 

tbdlinux.mtx

pa_unsorted_concat:	 8062 |  7421  8066  8146  8375  8649  8977 13045 12552 13315 13135 
pa_unsorted_concat:	 8056 |  7329  7828  7998  7865  8787  8678  9489 12313 12248 13224 
pa_unsorted_concat:	 8020 |  7352  8192  8025  8829  8812  9359  9430  9706  9971 10065 
pa_unsorted_concat:	 7994 |  7310  7976  7935  8372  8472  8847  9162  9155 10048 10228 
pa_unsorted_concat:	 8000 |  7247  7953  7915  8538  8390  9136  9244 12359 12422 12879 
pa_unsorted_concat:	 8024 |  7347  7999  8110  8369 13173 12747 12832 12886 12937 13187 
pa_unsorted_concat:	 8121 |  7477  8058  7841  8497  8748  8885  9209  9360  9719  9838 
pa_unsorted_concat:	 8023 |  7373  8007  8059  8309 13257 12896 13080 13923 13973 14048 
pa_unsorted_concat:	 7956 |  7426  7861  7904  8154  8372  8457 13039 12668 12725 13159 
pa_unsorted_concat:	 7972 |  7366  8024  7841  8710  8609 13285 12884 13538 13234 13511 
--------------------
		 8023 |  7365  7996  7977  8402  9527 10127 11141 11846 12059 12327 
>> 
>> exit
[?1l>