pa_unsorted_concat 1:
546 	|	651 	588 	667 	569 	696 	| 	 avg: 634.20
538 	|	650 	646 	719 	604 	686 	| 	 avg: 661.00
652 	|	665 	593 	552 	661 	617 	| 	 avg: 617.60
667 	|	655 	612 	556 	683 	611 	| 	 avg: 623.40
631 	|	641 	625 	698 	610 	584 	| 	 avg: 631.60
553 	|	613 	604 	627 	694 	582 	| 	 avg: 624.00
563 	|	689 	694 	692 	671 	606 	| 	 avg: 670.40
636 	|	689 	623 	604 	665 	614 	| 	 avg: 639.00
677 	|	577 	707 	618 	657 	614 	| 	 avg: 634.60
641 	|	592 	658 	668 	640 	575 	| 	 avg: 626.60
590 	|	622 	622 	591 	569 	632 	| 	 avg: 607.20
564 	|	671 	585 	565 	650 	535 	| 	 avg: 601.20
594 	|	658 	584 	578 	732 	611 	| 	 avg: 632.60
653 	|	688 	598 	728 	699 	707 	| 	 avg: 684.00
509 	|	694 	651 	641 	598 	636 	| 	 avg: 644.00
568 	|	654 	740 	582 	655 	598 	| 	 avg: 645.80
533 	|	630 	525 	653 	720 	678 	| 	 avg: 641.20
591 	|	674 	635 	668 	635 	607 	| 	 avg: 643.80
589 	|	622 	616 	665 	617 	689 	| 	 avg: 641.80
677 	|	629 	707 	659 	558 	690 	| 	 avg: 648.60
average initials 598.60	 average finals: 637.25
