po_sorted_simple 1:
610 	|	564 	605 	716 	602 	734 	| 	 avg: 644.20
621 	|	589 	662 	735 	630 	571 	| 	 avg: 637.40
568 	|	618 	675 	637 	590 	610 	| 	 avg: 626.00
574 	|	615 	615 	635 	572 	593 	| 	 avg: 606.00
605 	|	618 	633 	610 	624 	601 	| 	 avg: 617.20
601 	|	633 	665 	685 	598 	616 	| 	 avg: 639.40
639 	|	590 	759 	694 	589 	701 	| 	 avg: 666.60
604 	|	613 	664 	605 	686 	620 	| 	 avg: 637.60
590 	|	576 	615 	656 	610 	641 	| 	 avg: 619.60
577 	|	639 	605 	670 	689 	680 	| 	 avg: 656.60
568 	|	639 	574 	628 	622 	620 	| 	 avg: 616.60
600 	|	609 	602 	685 	603 	631 	| 	 avg: 626.00
614 	|	613 	579 	631 	697 	720 	| 	 avg: 648.00
612 	|	682 	562 	641 	626 	603 	| 	 avg: 622.80
546 	|	594 	672 	594 	597 	575 	| 	 avg: 606.40
652 	|	643 	600 	711 	592 	715 	| 	 avg: 652.20
555 	|	620 	614 	599 	619 	649 	| 	 avg: 620.20
598 	|	570 	648 	648 	608 	714 	| 	 avg: 637.60
515 	|	665 	593 	573 	644 	609 	| 	 avg: 616.80
551 	|	624 	650 	625 	562 	657 	| 	 avg: 623.60
average initials 590.00	 average finals: 630.65
