pa_sorted_simple 1:
680 	|	668 	576 	570 	578 	549 	| 	 avg: 588.20
576 	|	616 	670 	635 	588 	653 	| 	 avg: 632.40
557 	|	618 	627 	603 	626 	703 	| 	 avg: 635.40
562 	|	633 	592 	656 	657 	687 	| 	 avg: 645.00
576 	|	678 	549 	625 	596 	640 	| 	 avg: 617.60
554 	|	575 	575 	620 	667 	685 	| 	 avg: 624.40
707 	|	640 	607 	550 	614 	684 	| 	 avg: 619.00
534 	|	658 	627 	578 	609 	645 	| 	 avg: 623.40
571 	|	626 	564 	600 	581 	614 	| 	 avg: 597.00
603 	|	619 	622 	725 	636 	589 	| 	 avg: 638.20
539 	|	591 	705 	639 	599 	650 	| 	 avg: 636.80
601 	|	729 	681 	654 	596 	618 	| 	 avg: 655.60
566 	|	548 	671 	622 	624 	587 	| 	 avg: 610.40
565 	|	671 	576 	587 	625 	700 	| 	 avg: 631.80
628 	|	589 	564 	558 	617 	675 	| 	 avg: 600.60
728 	|	674 	636 	593 	685 	701 	| 	 avg: 657.80
617 	|	579 	697 	628 	756 	605 	| 	 avg: 653.00
539 	|	676 	680 	626 	678 	568 	| 	 avg: 645.60
571 	|	587 	626 	612 	639 	604 	| 	 avg: 613.60
517 	|	639 	604 	684 	602 	618 	| 	 avg: 629.40
average initials 589.55	 average finals: 627.35
